{"/Users/sxlx/.gemini/antigravity/ZFrog/frontend/src/components/breed/index.ts": {"path":"/Users/sxlx/.gemini/antigravity/ZFrog/frontend/src/components/breed/index.ts","statementMap":{"0":{"start":{"line":5,"column":0},"end":{"line":5,"column":9}},"1":{"start":{"line":5,"column":9},"end":{"line":5,"column":42}},"2":{"start":{"line":6,"column":0},"end":{"line":6,"column":9}},"3":{"start":{"line":6,"column":9},"end":{"line":6,"column":37}}},"fnMap":{"0":{"name":"(anonymous_1)","decl":{"start":{"line":5,"column":9},"end":{"line":5,"column":19}},"loc":{"start":{"line":5,"column":9},"end":{"line":5,"column":42}}},"1":{"name":"(anonymous_2)","decl":{"start":{"line":6,"column":9},"end":{"line":6,"column":16}},"loc":{"start":{"line":6,"column":9},"end":{"line":6,"column":37}}}},"branchMap":{},"s":{"0":0,"1":0,"2":0,"3":0},"f":{"0":0,"1":0},"b":{}}
,"/Users/sxlx/.gemini/antigravity/ZFrog/frontend/src/components/friend-float/index.ts": {"path":"/Users/sxlx/.gemini/antigravity/ZFrog/frontend/src/components/friend-float/index.ts","statementMap":{"0":{"start":{"line":1,"column":0},"end":{"line":1,"column":9}},"1":{"start":{"line":1,"column":9},"end":{"line":1,"column":54}},"2":{"start":{"line":2,"column":0},"end":{"line":2,"column":9}},"3":{"start":{"line":2,"column":9},"end":{"line":2,"column":62}},"4":{"start":{"line":3,"column":0},"end":{"line":3,"column":9}},"5":{"start":{"line":3,"column":9},"end":{"line":3,"column":56}},"6":{"start":{"line":4,"column":0},"end":{"line":4,"column":9}},"7":{"start":{"line":4,"column":9},"end":{"line":4,"column":52}},"8":{"start":{"line":5,"column":0},"end":{"line":5,"column":9}},"9":{"start":{"line":5,"column":9},"end":{"line":5,"column":52}},"10":{"start":{"line":6,"column":0},"end":{"line":6,"column":9}},"11":{"start":{"line":6,"column":9},"end":{"line":6,"column":56}},"12":{"start":{"line":7,"column":0},"end":{"line":7,"column":9}},"13":{"start":{"line":7,"column":9},"end":{"line":7,"column":58}}},"fnMap":{"0":{"name":"(anonymous_0)","decl":{"start":{"line":1,"column":9},"end":{"line":1,"column":25}},"loc":{"start":{"line":1,"column":9},"end":{"line":1,"column":54}}},"1":{"name":"(anonymous_1)","decl":{"start":{"line":2,"column":9},"end":{"line":2,"column":29}},"loc":{"start":{"line":2,"column":9},"end":{"line":2,"column":62}}},"2":{"name":"(anonymous_2)","decl":{"start":{"line":3,"column":9},"end":{"line":3,"column":26}},"loc":{"start":{"line":3,"column":9},"end":{"line":3,"column":56}}},"3":{"name":"(anonymous_3)","decl":{"start":{"line":4,"column":9},"end":{"line":4,"column":24}},"loc":{"start":{"line":4,"column":9},"end":{"line":4,"column":52}}},"4":{"name":"(anonymous_4)","decl":{"start":{"line":5,"column":9},"end":{"line":5,"column":24}},"loc":{"start":{"line":5,"column":9},"end":{"line":5,"column":52}}},"5":{"name":"(anonymous_5)","decl":{"start":{"line":6,"column":9},"end":{"line":6,"column":26}},"loc":{"start":{"line":6,"column":9},"end":{"line":6,"column":56}}},"6":{"name":"(anonymous_6)","decl":{"start":{"line":7,"column":9},"end":{"line":7,"column":27}},"loc":{"start":{"line":7,"column":9},"end":{"line":7,"column":58}}}},"branchMap":{},"s":{"0":0,"1":0,"2":0,"3":0,"4":0,"5":0,"6":0,"7":0,"8":0,"9":0,"10":0,"11":0,"12":0,"13":0},"f":{"0":0,"1":0,"2":0,"3":0,"4":0,"5":0,"6":0},"b":{}}
,"/Users/sxlx/.gemini/antigravity/ZFrog/frontend/src/components/friend-float/hooks/index.ts": {"path":"/Users/sxlx/.gemini/antigravity/ZFrog/frontend/src/components/friend-float/hooks/index.ts","statementMap":{"0":{"start":{"line":1,"column":0},"end":{"line":1,"column":9}},"1":{"start":{"line":1,"column":9},"end":{"line":1,"column":50}},"2":{"start":{"line":2,"column":0},"end":{"line":2,"column":9}},"3":{"start":{"line":2,"column":9},"end":{"line":2,"column":46}},"4":{"start":{"line":3,"column":0},"end":{"line":3,"column":9}},"5":{"start":{"line":3,"column":9},"end":{"line":3,"column":62}},"6":{"start":{"line":4,"column":0},"end":{"line":4,"column":9}},"7":{"start":{"line":4,"column":9},"end":{"line":4,"column":27}},"8":{"start":{"line":4,"column":27},"end":{"line":4,"column":74}},"9":{"start":{"line":5,"column":0},"end":{"line":5,"column":9}},"10":{"start":{"line":5,"column":9},"end":{"line":5,"column":30}},"11":{"start":{"line":5,"column":30},"end":{"line":5,"column":78}}},"fnMap":{"0":{"name":"(anonymous_0)","decl":{"start":{"line":1,"column":9},"end":{"line":1,"column":23}},"loc":{"start":{"line":1,"column":9},"end":{"line":1,"column":50}}},"1":{"name":"(anonymous_1)","decl":{"start":{"line":2,"column":9},"end":{"line":2,"column":21}},"loc":{"start":{"line":2,"column":9},"end":{"line":2,"column":46}}},"2":{"name":"(anonymous_2)","decl":{"start":{"line":3,"column":9},"end":{"line":3,"column":29}},"loc":{"start":{"line":3,"column":9},"end":{"line":3,"column":62}}},"3":{"name":"(anonymous_3)","decl":{"start":{"line":4,"column":9},"end":{"line":4,"column":25}},"loc":{"start":{"line":4,"column":9},"end":{"line":4,"column":27}}},"4":{"name":"(anonymous_4)","decl":{"start":{"line":4,"column":27},"end":{"line":4,"column":45}},"loc":{"start":{"line":4,"column":27},"end":{"line":4,"column":74}}},"5":{"name":"(anonymous_5)","decl":{"start":{"line":5,"column":9},"end":{"line":5,"column":28}},"loc":{"start":{"line":5,"column":9},"end":{"line":5,"column":30}}},"6":{"name":"(anonymous_6)","decl":{"start":{"line":5,"column":30},"end":{"line":5,"column":46}},"loc":{"start":{"line":5,"column":30},"end":{"line":5,"column":78}}}},"branchMap":{},"s":{"0":0,"1":0,"2":0,"3":0,"4":0,"5":0,"6":0,"7":0,"8":0,"9":0,"10":0,"11":0},"f":{"0":0,"1":0,"2":0,"3":0,"4":0,"5":0,"6":0},"b":{}}
,"/Users/sxlx/.gemini/antigravity/ZFrog/frontend/src/components/friend-float/hooks/useDragAndDock.ts": {"path":"/Users/sxlx/.gemini/antigravity/ZFrog/frontend/src/components/friend-float/hooks/useDragAndDock.ts","statementMap":{"0":{"start":{"line":21,"column":0},"end":{"line":21,"column":16}},"1":{"start":{"line":1,"column":0},"end":{"line":1,"column":65}},"2":{"start":{"line":28,"column":38},"end":{"line":28,"column":53}},"3":{"start":{"line":29,"column":48},"end":{"line":29,"column":87}},"4":{"start":{"line":30,"column":44},"end":{"line":30,"column":67}},"5":{"start":{"line":31,"column":48},"end":{"line":31,"column":83}},"6":{"start":{"line":33,"column":23},"end":{"line":33,"column":45}},"7":{"start":{"line":34,"column":23},"end":{"line":34,"column":50}},"8":{"start":{"line":36,"column":32},"end":{"line":80,"column":34}},"9":{"start":{"line":40,"column":40},"end":{"line":40,"column":46}},"10":{"start":{"line":43,"column":23},"end":{"line":43,"column":30}},"11":{"start":{"line":44,"column":24},"end":{"line":44,"column":44}},"12":{"start":{"line":45,"column":22},"end":{"line":45,"column":29}},"13":{"start":{"line":46,"column":25},"end":{"line":46,"column":46}},"14":{"start":{"line":49,"column":20},"end":{"line":49,"column":78}},"15":{"start":{"line":54,"column":4},"end":{"line":74,"column":5}},"16":{"start":{"line":55,"column":6},"end":{"line":55,"column":24}},"17":{"start":{"line":56,"column":6},"end":{"line":56,"column":45}},"18":{"start":{"line":57,"column":11},"end":{"line":74,"column":5}},"19":{"start":{"line":58,"column":6},"end":{"line":58,"column":25}},"20":{"start":{"line":59,"column":6},"end":{"line":59,"column":45}},"21":{"start":{"line":60,"column":11},"end":{"line":74,"column":5}},"22":{"start":{"line":61,"column":6},"end":{"line":61,"column":23}},"23":{"start":{"line":62,"column":6},"end":{"line":62,"column":44}},"24":{"start":{"line":63,"column":11},"end":{"line":74,"column":5}},"25":{"start":{"line":64,"column":6},"end":{"line":64,"column":26}},"26":{"start":{"line":65,"column":6},"end":{"line":65,"column":44}},"27":{"start":{"line":68,"column":6},"end":{"line":68,"column":33}},"28":{"start":{"line":69,"column":6},"end":{"line":73,"column":7}},"29":{"start":{"line":70,"column":8},"end":{"line":70,"column":47}},"30":{"start":{"line":72,"column":8},"end":{"line":72,"column":46}},"31":{"start":{"line":77,"column":4},"end":{"line":77,"column":48}},"32":{"start":{"line":79,"column":4},"end":{"line":79,"column":32}},"33":{"start":{"line":82,"column":25},"end":{"line":103,"column":52}},"34":{"start":{"line":83,"column":4},"end":{"line":83,"column":28}},"35":{"start":{"line":83,"column":21},"end":{"line":83,"column":28}},"36":{"start":{"line":85,"column":33},"end":{"line":85,"column":76}},"37":{"start":{"line":88,"column":40},"end":{"line":88,"column":46}},"38":{"start":{"line":89,"column":23},"end":{"line":89,"column":32}},"39":{"start":{"line":90,"column":24},"end":{"line":90,"column":46}},"40":{"start":{"line":91,"column":22},"end":{"line":91,"column":31}},"41":{"start":{"line":92,"column":25},"end":{"line":92,"column":48}},"42":{"start":{"line":93,"column":20},"end":{"line":93,"column":78}},"43":{"start":{"line":95,"column":4},"end":{"line":99,"column":5}},"44":{"start":{"line":96,"column":6},"end":{"line":96,"column":35}},"45":{"start":{"line":98,"column":6},"end":{"line":98,"column":31}},"46":{"start":{"line":101,"column":4},"end":{"line":101,"column":33}},"47":{"start":{"line":102,"column":4},"end":{"line":102,"column":29}},"48":{"start":{"line":105,"column":24},"end":{"line":112,"column":52}},"49":{"start":{"line":106,"column":4},"end":{"line":106,"column":25}},"50":{"start":{"line":107,"column":4},"end":{"line":107,"column":29}},"51":{"start":{"line":108,"column":4},"end":{"line":108,"column":32}},"52":{"start":{"line":111,"column":4},"end":{"line":111,"column":51}},"53":{"start":{"line":114,"column":26},"end":{"line":123,"column":15}},"54":{"start":{"line":115,"column":4},"end":{"line":115,"column":25}},"55":{"start":{"line":115,"column":18},"end":{"line":115,"column":25}},"56":{"start":{"line":117,"column":4},"end":{"line":117,"column":24}},"57":{"start":{"line":118,"column":4},"end":{"line":118,"column":58}},"58":{"start":{"line":119,"column":4},"end":{"line":119,"column":39}},"59":{"start":{"line":122,"column":5},"end":{"line":122,"column":61}},"60":{"start":{"line":126,"column":2},"end":{"line":138,"column":50}},"61":{"start":{"line":127,"column":4},"end":{"line":127,"column":28}},"62":{"start":{"line":127,"column":21},"end":{"line":127,"column":28}},"63":{"start":{"line":129,"column":4},"end":{"line":129,"column":59}},"64":{"start":{"line":130,"column":4},"end":{"line":130,"column":56}},"65":{"start":{"line":131,"column":4},"end":{"line":131,"column":60}},"66":{"start":{"line":133,"column":4},"end":{"line":137,"column":6}},"67":{"start":{"line":134,"column":6},"end":{"line":134,"column":64}},"68":{"start":{"line":135,"column":6},"end":{"line":135,"column":61}},"69":{"start":{"line":136,"column":6},"end":{"line":136,"column":65}},"70":{"start":{"line":141,"column":2},"end":{"line":144,"column":39}},"71":{"start":{"line":142,"column":4},"end":{"line":142,"column":40}},"72":{"start":{"line":143,"column":4},"end":{"line":143,"column":36}},"73":{"start":{"line":146,"column":2},"end":{"line":152,"column":4}}},"fnMap":{"0":{"name":"useDragAndDock","decl":{"start":{"line":21,"column":16},"end":{"line":21,"column":30}},"loc":{"start":{"line":27,"column":24},"end":{"line":153,"column":1}}},"1":{"name":"(anonymous_1)","decl":{"start":{"line":36,"column":44},"end":{"line":36,"column":45}},"loc":{"start":{"line":39,"column":6},"end":{"line":80,"column":3}}},"2":{"name":"(anonymous_2)","decl":{"start":{"line":82,"column":37},"end":{"line":82,"column":38}},"loc":{"start":{"line":82,"column":57},"end":{"line":103,"column":3}}},"3":{"name":"(anonymous_3)","decl":{"start":{"line":105,"column":36},"end":{"line":105,"column":39}},"loc":{"start":{"line":105,"column":41},"end":{"line":112,"column":3}}},"4":{"name":"(anonymous_4)","decl":{"start":{"line":114,"column":38},"end":{"line":114,"column":39}},"loc":{"start":{"line":114,"column":64},"end":{"line":123,"column":3}}},"5":{"name":"(anonymous_5)","decl":{"start":{"line":126,"column":12},"end":{"line":126,"column":15}},"loc":{"start":{"line":126,"column":17},"end":{"line":138,"column":3}}},"6":{"name":"(anonymous_6)","decl":{"start":{"line":133,"column":11},"end":{"line":133,"column":14}},"loc":{"start":{"line":133,"column":16},"end":{"line":137,"column":5}}},"7":{"name":"(anonymous_7)","decl":{"start":{"line":141,"column":12},"end":{"line":141,"column":15}},"loc":{"start":{"line":141,"column":17},"end":{"line":144,"column":3}}}},"branchMap":{"0":{"loc":{"start":{"line":24,"column":2},"end":{"line":24,"column":16}},"type":"default-arg","locations":[{"start":{"line":24,"column":14},"end":{"line":24,"column":16}}]},"1":{"loc":{"start":{"line":26,"column":2},"end":{"line":26,"column":16}},"type":"default-arg","locations":[{"start":{"line":26,"column":12},"end":{"line":26,"column":16}}]},"2":{"loc":{"start":{"line":54,"column":4},"end":{"line":74,"column":5}},"type":"if","locations":[{"start":{"line":54,"column":4},"end":{"line":74,"column":5}},{"start":{"line":57,"column":11},"end":{"line":74,"column":5}}]},"3":{"loc":{"start":{"line":54,"column":8},"end":{"line":54,"column":56}},"type":"binary-expr","locations":[{"start":{"line":54,"column":8},"end":{"line":54,"column":30}},{"start":{"line":54,"column":34},"end":{"line":54,"column":56}}]},"4":{"loc":{"start":{"line":57,"column":11},"end":{"line":74,"column":5}},"type":"if","locations":[{"start":{"line":57,"column":11},"end":{"line":74,"column":5}},{"start":{"line":60,"column":11},"end":{"line":74,"column":5}}]},"5":{"loc":{"start":{"line":57,"column":15},"end":{"line":57,"column":65}},"type":"binary-expr","locations":[{"start":{"line":57,"column":15},"end":{"line":57,"column":38}},{"start":{"line":57,"column":42},"end":{"line":57,"column":65}}]},"6":{"loc":{"start":{"line":60,"column":11},"end":{"line":74,"column":5}},"type":"if","locations":[{"start":{"line":60,"column":11},"end":{"line":74,"column":5}},{"start":{"line":63,"column":11},"end":{"line":74,"column":5}}]},"7":{"loc":{"start":{"line":60,"column":15},"end":{"line":60,"column":61}},"type":"binary-expr","locations":[{"start":{"line":60,"column":15},"end":{"line":60,"column":36}},{"start":{"line":60,"column":40},"end":{"line":60,"column":61}}]},"8":{"loc":{"start":{"line":63,"column":11},"end":{"line":74,"column":5}},"type":"if","locations":[{"start":{"line":63,"column":11},"end":{"line":74,"column":5}},{"start":{"line":66,"column":11},"end":{"line":74,"column":5}}]},"9":{"loc":{"start":{"line":63,"column":15},"end":{"line":63,"column":67}},"type":"binary-expr","locations":[{"start":{"line":63,"column":15},"end":{"line":63,"column":39}},{"start":{"line":63,"column":43},"end":{"line":63,"column":67}}]},"10":{"loc":{"start":{"line":69,"column":6},"end":{"line":73,"column":7}},"type":"if","locations":[{"start":{"line":69,"column":6},"end":{"line":73,"column":7}},{"start":{"line":71,"column":13},"end":{"line":73,"column":7}}]},"11":{"loc":{"start":{"line":69,"column":10},"end":{"line":69,"column":53}},"type":"binary-expr","locations":[{"start":{"line":69,"column":10},"end":{"line":69,"column":29}},{"start":{"line":69,"column":33},"end":{"line":69,"column":53}}]},"12":{"loc":{"start":{"line":83,"column":4},"end":{"line":83,"column":28}},"type":"if","locations":[{"start":{"line":83,"column":4},"end":{"line":83,"column":28}}]},"13":{"loc":{"start":{"line":95,"column":4},"end":{"line":99,"column":5}},"type":"if","locations":[{"start":{"line":95,"column":4},"end":{"line":99,"column":5}},{"start":{"line":97,"column":11},"end":{"line":99,"column":5}}]},"14":{"loc":{"start":{"line":115,"column":4},"end":{"line":115,"column":25}},"type":"if","locations":[{"start":{"line":115,"column":4},"end":{"line":115,"column":25}}]},"15":{"loc":{"start":{"line":127,"column":4},"end":{"line":127,"column":28}},"type":"if","locations":[{"start":{"line":127,"column":4},"end":{"line":127,"column":28}}]}},"s":{"0":0,"1":0,"2":0,"3":0,"4":0,"5":0,"6":0,"7":0,"8":0,"9":0,"10":0,"11":0,"12":0,"13":0,"14":0,"15":0,"16":0,"17":0,"18":0,"19":0,"20":0,"21":0,"22":0,"23":0,"24":0,"25":0,"26":0,"27":0,"28":0,"29":0,"30":0,"31":0,"32":0,"33":0,"34":0,"35":0,"36":0,"37":0,"38":0,"39":0,"40":0,"41":0,"42":0,"43":0,"44":0,"45":0,"46":0,"47":0,"48":0,"49":0,"50":0,"51":0,"52":0,"53":0,"54":0,"55":0,"56":0,"57":0,"58":0,"59":0,"60":0,"61":0,"62":0,"63":0,"64":0,"65":0,"66":0,"67":0,"68":0,"69":0,"70":0,"71":0,"72":0,"73":0},"f":{"0":0,"1":0,"2":0,"3":0,"4":0,"5":0,"6":0,"7":0},"b":{"0":[0],"1":[0],"2":[0,0],"3":[0,0],"4":[0,0],"5":[0,0],"6":[0,0],"7":[0,0],"8":[0,0],"9":[0,0],"10":[0,0],"11":[0,0],"12":[0],"13":[0,0],"14":[0],"15":[0]}}
,"/Users/sxlx/.gemini/antigravity/ZFrog/frontend/src/components/friend-float/hooks/useKeyboardShortcuts.ts": {"path":"/Users/sxlx/.gemini/antigravity/ZFrog/frontend/src/components/friend-float/hooks/useKeyboardShortcuts.ts","statementMap":{"0":{"start":{"line":22,"column":0},"end":{"line":22,"column":16}},"1":{"start":{"line":1,"column":0},"end":{"line":1,"column":47}},"2":{"start":{"line":32,"column":24},"end":{"line":86,"column":97}},"3":{"start":{"line":33,"column":4},"end":{"line":33,"column":25}},"4":{"start":{"line":33,"column":18},"end":{"line":33,"column":25}},"5":{"start":{"line":36,"column":4},"end":{"line":40,"column":5}},"6":{"start":{"line":37,"column":6},"end":{"line":37,"column":25}},"7":{"start":{"line":38,"column":6},"end":{"line":38,"column":23}},"8":{"start":{"line":39,"column":6},"end":{"line":39,"column":13}},"9":{"start":{"line":43,"column":4},"end":{"line":49,"column":5}},"10":{"start":{"line":44,"column":6},"end":{"line":44,"column":25}},"11":{"start":{"line":45,"column":6},"end":{"line":47,"column":7}},"12":{"start":{"line":46,"column":8},"end":{"line":46,"column":27}},"13":{"start":{"line":48,"column":6},"end":{"line":48,"column":13}},"14":{"start":{"line":52,"column":4},"end":{"line":56,"column":5}},"15":{"start":{"line":53,"column":6},"end":{"line":53,"column":25}},"16":{"start":{"line":54,"column":6},"end":{"line":54,"column":16}},"17":{"start":{"line":55,"column":6},"end":{"line":55,"column":13}},"18":{"start":{"line":59,"column":4},"end":{"line":63,"column":5}},"19":{"start":{"line":60,"column":6},"end":{"line":60,"column":25}},"20":{"start":{"line":61,"column":6},"end":{"line":61,"column":25}},"21":{"start":{"line":62,"column":6},"end":{"line":62,"column":13}},"22":{"start":{"line":66,"column":4},"end":{"line":85,"column":5}},"23":{"start":{"line":67,"column":6},"end":{"line":84,"column":7}},"24":{"start":{"line":69,"column":10},"end":{"line":69,"column":29}},"25":{"start":{"line":70,"column":10},"end":{"line":70,"column":29}},"26":{"start":{"line":71,"column":10},"end":{"line":71,"column":16}},"27":{"start":{"line":73,"column":10},"end":{"line":73,"column":29}},"28":{"start":{"line":74,"column":10},"end":{"line":74,"column":31}},"29":{"start":{"line":75,"column":10},"end":{"line":75,"column":16}},"30":{"start":{"line":77,"column":10},"end":{"line":77,"column":29}},"31":{"start":{"line":78,"column":10},"end":{"line":78,"column":31}},"32":{"start":{"line":79,"column":10},"end":{"line":79,"column":16}},"33":{"start":{"line":81,"column":10},"end":{"line":81,"column":29}},"34":{"start":{"line":82,"column":10},"end":{"line":82,"column":32}},"35":{"start":{"line":83,"column":10},"end":{"line":83,"column":16}},"36":{"start":{"line":88,"column":2},"end":{"line":91,"column":22}},"37":{"start":{"line":89,"column":4},"end":{"line":89,"column":54}},"38":{"start":{"line":90,"column":4},"end":{"line":90,"column":70}},"39":{"start":{"line":90,"column":17},"end":{"line":90,"column":69}}},"fnMap":{"0":{"name":"useKeyboardShortcuts","decl":{"start":{"line":22,"column":16},"end":{"line":22,"column":36}},"loc":{"start":{"line":30,"column":30},"end":{"line":92,"column":1}}},"1":{"name":"(anonymous_1)","decl":{"start":{"line":32,"column":36},"end":{"line":32,"column":37}},"loc":{"start":{"line":32,"column":57},"end":{"line":86,"column":3}}},"2":{"name":"(anonymous_2)","decl":{"start":{"line":88,"column":12},"end":{"line":88,"column":15}},"loc":{"start":{"line":88,"column":17},"end":{"line":91,"column":3}}},"3":{"name":"(anonymous_3)","decl":{"start":{"line":90,"column":11},"end":{"line":90,"column":14}},"loc":{"start":{"line":90,"column":17},"end":{"line":90,"column":69}}}},"branchMap":{"0":{"loc":{"start":{"line":29,"column":2},"end":{"line":29,"column":16}},"type":"default-arg","locations":[{"start":{"line":29,"column":12},"end":{"line":29,"column":16}}]},"1":{"loc":{"start":{"line":33,"column":4},"end":{"line":33,"column":25}},"type":"if","locations":[{"start":{"line":33,"column":4},"end":{"line":33,"column":25}}]},"2":{"loc":{"start":{"line":36,"column":4},"end":{"line":40,"column":5}},"type":"if","locations":[{"start":{"line":36,"column":4},"end":{"line":40,"column":5}}]},"3":{"loc":{"start":{"line":36,"column":8},"end":{"line":36,"column":52}},"type":"binary-expr","locations":[{"start":{"line":36,"column":8},"end":{"line":36,"column":16}},{"start":{"line":36,"column":21},"end":{"line":36,"column":34}},{"start":{"line":36,"column":38},"end":{"line":36,"column":51}}]},"4":{"loc":{"start":{"line":43,"column":4},"end":{"line":49,"column":5}},"type":"if","locations":[{"start":{"line":43,"column":4},"end":{"line":49,"column":5}}]},"5":{"loc":{"start":{"line":43,"column":8},"end":{"line":43,"column":52}},"type":"binary-expr","locations":[{"start":{"line":43,"column":8},"end":{"line":43,"column":16}},{"start":{"line":43,"column":21},"end":{"line":43,"column":34}},{"start":{"line":43,"column":38},"end":{"line":43,"column":51}}]},"6":{"loc":{"start":{"line":45,"column":6},"end":{"line":47,"column":7}},"type":"if","locations":[{"start":{"line":45,"column":6},"end":{"line":47,"column":7}}]},"7":{"loc":{"start":{"line":52,"column":4},"end":{"line":56,"column":5}},"type":"if","locations":[{"start":{"line":52,"column":4},"end":{"line":56,"column":5}}]},"8":{"loc":{"start":{"line":52,"column":8},"end":{"line":52,"column":56}},"type":"binary-expr","locations":[{"start":{"line":52,"column":8},"end":{"line":52,"column":26}},{"start":{"line":52,"column":30},"end":{"line":52,"column":40}},{"start":{"line":52,"column":44},"end":{"line":52,"column":56}}]},"9":{"loc":{"start":{"line":59,"column":4},"end":{"line":63,"column":5}},"type":"if","locations":[{"start":{"line":59,"column":4},"end":{"line":63,"column":5}}]},"10":{"loc":{"start":{"line":59,"column":8},"end":{"line":59,"column":41}},"type":"binary-expr","locations":[{"start":{"line":59,"column":8},"end":{"line":59,"column":26}},{"start":{"line":59,"column":30},"end":{"line":59,"column":41}}]},"11":{"loc":{"start":{"line":66,"column":4},"end":{"line":85,"column":5}},"type":"if","locations":[{"start":{"line":66,"column":4},"end":{"line":85,"column":5}}]},"12":{"loc":{"start":{"line":66,"column":8},"end":{"line":66,"column":62}},"type":"binary-expr","locations":[{"start":{"line":66,"column":8},"end":{"line":66,"column":16}},{"start":{"line":66,"column":20},"end":{"line":66,"column":30}},{"start":{"line":66,"column":34},"end":{"line":66,"column":46}},{"start":{"line":66,"column":50},"end":{"line":66,"column":62}}]},"13":{"loc":{"start":{"line":67,"column":6},"end":{"line":84,"column":7}},"type":"switch","locations":[{"start":{"line":68,"column":8},"end":{"line":71,"column":16}},{"start":{"line":72,"column":8},"end":{"line":75,"column":16}},{"start":{"line":76,"column":8},"end":{"line":79,"column":16}},{"start":{"line":80,"column":8},"end":{"line":83,"column":16}}]}},"s":{"0":0,"1":0,"2":0,"3":0,"4":0,"5":0,"6":0,"7":0,"8":0,"9":0,"10":0,"11":0,"12":0,"13":0,"14":0,"15":0,"16":0,"17":0,"18":0,"19":0,"20":0,"21":0,"22":0,"23":0,"24":0,"25":0,"26":0,"27":0,"28":0,"29":0,"30":0,"31":0,"32":0,"33":0,"34":0,"35":0,"36":0,"37":0,"38":0,"39":0},"f":{"0":0,"1":0,"2":0,"3":0},"b":{"0":[0],"1":[0],"2":[0],"3":[0,0,0],"4":[0],"5":[0,0,0],"6":[0],"7":[0],"8":[0,0,0],"9":[0],"10":[0,0],"11":[0],"12":[0,0,0,0],"13":[0,0,0,0]}}
,"/Users/sxlx/.gemini/antigravity/ZFrog/frontend/src/components/friend-float/hooks/usePanelPosition.ts": {"path":"/Users/sxlx/.gemini/antigravity/ZFrog/frontend/src/components/friend-float/hooks/usePanelPosition.ts","statementMap":{"0":{"start":{"line":19,"column":0},"end":{"line":19,"column":16}},"1":{"start":{"line":50,"column":0},"end":{"line":50,"column":16}},"2":{"start":{"line":24,"column":21},"end":{"line":24,"column":33}},"3":{"start":{"line":26,"column":2},"end":{"line":44,"column":3}},"4":{"start":{"line":27,"column":4},"end":{"line":34,"column":6}},"5":{"start":{"line":36,"column":4},"end":{"line":43,"column":6}},"6":{"start":{"line":54,"column":48},"end":{"line":59,"column":4}},"7":{"start":{"line":60,"column":2},"end":{"line":60,"column":39}}},"fnMap":{"0":{"name":"usePanelPosition","decl":{"start":{"line":19,"column":16},"end":{"line":19,"column":32}},"loc":{"start":{"line":23,"column":26},"end":{"line":45,"column":1}}},"1":{"name":"getNewDockPosition","decl":{"start":{"line":50,"column":16},"end":{"line":50,"column":34}},"loc":{"start":{"line":52,"column":45},"end":{"line":61,"column":1}}}},"branchMap":{"0":{"loc":{"start":{"line":26,"column":2},"end":{"line":44,"column":3}},"type":"if","locations":[{"start":{"line":26,"column":2},"end":{"line":44,"column":3}},{"start":{"line":35,"column":9},"end":{"line":44,"column":3}}]},"1":{"loc":{"start":{"line":26,"column":6},"end":{"line":26,"column":57}},"type":"binary-expr","locations":[{"start":{"line":26,"column":6},"end":{"line":26,"column":29}},{"start":{"line":26,"column":33},"end":{"line":26,"column":57}}]},"2":{"loc":{"start":{"line":60,"column":9},"end":{"line":60,"column":38}},"type":"binary-expr","locations":[{"start":{"line":60,"column":9},"end":{"line":60,"column":27}},{"start":{"line":60,"column":31},"end":{"line":60,"column":38}}]}},"s":{"0":0,"1":0,"2":0,"3":0,"4":0,"5":0,"6":0,"7":0},"f":{"0":0,"1":0},"b":{"0":[0,0],"1":[0,0],"2":[0,0]}}
,"/Users/sxlx/.gemini/antigravity/ZFrog/frontend/src/components/friend-float/hooks/useResizable.ts": {"path":"/Users/sxlx/.gemini/antigravity/ZFrog/frontend/src/components/friend-float/hooks/useResizable.ts","statementMap":{"0":{"start":{"line":23,"column":0},"end":{"line":23,"column":16}},"1":{"start":{"line":1,"column":0},"end":{"line":1,"column":65}},"2":{"start":{"line":31,"column":38},"end":{"line":31,"column":53}},"3":{"start":{"line":32,"column":40},"end":{"line":32,"column":67}},"4":{"start":{"line":34,"column":25},"end":{"line":39,"column":4}},"5":{"start":{"line":41,"column":20},"end":{"line":46,"column":24}},"6":{"start":{"line":42,"column":4},"end":{"line":45,"column":6}},"7":{"start":{"line":48,"column":27},"end":{"line":79,"column":43}},"8":{"start":{"line":49,"column":4},"end":{"line":49,"column":28}},"9":{"start":{"line":49,"column":21},"end":{"line":49,"column":28}},"10":{"start":{"line":51,"column":19},"end":{"line":51,"column":55}},"11":{"start":{"line":52,"column":19},"end":{"line":52,"column":55}},"12":{"start":{"line":54,"column":19},"end":{"line":54,"column":47}},"13":{"start":{"line":55,"column":20},"end":{"line":55,"column":49}},"14":{"start":{"line":58,"column":4},"end":{"line":75,"column":5}},"15":{"start":{"line":60,"column":8},"end":{"line":60,"column":57}},"16":{"start":{"line":61,"column":8},"end":{"line":61,"column":59}},"17":{"start":{"line":62,"column":8},"end":{"line":62,"column":14}},"18":{"start":{"line":64,"column":8},"end":{"line":64,"column":57}},"19":{"start":{"line":65,"column":8},"end":{"line":65,"column":59}},"20":{"start":{"line":66,"column":8},"end":{"line":66,"column":14}},"21":{"start":{"line":68,"column":8},"end":{"line":68,"column":57}},"22":{"start":{"line":69,"column":8},"end":{"line":69,"column":59}},"23":{"start":{"line":70,"column":8},"end":{"line":70,"column":14}},"24":{"start":{"line":72,"column":8},"end":{"line":72,"column":57}},"25":{"start":{"line":73,"column":8},"end":{"line":73,"column":59}},"26":{"start":{"line":74,"column":8},"end":{"line":74,"column":14}},"27":{"start":{"line":77,"column":24},"end":{"line":77,"column":73}},"28":{"start":{"line":78,"column":4},"end":{"line":78,"column":32}},"29":{"start":{"line":81,"column":26},"end":{"line":84,"column":29}},"30":{"start":{"line":82,"column":4},"end":{"line":82,"column":25}},"31":{"start":{"line":83,"column":4},"end":{"line":83,"column":28}},"32":{"start":{"line":86,"column":28},"end":{"line":99,"column":28}},"33":{"start":{"line":87,"column":4},"end":{"line":87,"column":25}},"34":{"start":{"line":87,"column":18},"end":{"line":87,"column":25}},"35":{"start":{"line":89,"column":4},"end":{"line":89,"column":24}},"36":{"start":{"line":90,"column":4},"end":{"line":90,"column":24}},"37":{"start":{"line":91,"column":4},"end":{"line":96,"column":6}},"38":{"start":{"line":98,"column":5},"end":{"line":98,"column":61}},"39":{"start":{"line":102,"column":2},"end":{"line":114,"column":54}},"40":{"start":{"line":103,"column":4},"end":{"line":103,"column":28}},"41":{"start":{"line":103,"column":21},"end":{"line":103,"column":28}},"42":{"start":{"line":105,"column":4},"end":{"line":105,"column":61}},"43":{"start":{"line":106,"column":4},"end":{"line":106,"column":58}},"44":{"start":{"line":107,"column":4},"end":{"line":107,"column":62}},"45":{"start":{"line":109,"column":4},"end":{"line":113,"column":6}},"46":{"start":{"line":110,"column":6},"end":{"line":110,"column":66}},"47":{"start":{"line":111,"column":6},"end":{"line":111,"column":63}},"48":{"start":{"line":112,"column":6},"end":{"line":112,"column":67}},"49":{"start":{"line":117,"column":2},"end":{"line":119,"column":46}},"50":{"start":{"line":118,"column":4},"end":{"line":118,"column":32}},"51":{"start":{"line":121,"column":2},"end":{"line":125,"column":4}}},"fnMap":{"0":{"name":"useResizable","decl":{"start":{"line":23,"column":16},"end":{"line":23,"column":28}},"loc":{"start":{"line":30,"column":22},"end":{"line":126,"column":1}}},"1":{"name":"(anonymous_1)","decl":{"start":{"line":41,"column":32},"end":{"line":41,"column":33}},"loc":{"start":{"line":41,"column":53},"end":{"line":46,"column":3}}},"2":{"name":"(anonymous_2)","decl":{"start":{"line":48,"column":39},"end":{"line":48,"column":40}},"loc":{"start":{"line":48,"column":59},"end":{"line":79,"column":3}}},"3":{"name":"(anonymous_3)","decl":{"start":{"line":81,"column":38},"end":{"line":81,"column":41}},"loc":{"start":{"line":81,"column":43},"end":{"line":84,"column":3}}},"4":{"name":"(anonymous_4)","decl":{"start":{"line":86,"column":40},"end":{"line":86,"column":41}},"loc":{"start":{"line":86,"column":66},"end":{"line":99,"column":3}}},"5":{"name":"(anonymous_5)","decl":{"start":{"line":102,"column":12},"end":{"line":102,"column":15}},"loc":{"start":{"line":102,"column":17},"end":{"line":114,"column":3}}},"6":{"name":"(anonymous_6)","decl":{"start":{"line":109,"column":11},"end":{"line":109,"column":14}},"loc":{"start":{"line":109,"column":16},"end":{"line":113,"column":5}}},"7":{"name":"(anonymous_7)","decl":{"start":{"line":117,"column":12},"end":{"line":117,"column":15}},"loc":{"start":{"line":117,"column":17},"end":{"line":119,"column":3}}}},"branchMap":{"0":{"loc":{"start":{"line":29,"column":2},"end":{"line":29,"column":16}},"type":"default-arg","locations":[{"start":{"line":29,"column":12},"end":{"line":29,"column":16}}]},"1":{"loc":{"start":{"line":49,"column":4},"end":{"line":49,"column":28}},"type":"if","locations":[{"start":{"line":49,"column":4},"end":{"line":49,"column":28}}]},"2":{"loc":{"start":{"line":58,"column":4},"end":{"line":75,"column":5}},"type":"switch","locations":[{"start":{"line":59,"column":6},"end":{"line":62,"column":14}},{"start":{"line":63,"column":6},"end":{"line":66,"column":14}},{"start":{"line":67,"column":6},"end":{"line":70,"column":14}},{"start":{"line":71,"column":6},"end":{"line":74,"column":14}}]},"3":{"loc":{"start":{"line":87,"column":4},"end":{"line":87,"column":25}},"type":"if","locations":[{"start":{"line":87,"column":4},"end":{"line":87,"column":25}}]},"4":{"loc":{"start":{"line":103,"column":4},"end":{"line":103,"column":28}},"type":"if","locations":[{"start":{"line":103,"column":4},"end":{"line":103,"column":28}}]}},"s":{"0":0,"1":0,"2":0,"3":0,"4":0,"5":0,"6":0,"7":0,"8":0,"9":0,"10":0,"11":0,"12":0,"13":0,"14":0,"15":0,"16":0,"17":0,"18":0,"19":0,"20":0,"21":0,"22":0,"23":0,"24":0,"25":0,"26":0,"27":0,"28":0,"29":0,"30":0,"31":0,"32":0,"33":0,"34":0,"35":0,"36":0,"37":0,"38":0,"39":0,"40":0,"41":0,"42":0,"43":0,"44":0,"45":0,"46":0,"47":0,"48":0,"49":0,"50":0,"51":0},"f":{"0":0,"1":0,"2":0,"3":0,"4":0,"5":0,"6":0,"7":0},"b":{"0":[0],"1":[0],"2":[0,0,0,0],"3":[0],"4":[0]}}
,"/Users/sxlx/.gemini/antigravity/ZFrog/frontend/src/components/friend-float/hooks/useTouchInteraction.ts": {"path":"/Users/sxlx/.gemini/antigravity/ZFrog/frontend/src/components/friend-float/hooks/useTouchInteraction.ts","statementMap":{"0":{"start":{"line":28,"column":0},"end":{"line":28,"column":16}},"1":{"start":{"line":122,"column":0},"end":{"line":122,"column":16}},"2":{"start":{"line":1,"column":0},"end":{"line":1,"column":65}},"3":{"start":{"line":35,"column":46},"end":{"line":35,"column":61}},"4":{"start":{"line":37,"column":28},"end":{"line":37,"column":44}},"5":{"start":{"line":38,"column":21},"end":{"line":38,"column":38}},"6":{"start":{"line":39,"column":27},"end":{"line":39,"column":72}},"7":{"start":{"line":40,"column":22},"end":{"line":40,"column":35}},"8":{"start":{"line":42,"column":25},"end":{"line":48,"column":8}},"9":{"start":{"line":43,"column":4},"end":{"line":46,"column":5}},"10":{"start":{"line":44,"column":6},"end":{"line":44,"column":46}},"11":{"start":{"line":45,"column":6},"end":{"line":45,"column":44}},"12":{"start":{"line":47,"column":4},"end":{"line":47,"column":29}},"13":{"start":{"line":50,"column":27},"end":{"line":64,"column":44}},"14":{"start":{"line":51,"column":4},"end":{"line":51,"column":25}},"15":{"start":{"line":51,"column":18},"end":{"line":51,"column":25}},"16":{"start":{"line":53,"column":18},"end":{"line":53,"column":30}},"17":{"start":{"line":54,"column":4},"end":{"line":54,"column":70}},"18":{"start":{"line":55,"column":4},"end":{"line":55,"column":32}},"19":{"start":{"line":58,"column":4},"end":{"line":63,"column":23}},"20":{"start":{"line":59,"column":6},"end":{"line":62,"column":7}},"21":{"start":{"line":60,"column":8},"end":{"line":60,"column":32}},"22":{"start":{"line":61,"column":8},"end":{"line":61,"column":24}},"23":{"start":{"line":66,"column":25},"end":{"line":79,"column":60}},"24":{"start":{"line":67,"column":4},"end":{"line":67,"column":21}},"25":{"start":{"line":69,"column":4},"end":{"line":69,"column":48}},"26":{"start":{"line":69,"column":41},"end":{"line":69,"column":48}},"27":{"start":{"line":72,"column":16},"end":{"line":72,"column":26}},"28":{"start":{"line":73,"column":4},"end":{"line":78,"column":5}},"29":{"start":{"line":74,"column":6},"end":{"line":74,"column":22}},"30":{"start":{"line":75,"column":6},"end":{"line":75,"column":29}},"31":{"start":{"line":77,"column":6},"end":{"line":77,"column":31}},"32":{"start":{"line":81,"column":26},"end":{"line":93,"column":22}},"33":{"start":{"line":82,"column":4},"end":{"line":82,"column":42}},"34":{"start":{"line":82,"column":35},"end":{"line":82,"column":42}},"35":{"start":{"line":84,"column":18},"end":{"line":84,"column":30}},"36":{"start":{"line":85,"column":15},"end":{"line":85,"column":67}},"37":{"start":{"line":86,"column":15},"end":{"line":86,"column":67}},"38":{"start":{"line":89,"column":4},"end":{"line":92,"column":5}},"39":{"start":{"line":90,"column":6},"end":{"line":90,"column":33}},"40":{"start":{"line":91,"column":6},"end":{"line":91,"column":23}},"41":{"start":{"line":95,"column":28},"end":{"line":97,"column":22}},"42":{"start":{"line":96,"column":4},"end":{"line":96,"column":21}},"43":{"start":{"line":100,"column":2},"end":{"line":106,"column":9}},"44":{"start":{"line":101,"column":4},"end":{"line":105,"column":6}},"45":{"start":{"line":102,"column":6},"end":{"line":104,"column":7}},"46":{"start":{"line":103,"column":8},"end":{"line":103,"column":48}},"47":{"start":{"line":108,"column":2},"end":{"line":116,"column":4}},"48":{"start":{"line":123,"column":44},"end":{"line":123,"column":59}},"49":{"start":{"line":125,"column":2},"end":{"line":134,"column":9}},"50":{"start":{"line":126,"column":18},"end":{"line":131,"column":5}},"51":{"start":{"line":127,"column":6},"end":{"line":130,"column":8}},"52":{"start":{"line":132,"column":4},"end":{"line":132,"column":12}},"53":{"start":{"line":133,"column":4},"end":{"line":133,"column":88}},"54":{"start":{"line":133,"column":48},"end":{"line":133,"column":70}},"55":{"start":{"line":136,"column":2},"end":{"line":136,"column":23}}},"fnMap":{"0":{"name":"useTouchInteraction","decl":{"start":{"line":28,"column":16},"end":{"line":28,"column":35}},"loc":{"start":{"line":34,"column":29},"end":{"line":117,"column":1}}},"1":{"name":"(anonymous_1)","decl":{"start":{"line":42,"column":37},"end":{"line":42,"column":40}},"loc":{"start":{"line":42,"column":42},"end":{"line":48,"column":3}}},"2":{"name":"(anonymous_2)","decl":{"start":{"line":50,"column":39},"end":{"line":50,"column":40}},"loc":{"start":{"line":50,"column":63},"end":{"line":64,"column":3}}},"3":{"name":"(anonymous_3)","decl":{"start":{"line":58,"column":50},"end":{"line":58,"column":53}},"loc":{"start":{"line":58,"column":55},"end":{"line":63,"column":5}}},"4":{"name":"(anonymous_4)","decl":{"start":{"line":66,"column":37},"end":{"line":66,"column":38}},"loc":{"start":{"line":66,"column":61},"end":{"line":79,"column":3}}},"5":{"name":"(anonymous_5)","decl":{"start":{"line":81,"column":38},"end":{"line":81,"column":39}},"loc":{"start":{"line":81,"column":62},"end":{"line":93,"column":3}}},"6":{"name":"(anonymous_6)","decl":{"start":{"line":95,"column":40},"end":{"line":95,"column":43}},"loc":{"start":{"line":95,"column":45},"end":{"line":97,"column":3}}},"7":{"name":"(anonymous_7)","decl":{"start":{"line":100,"column":12},"end":{"line":100,"column":15}},"loc":{"start":{"line":100,"column":17},"end":{"line":106,"column":3}}},"8":{"name":"(anonymous_8)","decl":{"start":{"line":101,"column":11},"end":{"line":101,"column":14}},"loc":{"start":{"line":101,"column":16},"end":{"line":105,"column":5}}},"9":{"name":"useIsTouchDevice","decl":{"start":{"line":122,"column":16},"end":{"line":122,"column":32}},"loc":{"start":{"line":122,"column":32},"end":{"line":137,"column":1}}},"10":{"name":"(anonymous_10)","decl":{"start":{"line":125,"column":12},"end":{"line":125,"column":15}},"loc":{"start":{"line":125,"column":17},"end":{"line":134,"column":3}}},"11":{"name":"(anonymous_11)","decl":{"start":{"line":126,"column":18},"end":{"line":126,"column":21}},"loc":{"start":{"line":126,"column":23},"end":{"line":131,"column":5}}},"12":{"name":"(anonymous_12)","decl":{"start":{"line":133,"column":42},"end":{"line":133,"column":45}},"loc":{"start":{"line":133,"column":48},"end":{"line":133,"column":70}}}},"branchMap":{"0":{"loc":{"start":{"line":31,"column":2},"end":{"line":31,"column":22}},"type":"default-arg","locations":[{"start":{"line":31,"column":19},"end":{"line":31,"column":22}}]},"1":{"loc":{"start":{"line":32,"column":2},"end":{"line":32,"column":22}},"type":"default-arg","locations":[{"start":{"line":32,"column":19},"end":{"line":32,"column":22}}]},"2":{"loc":{"start":{"line":33,"column":2},"end":{"line":33,"column":16}},"type":"default-arg","locations":[{"start":{"line":33,"column":12},"end":{"line":33,"column":16}}]},"3":{"loc":{"start":{"line":43,"column":4},"end":{"line":46,"column":5}},"type":"if","locations":[{"start":{"line":43,"column":4},"end":{"line":46,"column":5}}]},"4":{"loc":{"start":{"line":51,"column":4},"end":{"line":51,"column":25}},"type":"if","locations":[{"start":{"line":51,"column":4},"end":{"line":51,"column":25}}]},"5":{"loc":{"start":{"line":59,"column":6},"end":{"line":62,"column":7}},"type":"if","locations":[{"start":{"line":59,"column":6},"end":{"line":62,"column":7}}]},"6":{"loc":{"start":{"line":69,"column":4},"end":{"line":69,"column":48}},"type":"if","locations":[{"start":{"line":69,"column":4},"end":{"line":69,"column":48}}]},"7":{"loc":{"start":{"line":69,"column":8},"end":{"line":69,"column":39}},"type":"binary-expr","locations":[{"start":{"line":69,"column":8},"end":{"line":69,"column":16}},{"start":{"line":69,"column":20},"end":{"line":69,"column":39}}]},"8":{"loc":{"start":{"line":73,"column":4},"end":{"line":78,"column":5}},"type":"if","locations":[{"start":{"line":73,"column":4},"end":{"line":78,"column":5}},{"start":{"line":76,"column":11},"end":{"line":78,"column":5}}]},"9":{"loc":{"start":{"line":82,"column":4},"end":{"line":82,"column":42}},"type":"if","locations":[{"start":{"line":82,"column":4},"end":{"line":82,"column":42}}]},"10":{"loc":{"start":{"line":89,"column":4},"end":{"line":92,"column":5}},"type":"if","locations":[{"start":{"line":89,"column":4},"end":{"line":92,"column":5}}]},"11":{"loc":{"start":{"line":89,"column":8},"end":{"line":89,"column":26}},"type":"binary-expr","locations":[{"start":{"line":89,"column":8},"end":{"line":89,"column":15}},{"start":{"line":89,"column":19},"end":{"line":89,"column":26}}]},"12":{"loc":{"start":{"line":102,"column":6},"end":{"line":104,"column":7}},"type":"if","locations":[{"start":{"line":102,"column":6},"end":{"line":104,"column":7}}]},"13":{"loc":{"start":{"line":128,"column":8},"end":{"line":129,"column":36}},"type":"binary-expr","locations":[{"start":{"line":128,"column":8},"end":{"line":128,"column":32}},{"start":{"line":129,"column":8},"end":{"line":129,"column":36}}]}},"s":{"0":0,"1":0,"2":0,"3":0,"4":0,"5":0,"6":0,"7":0,"8":0,"9":0,"10":0,"11":0,"12":0,"13":0,"14":0,"15":0,"16":0,"17":0,"18":0,"19":0,"20":0,"21":0,"22":0,"23":0,"24":0,"25":0,"26":0,"27":0,"28":0,"29":0,"30":0,"31":0,"32":0,"33":0,"34":0,"35":0,"36":0,"37":0,"38":0,"39":0,"40":0,"41":0,"42":0,"43":0,"44":0,"45":0,"46":0,"47":0,"48":0,"49":0,"50":0,"51":0,"52":0,"53":0,"54":0,"55":0},"f":{"0":0,"1":0,"2":0,"3":0,"4":0,"5":0,"6":0,"7":0,"8":0,"9":0,"10":0,"11":0,"12":0},"b":{"0":[0],"1":[0],"2":[0],"3":[0],"4":[0],"5":[0],"6":[0],"7":[0,0],"8":[0,0],"9":[0],"10":[0],"11":[0,0],"12":[0],"13":[0,0]}}
,"/Users/sxlx/.gemini/antigravity/ZFrog/frontend/src/components/frog/appearance/index.ts": {"path":"/Users/sxlx/.gemini/antigravity/ZFrog/frontend/src/components/frog/appearance/index.ts","statementMap":{"0":{"start":{"line":7,"column":0},"end":{"line":7,"column":9}},"1":{"start":{"line":7,"column":9},"end":{"line":7,"column":55}},"2":{"start":{"line":10,"column":0},"end":{"line":10,"column":9}},"3":{"start":{"line":10,"column":9},"end":{"line":10,"column":59}},"4":{"start":{"line":13,"column":0},"end":{"line":13,"column":9}},"5":{"start":{"line":13,"column":9},"end":{"line":13,"column":47}},"6":{"start":{"line":16,"column":0},"end":{"line":16,"column":9}},"7":{"start":{"line":16,"column":9},"end":{"line":16,"column":67}}},"fnMap":{"0":{"name":"(anonymous_0)","decl":{"start":{"line":7,"column":9},"end":{"line":7,"column":25}},"loc":{"start":{"line":7,"column":9},"end":{"line":7,"column":55}}},"1":{"name":"(anonymous_1)","decl":{"start":{"line":10,"column":9},"end":{"line":10,"column":27}},"loc":{"start":{"line":10,"column":9},"end":{"line":10,"column":59}}},"2":{"name":"(anonymous_2)","decl":{"start":{"line":13,"column":9},"end":{"line":13,"column":21}},"loc":{"start":{"line":13,"column":9},"end":{"line":13,"column":47}}},"3":{"name":"(anonymous_3)","decl":{"start":{"line":16,"column":9},"end":{"line":16,"column":31}},"loc":{"start":{"line":16,"column":9},"end":{"line":16,"column":67}}}},"branchMap":{},"s":{"0":0,"1":0,"2":0,"3":0,"4":0,"5":0,"6":0,"7":0},"f":{"0":0,"1":0,"2":0,"3":0},"b":{}}
,"/Users/sxlx/.gemini/antigravity/ZFrog/frontend/src/components/home/index.ts": {"path":"/Users/sxlx/.gemini/antigravity/ZFrog/frontend/src/components/home/index.ts","statementMap":{"0":{"start":{"line":2,"column":0},"end":{"line":2,"column":9}},"1":{"start":{"line":2,"column":9},"end":{"line":2,"column":40}},"2":{"start":{"line":3,"column":0},"end":{"line":3,"column":9}},"3":{"start":{"line":3,"column":9},"end":{"line":3,"column":54}},"4":{"start":{"line":4,"column":0},"end":{"line":4,"column":9}},"5":{"start":{"line":4,"column":9},"end":{"line":4,"column":36}},"6":{"start":{"line":5,"column":0},"end":{"line":5,"column":9}},"7":{"start":{"line":5,"column":9},"end":{"line":5,"column":36}},"8":{"start":{"line":6,"column":0},"end":{"line":6,"column":9}},"9":{"start":{"line":6,"column":9},"end":{"line":6,"column":48}}},"fnMap":{"0":{"name":"(anonymous_0)","decl":{"start":{"line":2,"column":9},"end":{"line":2,"column":18}},"loc":{"start":{"line":2,"column":9},"end":{"line":2,"column":40}}},"1":{"name":"(anonymous_1)","decl":{"start":{"line":3,"column":9},"end":{"line":3,"column":25}},"loc":{"start":{"line":3,"column":9},"end":{"line":3,"column":54}}},"2":{"name":"(anonymous_2)","decl":{"start":{"line":4,"column":9},"end":{"line":4,"column":16}},"loc":{"start":{"line":4,"column":9},"end":{"line":4,"column":36}}},"3":{"name":"(anonymous_3)","decl":{"start":{"line":5,"column":9},"end":{"line":5,"column":16}},"loc":{"start":{"line":5,"column":9},"end":{"line":5,"column":36}}},"4":{"name":"(anonymous_4)","decl":{"start":{"line":6,"column":9},"end":{"line":6,"column":22}},"loc":{"start":{"line":6,"column":9},"end":{"line":6,"column":48}}}},"branchMap":{},"s":{"0":0,"1":0,"2":0,"3":0,"4":0,"5":0,"6":0,"7":0,"8":0,"9":0},"f":{"0":0,"1":0,"2":0,"3":0,"4":0},"b":{}}
,"/Users/sxlx/.gemini/antigravity/ZFrog/frontend/src/components/message/index.ts": {"path":"/Users/sxlx/.gemini/antigravity/ZFrog/frontend/src/components/message/index.ts","statementMap":{"0":{"start":{"line":5,"column":0},"end":{"line":5,"column":9}},"1":{"start":{"line":5,"column":9},"end":{"line":5,"column":46}},"2":{"start":{"line":6,"column":0},"end":{"line":6,"column":9}},"3":{"start":{"line":6,"column":9},"end":{"line":6,"column":46}}},"fnMap":{"0":{"name":"(anonymous_0)","decl":{"start":{"line":5,"column":9},"end":{"line":5,"column":21}},"loc":{"start":{"line":5,"column":9},"end":{"line":5,"column":46}}},"1":{"name":"(anonymous_1)","decl":{"start":{"line":6,"column":9},"end":{"line":6,"column":21}},"loc":{"start":{"line":6,"column":9},"end":{"line":6,"column":46}}}},"branchMap":{},"s":{"0":0,"1":0,"2":0,"3":0},"f":{"0":0,"1":0},"b":{}}
,"/Users/sxlx/.gemini/antigravity/ZFrog/frontend/src/components/notification/index.ts": {"path":"/Users/sxlx/.gemini/antigravity/ZFrog/frontend/src/components/notification/index.ts","statementMap":{"0":{"start":{"line":5,"column":0},"end":{"line":5,"column":9}},"1":{"start":{"line":5,"column":9},"end":{"line":5,"column":58}},"2":{"start":{"line":6,"column":0},"end":{"line":6,"column":9}},"3":{"start":{"line":6,"column":9},"end":{"line":6,"column":54}}},"fnMap":{"0":{"name":"(anonymous_0)","decl":{"start":{"line":5,"column":9},"end":{"line":5,"column":27}},"loc":{"start":{"line":5,"column":9},"end":{"line":5,"column":58}}},"1":{"name":"(anonymous_1)","decl":{"start":{"line":6,"column":9},"end":{"line":6,"column":25}},"loc":{"start":{"line":6,"column":9},"end":{"line":6,"column":54}}}},"branchMap":{},"s":{"0":0,"1":0,"2":0,"3":0},"f":{"0":0,"1":0},"b":{}}
,"/Users/sxlx/.gemini/antigravity/ZFrog/frontend/src/config/animations.ts": {"path":"/Users/sxlx/.gemini/antigravity/ZFrog/frontend/src/config/animations.ts","statementMap":{"0":{"start":{"line":1,"column":0},"end":{"line":1,"column":84}},"1":{"start":{"line":3,"column":13},"end":{"line":285,"column":2}},"2":{"start":{"line":288,"column":13},"end":{"line":345,"column":2}},"3":{"start":{"line":348,"column":13},"end":{"line":348,"column":40}}},"fnMap":{},"branchMap":{},"s":{"0":0,"1":0,"2":0,"3":0},"f":{},"b":{}}
,"/Users/sxlx/.gemini/antigravity/ZFrog/frontend/src/config/chainBackgrounds.ts": {"path":"/Users/sxlx/.gemini/antigravity/ZFrog/frontend/src/config/chainBackgrounds.ts","statementMap":{"0":{"start":{"line":45,"column":0},"end":{"line":45,"column":16}},"1":{"start":{"line":7,"column":13},"end":{"line":42,"column":2}},"2":{"start":{"line":46,"column":21},"end":{"line":46,"column":40}},"3":{"start":{"line":47,"column":2},"end":{"line":51,"column":4}},"4":{"start":{"line":55,"column":13},"end":{"line":62,"column":2}}},"fnMap":{"0":{"name":"getChainBackground","decl":{"start":{"line":45,"column":16},"end":{"line":45,"column":34}},"loc":{"start":{"line":45,"column":48},"end":{"line":52,"column":1}}}},"branchMap":{"0":{"loc":{"start":{"line":47,"column":9},"end":{"line":51,"column":4}},"type":"binary-expr","locations":[{"start":{"line":47,"column":9},"end":{"line":47,"column":38}},{"start":{"line":47,"column":42},"end":{"line":51,"column":4}}]}},"s":{"0":0,"1":0,"2":0,"3":0,"4":0},"f":{"0":0},"b":{"0":[0,0]}}
,"/Users/sxlx/.gemini/antigravity/ZFrog/frontend/src/config/chains.ts": {"path":"/Users/sxlx/.gemini/antigravity/ZFrog/frontend/src/config/chains.ts","statementMap":{"0":{"start":{"line":1,"column":0},"end":{"line":1,"column":35}},"1":{"start":{"line":4,"column":13},"end":{"line":27,"column":3}},"2":{"start":{"line":30,"column":13},"end":{"line":53,"column":3}},"3":{"start":{"line":56,"column":13},"end":{"line":79,"column":3}},"4":{"start":{"line":82,"column":13},"end":{"line":105,"column":3}},"5":{"start":{"line":108,"column":13},"end":{"line":108,"column":92}},"6":{"start":{"line":111,"column":13},"end":{"line":116,"column":11}}},"fnMap":{},"branchMap":{"0":{"loc":{"start":{"line":14,"column":13},"end":{"line":14,"column":115}},"type":"binary-expr","locations":[{"start":{"line":14,"column":13},"end":{"line":14,"column":51}},{"start":{"line":14,"column":55},"end":{"line":14,"column":115}}]}},"s":{"0":0,"1":0,"2":0,"3":0,"4":0,"5":0,"6":0},"f":{},"b":{"0":[0,0]}}
,"/Users/sxlx/.gemini/antigravity/ZFrog/frontend/src/config/contracts.ts": {"path":"/Users/sxlx/.gemini/antigravity/ZFrog/frontend/src/config/contracts.ts","statementMap":{"0":{"start":{"line":4,"column":19},"end":{"line":10,"column":1}},"1":{"start":{"line":5,"column":2},"end":{"line":5,"column":32}},"2":{"start":{"line":5,"column":15},"end":{"line":5,"column":32}},"3":{"start":{"line":6,"column":2},"end":{"line":6,"column":49}},"4":{"start":{"line":6,"column":32},"end":{"line":6,"column":49}},"5":{"start":{"line":8,"column":2},"end":{"line":8,"column":88}},"6":{"start":{"line":8,"column":71},"end":{"line":8,"column":88}},"7":{"start":{"line":9,"column":2},"end":{"line":9,"column":33}},"8":{"start":{"line":12,"column":13},"end":{"line":12,"column":156}},"9":{"start":{"line":13,"column":13},"end":{"line":13,"column":91}},"10":{"start":{"line":14,"column":13},"end":{"line":14,"column":87}},"11":{"start":{"line":17,"column":13},"end":{"line":17,"column":155}},"12":{"start":{"line":18,"column":13},"end":{"line":18,"column":99}},"13":{"start":{"line":19,"column":13},"end":{"line":19,"column":103}},"14":{"start":{"line":23,"column":13},"end":{"line":168,"column":11}},"15":{"start":{"line":171,"column":13},"end":{"line":247,"column":11}},"16":{"start":{"line":250,"column":13},"end":{"line":278,"column":11}},"17":{"start":{"line":281,"column":13},"end":{"line":330,"column":11}},"18":{"start":{"line":334,"column":13},"end":{"line":339,"column":11}},"19":{"start":{"line":343,"column":13},"end":{"line":349,"column":11}},"20":{"start":{"line":352,"column":13},"end":{"line":356,"column":2}}},"fnMap":{"0":{"name":"(anonymous_0)","decl":{"start":{"line":4,"column":19},"end":{"line":4,"column":20}},"loc":{"start":{"line":4,"column":77},"end":{"line":10,"column":1}}}},"branchMap":{"0":{"loc":{"start":{"line":5,"column":2},"end":{"line":5,"column":32}},"type":"if","locations":[{"start":{"line":5,"column":2},"end":{"line":5,"column":32}}]},"1":{"loc":{"start":{"line":6,"column":2},"end":{"line":6,"column":49}},"type":"if","locations":[{"start":{"line":6,"column":2},"end":{"line":6,"column":49}}]},"2":{"loc":{"start":{"line":8,"column":2},"end":{"line":8,"column":88}},"type":"if","locations":[{"start":{"line":8,"column":2},"end":{"line":8,"column":88}}]},"3":{"loc":{"start":{"line":12,"column":32},"end":{"line":12,"column":155}},"type":"binary-expr","locations":[{"start":{"line":12,"column":32},"end":{"line":12,"column":90}},{"start":{"line":12,"column":94},"end":{"line":12,"column":155}}]},"4":{"loc":{"start":{"line":17,"column":35},"end":{"line":17,"column":154}},"type":"binary-expr","locations":[{"start":{"line":17,"column":35},"end":{"line":17,"column":89}},{"start":{"line":17,"column":93},"end":{"line":17,"column":154}}]}},"s":{"0":0,"1":0,"2":0,"3":0,"4":0,"5":0,"6":0,"7":0,"8":0,"9":0,"10":0,"11":0,"12":0,"13":0,"14":0,"15":0,"16":0,"17":0,"18":0,"19":0,"20":0},"f":{"0":0},"b":{"0":[0],"1":[0],"2":[0],"3":[0,0],"4":[0,0]}}
,"/Users/sxlx/.gemini/antigravity/ZFrog/frontend/src/config/landmarks.ts": {"path":"/Users/sxlx/.gemini/antigravity/ZFrog/frontend/src/config/landmarks.ts","statementMap":{"0":{"start":{"line":6,"column":13},"end":{"line":37,"column":2}}},"fnMap":{},"branchMap":{},"s":{"0":0},"f":{},"b":{}}
,"/Users/sxlx/.gemini/antigravity/ZFrog/frontend/src/config/wagmi.ts": {"path":"/Users/sxlx/.gemini/antigravity/ZFrog/frontend/src/config/wagmi.ts","statementMap":{"0":{"start":{"line":1,"column":0},"end":{"line":1,"column":43}},"1":{"start":{"line":2,"column":0},"end":{"line":2,"column":75}},"2":{"start":{"line":3,"column":0},"end":{"line":3,"column":94}},"3":{"start":{"line":5,"column":18},"end":{"line":5,"column":63}},"4":{"start":{"line":7,"column":0},"end":{"line":9,"column":1}},"5":{"start":{"line":8,"column":2},"end":{"line":8,"column":63}},"6":{"start":{"line":12,"column":17},"end":{"line":17,"column":2}},"7":{"start":{"line":20,"column":13},"end":{"line":47,"column":3}}},"fnMap":{},"branchMap":{"0":{"loc":{"start":{"line":7,"column":0},"end":{"line":9,"column":1}},"type":"if","locations":[{"start":{"line":7,"column":0},"end":{"line":9,"column":1}}]},"1":{"loc":{"start":{"line":13,"column":8},"end":{"line":13,"column":51}},"type":"binary-expr","locations":[{"start":{"line":13,"column":8},"end":{"line":13,"column":37}},{"start":{"line":13,"column":41},"end":{"line":13,"column":51}}]},"2":{"loc":{"start":{"line":14,"column":15},"end":{"line":14,"column":85}},"type":"binary-expr","locations":[{"start":{"line":14,"column":15},"end":{"line":14,"column":51}},{"start":{"line":14,"column":55},"end":{"line":14,"column":85}}]},"3":{"loc":{"start":{"line":15,"column":7},"end":{"line":15,"column":61}},"type":"binary-expr","locations":[{"start":{"line":15,"column":7},"end":{"line":15,"column":35}},{"start":{"line":15,"column":39},"end":{"line":15,"column":61}}]},"4":{"loc":{"start":{"line":16,"column":10},"end":{"line":16,"column":74}},"type":"binary-expr","locations":[{"start":{"line":16,"column":10},"end":{"line":16,"column":39}},{"start":{"line":16,"column":43},"end":{"line":16,"column":74}}]}},"s":{"0":0,"1":0,"2":0,"3":0,"4":0,"5":0,"6":0,"7":0},"f":{},"b":{"0":[0],"1":[0,0],"2":[0,0],"3":[0,0],"4":[0,0]}}
,"/Users/sxlx/.gemini/antigravity/ZFrog/frontend/src/config/web3modal.ts": {"path":"/Users/sxlx/.gemini/antigravity/ZFrog/frontend/src/config/web3modal.ts","statementMap":{"0":{"start":{"line":1,"column":0},"end":{"line":1,"column":57}},"1":{"start":{"line":2,"column":0},"end":{"line":2,"column":38}},"2":{"start":{"line":3,"column":0},"end":{"line":3,"column":43}},"3":{"start":{"line":5,"column":18},"end":{"line":5,"column":63}},"4":{"start":{"line":8,"column":13},"end":{"line":29,"column":3}}},"fnMap":{},"branchMap":{},"s":{"0":0,"1":0,"2":0,"3":0,"4":0},"f":{},"b":{}}
,"/Users/sxlx/.gemini/antigravity/ZFrog/frontend/src/hooks/useChainMonitor.ts": {"path":"/Users/sxlx/.gemini/antigravity/ZFrog/frontend/src/hooks/useChainMonitor.ts","statementMap":{"0":{"start":{"line":74,"column":0},"end":{"line":74,"column":16}},"1":{"start":{"line":1,"column":0},"end":{"line":1,"column":65}},"2":{"start":{"line":9,"column":23},"end":{"line":27,"column":2}},"3":{"start":{"line":30,"column":26},"end":{"line":72,"column":2}},"4":{"start":{"line":33,"column":41},"end":{"line":33,"column":117}},"5":{"start":{"line":34,"column":19},"end":{"line":34,"column":49}},"6":{"start":{"line":35,"column":17},"end":{"line":35,"column":66}},"7":{"start":{"line":36,"column":18},"end":{"line":36,"column":67}},"8":{"start":{"line":38,"column":4},"end":{"line":46,"column":6}},"9":{"start":{"line":51,"column":19},"end":{"line":51,"column":41}},"10":{"start":{"line":52,"column":22},"end":{"line":52,"column":56}},"11":{"start":{"line":54,"column":4},"end":{"line":60,"column":6}},"12":{"start":{"line":65,"column":4},"end":{"line":65,"column":61}},"13":{"start":{"line":70,"column":4},"end":{"line":70,"column":38}},"14":{"start":{"line":75,"column":28},"end":{"line":82,"column":4}},"15":{"start":{"line":84,"column":26},"end":{"line":84,"column":66}},"16":{"start":{"line":85,"column":22},"end":{"line":85,"column":57}},"17":{"start":{"line":88,"column":2},"end":{"line":99,"column":9}},"18":{"start":{"line":90,"column":4},"end":{"line":92,"column":13}},"19":{"start":{"line":91,"column":6},"end":{"line":91,"column":57}},"20":{"start":{"line":91,"column":24},"end":{"line":91,"column":54}},"21":{"start":{"line":94,"column":4},"end":{"line":98,"column":6}},"22":{"start":{"line":95,"column":6},"end":{"line":97,"column":7}},"23":{"start":{"line":96,"column":8},"end":{"line":96,"column":43}},"24":{"start":{"line":102,"column":32},"end":{"line":124,"column":8}},"25":{"start":{"line":103,"column":4},"end":{"line":123,"column":5}},"26":{"start":{"line":105,"column":26},"end":{"line":105,"column":39}},"27":{"start":{"line":107,"column":6},"end":{"line":120,"column":7}},"28":{"start":{"line":108,"column":22},"end":{"line":108,"column":61}},"29":{"start":{"line":111,"column":8},"end":{"line":119,"column":9}},"30":{"start":{"line":112,"column":10},"end":{"line":112,"column":26}},"31":{"start":{"line":115,"column":10},"end":{"line":118,"column":11}},"32":{"start":{"line":116,"column":31},"end":{"line":116,"column":69}},"33":{"start":{"line":117,"column":12},"end":{"line":117,"column":56}},"34":{"start":{"line":117,"column":30},"end":{"line":117,"column":53}},"35":{"start":{"line":122,"column":6},"end":{"line":122,"column":40}},"36":{"start":{"line":127,"column":30},"end":{"line":144,"column":8}},"37":{"start":{"line":128,"column":4},"end":{"line":143,"column":5}},"38":{"start":{"line":129,"column":26},"end":{"line":129,"column":65}},"39":{"start":{"line":131,"column":6},"end":{"line":140,"column":7}},"40":{"start":{"line":132,"column":8},"end":{"line":132,"column":53}},"41":{"start":{"line":132,"column":26},"end":{"line":132,"column":50}},"42":{"start":{"line":134,"column":8},"end":{"line":139,"column":11}},"43":{"start":{"line":142,"column":6},"end":{"line":142,"column":40}},"44":{"start":{"line":147,"column":26},"end":{"line":154,"column":8}},"45":{"start":{"line":148,"column":4},"end":{"line":153,"column":5}},"46":{"start":{"line":149,"column":23},"end":{"line":149,"column":59}},"47":{"start":{"line":150,"column":6},"end":{"line":150,"column":48}},"48":{"start":{"line":150,"column":24},"end":{"line":150,"column":45}},"49":{"start":{"line":152,"column":6},"end":{"line":152,"column":43}},"50":{"start":{"line":157,"column":19},"end":{"line":163,"column":8}},"51":{"start":{"line":158,"column":4},"end":{"line":162,"column":8}},"52":{"start":{"line":158,"column":22},"end":{"line":162,"column":6}},"53":{"start":{"line":166,"column":2},"end":{"line":185,"column":87}},"54":{"start":{"line":167,"column":4},"end":{"line":167,"column":35}},"55":{"start":{"line":167,"column":28},"end":{"line":167,"column":35}},"56":{"start":{"line":169,"column":4},"end":{"line":173,"column":36}},"57":{"start":{"line":170,"column":6},"end":{"line":170,"column":30}},"58":{"start":{"line":171,"column":6},"end":{"line":171,"column":28}},"59":{"start":{"line":172,"column":6},"end":{"line":172,"column":24}},"60":{"start":{"line":176,"column":4},"end":{"line":176,"column":28}},"61":{"start":{"line":177,"column":4},"end":{"line":177,"column":26}},"62":{"start":{"line":178,"column":4},"end":{"line":178,"column":22}},"63":{"start":{"line":180,"column":4},"end":{"line":184,"column":6}},"64":{"start":{"line":181,"column":6},"end":{"line":183,"column":7}},"65":{"start":{"line":182,"column":8},"end":{"line":182,"column":43}},"66":{"start":{"line":188,"column":18},"end":{"line":192,"column":67}},"67":{"start":{"line":189,"column":4},"end":{"line":189,"column":28}},"68":{"start":{"line":190,"column":4},"end":{"line":190,"column":26}},"69":{"start":{"line":191,"column":4},"end":{"line":191,"column":22}},"70":{"start":{"line":195,"column":22},"end":{"line":202,"column":8}},"71":{"start":{"line":196,"column":4},"end":{"line":201,"column":8}},"72":{"start":{"line":196,"column":22},"end":{"line":201,"column":6}},"73":{"start":{"line":205,"column":2},"end":{"line":224,"column":36}},"74":{"start":{"line":206,"column":4},"end":{"line":206,"column":35}},"75":{"start":{"line":206,"column":28},"end":{"line":206,"column":35}},"76":{"start":{"line":208,"column":25},"end":{"line":221,"column":12}},"77":{"start":{"line":209,"column":21},"end":{"line":209,"column":34}},"78":{"start":{"line":211,"column":6},"end":{"line":220,"column":7}},"79":{"start":{"line":213,"column":22},"end":{"line":213,"column":61}},"80":{"start":{"line":214,"column":8},"end":{"line":214,"column":24}},"81":{"start":{"line":216,"column":8},"end":{"line":219,"column":9}},"82":{"start":{"line":217,"column":29},"end":{"line":217,"column":67}},"83":{"start":{"line":218,"column":10},"end":{"line":218,"column":54}},"84":{"start":{"line":218,"column":28},"end":{"line":218,"column":51}},"85":{"start":{"line":223,"column":4},"end":{"line":223,"column":45}},"86":{"start":{"line":223,"column":17},"end":{"line":223,"column":44}},"87":{"start":{"line":226,"column":2},"end":{"line":230,"column":4}},"88":{"start":{"line":235,"column":2},"end":{"line":246,"column":3}},"89":{"start":{"line":237,"column":43},"end":{"line":242,"column":6}},"90":{"start":{"line":243,"column":4},"end":{"line":243,"column":31}},"91":{"start":{"line":245,"column":4},"end":{"line":245,"column":13}},"92":{"start":{"line":250,"column":42},"end":{"line":254,"column":4}},"93":{"start":{"line":255,"column":2},"end":{"line":255,"column":49}},"94":{"start":{"line":259,"column":2},"end":{"line":259,"column":29}},"95":{"start":{"line":259,"column":16},"end":{"line":259,"column":29}},"96":{"start":{"line":260,"column":23},"end":{"line":264,"column":4}},"97":{"start":{"line":265,"column":2},"end":{"line":265,"column":54}}},"fnMap":{"0":{"name":"(anonymous_0)","decl":{"start":{"line":32,"column":23},"end":{"line":32,"column":38}},"loc":{"start":{"line":32,"column":40},"end":{"line":47,"column":3}}},"1":{"name":"(anonymous_1)","decl":{"start":{"line":50,"column":22},"end":{"line":50,"column":37}},"loc":{"start":{"line":50,"column":39},"end":{"line":61,"column":3}}},"2":{"name":"(anonymous_2)","decl":{"start":{"line":64,"column":20},"end":{"line":64,"column":23}},"loc":{"start":{"line":64,"column":25},"end":{"line":66,"column":3}}},"3":{"name":"(anonymous_3)","decl":{"start":{"line":69,"column":23},"end":{"line":69,"column":26}},"loc":{"start":{"line":69,"column":28},"end":{"line":71,"column":3}}},"4":{"name":"useChainMonitor","decl":{"start":{"line":74,"column":16},"end":{"line":74,"column":31}},"loc":{"start":{"line":74,"column":31},"end":{"line":231,"column":1}}},"5":{"name":"(anonymous_5)","decl":{"start":{"line":88,"column":12},"end":{"line":88,"column":15}},"loc":{"start":{"line":88,"column":17},"end":{"line":99,"column":3}}},"6":{"name":"(anonymous_6)","decl":{"start":{"line":90,"column":15},"end":{"line":90,"column":18}},"loc":{"start":{"line":90,"column":20},"end":{"line":92,"column":5}}},"7":{"name":"(anonymous_7)","decl":{"start":{"line":91,"column":15},"end":{"line":91,"column":19}},"loc":{"start":{"line":91,"column":24},"end":{"line":91,"column":54}}},"8":{"name":"(anonymous_8)","decl":{"start":{"line":94,"column":11},"end":{"line":94,"column":14}},"loc":{"start":{"line":94,"column":16},"end":{"line":98,"column":5}}},"9":{"name":"(anonymous_9)","decl":{"start":{"line":102,"column":44},"end":{"line":102,"column":49}},"loc":{"start":{"line":102,"column":55},"end":{"line":124,"column":3}}},"10":{"name":"(anonymous_10)","decl":{"start":{"line":117,"column":21},"end":{"line":117,"column":25}},"loc":{"start":{"line":117,"column":30},"end":{"line":117,"column":53}}},"11":{"name":"(anonymous_11)","decl":{"start":{"line":127,"column":42},"end":{"line":127,"column":47}},"loc":{"start":{"line":127,"column":53},"end":{"line":144,"column":3}}},"12":{"name":"(anonymous_12)","decl":{"start":{"line":132,"column":17},"end":{"line":132,"column":21}},"loc":{"start":{"line":132,"column":26},"end":{"line":132,"column":50}}},"13":{"name":"(anonymous_13)","decl":{"start":{"line":147,"column":38},"end":{"line":147,"column":43}},"loc":{"start":{"line":147,"column":49},"end":{"line":154,"column":3}}},"14":{"name":"(anonymous_14)","decl":{"start":{"line":150,"column":15},"end":{"line":150,"column":19}},"loc":{"start":{"line":150,"column":24},"end":{"line":150,"column":45}}},"15":{"name":"(anonymous_15)","decl":{"start":{"line":157,"column":31},"end":{"line":157,"column":32}},"loc":{"start":{"line":157,"column":53},"end":{"line":163,"column":3}}},"16":{"name":"(anonymous_16)","decl":{"start":{"line":158,"column":13},"end":{"line":158,"column":17}},"loc":{"start":{"line":158,"column":22},"end":{"line":162,"column":6}}},"17":{"name":"(anonymous_17)","decl":{"start":{"line":166,"column":12},"end":{"line":166,"column":15}},"loc":{"start":{"line":166,"column":17},"end":{"line":185,"column":3}}},"18":{"name":"(anonymous_18)","decl":{"start":{"line":169,"column":38},"end":{"line":169,"column":41}},"loc":{"start":{"line":169,"column":43},"end":{"line":173,"column":5}}},"19":{"name":"(anonymous_19)","decl":{"start":{"line":180,"column":11},"end":{"line":180,"column":14}},"loc":{"start":{"line":180,"column":16},"end":{"line":184,"column":5}}},"20":{"name":"(anonymous_20)","decl":{"start":{"line":188,"column":30},"end":{"line":188,"column":33}},"loc":{"start":{"line":188,"column":35},"end":{"line":192,"column":3}}},"21":{"name":"(anonymous_21)","decl":{"start":{"line":195,"column":34},"end":{"line":195,"column":37}},"loc":{"start":{"line":195,"column":39},"end":{"line":202,"column":3}}},"22":{"name":"(anonymous_22)","decl":{"start":{"line":196,"column":13},"end":{"line":196,"column":17}},"loc":{"start":{"line":196,"column":22},"end":{"line":201,"column":6}}},"23":{"name":"(anonymous_23)","decl":{"start":{"line":205,"column":12},"end":{"line":205,"column":15}},"loc":{"start":{"line":205,"column":17},"end":{"line":224,"column":3}}},"24":{"name":"(anonymous_24)","decl":{"start":{"line":208,"column":37},"end":{"line":208,"column":40}},"loc":{"start":{"line":208,"column":42},"end":{"line":221,"column":5}}},"25":{"name":"(anonymous_25)","decl":{"start":{"line":218,"column":19},"end":{"line":218,"column":23}},"loc":{"start":{"line":218,"column":28},"end":{"line":218,"column":51}}},"26":{"name":"(anonymous_26)","decl":{"start":{"line":223,"column":11},"end":{"line":223,"column":14}},"loc":{"start":{"line":223,"column":17},"end":{"line":223,"column":44}}},"27":{"name":"getTokenPrice","decl":{"start":{"line":234,"column":15},"end":{"line":234,"column":28}},"loc":{"start":{"line":234,"column":43},"end":{"line":247,"column":1}}},"28":{"name":"getCoingeckoId","decl":{"start":{"line":249,"column":9},"end":{"line":249,"column":23}},"loc":{"start":{"line":249,"column":38},"end":{"line":256,"column":1}}},"29":{"name":"isKnownDex","decl":{"start":{"line":258,"column":9},"end":{"line":258,"column":19}},"loc":{"start":{"line":258,"column":36},"end":{"line":266,"column":1}}}},"branchMap":{"0":{"loc":{"start":{"line":52,"column":22},"end":{"line":52,"column":56}},"type":"cond-expr","locations":[{"start":{"line":52,"column":44},"end":{"line":52,"column":48}},{"start":{"line":52,"column":51},"end":{"line":52,"column":56}}]},"1":{"loc":{"start":{"line":95,"column":6},"end":{"line":97,"column":7}},"type":"if","locations":[{"start":{"line":95,"column":6},"end":{"line":97,"column":7}}]},"2":{"loc":{"start":{"line":107,"column":6},"end":{"line":120,"column":7}},"type":"if","locations":[{"start":{"line":107,"column":6},"end":{"line":120,"column":7}}]},"3":{"loc":{"start":{"line":111,"column":8},"end":{"line":119,"column":9}},"type":"if","locations":[{"start":{"line":111,"column":8},"end":{"line":119,"column":9}}]},"4":{"loc":{"start":{"line":115,"column":10},"end":{"line":118,"column":11}},"type":"if","locations":[{"start":{"line":115,"column":10},"end":{"line":118,"column":11}}]},"5":{"loc":{"start":{"line":131,"column":6},"end":{"line":140,"column":7}},"type":"if","locations":[{"start":{"line":131,"column":6},"end":{"line":140,"column":7}}]},"6":{"loc":{"start":{"line":167,"column":4},"end":{"line":167,"column":35}},"type":"if","locations":[{"start":{"line":167,"column":4},"end":{"line":167,"column":35}}]},"7":{"loc":{"start":{"line":181,"column":6},"end":{"line":183,"column":7}},"type":"if","locations":[{"start":{"line":181,"column":6},"end":{"line":183,"column":7}}]},"8":{"loc":{"start":{"line":206,"column":4},"end":{"line":206,"column":35}},"type":"if","locations":[{"start":{"line":206,"column":4},"end":{"line":206,"column":35}}]},"9":{"loc":{"start":{"line":211,"column":6},"end":{"line":220,"column":7}},"type":"if","locations":[{"start":{"line":211,"column":6},"end":{"line":220,"column":7}}]},"10":{"loc":{"start":{"line":216,"column":8},"end":{"line":219,"column":9}},"type":"if","locations":[{"start":{"line":216,"column":8},"end":{"line":219,"column":9}}]},"11":{"loc":{"start":{"line":243,"column":11},"end":{"line":243,"column":30}},"type":"binary-expr","locations":[{"start":{"line":243,"column":11},"end":{"line":243,"column":25}},{"start":{"line":243,"column":29},"end":{"line":243,"column":30}}]},"12":{"loc":{"start":{"line":255,"column":9},"end":{"line":255,"column":48}},"type":"binary-expr","locations":[{"start":{"line":255,"column":9},"end":{"line":255,"column":24}},{"start":{"line":255,"column":28},"end":{"line":255,"column":48}}]},"13":{"loc":{"start":{"line":259,"column":2},"end":{"line":259,"column":29}},"type":"if","locations":[{"start":{"line":259,"column":2},"end":{"line":259,"column":29}}]}},"s":{"0":0,"1":0,"2":0,"3":0,"4":0,"5":0,"6":0,"7":0,"8":0,"9":0,"10":0,"11":0,"12":0,"13":0,"14":0,"15":0,"16":0,"17":0,"18":0,"19":0,"20":0,"21":0,"22":0,"23":0,"24":0,"25":0,"26":0,"27":0,"28":0,"29":0,"30":0,"31":0,"32":0,"33":0,"34":0,"35":0,"36":0,"37":0,"38":0,"39":0,"40":0,"41":0,"42":0,"43":0,"44":0,"45":0,"46":0,"47":0,"48":0,"49":0,"50":0,"51":0,"52":0,"53":0,"54":0,"55":0,"56":0,"57":0,"58":0,"59":0,"60":0,"61":0,"62":0,"63":0,"64":0,"65":0,"66":0,"67":0,"68":0,"69":0,"70":0,"71":0,"72":0,"73":0,"74":0,"75":0,"76":0,"77":0,"78":0,"79":0,"80":0,"81":0,"82":0,"83":0,"84":0,"85":0,"86":0,"87":0,"88":0,"89":0,"90":0,"91":0,"92":0,"93":0,"94":0,"95":0,"96":0,"97":0},"f":{"0":0,"1":0,"2":0,"3":0,"4":0,"5":0,"6":0,"7":0,"8":0,"9":0,"10":0,"11":0,"12":0,"13":0,"14":0,"15":0,"16":0,"17":0,"18":0,"19":0,"20":0,"21":0,"22":0,"23":0,"24":0,"25":0,"26":0,"27":0,"28":0,"29":0},"b":{"0":[0,0],"1":[0],"2":[0],"3":[0],"4":[0],"5":[0],"6":[0],"7":[0],"8":[0],"9":[0],"10":[0],"11":[0,0],"12":[0,0],"13":[0]}}
,"/Users/sxlx/.gemini/antigravity/ZFrog/frontend/src/hooks/useChat.ts": {"path":"/Users/sxlx/.gemini/antigravity/ZFrog/frontend/src/hooks/useChat.ts","statementMap":{"0":{"start":{"line":13,"column":0},"end":{"line":13,"column":16}},"1":{"start":{"line":3,"column":0},"end":{"line":3,"column":46}},"2":{"start":{"line":4,"column":0},"end":{"line":4,"column":47}},"3":{"start":{"line":14,"column":34},"end":{"line":14,"column":57}},"4":{"start":{"line":15,"column":36},"end":{"line":15,"column":51}},"5":{"start":{"line":16,"column":36},"end":{"line":16,"column":65}},"6":{"start":{"line":18,"column":22},"end":{"line":48,"column":25}},"7":{"start":{"line":20,"column":4},"end":{"line":20,"column":68}},"8":{"start":{"line":20,"column":24},"end":{"line":20,"column":66}},"9":{"start":{"line":21,"column":4},"end":{"line":21,"column":23}},"10":{"start":{"line":23,"column":4},"end":{"line":47,"column":5}},"11":{"start":{"line":24,"column":23},"end":{"line":24,"column":73}},"12":{"start":{"line":27,"column":6},"end":{"line":29,"column":7}},"13":{"start":{"line":28,"column":8},"end":{"line":28,"column":41}},"14":{"start":{"line":32,"column":6},"end":{"line":37,"column":10}},"15":{"start":{"line":32,"column":26},"end":{"line":37,"column":8}},"16":{"start":{"line":39,"column":6},"end":{"line":39,"column":54}},"17":{"start":{"line":41,"column":6},"end":{"line":44,"column":10}},"18":{"start":{"line":41,"column":26},"end":{"line":44,"column":8}},"19":{"start":{"line":46,"column":6},"end":{"line":46,"column":26}},"20":{"start":{"line":50,"column":24},"end":{"line":53,"column":8}},"21":{"start":{"line":51,"column":4},"end":{"line":51,"column":20}},"22":{"start":{"line":52,"column":4},"end":{"line":52,"column":23}},"23":{"start":{"line":55,"column":2},"end":{"line":60,"column":4}}},"fnMap":{"0":{"name":"useChat","decl":{"start":{"line":13,"column":16},"end":{"line":13,"column":23}},"loc":{"start":{"line":13,"column":38},"end":{"line":61,"column":1}}},"1":{"name":"(anonymous_1)","decl":{"start":{"line":18,"column":34},"end":{"line":18,"column":39}},"loc":{"start":{"line":18,"column":57},"end":{"line":48,"column":3}}},"2":{"name":"(anonymous_2)","decl":{"start":{"line":20,"column":16},"end":{"line":20,"column":20}},"loc":{"start":{"line":20,"column":24},"end":{"line":20,"column":66}}},"3":{"name":"(anonymous_3)","decl":{"start":{"line":32,"column":18},"end":{"line":32,"column":22}},"loc":{"start":{"line":32,"column":26},"end":{"line":37,"column":8}}},"4":{"name":"(anonymous_4)","decl":{"start":{"line":41,"column":18},"end":{"line":41,"column":22}},"loc":{"start":{"line":41,"column":26},"end":{"line":44,"column":8}}},"5":{"name":"(anonymous_5)","decl":{"start":{"line":50,"column":36},"end":{"line":50,"column":39}},"loc":{"start":{"line":50,"column":41},"end":{"line":53,"column":3}}}},"branchMap":{"0":{"loc":{"start":{"line":27,"column":6},"end":{"line":29,"column":7}},"type":"if","locations":[{"start":{"line":27,"column":6},"end":{"line":29,"column":7}}]}},"s":{"0":0,"1":0,"2":0,"3":0,"4":0,"5":0,"6":0,"7":0,"8":0,"9":0,"10":0,"11":0,"12":0,"13":0,"14":0,"15":0,"16":0,"17":0,"18":0,"19":0,"20":0,"21":0,"22":0,"23":0},"f":{"0":0,"1":0,"2":0,"3":0,"4":0,"5":0},"b":{"0":[0]}}
,"/Users/sxlx/.gemini/antigravity/ZFrog/frontend/src/hooks/useClickThrough.ts": {"path":"/Users/sxlx/.gemini/antigravity/ZFrog/frontend/src/hooks/useClickThrough.ts","statementMap":{"0":{"start":{"line":38,"column":0},"end":{"line":38,"column":16}},"1":{"start":{"line":9,"column":0},"end":{"line":9,"column":65}},"2":{"start":{"line":10,"column":0},"end":{"line":10,"column":null}},"3":{"start":{"line":41,"column":46},"end":{"line":41,"column":53}},"4":{"start":{"line":43,"column":32},"end":{"line":43,"column":47}},"5":{"start":{"line":44,"column":40},"end":{"line":44,"column":55}},"6":{"start":{"line":45,"column":46},"end":{"line":45,"column":61}},"7":{"start":{"line":47,"column":24},"end":{"line":47,"column":59}},"8":{"start":{"line":48,"column":20},"end":{"line":48,"column":48}},"9":{"start":{"line":51,"column":2},"end":{"line":75,"column":16}},"10":{"start":{"line":52,"column":17},"end":{"line":66,"column":5}},"11":{"start":{"line":53,"column":20},"end":{"line":53,"column":40}},"12":{"start":{"line":54,"column":6},"end":{"line":54,"column":24}},"13":{"start":{"line":56,"column":6},"end":{"line":65,"column":7}},"14":{"start":{"line":57,"column":26},"end":{"line":57,"column":58}},"15":{"start":{"line":58,"column":8},"end":{"line":58,"column":34}},"16":{"start":{"line":61,"column":8},"end":{"line":64,"column":9}},"17":{"start":{"line":62,"column":10},"end":{"line":62,"column":38}},"18":{"start":{"line":63,"column":10},"end":{"line":63,"column":34}},"19":{"start":{"line":68,"column":4},"end":{"line":68,"column":11}},"20":{"start":{"line":70,"column":4},"end":{"line":74,"column":6}},"21":{"start":{"line":71,"column":6},"end":{"line":73,"column":7}},"22":{"start":{"line":72,"column":8},"end":{"line":72,"column":44}},"23":{"start":{"line":78,"column":35},"end":{"line":95,"column":18}},"24":{"start":{"line":80,"column":4},"end":{"line":80,"column":44}},"25":{"start":{"line":80,"column":37},"end":{"line":80,"column":44}},"26":{"start":{"line":82,"column":4},"end":{"line":84,"column":5}},"27":{"start":{"line":83,"column":6},"end":{"line":83,"column":42}},"28":{"start":{"line":86,"column":4},"end":{"line":94,"column":19}},"29":{"start":{"line":87,"column":6},"end":{"line":93,"column":7}},"30":{"start":{"line":88,"column":8},"end":{"line":88,"column":37}},"31":{"start":{"line":89,"column":8},"end":{"line":89,"column":34}},"32":{"start":{"line":90,"column":8},"end":{"line":90,"column":33}},"33":{"start":{"line":92,"column":8},"end":{"line":92,"column":61}},"34":{"start":{"line":98,"column":31},"end":{"line":101,"column":54}},"35":{"start":{"line":99,"column":4},"end":{"line":99,"column":41}},"36":{"start":{"line":99,"column":34},"end":{"line":99,"column":41}},"37":{"start":{"line":100,"column":4},"end":{"line":100,"column":36}},"38":{"start":{"line":104,"column":31},"end":{"line":107,"column":54}},"39":{"start":{"line":105,"column":4},"end":{"line":105,"column":41}},"40":{"start":{"line":105,"column":34},"end":{"line":105,"column":41}},"41":{"start":{"line":106,"column":4},"end":{"line":106,"column":35}},"42":{"start":{"line":110,"column":31},"end":{"line":119,"column":19}},"43":{"start":{"line":111,"column":4},"end":{"line":111,"column":29}},"44":{"start":{"line":111,"column":22},"end":{"line":111,"column":29}},"45":{"start":{"line":112,"column":4},"end":{"line":118,"column":5}},"46":{"start":{"line":113,"column":6},"end":{"line":113,"column":35}},"47":{"start":{"line":114,"column":6},"end":{"line":114,"column":32}},"48":{"start":{"line":115,"column":6},"end":{"line":115,"column":31}},"49":{"start":{"line":117,"column":6},"end":{"line":117,"column":59}},"50":{"start":{"line":121,"column":2},"end":{"line":128,"column":4}}},"fnMap":{"0":{"name":"useClickThrough","decl":{"start":{"line":38,"column":16},"end":{"line":38,"column":31}},"loc":{"start":{"line":39,"column":38},"end":{"line":129,"column":1}}},"1":{"name":"(anonymous_1)","decl":{"start":{"line":51,"column":12},"end":{"line":51,"column":15}},"loc":{"start":{"line":51,"column":17},"end":{"line":75,"column":3}}},"2":{"name":"(anonymous_2)","decl":{"start":{"line":52,"column":17},"end":{"line":52,"column":22}},"loc":{"start":{"line":52,"column":28},"end":{"line":66,"column":5}}},"3":{"name":"(anonymous_3)","decl":{"start":{"line":70,"column":11},"end":{"line":70,"column":14}},"loc":{"start":{"line":70,"column":16},"end":{"line":74,"column":5}}},"4":{"name":"(anonymous_4)","decl":{"start":{"line":78,"column":47},"end":{"line":78,"column":52}},"loc":{"start":{"line":78,"column":72},"end":{"line":95,"column":3}}},"5":{"name":"(anonymous_5)","decl":{"start":{"line":86,"column":39},"end":{"line":86,"column":44}},"loc":{"start":{"line":86,"column":50},"end":{"line":94,"column":5}}},"6":{"name":"(anonymous_6)","decl":{"start":{"line":98,"column":43},"end":{"line":98,"column":46}},"loc":{"start":{"line":98,"column":48},"end":{"line":101,"column":3}}},"7":{"name":"(anonymous_7)","decl":{"start":{"line":104,"column":43},"end":{"line":104,"column":46}},"loc":{"start":{"line":104,"column":48},"end":{"line":107,"column":3}}},"8":{"name":"(anonymous_8)","decl":{"start":{"line":110,"column":43},"end":{"line":110,"column":48}},"loc":{"start":{"line":110,"column":68},"end":{"line":119,"column":3}}}},"branchMap":{"0":{"loc":{"start":{"line":39,"column":2},"end":{"line":39,"column":38}},"type":"default-arg","locations":[{"start":{"line":39,"column":36},"end":{"line":39,"column":38}}]},"1":{"loc":{"start":{"line":41,"column":10},"end":{"line":41,"column":24}},"type":"default-arg","locations":[{"start":{"line":41,"column":20},"end":{"line":41,"column":24}}]},"2":{"loc":{"start":{"line":41,"column":26},"end":{"line":41,"column":41}},"type":"default-arg","locations":[{"start":{"line":41,"column":39},"end":{"line":41,"column":41}}]},"3":{"loc":{"start":{"line":56,"co
[...]
mn":5}}},"4":{"name":"(anonymous_4)","decl":{"start":{"line":44,"column":29},"end":{"line":44,"column":30}},"loc":{"start":{"line":44,"column":41},"end":{"line":46,"column":4}}},"5":{"name":"(anonymous_5)","decl":{"start":{"line":48,"column":16},"end":{"line":48,"column":17}},"loc":{"start":{"line":48,"column":39},"end":{"line":58,"column":5}}},"6":{"name":"(anonymous_6)","decl":{"start":{"line":48,"column":43},"end":{"line":48,"column":44}},"loc":{"start":{"line":48,"column":55},"end":{"line":58,"column":4}}},"7":{"name":"(anonymous_7)","decl":{"start":{"line":49,"column":43},"end":{"line":49,"column":44}},"loc":{"start":{"line":50,"column":6},"end":{"line":50,"column":50}}},"8":{"name":"(anonymous_8)","decl":{"start":{"line":52,"column":43},"end":{"line":52,"column":44}},"loc":{"start":{"line":53,"column":6},"end":{"line":53,"column":50}}},"9":{"name":"(anonymous_9)","decl":{"start":{"line":60,"column":16},"end":{"line":60,"column":17}},"loc":{"start":{"line":60,"column":30},"end":{"line":62,"column":5}}},"10":{"name":"(anonymous_10)","decl":{"start":{"line":60,"column":34},"end":{"line":60,"column":35}},"loc":{"start":{"line":60,"column":46},"end":{"line":62,"column":4}}},"11":{"name":"(anonymous_11)","decl":{"start":{"line":61,"column":46},"end":{"line":61,"column":47}},"loc":{"start":{"line":61,"column":53},"end":{"line":61,"column":70}}},"12":{"name":"(anonymous_12)","decl":{"start":{"line":64,"column":21},"end":{"line":64,"column":22}},"loc":{"start":{"line":64,"column":33},"end":{"line":64,"column":64}}},"13":{"name":"(anonymous_13)","decl":{"start":{"line":66,"column":14},"end":{"line":66,"column":15}},"loc":{"start":{"line":66,"column":27},"end":{"line":66,"column":54}}},"14":{"name":"(anonymous_14)","decl":{"start":{"line":68,"column":12},"end":{"line":68,"column":13}},"loc":{"start":{"line":68,"column":23},"end":{"line":68,"column":37}}},"15":{"name":"(anonymous_15)","decl":{"start":{"line":70,"column":9},"end":{"line":70,"column":12}},"loc":{"start":{"line":70,"column":15},"end":{"line":70,"column":32}}},"16":{"name":"(anonymous_16)","decl":{"start":{"line":74,"column":35},"end":{"line":74,"column":36}},"loc":{"start":{"line":74,"column":59},"end":{"line":74,"column":78}}},"17":{"name":"(anonymous_17)","decl":{"start":{"line":75,"column":35},"end":{"line":75,"column":36}},"loc":{"start":{"line":75,"column":59},"end":{"line":75,"column":78}}},"18":{"name":"(anonymous_18)","decl":{"start":{"line":76,"column":31},"end":{"line":76,"column":32}},"loc":{"start":{"line":76,"column":55},"end":{"line":76,"column":70}}},"19":{"name":"(anonymous_19)","decl":{"start":{"line":77,"column":27},"end":{"line":77,"column":28}},"loc":{"start":{"line":77,"column":51},"end":{"line":77,"column":62}}},"20":{"name":"(anonymous_20)","decl":{"start":{"line":78,"column":36},"end":{"line":78,"column":37}},"loc":{"start":{"line":78,"column":60},"end":{"line":78,"column":80}}}},"branchMap":{"0":{"loc":{"start":{"line":50,"column":6},"end":{"line":50,"column":50}},"type":"cond-expr","locations":[{"start":{"line":50,"column":26},"end":{"line":50,"column":46}},{"start":{"line":50,"column":49},"end":{"line":50,"column":50}}]},"1":{"loc":{"start":{"line":53,"column":6},"end":{"line":53,"column":50}},"type":"cond-expr","locations":[{"start":{"line":53,"column":26},"end":{"line":53,"column":46}},{"start":{"line":53,"column":49},"end":{"line":53,"column":50}}]},"2":{"loc":{"start":{"line":55,"column":20},"end":{"line":57,"column":28}},"type":"cond-expr","locations":[{"start":{"line":56,"column":8},"end":{"line":56,"column":47}},{"start":{"line":57,"column":8},"end":{"line":57,"column":28}}]}},"s":{"0":0,"1":0,"2":0,"3":0,"4":0,"5":0,"6":0,"7":0,"8":0,"9":0,"10":0,"11":0,"12":0,"13":0,"14":0,"15":0,"16":0,"17":0,"18":0,"19":0,"20":0,"21":0,"22":0,"23":0,"24":0,"25":0,"26":0,"27":0,"28":0,"29":0,"30":0,"31":0,"32":0,"33":0},"f":{"0":0,"1":0,"2":0,"3":0,"4":0,"5":0,"6":0,"7":0,"8":0,"9":0,"10":0,"11":0,"12":0,"13":0,"14":0,"15":0,"16":0,"17":0,"18":0,"19":0,"20":0},"b":{"0":[0,0],"1":[0,0],"2":[0,0]}}
,"/Users/sxlx/.gemini/antigravity/ZFrog/frontend/src/types/frogAnimation.ts": {"path":"/Users/sxlx/.gemini/antigravity/ZFrog/frontend/src/types/frogAnimation.ts","statementMap":{"0":{"start":{"line":1,"column":0},"end":{"line":1,"column":null}},"1":{"start":{"line":3,"column":2},"end":{"line":3,"column":null}},"2":{"start":{"line":4,"column":2},"end":{"line":4,"column":null}},"3":{"start":{"line":5,"column":2},"end":{"line":5,"column":null}},"4":{"start":{"line":6,"column":2},"end":{"line":6,"column":null}},"5":{"start":{"line":7,"column":2},"end":{"line":7,"column":null}},"6":{"start":{"line":10,"column":2},"end":{"line":10,"column":null}},"7":{"start":{"line":11,"column":2},"end":{"line":11,"column":null}},"8":{"start":{"line":12,"column":2},"end":{"line":12,"column":null}},"9":{"start":{"line":15,"column":2},"end":{"line":15,"column":null}},"10":{"start":{"line":16,"column":2},"end":{"line":16,"column":null}},"11":{"start":{"line":17,"column":2},"end":{"line":17,"column":null}},"12":{"start":{"line":18,"column":2},"end":{"line":18,"column":null}},"13":{"start":{"line":19,"column":2},"end":{"line":19,"column":null}},"14":{"start":{"line":20,"column":2},"end":{"line":20,"column":null}},"15":{"start":{"line":23,"column":2},"end":{"line":23,"column":null}},"16":{"start":{"line":24,"column":2},"end":{"line":24,"column":null}},"17":{"start":{"line":25,"column":2},"end":{"line":25,"column":null}},"18":{"start":{"line":26,"column":2},"end":{"line":26,"column":null}},"19":{"start":{"line":29,"column":0},"end":{"line":29,"column":null}},"20":{"start":{"line":30,"column":2},"end":{"line":30,"column":null}},"21":{"start":{"line":31,"column":2},"end":{"line":31,"column":null}},"22":{"start":{"line":32,"column":2},"end":{"line":32,"column":null}},"23":{"start":{"line":33,"column":2},"end":{"line":33,"column":null}},"24":{"start":{"line":34,"column":2},"end":{"line":34,"column":null}}},"fnMap":{"0":{"name":"(anonymous_0)","decl":{"start":{"line":1,"column":0},"end":{"line":1,"column":12}},"loc":{"start":{"line":1,"column":21},"end":{"line":27,"column":1}}},"1":{"name":"(anonymous_1)","decl":{"start":{"line":29,"column":0},"end":{"line":29,"column":12}},"loc":{"start":{"line":29,"column":20},"end":{"line":35,"column":1}}}},"branchMap":{"0":{"loc":{"start":{"line":1,"column":12},"end":{"line":1,"column":null}},"type":"binary-expr","locations":[{"start":{"line":1,"column":12},"end":{"line":1,"column":21}},{"start":{"line":1,"column":21},"end":{"line":1,"column":null}}]},"1":{"loc":{"start":{"line":29,"column":12},"end":{"line":29,"column":null}},"type":"binary-expr","locations":[{"start":{"line":29,"column":12},"end":{"line":29,"column":20}},{"start":{"line":29,"column":20},"end":{"line":29,"column":null}}]}},"s":{"0":0,"1":0,"2":0,"3":0,"4":0,"5":0,"6":0,"7":0,"8":0,"9":0,"10":0,"11":0,"12":0,"13":0,"14":0,"15":0,"16":0,"17":0,"18":0,"19":0,"20":0,"21":0,"22":0,"23":0,"24":0},"f":{"0":0,"1":0},"b":{"0":[0,0],"1":[0,0]}}
,"/Users/sxlx/.gemini/antigravity/ZFrog/frontend/src/types/garden.ts": {"path":"/Users/sxlx/.gemini/antigravity/ZFrog/frontend/src/types/garden.ts","statementMap":{"0":{"start":{"line":144,"column":0},"end":{"line":144,"column":16}},"1":{"start":{"line":45,"column":13},"end":{"line":52,"column":11}},"2":{"start":{"line":68,"column":13},"end":{"line":72,"column":2}},"3":{"start":{"line":85,"column":13},"end":{"line":89,"column":2}},"4":{"start":{"line":106,"column":13},"end":{"line":111,"column":11}},"5":{"start":{"line":136,"column":13},"end":{"line":142,"column":2}},"6":{"start":{"line":145,"column":2},"end":{"line":145,"column":92}},"7":{"start":{"line":145,"column":37},"end":{"line":145,"column":66}}},"fnMap":{"0":{"name":"getFriendshipLevel","decl":{"start":{"line":144,"column":16},"end":{"line":144,"column":34}},"loc":{"start":{"line":144,"column":45},"end":{"line":146,"column":1}}},"1":{"name":"(anonymous_1)","decl":{"start":{"line":145,"column":32},"end":{"line":145,"column":33}},"loc":{"start":{"line":145,"column":37},"end":{"line":145,"column":66}}}},"branchMap":{"0":{"loc":{"start":{"line":145,"column":9},"end":{"line":145,"column":91}},"type":"binary-expr","locations":[{"start":{"line":145,"column":9},"end":{"line":145,"column":67}},{"start":{"line":145,"column":71},"end":{"line":145,"column":91}}]},"1":{"loc":{"start":{"line":145,"column":37},"end":{"line":145,"column":66}},"type":"binary-expr","locations":[{"start":{"line":145,"column":37},"end":{"line":145,"column":50}},{"start":{"line":145,"column":54},"end":{"line":145,"column":66}}]}},"s":{"0":0,"1":0,"2":0,"3":0,"4":0,"5":0,"6":0,"7":0},"f":{"0":0,"1":0},"b":{"0":[0,0],"1":[0,0]}}
,"/Users/sxlx/.gemini/antigravity/ZFrog/frontend/src/types/index.ts": {"path":"/Users/sxlx/.gemini/antigravity/ZFrog/frontend/src/types/index.ts","statementMap":{"0":{"start":{"line":3,"column":0},"end":{"line":3,"column":null}},"1":{"start":{"line":4,"column":2},"end":{"line":4,"column":null}},"2":{"start":{"line":5,"column":2},"end":{"line":5,"column":null}},"3":{"start":{"line":6,"column":2},"end":{"line":6,"column":null}},"4":{"start":{"line":7,"column":2},"end":{"line":7,"column":null}},"5":{"start":{"line":10,"column":0},"end":{"line":10,"column":null}},"6":{"start":{"line":11,"column":2},"end":{"line":11,"column":null}},"7":{"start":{"line":12,"column":2},"end":{"line":12,"column":null}},"8":{"start":{"line":13,"column":2},"end":{"line":13,"column":null}},"9":{"start":{"line":14,"column":2},"end":{"line":14,"column":null}},"10":{"start":{"line":15,"column":2},"end":{"line":15,"column":null}},"11":{"start":{"line":18,"column":0},"end":{"line":18,"column":null}},"12":{"start":{"line":19,"column":2},"end":{"line":19,"column":null}},"13":{"start":{"line":20,"column":2},"end":{"line":20,"column":null}},"14":{"start":{"line":21,"column":2},"end":{"line":21,"column":null}},"15":{"start":{"line":22,"column":2},"end":{"line":22,"column":null}},"16":{"start":{"line":23,"column":2},"end":{"line":23,"column":null}}},"fnMap":{"0":{"name":"(anonymous_0)","decl":{"start":{"line":3,"column":0},"end":{"line":3,"column":12}},"loc":{"start":{"line":3,"column":23},"end":{"line":8,"column":1}}},"1":{"name":"(anonymous_1)","decl":{"start":{"line":10,"column":0},"end":{"line":10,"column":12}},"loc":{"start":{"line":10,"column":23},"end":{"line":16,"column":1}}},"2":{"name":"(anonymous_2)","decl":{"start":{"line":18,"column":0},"end":{"line":18,"column":12}},"loc":{"start":{"line":18,"column":21},"end":{"line":24,"column":1}}}},"branchMap":{"0":{"loc":{"start":{"line":3,"column":12},"end":{"line":3,"column":null}},"type":"binary-expr","locations":[{"start":{"line":3,"column":12},"end":{"line":3,"column":23}},{"start":{"line":3,"column":23},"end":{"line":3,"column":null}}]},"1":{"loc":{"start":{"line":10,"column":12},"end":{"line":10,"column":null}},"type":"binary-expr","locations":[{"start":{"line":10,"column":12},"end":{"line":10,"column":23}},{"start":{"line":10,"column":23},"end":{"line":10,"column":null}}]},"2":{"loc":{"start":{"line":18,"column":12},"end":{"line":18,"column":null}},"type":"binary-expr","locations":[{"start":{"line":18,"column":12},"end":{"line":18,"column":21}},{"start":{"line":18,"column":21},"end":{"line":18,"column":null}}]}},"s":{"0":0,"1":0,"2":0,"3":0,"4":0,"5":0,"6":0,"7":0,"8":0,"9":0,"10":0,"11":0,"12":0,"13":0,"14":0,"15":0,"16":0},"f":{"0":0,"1":0,"2":0},"b":{"0":[0,0],"1":[0,0],"2":[0,0]}}
,"/Users/sxlx/.gemini/antigravity/ZFrog/frontend/src/utils/PetManager.ts": {"path":"/Users/sxlx/.gemini/antigravity/ZFrog/frontend/src/utils/PetManager.ts","statementMap":{"0":{"start":{"line":1,"column":0},"end":{"line":1,"column":46}},"1":{"start":{"line":2,"column":0},"end":{"line":2,"column":58}},"2":{"start":{"line":10,"column":8},"end":{"line":14,"column":9}},"3":{"start":{"line":11,"column":12},"end":{"line":11,"column":53}},"4":{"start":{"line":13,"column":12},"end":{"line":13,"column":62}},"5":{"start":{"line":21,"column":8},"end":{"line":25,"column":9}},"6":{"start":{"line":22,"column":12},"end":{"line":22,"column":42}},"7":{"start":{"line":24,"column":12},"end":{"line":24,"column":61}},"8":{"start":{"line":33,"column":8},"end":{"line":37,"column":9}},"9":{"start":{"line":34,"column":12},"end":{"line":34,"column":43}},"10":{"start":{"line":36,"column":12},"end":{"line":36,"column":58}},"11":{"start":{"line":4,"column":0},"end":{"line":4,"column":13}}},"fnMap":{"0":{"name":"(anonymous_0)","decl":{"start":{"line":9,"column":4},"end":{"line":9,"column":10}},"loc":{"start":{"line":9,"column":30},"end":{"line":15,"column":5}}},"1":{"name":"(anonymous_1)","decl":{"start":{"line":20,"column":4},"end":{"line":20,"column":10}},"loc":{"start":{"line":20,"column":28},"end":{"line":26,"column":5}}},"2":{"name":"(anonymous_2)","decl":{"start":{"line":32,"column":4},"end":{"line":32,"column":10}},"loc":{"start":{"line":32,"column":26},"end":{"line":38,"column":5}}}},"branchMap":{},"s":{"0":0,"1":0,"2":0,"3":0,"4":0,"5":0,"6":0,"7":0,"8":0,"9":0,"10":0,"11":0},"f":{"0":0,"1":0,"2":0},"b":{}}
,"/Users/sxlx/.gemini/antigravity/ZFrog/frontend/src/utils/tauriNative.ts": {"path":"/Users/sxlx/.gemini/antigravity/ZFrog/frontend/src/utils/tauriNative.ts","statementMap":{"0":{"start":{"line":7,"column":0},"end":{"line":7,"column":16}},"1":{"start":{"line":17,"column":0},"end":{"line":17,"column":7}},"2":{"start":{"line":42,"column":0},"end":{"line":42,"column":7}},"3":{"start":{"line":59,"column":0},"end":{"line":59,"column":7}},"4":{"start":{"line":77,"column":0},"end":{"line":77,"column":7}},"5":{"start":{"line":8,"column":2},"end":{"line":8,"column":64}},"6":{"start":{"line":21,"column":2},"end":{"line":24,"column":3}},"7":{"start":{"line":22,"column":4},"end":{"line":22,"column":74}},"8":{"start":{"line":23,"column":4},"end":{"line":23,"column":11}},"9":{"start":{"line":26,"column":2},"end":{"line":36,"column":3}},"10":{"start":{"line":27,"column":23},"end":{"line":27,"column":59}},"11":{"start":{"line":28,"column":4},"end":{"line":31,"column":7}},"12":{"start":{"line":32,"column":4},"end":{"line":32,"column":69}},"13":{"start":{"line":34,"column":4},"end":{"line":34,"column":57}},"14":{"start":{"line":35,"column":4},"end":{"line":35,"column":16}},"15":{"start":{"line":43,"column":2},"end":{"line":45,"column":3}},"16":{"start":{"line":44,"column":4},"end":{"line":44,"column":17}},"17":{"start":{"line":47,"column":2},"end":{"line":53,"column":3}},"18":{"start":{"line":48,"column":23},"end":{"line":48,"column":59}},"19":{"start":{"line":49,"column":4},"end":{"line":49,"column":63}},"20":{"start":{"line":51,"column":4},"end":{"line":51,"column":67}},"21":{"start":{"line":52,"column":4},"end":{"line":52,"column":17}},"22":{"start":{"line":60,"column":2},"end":{"line":63,"column":3}},"23":{"start":{"line":61,"column":4},"end":{"line":61,"column":45}},"24":{"start":{"line":62,"column":4},"end":{"line":62,"column":11}},"25":{"start":{"line":65,"column":2},"end":{"line":71,"column":3}},"26":{"start":{"line":66,"column":23},"end":{"line":66,"column":59}},"27":{"start":{"line":67,"column":4},"end":{"line":67,"column":34}},"28":{"start":{"line":69,"column":4},"end":{"line":69,"column":53}},"29":{"start":{"line":70,"column":4},"end":{"line":70,"column":16}},"30":{"start":{"line":78,"column":2},"end":{"line":80,"column":3}},"31":{"start":{"line":79,"column":4},"end":{"line":79,"column":11}},"32":{"start":{"line":82,"column":2},"end":{"line":87,"column":3}},"33":{"start":{"line":83,"column":23},"end":{"line":83,"column":59}},"34":{"start":{"line":84,"column":4},"end":{"line":84,"column":35}},"35":{"start":{"line":86,"column":4},"end":{"line":86,"column":54}}},"fnMap":{"0":{"name":"isTauriEnvironment","decl":{"start":{"line":7,"column":16},"end":{"line":7,"column":34}},"loc":{"start":{"line":7,"column":34},"end":{"line":9,"column":1}}},"1":{"name":"setClickThrough","decl":{"start":{"line":17,"column":22},"end":{"line":17,"column":37}},"loc":{"start":{"line":19,"column":22},"end":{"line":37,"column":1}}},"2":{"name":"(anonymous_11)","decl":{"start":{"line":27,"column":23},"end":{"line":27,"column":36}},"loc":{"start":{"line":27,"column":23},"end":{"line":27,"column":59}}},"3":{"name":"checkClickThroughSupport","decl":{"start":{"line":42,"column":22},"end":{"line":42,"column":46}},"loc":{"start":{"line":42,"column":46},"end":{"line":54,"column":1}}},"4":{"name":"(anonymous_13)","decl":{"start":{"line":48,"column":23},"end":{"line":48,"column":36}},"loc":{"start":{"line":48,"column":23},"end":{"line":48,"column":59}}},"5":{"name":"spawnNewPet","decl":{"start":{"line":59,"column":22},"end":{"line":59,"column":33}},"loc":{"start":{"line":59,"column":33},"end":{"line":72,"column":1}}},"6":{"name":"(anonymous_15)","decl":{"start":{"line":66,"column":23},"end":{"line":66,"column":36}},"loc":{"start":{"line":66,"column":23},"end":{"line":66,"column":59}}},"7":{"name":"saveAppState","decl":{"start":{"line":77,"column":22},"end":{"line":77,"column":34}},"loc":{"start":{"line":77,"column":34},"end":{"line":88,"column":1}}},"8":{"name":"(anonymous_17)","decl":{"start":{"line":83,"column":23},"end":{"line":83,"column":36}},"loc":{"start":{"line":83,"column":23},"end":{"line":83,"column":59}}}},"branchMap":{"0":{"loc":{"start":{"line":8,"column":9},"end":{"line":8,"column":63}},"type":"binary-expr","locations":[{"start":{"line":8,"column":9},"end":{"line":8,"column":38}},{"start":{"line":8,"column":42},"end":{"line":8,"column":63}}]},"1":{"loc":{"start":{"line":21,"column":2},"end":{"line":24,"column":3}},"type":"if","locations":[{"start":{"line":21,"column":2},"end":{"line":24,"column":3}}]},"2":{"loc":{"start":{"line":29,"column":19},"end":{"line":29,"column":38}},"type":"binary-expr","locations":[{"start":{"line":29,"column":19},"end":{"line":29,"column":30}},{"start":{"line":29,"column":34},"end":{"line":29,"column":38}}]},"3":{"loc":{"start":{"line":32,"column":33},"end":{"line":32,"column":65}},"type":"cond-expr","locations":[{"start":{"line":32,"column":43},"end":{"line":32,"column":52}},{"start":{"line":32,"column":55},"end":{"line":32,"column":65}}]},"4":{"loc":{"start":{"line":43,"column":2},"end":{"line":45,"column":3}},"type":"if","locations":[{"start":{"line":43,"column":2},"end":{"line":45,"column":3}}]},"5":{"loc":{"start":{"line":60,"column":2},"end":{"line":63,"column":3}},"type":"if","locations":[{"start":{"line":60,"column":2},"end":{"line":63,"column":3}}]},"6":{"loc":{"start":{"line":78,"column":2},"end":{"line":80,"column":3}},"type":"if","locations":[{"start":{"line":78,"column":2},"end":{"line":80,"column":3}}]}},"s":{"0":0,"1":0,"2":0,"3":0,"4":0,"5":0,"6":0,"7":0,"8":0,"9":0,"10":0,"11":0,"12":0,"13":0,"14":0,"15":0,"16":0,"17":0,"18":0,"19":0,"20":0,"21":0,"22":0,"23":0,"24":0,"25":0,"26":0,"27":0,"28":0,"29":0,"30":0,"31":0,"32":0,"33":0,"34":0,"35":0},"f":{"0":0,"1":0,"2":0,"3":0,"4":0,"5":0,"6":0,"7":0,"8":0},"b":{"0":[0,0],"1":[0],"2":[0,0],"3":[0,0],"4":[0],"5":[0],"6":[0]}}
,"/Users/sxlx/.gemini/antigravity/ZFrog/frontend/src/utils/webVitals.ts": {"path":"/Users/sxlx/.gemini/antigravity/ZFrog/frontend/src/utils/webVitals.ts","statementMap":{"0":{"start":{"line":27,"column":0},"end":{"line":27,"column":16}},"1":{"start":{"line":37,"column":0},"end":{"line":37,"column":16}},"2":{"start":{"line":31,"column":2},"end":{"line":31,"column":80}},"3":{"start":{"line":38,"column":4},"end":{"line":38,"column":14}}},"fnMap":{"0":{"name":"initWebVitals","decl":{"start":{"line":27,"column":16},"end":{"line":27,"column":29}},"loc":{"start":{"line":29,"column":25},"end":{"line":35,"column":1}}},"1":{"name":"getPerformanceSummary","decl":{"start":{"line":37,"column":16},"end":{"line":37,"column":37}},"loc":{"start":{"line":37,"column":37},"end":{"line":39,"column":1}}}},"branchMap":{"0":{"loc":{"start":{"line":29,"column":2},"end":{"line":29,"column":25}},"type":"default-arg","locations":[{"start":{"line":29,"column":20},"end":{"line":29,"column":25}}]}},"s":{"0":0,"1":0,"2":0,"3":0},"f":{"0":0,"1":0},"b":{"0":[0]}}
}
