TN:
SF:src/components/breed/index.ts
FN:5,(anonymous_1)
FN:6,(anonymous_2)
FNF:2
FNH:0
FNDA:0,(anonymous_1)
FNDA:0,(anonymous_2)
DA:5,0
DA:6,0
LF:2
LH:0
BRF:0
BRH:0
end_of_record
TN:
SF:src/components/friend-float/index.ts
FN:1,(anonymous_0)
FN:2,(anonymous_1)
FN:3,(anonymous_2)
FN:4,(anonymous_3)
FN:5,(anonymous_4)
FN:6,(anonymous_5)
FN:7,(anonymous_6)
FNF:7
FNH:0
FNDA:0,(anonymous_0)
FNDA:0,(anonymous_1)
FNDA:0,(anonymous_2)
FNDA:0,(anonymous_3)
FNDA:0,(anonymous_4)
FNDA:0,(anonymous_5)
FNDA:0,(anonymous_6)
DA:1,0
DA:2,0
DA:3,0
DA:4,0
DA:5,0
DA:6,0
DA:7,0
LF:7
LH:0
BRF:0
BRH:0
end_of_record
TN:
SF:src/components/friend-float/hooks/index.ts
FN:1,(anonymous_0)
FN:2,(anonymous_1)
FN:3,(anonymous_2)
FN:4,(anonymous_3)
FN:4,(anonymous_4)
FN:5,(anonymous_5)
FN:5,(anonymous_6)
FNF:7
FNH:0
FNDA:0,(anonymous_0)
FNDA:0,(anonymous_1)
FNDA:0,(anonymous_2)
FNDA:0,(anonymous_3)
FNDA:0,(anonymous_4)
FNDA:0,(anonymous_5)
FNDA:0,(anonymous_6)
DA:1,0
DA:2,0
DA:3,0
DA:4,0
DA:5,0
LF:5
LH:0
BRF:0
BRH:0
end_of_record
TN:
SF:src/components/friend-float/hooks/useDragAndDock.ts
FN:21,useDragAndDock
FN:36,(anonymous_1)
FN:82,(anonymous_2)
FN:105,(anonymous_3)
FN:114,(anonymous_4)
FN:126,(anonymous_5)
FN:133,(anonymous_6)
FN:141,(anonymous_7)
FNF:8
FNH:0
FNDA:0,useDragAndDock
FNDA:0,(anonymous_1)
FNDA:0,(anonymous_2)
FNDA:0,(anonymous_3)
FNDA:0,(anonymous_4)
FNDA:0,(anonymous_5)
FNDA:0,(anonymous_6)
FNDA:0,(anonymous_7)
DA:1,0
DA:21,0
DA:28,0
DA:29,0
DA:30,0
DA:31,0
DA:33,0
DA:34,0
DA:36,0
DA:40,0
DA:43,0
DA:44,0
DA:45,0
DA:46,0
DA:49,0
DA:54,0
DA:55,0
DA:56,0
DA:57,0
DA:58,0
DA:59,0
DA:60,0
DA:61,0
DA:62,0
DA:63,0
DA:64,0
DA:65,0
DA:68,0
DA:69,0
DA:70,0
DA:72,0
DA:77,0
DA:79,0
DA:82,0
DA:83,0
DA:85,0
DA:88,0
DA:89,0
DA:90,0
DA:91,0
DA:92,0
DA:93,0
DA:95,0
DA:96,0
DA:98,0
DA:101,0
DA:102,0
DA:105,0
DA:106,0
DA:107,0
DA:108,0
DA:111,0
DA:114,0
DA:115,0
DA:117,0
DA:118,0
DA:119,0
DA:122,0
DA:126,0
DA:127,0
DA:129,0
DA:130,0
DA:131,0
DA:133,0
DA:134,0
DA:135,0
DA:136,0
DA:141,0
DA:142,0
DA:143,0
DA:146,0
LF:71
LH:0
BRDA:24,0,0,0
BRDA:26,1,0,0
BRDA:54,2,0,0
BRDA:54,2,1,0
BRDA:54,3,0,0
BRDA:54,3,1,0
BRDA:57,4,0,0
BRDA:57,4,1,0
BRDA:57,5,0,0
BRDA:57,5,1,0
BRDA:60,6,0,0
BRDA:60,6,1,0
BRDA:60,7,0,0
BRDA:60,7,1,0
BRDA:63,8,0,0
BRDA:63,8,1,0
BRDA:63,9,0,0
BRDA:63,9,1,0
BRDA:69,10,0,0
BRDA:69,10,1,0
BRDA:69,11,0,0
BRDA:69,11,1,0
BRDA:83,12,0,0
BRDA:95,13,0,0
BRDA:95,13,1,0
BRDA:115,14,0,0
BRDA:127,15,0,0
BRF:27
BRH:0
end_of_record
TN:
SF:src/components/friend-float/hooks/useKeyboardShortcuts.ts
FN:22,useKeyboardShortcuts
FN:32,(anonymous_1)
FN:88,(anonymous_2)
FN:90,(anonymous_3)
FNF:4
FNH:0
FNDA:0,useKeyboardShortcuts
FNDA:0,(anonymous_1)
FNDA:0,(anonymous_2)
FNDA:0,(anonymous_3)
DA:1,0
DA:22,0
DA:32,0
DA:33,0
DA:36,0
DA:37,0
DA:38,0
DA:39,0
DA:43,0
DA:44,0
DA:45,0
DA:46,0
DA:48,0
DA:52,0
DA:53,0
DA:54,0
DA:55,0
DA:59,0
DA:60,0
DA:61,0
DA:62,0
DA:66,0
DA:67,0
DA:69,0
DA:70,0
DA:71,0
DA:73,0
DA:74,0
DA:75,0
DA:77,0
DA:78,0
DA:79,0
DA:81,0
DA:82,0
DA:83,0
DA:88,0
DA:89,0
DA:90,0
LF:38
LH:0
BRDA:29,0,0,0
BRDA:33,1,0,0
BRDA:36,2,0,0
BRDA:36,3,0,0
BRDA:36,3,1,0
BRDA:36,3,2,0
BRDA:43,4,0,0
BRDA:43,5,0,0
BRDA:43,5,1,0
BRDA:43,5,2,0
BRDA:45,6,0,0
BRDA:52,7,0,0
BRDA:52,8,0,0
BRDA:52,8,1,0
BRDA:52,8,2,0
BRDA:59,9,0,0
BRDA:59,10,0,0
BRDA:59,10,1,0
BRDA:66,11,0,0
BRDA:66,12,0,0
BRDA:66,12,1,0
BRDA:66,12,2,0
BRDA:66,12,3,0
BRDA:67,13,0,0
BRDA:67,13,1,0
BRDA:67,13,2,0
BRDA:67,13,3,0
BRF:27
BRH:0
end_of_record
TN:
SF:src/components/friend-float/hooks/usePanelPosition.ts
FN:19,usePanelPosition
FN:50,getNewDockPosition
FNF:2
FNH:0
FNDA:0,usePanelPosition
FNDA:0,getNewDockPosition
DA:19,0
DA:24,0
DA:26,0
DA:27,0
DA:36,0
DA:50,0
DA:54,0
DA:60,0
LF:8
LH:0
BRDA:26,0,0,0
BRDA:26,0,1,0
BRDA:26,1,0,0
BRDA:26,1,1,0
BRDA:60,2,0,0
BRDA:60,2,1,0
BRF:6
BRH:0
end_of_record
TN:
SF:src/components/friend-float/hooks/useResizable.ts
FN:23,useResizable
FN:41,(anonymous_1)
FN:48,(anonymous_2)
FN:81,(anonymous_3)
FN:86,(anonymous_4)
FN:102,(anonymous_5)
FN:109,(anonymous_6)
FN:117,(anonymous_7)
FNF:8
FNH:0
FNDA:0,useResizable
FNDA:0,(anonymous_1)
FNDA:0,(anonymous_2)
FNDA:0,(anonymous_3)
FNDA:0,(anonymous_4)
FNDA:0,(anonymous_5)
FNDA:0,(anonymous_6)
FNDA:0,(anonymous_7)
DA:1,0
DA:23,0
DA:31,0
DA:32,0
DA:34,0
DA:41,0
DA:42,0
DA:48,0
DA:49,0
DA:51,0
DA:52,0
DA:54,0
DA:55,0
DA:58,0
DA:60,0
DA:61,0
DA:62,0
DA:64,0
DA:65,0
DA:66,0
DA:68,0
DA:69,0
DA:70,0
DA:72,0
DA:73,0
DA:74,0
DA:77,0
DA:78,0
DA:81,0
DA:82,0
DA:83,0
DA:86,0
DA:87,0
DA:89,0
DA:90,0
DA:91,0
DA:98,0
DA:102,0
DA:103,0
DA:105,0
DA:106,0
DA:107,0
DA:109,0
DA:110,0
DA:111,0
DA:112,0
DA:117,0
DA:118,0
DA:121,0
LF:49
LH:0
BRDA:29,0,0,0
BRDA:49,1,0,0
BRDA:58,2,0,0
BRDA:58,2,1,0
BRDA:58,2,2,0
BRDA:58,2,3,0
BRDA:87,3,0,0
BRDA:103,4,0,0
BRF:8
BRH:0
end_of_record
TN:
SF:src/components/friend-float/hooks/useTouchInteraction.ts
FN:28,useTouchInteraction
FN:42,(anonymous_1)
FN:50,(anonymous_2)
FN:58,(anonymous_3)
FN:66,(anonymous_4)
FN:81,(anonymous_5)
FN:95,(anonymous_6)
FN:100,(anonymous_7)
FN:101,(anonymous_8)
FN:122,useIsTouchDevice
FN:125,(anonymous_10)
FN:126,(anonymous_11)
FN:133,(anonymous_12)
FNF:13
FNH:0
FNDA:0,useTouchInteraction
FNDA:0,(anonymous_1)
FNDA:0,(anonymous_2)
FNDA:0,(anonymous_3)
FNDA:0,(anonymous_4)
FNDA:0,(anonymous_5)
FNDA:0,(anonymous_6)
FNDA:0,(anonymous_7)
FNDA:0,(anonymous_8)
FNDA:0,useIsTouchDevice
FNDA:0,(anonymous_10)
FNDA:0,(anonymous_11)
FNDA:0,(anonymous_12)
DA:1,0
DA:28,0
DA:35,0
DA:37,0
DA:38,0
DA:39,0
DA:40,0
DA:42,0
DA:43,0
DA:44,0
DA:45,0
DA:47,0
DA:50,0
DA:51,0
DA:53,0
DA:54,0
DA:55,0
DA:58,0
DA:59,0
DA:60,0
DA:61,0
DA:66,0
DA:67,0
DA:69,0
DA:72,0
DA:73,0
DA:74,0
DA:75,0
DA:77,0
DA:81,0
DA:82,0
DA:84,0
DA:85,0
DA:86,0
DA:89,0
DA:90,0
DA:91,0
DA:95,0
DA:96,0
DA:100,0
DA:101,0
DA:102,0
DA:103,0
DA:108,0
DA:122,0
DA:123,0
DA:125,0
DA:126,0
DA:127,0
DA:132,0
DA:133,0
DA:136,0
LF:52
LH:0
BRDA:31,0,0,0
BRDA:32,1,0,0
BRDA:33,2,0,0
BRDA:43,3,0,0
BRDA:51,4,0,0
BRDA:59,5,0,0
BRDA:69,6,0,0
BRDA:69,7,0,0
BRDA:69,7,1,0
BRDA:73,8,0,0
BRDA:73,8,1,0
BRDA:82,9,0,0
BRDA:89,10,0,0
BRDA:89,11,0,0
BRDA:89,11,1,0
BRDA:102,12,0,0
BRDA:128,13,0,0
BRDA:128,13,1,0
BRF:18
BRH:0
end_of_record
TN:
SF:src/components/frog/appearance/index.ts
FN:7,(anonymous_0)
FN:10,(anonymous_1)
FN:13,(anonymous_2)
FN:16,(anonymous_3)
FNF:4
FNH:0
FNDA:0,(anonymous_0)
FNDA:0,(anonymous_1)
FNDA:0,(anonymous_2)
FNDA:0,(anonymous_3)
DA:7,0
DA:10,0
DA:13,0
DA:16,0
LF:4
LH:0
BRF:0
BRH:0
end_of_record
TN:
SF:src/components/home/index.ts
FN:2,(anonymous_0)
FN:3,(anonymous_1)
FN:4,(anonymous_2)
FN:5,(anonymous_3)
FN:6,(anonymous_4)
FNF:5
FNH:0
FNDA:0,(anonymous_0)
FNDA:0,(anonymous_1)
FNDA:0,(anonymous_2)
FNDA:0,(anonymous_3)
FNDA:0,(anonymous_4)
DA:2,0
DA:3,0
DA:4,0
DA:5,0
DA:6,0
LF:5
LH:0
BRF:0
BRH:0
end_of_record
TN:
SF:src/components/message/index.ts
FN:5,(anonymous_0)
FN:6,(anonymous_1)
FNF:2
FNH:0
FNDA:0,(anonymous_0)
FNDA:0,(anonymous_1)
DA:5,0
DA:6,0
LF:2
LH:0
BRF:0
BRH:0
end_of_record
TN:
SF:src/components/notification/index.ts
FN:5,(anonymous_0)
FN:6,(anonymous_1)
FNF:2
FNH:0
FNDA:0,(anonymous_0)
FNDA:0,(anonymous_1)
DA:5,0
DA:6,0
LF:2
LH:0
BRF:0
BRH:0
end_of_record
TN:
SF:src/config/animations.ts
FNF:0
FNH:0
DA:1,0
DA:3,0
DA:288,0
DA:348,0
LF:4
LH:0
BRF:0
BRH:0
end_of_record
TN:
SF:src/config/chainBackgrounds.ts
FN:45,getChainBackground
FNF:1
FNH:0
FNDA:0,getChainBackground
DA:7,0
DA:45,0
DA:46,0
DA:47,0
DA:55,0
LF:5
LH:0
BRDA:47,0,0,0
BRDA:47,0,1,0
BRF:2
BRH:0
end_of_record
TN:
SF:src/config/chains.ts
FNF:0
FNH:0
DA:1,0
DA:4,0
DA:30,0
DA:56,0
DA:82,0
DA:108,0
DA:111,0
LF:7
LH:0
BRDA:14,0,0,0
BRDA:14,0,1,0
BRF:2
BRH:0
end_of_record
TN:
SF:src/config/contracts.ts
FN:4,(anonymous_0)
FNF:1
FNH:0
FNDA:0,(anonymous_0)
DA:4,0
DA:5,0
DA:6,0
DA:8,0
DA:9,0
DA:12,0
DA:13,0
DA:14,0
DA:17,0
DA:18,0
DA:19,0
DA:23,0
DA:171,0
DA:250,0
DA:281,0
DA:334,0
DA:343,0
DA:352,0
LF:18
LH:0
BRDA:5,0,0,0
BRDA:6,1,0,0
BRDA:8,2,0,0
BRDA:12,3,0,0
BRDA:12,3,1,0
BRDA:17,4,0,0
BRDA:17,4,1,0
BRF:7
BRH:0
end_of_record
TN:
SF:src/config/landmarks.ts
FNF:0
FNH:0
DA:6,0
LF:1
LH:0
BRF:0
BRH:0
end_of_record
TN:
SF:src/config/wagmi.ts
FNF:0
FNH:0
DA:1,0
DA:2,0
DA:3,0
DA:5,0
DA:7,0
DA:8,0
DA:12,0
DA:20,0
LF:8
LH:0
BRDA:7,0,0,0
BRDA:13,1,0,0
BRDA:13,1,1,0
BRDA:14,2,0,0
BRDA:14,2,1,0
BRDA:15,3,0,0
BRDA:15,3,1,0
BRDA:16,4,0,0
BRDA:16,4,1,0
BRF:9
BRH:0
end_of_record
TN:
SF:src/config/web3modal.ts
FNF:0
FNH:0
DA:1,0
DA:2,0
DA:3,0
DA:5,0
DA:8,0
LF:5
LH:0
BRF:0
BRH:0
end_of_record
TN:
SF:src/hooks/useChainMonitor.ts
FN:32,(anonymous_0)
FN:50,(anonymous_1)
FN:64,(anonymous_2)
FN:69,(anonymous_3)
FN:74,useChainMonitor
FN:88,(anonymous_5)
FN:90,(anonymous_6)
FN:91,(anonymous_7)
FN:94,(anonymous_8)
FN:102,(anonymous_9)
FN:117,(anonymous_10)
FN:127,(anonymous_11)
FN:132,(anonymous_12)
FN:147,(anonymous_13)
FN:150,(anonymous_14)
FN:157,(anonymous_15)
FN:158,(anonymous_16)
FN:166,(anonymous_17)
FN:169,(anonymous_18)
FN:180,(anonymous_19)
FN:188,(anonymous_20)
FN:195,(anonymous_21)
FN:196,(anonymous_22)
FN:205,(anonymous_23)
FN:208,(anonymous_24)
FN:218,(anonymous_25)
FN:223,(anonymous_26)
FN:234,getTokenPrice
FN:249,getCoingeckoId
FN:258,isKnownDex
FNF:30
FNH:0
FNDA:0,(anonymous_0)
FNDA:0,(anonymous_1)
FNDA:0,(anonymous_2)
FNDA:0,(anonymous_3)
FNDA:0,useChainMonitor
FNDA:0,(anonymous_5)
FNDA:0,(anonymous_6)
FNDA:0,(anonymous_7)
FNDA:0,(anonymous_8)
FNDA:0,(anonymous_9)
FNDA:0,(anonymous_10)
FNDA:0,(anonymous_11)
FNDA:0,(anonymous_12)
FNDA:0,(anonymous_13)
FNDA:0,(anonymous_14)
FNDA:0,(anonymous_15)
FNDA:0,(anonymous_16)
FNDA:0,(anonymous_17)
FNDA:0,(anonymous_18)
FNDA:0,(anonymous_19)
FNDA:0,(anonymous_20)
FNDA:0,(anonymous_21)
FNDA:0,(anonymous_22)
FNDA:0,(anonymous_23)
FNDA:0,(anonymous_24)
FNDA:0,(anonymous_25)
FNDA:0,(anonymous_26)
FNDA:0,getTokenPrice
FNDA:0,getCoingeckoId
FNDA:0,isKnownDex
DA:1,0
DA:9,0
DA:30,0
DA:33,0
DA:34,0
DA:35,0
DA:36,0
DA:38,0
DA:51,0
DA:52,0
DA:54,0
DA:65,0
DA:70,0
DA:74,0
DA:75,0
DA:84,0
DA:85,0
DA:88,0
DA:90,0
DA:91,0
DA:94,0
DA:95,0
DA:96,0
DA:102,0
DA:103,0
DA:105,0
DA:107,0
DA:108,0
DA:111,0
DA:112,0
DA:115,0
DA:116,0
DA:117,0
DA:122,0
DA:127,0
DA:128,0
DA:129,0
DA:131,0
DA:132,0
DA:134,0
DA:142,0
DA:147,0
DA:148,0
DA:149,0
DA:150,0
DA:152,0
DA:157,0
DA:158,0
DA:166,0
DA:167,0
DA:169,0
DA:170,0
DA:171,0
DA:172,0
DA:176,0
DA:177,0
DA:178,0
DA:180,0
DA:181,0
DA:182,0
DA:188,0
DA:189,0
DA:190,0
DA:191,0
DA:195,0
DA:196,0
DA:205,0
DA:206,0
DA:208,0
DA:209,0
DA:211,0
DA:213,0
DA:214,0
DA:216,0
DA:217,0
DA:218,0
DA:223,0
DA:226,0
DA:235,0
DA:237,0
DA:243,0
DA:245,0
DA:250,0
DA:255,0
DA:259,0
DA:260,0
DA:265,0
LF:87
LH:0
BRDA:52,0,0,0
BRDA:52,0,1,0
BRDA:95,1,0,0
BRDA:107,2,0,0
BRDA:111,3,0,0
BRDA:115,4,0,0
BRDA:131,5,0,0
BRDA:167,6,0,0
BRDA:181,7,0,0
BRDA:206,8,0,0
BRDA:211,9,0,0
BRDA:216,10,0,0
BRDA:243,11,0,0
BRDA:243,11,1,0
BRDA:255,12,0,0
BRDA:255,12,1,0
BRDA:259,13,0,0
BRF:17
BRH:0
end_of_record
TN:
SF:src/hooks/useChat.ts
FN:13,useChat
FN:18,(anonymous_1)
FN:20,(anonymous_2)
FN:32,(anonymous_3)
FN:41,(anonymous_4)
FN:50,(anonymous_5)
FNF:6
FNH:0
FNDA:0,useChat
FNDA:0,(anonymous_1)
FNDA:0,(anonymous_2)
FNDA:0,(anonymous_3)
FNDA:0,(anonymous_4)
FNDA:0,(anonymous_5)
DA:3,0
DA:4,0
DA:13,0
DA:14,0
DA:15,0
DA:16,0
DA:18,0
DA:20,0
DA:21,0
DA:23,0
DA:24,0
DA:27,0
DA:28,0
DA:32,0
DA:39,0
DA:41,0
DA:46,0
DA:50,0
DA:51,0
DA:52,0
DA:55,0
LF:21
LH:0
BRDA:27,0,0,0
BRF:1
BRH:0
end_of_record
TN:
SF:src/hooks/useClickThrough.ts
FN:38,useClickThrough
FN:51,(anonymous_1)
FN:52,(anonymous_2)
FN:70,(anonymous_3)
FN:78,(anonymous_4)
FN:86,(anonymous_5)
FN:98,(anonymous_6)
FN:104,(anonymous_7)
FN:110,(anonymous_8)
FNF:9
FNH:0
FNDA:0,useClickThrough
FNDA:0,(anonymous_1)
FNDA:0,(anonymous_2)
FNDA:0,(anonymous_3)
FNDA:0,(anonymous_4)
FNDA:0,(anonymous_5)
FNDA:0,(anonymous_6)
FNDA:0,(anonymous_7)
FNDA:0,(anonymous_8)
DA:9,0
DA:10,0
DA:38,0
DA:41,0
DA:43,0
DA:44,0
DA:45,0
DA:47,0
DA:48,0
DA:51,0
DA:52,0
DA:53,0
DA:54,0
DA:56,0
DA:57,0
DA:58,0
DA:61,0
DA:62,0
DA:63,0
DA:68,0
DA:70,0
DA:71,0
DA:72,0
DA:78,0
DA:80,0
DA:82,0
DA:83,0
DA:86,0
DA:87,0
DA:88,0
DA:89,0
DA:90,0
DA:92,0
DA:98,0
DA:99,0
DA:100,0
DA:104,0
DA:105,0
DA:106,0
DA:110,0
DA:111,0
DA:112,0
DA:113,0
DA:114,0
DA:115,0
DA:117,0
DA:121,0
LF:47
LH:0
BRDA:39,0,0,0
BRDA:41,1,0,0
BRDA:41,2,0,0
BRDA:56,3,0,0
BRDA:61,4,0,0
BRDA:61,5,0,0
BRDA:61,5,1,0
BRDA:71,6,0,0
BRDA:80,7,0,0
BRDA:82,8,0,0
BRDA:99,9,0,0
BRDA:99,10,0,0
BRDA:99,10,1,0
BRDA:105,11,0,0
BRDA:105,12,0,0
BRDA:105,12,1,0
BRDA:111,13,0,0
BRF:17
BRH:0
end_of_record
TN:
SF:src/hooks/useCrossChain.ts
FN:119,useCrossChain
FN:130,(anonymous_1)
FN:142,(anonymous_2)
FN:154,(anonymous_3)
FN:166,(anonymous_4)
FN:176,(anonymous_5)
FN:191,(anonymous_6)
FN:289,(anonymous_7)
FNF:8
FNH:0
FNDA:0,useCrossChain
FNDA:0,(anonymous_1)
FNDA:0,(anonymous_2)
FNDA:0,(anonymous_3)
FNDA:0,(anonymous_4)
FNDA:0,(anonymous_5)
FNDA:0,(anonymous_6)
FNDA:0,(anonymous_7)
DA:10,0
DA:11,0
DA:12,0
DA:13,0
DA:18,0
DA:25,0
DA:33,0
DA:119,0
DA:120,0
DA:121,0
DA:122,0
DA:124,0
DA:125,0
DA:126,0
DA:127,0
DA:130,0
DA:131,0
DA:132,0
DA:133,0
DA:134,0
DA:137,0
DA:142,0
DA:143,0
DA:144,0
DA:145,0
DA:146,0
DA:149,0
DA:154,0
DA:155,0
DA:156,0
DA:157,0
DA:158,0
DA:161,0
DA:166,0
DA:167,0
DA:168,0
DA:169,0
DA:170,0
DA:175,0
DA:177,0
DA:178,0
DA:181,0
DA:183,0
DA:185,0
DA:191,0
DA:197,0
DA:198,0
DA:201,0
DA:205,0
DA:208,0
DA:216,0
DA:223,0
DA:224,0
DA:226,0
DA:229,0
DA:231,0
DA:232,0
DA:236,0
DA:245,0
DA:255,0
DA:264,0
DA:270,0
DA:272,0
DA:275,0
DA:276,0
DA:281,0
DA:288,0
DA:290,0
DA:301,0
DA:322,0
LF:70
LH:0
BRDA:133,0,0,0
BRDA:134,1,0,0
BRDA:134,1,1,0
BRDA:145,2,0,0
BRDA:146,3,0,0
BRDA:146,3,1,0
BRDA:157,4,0,0
BRDA:167,5,0,0
BRDA:177,6,0,0
BRDA:177,7,0,0
BRDA:177,7,1,0
BRDA:177,7,2,0
BRDA:191,8,0,0
BRDA:191,8,1,0
BRDA:197,9,0,0
BRDA:205,10,0,0
BRDA:205,10,1,0
BRDA:231,11,0,0
BRDA:231,12,0,0
BRDA:231,12,1,0
BRDA:278,13,0,0
BRDA:278,13,1,0
BRDA:278,13,2,0
BRF:23
BRH:0
end_of_record
TN:
SF:src/hooks/useFriendWebSocket.ts
FN:13,(anonymous_0)
FN:21,(anonymous_1)
FN:36,(anonymous_2)
FN:45,(anonymous_3)
FN:50,(anonymous_4)
FN:63,(anonymous_5)
FN:68,(anonymous_6)
FN:81,(anonymous_7)
FN:86,(anonymous_8)
FN:106,(anonymous_9)
FN:111,(anonymous_10)
FN:121,(anonymous_11)
FN:126,(anonymous_12)
FN:139,(anonymous_13)
FN:151,(anonymous_14)
FNF:15
FNH:0
FNDA:0,(anonymous_0)
FNDA:0,(anonymous_1)
FNDA:0,(anonymous_2)
FNDA:0,(anonymous_3)
FNDA:0,(anonymous_4)
FNDA:0,(anonymous_5)
FNDA:0,(anonymous_6)
FNDA:0,(anonymous_7)
FNDA:0,(anonymous_8)
FNDA:0,(anonymous_9)
FNDA:0,(anonymous_10)
FNDA:0,(anonymous_11)
FNDA:0,(anonymous_12)
FNDA:0,(anonymous_13)
FNDA:0,(anonymous_14)
DA:1,0
DA:2,0
DA:3,0
DA:13,0
DA:17,0
DA:18,0
DA:19,0
DA:21,0
DA:22,0
DA:24,0
DA:25,0
DA:29,0
DA:30,0
DA:32,0
DA:36,0
DA:37,0
DA:38,0
DA:39,0
DA:40,0
DA:41,0
DA:45,0
DA:46,0
DA:47,0
DA:50,0
DA:51,0
DA:52,0
DA:55,0
DA:57,0
DA:63,0
DA:68,0
DA:69,0
DA:70,0
DA:72,0
DA:73,0
DA:74,0
DA:76,0
DA:81,0
DA:86,0
DA:87,0
DA:88,0
DA:90,0
DA:91,0
DA:99,0
DA:101,0
DA:106,0
DA:111,0
DA:112,0
DA:113,0
DA:115,0
DA:116,0
DA:121,0
DA:126,0
DA:127,0
DA:128,0
DA:132,0
DA:133,0
DA:134,0
DA:135,0
DA:136,0
DA:139,0
DA:140,0
DA:141,0
DA:142,0
DA:143,0
DA:144,0
DA:145,0
DA:151,0
DA:152,0
DA:153,0
DA:157,0
LF:70
LH:0
BRDA:15,0,0,0
BRDA:22,1,0,0
BRDA:22,2,0,0
BRDA:22,2,1,0
BRDA:22,2,2,0
BRDA:24,3,0,0
BRDA:37,4,0,0
BRDA:37,5,0,0
BRDA:37,5,1,0
BRDA:46,6,0,0
BRDA:46,7,0,0
BRDA:46,7,1,0
BRDA:55,8,0,0
BRDA:58,9,0,0
BRDA:58,9,1,0
BRDA:72,10,0,0
BRDA:72,11,0,0
BRDA:72,11,1,0
BRDA:73,12,0,0
BRDA:73,12,1,0
BRDA:74,13,0,0
BRDA:74,13,1,0
BRDA:90,14,0,0
BRDA:99,15,0,0
BRDA:99,15,1,0
BRDA:102,16,0,0
BRDA:102,16,1,0
BRDA:115,17,0,0
BRDA:115,18,0,0
BRDA:115,18,1,0
BRDA:152,19,0,0
BRDA:152,20,0,0
BRDA:152,20,1,0
BRF:33
BRH:0
end_of_record
TN:
SF:src/hooks/useFrogAppearance.ts
FN:44,useFrogAppearance
FN:62,(anonymous_1)
FN:93,(anonymous_2)
FN:173,(anonymous_3)
FN:184,(anonymous_4)
FN:197,(anonymous_5)
FN:219,(anonymous_6)
FN:222,(anonymous_7)
FN:234,(anonymous_8)
FN:240,(anonymous_9)
FN:269,sleep
FN:270,(anonymous_11)
FNF:12
FNH:0
FNDA:0,useFrogAppearance
FNDA:0,(anonymous_1)
FNDA:0,(anonymous_2)
FNDA:0,(anonymous_3)
FNDA:0,(anonymous_4)
FNDA:0,(anonymous_5)
FNDA:0,(anonymous_6)
FNDA:0,(anonymous_7)
FNDA:0,(anonymous_8)
FNDA:0,(anonymous_9)
FNDA:0,sleep
FNDA:0,(anonymous_11)
DA:7,0
DA:8,0
DA:9,0
DA:44,0
DA:45,0
DA:46,0
DA:47,0
DA:50,0
DA:51,0
DA:52,0
DA:53,0
DA:54,0
DA:55,0
DA:56,0
DA:57,0
DA:62,0
DA:64,0
DA:65,0
DA:66,0
DA:69,0
DA:70,0
DA:71,0
DA:72,0
DA:76,0
DA:77,0
DA:78,0
DA:79,0
DA:83,0
DA:84,0
DA:85,0
DA:86,0
DA:93,0
DA:94,0
DA:95,0
DA:96,0
DA:100,0
DA:101,0
DA:102,0
DA:103,0
DA:106,0
DA:107,0
DA:110,0
DA:112,0
DA:117,0
DA:118,0
DA:119,0
DA:121,0
DA:123,0
DA:124,0
DA:125,0
DA:126,0
DA:130,0
DA:132,0
DA:134,0
DA:136,0
DA:137,0
DA:138,0
DA:139,0
DA:142,0
DA:143,0
DA:145,0
DA:148,0
DA:150,0
DA:151,0
DA:152,0
DA:153,0
DA:154,0
DA:155,0
DA:157,0
DA:160,0
DA:163,0
DA:164,0
DA:166,0
DA:173,0
DA:174,0
DA:175,0
DA:176,0
DA:178,0
DA:184,0
DA:185,0
DA:187,0
DA:188,0
DA:190,0
DA:197,0
DA:198,0
DA:199,0
DA:201,0
DA:202,0
DA:203,0
DA:204,0
DA:205,0
DA:206,0
DA:209,0
DA:210,0
DA:212,0
DA:219,0
DA:220,0
DA:222,0
DA:223,0
DA:224,0
DA:225,0
DA:226,0
DA:227,0
DA:230,0
DA:234,0
DA:240,0
DA:241,0
DA:242,0
DA:243,0
DA:244,0
DA:245,0
DA:246,0
DA:247,0
DA:248,0
DA:251,0
DA:270,0
LF:116
LH:0
BRDA:44,0,0,0
BRDA:45,1,0,0
BRDA:94,2,0,0
BRDA:100,3,0,0
BRDA:100,4,0,0
BRDA:100,4,1,0
BRDA:117,5,0,0
BRDA:117,6,0,0
BRDA:117,6,1,0
BRDA:132,7,0,0
BRDA:132,7,1,0
BRDA:138,8,0,0
BRDA:138,8,1,0
BRDA:150,9,0,0
BRDA:150,9,1,0
BRDA:152,10,0,0
BRDA:152,10,1,0
BRDA:160,11,0,0
BRDA:160,11,1,0
BRDA:174,12,0,0
BRDA:185,13,0,0
BRDA:203,14,0,0
BRDA:203,15,0,0
BRDA:203,15,1,0
BRDA:220,16,0,0
BRDA:220,17,0,0
BRDA:220,17,1,0
BRDA:225,18,0,0
BRDA:225,19,0,0
BRDA:225,19,1,0
BRF:30
BRH:0
end_of_record
TN:
SF:src/hooks/useFrogData.ts
FN:4,useFrogData
FN:9,(anonymous_1)
FN:34,(anonymous_2)
FNF:3
FNH:0
FNDA:0,useFrogData
FNDA:0,(anonymous_1)
FNDA:0,(anonymous_2)
DA:1,0
DA:2,0
DA:4,0
DA:5,0
DA:6,0
DA:7,0
DA:9,0
DA:10,0
DA:12,0
DA:13,0
DA:14,0
DA:16,0
DA:18,0
DA:21,0
DA:24,0
DA:25,0
DA:27,0
DA:28,0
DA:30,0
DA:34,0
DA:35,0
DA:38,0
LF:22
LH:0
BRDA:10,0,0,0
BRDA:16,1,0,0
BRDA:16,1,1,0
BRF:3
BRH:0
end_of_record
TN:
SF:src/hooks/useFrogInteraction.ts
FN:23,useFrogInteraction
FN:45,(anonymous_1)
FN:63,(anonymous_2)
FN:75,(anonymous_3)
FN:83,(anonymous_4)
FN:88,(anonymous_5)
FN:92,(anonymous_6)
FN:108,(anonymous_7)
FN:111,(anonymous_8)
FN:126,(anonymous_9)
FN:141,(anonymous_10)
FN:144,(anonymous_11)
FN:161,(anonymous_12)
FN:169,(anonymous_13)
FN:199,(anonymous_14)
FN:200,(anonymous_15)
FN:224,(anonymous_16)
FN:230,(anonymous_17)
FN:247,(anonymous_18)
FN:248,(anonymous_19)
FN:272,(anonymous_20)
FN:286,(anonymous_21)
FN:310,(anonymous_22)
FN:329,(anonymous_23)
FN:332,(anonymous_24)
FN:342,(anonymous_25)
FN:354,(anonymous_26)
FN:390,formatTimeSince
FNF:28
FNH:0
FNDA:0,useFrogInteraction
FNDA:0,(anonymous_1)
FNDA:0,(anonymous_2)
FNDA:0,(anonymous_3)
FNDA:0,(anonymous_4)
FNDA:0,(anonymous_5)
FNDA:0,(anonymous_6)
FNDA:0,(anonymous_7)
FNDA:0,(anonymous_8)
FNDA:0,(anonymous_9)
FNDA:0,(anonymous_10)
FNDA:0,(anonymous_11)
FNDA:0,(anonymous_12)
FNDA:0,(anonymous_13)
FNDA:0,(anonymous_14)
FNDA:0,(anonymous_15)
FNDA:0,(anonymous_16)
FNDA:0,(anonymous_17)
FNDA:0,(anonymous_18)
FNDA:0,(anonymous_19)
FNDA:0,(anonymous_20)
FNDA:0,(anonymous_21)
FNDA:0,(anonymous_22)
FNDA:0,(anonymous_23)
FNDA:0,(anonymous_24)
FNDA:0,(anonymous_25)
FNDA:0,(anonymous_26)
FNDA:0,formatTimeSince
DA:5,0
DA:6,0
DA:23,0
DA:24,0
DA:27,0
DA:36,0
DA:37,0
DA:38,0
DA:39,0
DA:41,0
DA:42,0
DA:45,0
DA:46,0
DA:48,0
DA:49,0
DA:51,0
DA:52,0
DA:53,0
DA:55,0
DA:56,0
DA:58,0
DA:63,0
DA:64,0
DA:66,0
DA:67,0
DA:68,0
DA:70,0
DA:75,0
DA:76,0
DA:77,0
DA:78,0
DA:83,0
DA:84,0
DA:87,0
DA:88,0
DA:90,0
DA:92,0
DA:99,0
DA:100,0
DA:101,0
DA:104,0
DA:108,0
DA:109,0
DA:111,0
DA:117,0
DA:118,0
DA:119,0
DA:123,0
DA:124,0
DA:125,0
DA:126,0
DA:131,0
DA:133,0
DA:137,0
DA:141,0
DA:142,0
DA:144,0
DA:150,0
DA:151,0
DA:152,0
DA:156,0
DA:157,0
DA:158,0
DA:161,0
DA:169,0
DA:174,0
DA:180,0
DA:181,0
DA:186,0
DA:195,0
DA:199,0
DA:200,0
DA:206,0
DA:207,0
DA:208,0
DA:212,0
DA:220,0
DA:224,0
DA:225,0
DA:226,0
DA:230,0
DA:232,0
DA:233,0
DA:234,0
DA:236,0
DA:237,0
DA:241,0
DA:242,0
DA:246,0
DA:247,0
DA:248,0
DA:250,0
DA:251,0
DA:254,0
DA:255,0
DA:258,0
DA:268,0
DA:272,0
DA:274,0
DA:275,0
DA:276,0
DA:277,0
DA:278,0
DA:279,0
DA:280,0
DA:284,0
DA:285,0
DA:286,0
DA:287,0
DA:290,0
DA:291,0
DA:294,0
DA:295,0
DA:298,0
DA:299,0
DA:302,0
DA:303,0
DA:306,0
DA:310,0
DA:311,0
DA:312,0
DA:314,0
DA:329,0
DA:330,0
DA:331,0
DA:333,0
DA:334,0
DA:338,0
DA:342,0
DA:343,0
DA:350,0
DA:354,0
DA:355,0
DA:358,0
DA:391,0
DA:392,0
DA:394,0
DA:395,0
DA:396,0
DA:398,0
DA:399,0
DA:402,0
DA:403,0
DA:406,0
DA:407,0
DA:410,0
DA:414,0
DA:424,0
LF:148
LH:0
BRDA:23,0,0,0
BRDA:24,1,0,0
BRDA:46,2,0,0
BRDA:64,3,0,0
BRDA:76,4,0,0
BRDA:76,5,0,0
BRDA:76,5,1,0
BRDA:100,6,0,0
BRDA:118,7,0,0
BRDA:123,8,0,0
BRDA:123,9,0,0
BRDA:123,9,1,0
BRDA:126,10,0,0
BRDA:126,10,1,0
BRDA:151,11,0,0
BRDA:156,12,0,0
BRDA:156,13,0,0
BRDA:156,13,1,0
BRDA:161,14,0,0
BRDA:161,14,1,0
BRDA:171,15,0,0
BRDA:171,15,1,0
BRDA:195,16,0,0
BRDA:195,16,1,0
BRDA:207,17,0,0
BRDA:220,18,0,0
BRDA:220,18,1,0
BRDA:232,19,0,0
BRDA:233,20,0,0
BRDA:236,21,0,0
BRDA:241,22,0,0
BRDA:250,23,0,0
BRDA:254,24,0,0
BRDA:274,25,0,0
BRDA:276,26,0,0
BRDA:277,27,0,0
BRDA:278,28,0,0
BRDA:279,29,0,0
BRDA:287,30,0,0
BRDA:287,30,1,0
BRDA:287,30,2,0
BRDA:290,31,0,0
BRDA:294,32,0,0
BRDA:298,33,0,0
BRDA:302,34,0,0
BRDA:323,35,0,0
BRDA:323,35,1,0
BRDA:324,36,0,0
BRDA:324,36,1,0
BRDA:398,37,0,0
BRDA:402,38,0,0
BRDA:406,39,0,0
BRF:52
BRH:0
end_of_record
TN:
SF:src/hooks/useFrogNurture.ts
FN:39,useFrogNurture
FN:46,(anonymous_1)
FN:66,(anonymous_2)
FN:69,(anonymous_3)
FN:83,(anonymous_4)
FN:108,(anonymous_5)
FN:112,(anonymous_6)
FN:125,useLilyBalance
FN:129,(anonymous_8)
FN:145,(anonymous_9)
FN:156,useFrogNurtureActions
FN:159,(anonymous_11)
FN:173,(anonymous_12)
FN:187,(anonymous_13)
FN:201,(anonymous_14)
FN:215,(anonymous_15)
FN:226,(anonymous_16)
FNF:17
FNH:0
FNDA:0,useFrogNurture
FNDA:0,(anonymous_1)
FNDA:0,(anonymous_2)
FNDA:0,(anonymous_3)
FNDA:0,(anonymous_4)
FNDA:0,(anonymous_5)
FNDA:0,(anonymous_6)
FNDA:0,useLilyBalance
FNDA:0,(anonymous_8)
FNDA:0,(anonymous_9)
FNDA:0,useFrogNurtureActions
FNDA:0,(anonymous_11)
FNDA:0,(anonymous_12)
FNDA:0,(anonymous_13)
FNDA:0,(anonymous_14)
FNDA:0,(anonymous_15)
FNDA:0,(anonymous_16)
DA:6,0
DA:7,0
DA:10,0
DA:39,0
DA:40,0
DA:41,0
DA:42,0
DA:43,0
DA:46,0
DA:47,0
DA:49,0
DA:50,0
DA:52,0
DA:53,0
DA:54,0
DA:55,0
DA:56,0
DA:59,0
DA:61,0
DA:66,0
DA:67,0
DA:69,0
DA:70,0
DA:71,0
DA:72,0
DA:75,0
DA:76,0
DA:77,0
DA:80,0
DA:81,0
DA:83,0
DA:84,0
DA:85,0
DA:86,0
DA:87,0
DA:88,0
DA:92,0
DA:93,0
DA:94,0
DA:95,0
DA:96,0
DA:98,0
DA:108,0
DA:112,0
DA:113,0
DA:116,0
DA:125,0
DA:126,0
DA:127,0
DA:129,0
DA:130,0
DA:132,0
DA:133,0
DA:134,0
DA:135,0
DA:136,0
DA:139,0
DA:141,0
DA:145,0
DA:146,0
DA:149,0
DA:156,0
DA:157,0
DA:159,0
DA:160,0
DA:162,0
DA:163,0
DA:164,0
DA:165,0
DA:167,0
DA:169,0
DA:173,0
DA:174,0
DA:176,0
DA:177,0
DA:178,0
DA:179,0
DA:181,0
DA:183,0
DA:187,0
DA:188,0
DA:190,0
DA:191,0
DA:192,0
DA:193,0
DA:195,0
DA:197,0
DA:201,0
DA:202,0
DA:204,0
DA:205,0
DA:206,0
DA:207,0
DA:209,0
DA:211,0
DA:215,0
DA:216,0
DA:218,0
DA:219,0
DA:220,0
DA:222,0
DA:226,0
DA:227,0
DA:229,0
DA:230,0
DA:231,0
DA:232,0
DA:234,0
DA:236,0
DA:240,0
DA:251,0
LF:111
LH:0
BRDA:47,0,0,0
BRDA:54,1,0,0
BRDA:59,2,0,0
BRDA:59,2,1,0
BRDA:67,3,0,0
BRDA:85,4,0,0
BRDA:85,4,1,0
BRDA:87,5,0,0
BRDA:130,6,0,0
BRDA:135,7,0,0
BRDA:160,8,0,0
BRDA:167,9,0,0
BRDA:167,9,1,0
BRDA:174,10,0,0
BRDA:181,11,0,0
BRDA:181,11,1,0
BRDA:188,12,0,0
BRDA:195,13,0,0
BRDA:195,13,1,0
BRDA:202,14,0,0
BRDA:209,15,0,0
BRDA:209,15,1,0
BRDA:216,16,0,0
BRDA:222,17,0,0
BRDA:222,17,1,0
BRDA:227,18,0,0
BRDA:234,19,0,0
BRDA:234,19,1,0
BRF:28
BRH:0
end_of_record
TN:
SF:src/hooks/useFrogState.ts
FN:21,useFrogState
FN:28,(anonymous_1)
FN:29,(anonymous_2)
FN:37,(anonymous_3)
FN:38,(anonymous_4)
FN:45,(anonymous_5)
FN:46,(anonymous_6)
FN:53,(anonymous_7)
FN:54,(anonymous_8)
FN:61,(anonymous_9)
FN:62,(anonymous_10)
FN:69,(anonymous_11)
FN:70,(anonymous_12)
FN:77,(anonymous_13)
FN:78,(anonymous_14)
FN:85,(anonymous_15)
FN:86,(anonymous_16)
FN:87,(anonymous_17)
FN:126,(anonymous_18)
FN:130,(anonymous_19)
FN:135,(anonymous_20)
FN:136,(anonymous_21)
FN:145,(anonymous_22)
FN:146,(anonymous_23)
FN:154,(anonymous_24)
FN:155,(anonymous_25)
FN:178,(anonymous_26)
FN:179,(anonymous_27)
FNF:28
FNH:0
FNDA:0,useFrogState
FNDA:0,(anonymous_1)
FNDA:0,(anonymous_2)
FNDA:0,(anonymous_3)
FNDA:0,(anonymous_4)
FNDA:0,(anonymous_5)
FNDA:0,(anonymous_6)
FNDA:0,(anonymous_7)
FNDA:0,(anonymous_8)
FNDA:0,(anonymous_9)
FNDA:0,(anonymous_10)
FNDA:0,(anonymous_11)
FNDA:0,(anonymous_12)
FNDA:0,(anonymous_13)
FNDA:0,(anonymous_14)
FNDA:0,(anonymous_15)
FNDA:0,(anonymous_16)
FNDA:0,(anonymous_17)
FNDA:0,(anonymous_18)
FNDA:0,(anonymous_19)
FNDA:0,(anonymous_20)
FNDA:0,(anonymous_21)
FNDA:0,(anonymous_22)
FNDA:0,(anonymous_23)
FNDA:0,(anonymous_24)
FNDA:0,(anonymous_25)
FNDA:0,(anonymous_26)
FNDA:0,(anonymous_27)
DA:1,0
DA:2,0
DA:8,0
DA:10,0
DA:21,0
DA:22,0
DA:28,0
DA:29,0
DA:37,0
DA:38,0
DA:45,0
DA:46,0
DA:53,0
DA:54,0
DA:61,0
DA:62,0
DA:69,0
DA:70,0
DA:77,0
DA:78,0
DA:85,0
DA:86,0
DA:87,0
DA:88,0
DA:91,0
DA:94,0
DA:95,0
DA:97,0
DA:101,0
DA:102,0
DA:103,0
DA:104,0
DA:105,0
DA:106,0
DA:107,0
DA:108,0
DA:109,0
DA:110,0
DA:112,0
DA:116,0
DA:117,0
DA:118,0
DA:119,0
DA:122,0
DA:126,0
DA:130,0
DA:131,0
DA:135,0
DA:136,0
DA:145,0
DA:146,0
DA:154,0
DA:155,0
DA:156,0
DA:158,0
DA:160,0
DA:161,0
DA:162,0
DA:164,0
DA:165,0
DA:166,0
DA:167,0
DA:169,0
DA:170,0
DA:173,0
DA:174,0
DA:178,0
DA:179,0
DA:186,0
LF:69
LH:0
BRDA:21,0,0,0
BRDA:94,1,0,0
BRDA:94,1,1,0
BRDA:101,2,0,0
BRDA:101,2,1,0
BRDA:103,3,0,0
BRDA:103,3,1,0
BRDA:105,4,0,0
BRDA:105,4,1,0
BRDA:107,5,0,0
BRDA:107,5,1,0
BRDA:109,6,0,0
BRDA:109,6,1,0
BRDA:116,7,0,0
BRDA:116,7,1,0
BRDA:116,8,0,0
BRDA:116,8,1,0
BRDA:118,9,0,0
BRDA:118,10,0,0
BRDA:118,10,1,0
BRDA:131,11,0,0
BRDA:131,11,1,0
BRDA:158,12,0,0
BRDA:158,12,1,0
BRDA:158,12,2,0
BRF:25
BRH:0
end_of_record
TN:
SF:src/hooks/useFrogStatus.ts
FN:45,useFrogStatus
FN:102,(anonymous_1)
FN:103,(anonymous_2)
FN:128,(anonymous_3)
FN:129,(anonymous_4)
FN:144,(anonymous_5)
FN:172,(anonymous_6)
FN:177,(anonymous_7)
FN:180,(anonymous_8)
FN:194,(anonymous_9)
FN:202,(anonymous_10)
FN:209,(anonymous_11)
FN:215,(anonymous_12)
FN:223,(anonymous_13)
FN:240,(anonymous_14)
FN:246,(anonymous_15)
FN:251,(anonymous_16)
FN:268,(anonymous_17)
FNF:18
FNH:0
FNDA:0,useFrogStatus
FNDA:0,(anonymous_1)
FNDA:0,(anonymous_2)
FNDA:0,(anonymous_3)
FNDA:0,(anonymous_4)
FNDA:0,(anonymous_5)
FNDA:0,(anonymous_6)
FNDA:0,(anonymous_7)
FNDA:0,(anonymous_8)
FNDA:0,(anonymous_9)
FNDA:0,(anonymous_10)
FNDA:0,(anonymous_11)
FNDA:0,(anonymous_12)
FNDA:0,(anonymous_13)
FNDA:0,(anonymous_14)
FNDA:0,(anonymous_15)
FNDA:0,(anonymous_16)
FNDA:0,(anonymous_17)
DA:2,0
DA:3,0
DA:4,0
DA:5,0
DA:6,0
DA:45,0
DA:46,0
DA:47,0
DA:48,0
DA:49,0
DA:50,0
DA:52,0
DA:53,0
DA:61,0
DA:76,0
DA:87,0
DA:98,0
DA:103,0
DA:105,0
DA:106,0
DA:107,0
DA:108,0
DA:115,0
DA:116,0
DA:124,0
DA:129,0
DA:130,0
DA:131,0
DA:132,0
DA:133,0
DA:134,0
DA:135,0
DA:136,0
DA:144,0
DA:145,0
DA:146,0
DA:147,0
DA:148,0
DA:149,0
DA:152,0
DA:153,0
DA:155,0
DA:156,0
DA:157,0
DA:158,0
DA:168,0
DA:172,0
DA:173,0
DA:177,0
DA:178,0
DA:180,0
DA:181,0
DA:182,0
DA:183,0
DA:190,0
DA:194,0
DA:195,0
DA:196,0
DA:197,0
DA:198,0
DA:202,0
DA:203,0
DA:204,0
DA:209,0
DA:210,0
DA:211,0
DA:212,0
DA:215,0
DA:216,0
DA:217,0
DA:219,0
DA:223,0
DA:224,0
DA:225,0
DA:226,0
DA:227,0
DA:235,0
DA:240,0
DA:241,0
DA:242,0
DA:246,0
DA:247,0
DA:251,0
DA:252,0
DA:254,0
DA:255,0
DA:257,0
DA:259,0
DA:260,0
DA:261,0
DA:262,0
DA:264,0
DA:268,0
DA:269,0
DA:270,0
DA:271,0
DA:275,0
DA:293,0
DA:305,0
LF:99
LH:0
BRDA:65,0,0,0
BRDA:65,0,1,0
BRDA:67,1,0,0
BRDA:67,1,1,0
BRDA:80,2,0,0
BRDA:80,2,1,0
BRDA:82,3,0,0
BRDA:82,3,1,0
BRDA:91,4,0,0
BRDA:91,4,1,0
BRDA:93,5,0,0
BRDA:93,5,1,0
BRDA:105,6,0,0
BRDA:105,6,1,0
BRDA:106,7,0,0
BRDA:109,8,0,0
BRDA:109,8,1,0
BRDA:110,9,0,0
BRDA:110,9,1,0
BRDA:111,10,0,0
BRDA:111,10,1,0
BRDA:112,11,0,0
BRDA:112,11,1,0
BRDA:120,12,0,0
BRDA:120,12,1,0
BRDA:130,13,0,0
BRDA:130,13,1,0
BRDA:131,14,0,0
BRDA:140,15,0,0
BRDA:140,15,1,0
BRDA:145,16,0,0
BRDA:152,17,0,0
BRDA:157,18,0,0
BRDA:162,19,0,0
BRDA:162,19,1,0
BRDA:178,20,0,0
BRDA:181,21,0,0
BRDA:187,22,0,0
BRDA:187,22,1,0
BRDA:195,23,0,0
BRDA:210,24,0,0
BRDA:216,25,0,0
BRDA:216,26,0,0
BRDA:216,26,1,0
BRDA:217,27,0,0
BRDA:217,27,1,0
BRDA:224,28,0,0
BRDA:226,29,0,0
BRDA:226,29,1,0
BRDA:226,30,0,0
BRDA:226,30,1,0
BRDA:241,31,0,0
BRDA:247,32,0,0
BRDA:247,32,1,0
BRDA:252,33,0,0
BRDA:252,34,0,0
BRDA:252,34,1,0
BRDA:257,35,0,0
BRDA:275,36,0,0
BRDA:275,36,1,0
BRDA:279,37,0,0
BRDA:279,37,1,0
BRDA:280,38,0,0
BRDA:280,38,1,0
BRDA:281,39,0,0
BRDA:281,39,1,0
BRDA:282,40,0,0
BRDA:282,40,1,0
BRDA:284,41,0,0
BRDA:284,41,1,0
BRDA:288,42,0,0
BRDA:288,42,1,0
BRDA:296,43,0,0
BRDA:296,43,1,0
BRF:74
BRH:0
end_of_record
TN:
SF:src/hooks/useGardenFrogMovement.ts
FN:38,(anonymous_0)
FN:56,(anonymous_1)
FN:70,(anonymous_2)
FN:82,(anonymous_3)
FN:91,(anonymous_4)
FN:100,(anonymous_5)
FN:105,(anonymous_6)
FN:108,(anonymous_7)
FN:120,(anonymous_8)
FN:128,(anonymous_9)
FN:131,(anonymous_10)
FN:138,(anonymous_11)
FN:142,(anonymous_12)
FN:146,(anonymous_13)
FN:163,(anonymous_14)
FN:174,(anonymous_15)
FN:184,(anonymous_16)
FNF:17
FNH:0
FNDA:0,(anonymous_0)
FNDA:0,(anonymous_1)
FNDA:0,(anonymous_2)
FNDA:0,(anonymous_3)
FNDA:0,(anonymous_4)
FNDA:0,(anonymous_5)
FNDA:0,(anonymous_6)
FNDA:0,(anonymous_7)
FNDA:0,(anonymous_8)
FNDA:0,(anonymous_9)
FNDA:0,(anonymous_10)
FNDA:0,(anonymous_11)
FNDA:0,(anonymous_12)
FNDA:0,(anonymous_13)
FNDA:0,(anonymous_14)
FNDA:0,(anonymous_15)
FNDA:0,(anonymous_16)
DA:1,0
DA:15,0
DA:38,0
DA:43,0
DA:45,0
DA:46,0
DA:47,0
DA:48,0
DA:49,0
DA:50,0
DA:52,0
DA:53,0
DA:56,0
DA:57,0
DA:60,0
DA:61,0
DA:63,0
DA:64,0
DA:66,0
DA:70,0
DA:71,0
DA:73,0
DA:74,0
DA:76,0
DA:77,0
DA:78,0
DA:79,0
DA:82,0
DA:83,0
DA:84,0
DA:85,0
DA:86,0
DA:91,0
DA:92,0
DA:93,0
DA:94,0
DA:95,0
DA:100,0
DA:101,0
DA:105,0
DA:106,0
DA:108,0
DA:110,0
DA:113,0
DA:116,0
DA:117,0
DA:120,0
DA:121,0
DA:122,0
DA:128,0
DA:129,0
DA:131,0
DA:132,0
DA:134,0
DA:135,0
DA:137,0
DA:138,0
DA:139,0
DA:141,0
DA:142,0
DA:146,0
DA:149,0
DA:163,0
DA:168,0
DA:169,0
DA:170,0
DA:174,0
DA:180,0
DA:181,0
DA:182,0
DA:184,0
DA:185,0
DA:188,0
DA:189,0
DA:194,0
LF:75
LH:0
BRDA:40,0,0,0
BRDA:41,1,0,0
BRDA:93,2,0,0
BRDA:106,3,0,0
BRDA:106,4,0,0
BRDA:106,4,1,0
BRDA:110,5,0,0
BRDA:113,6,0,0
BRDA:121,7,0,0
BRDA:129,8,0,0
BRDA:129,9,0,0
BRDA:129,9,1,0
BRDA:132,10,0,0
BRDA:135,11,0,0
BRDA:135,11,1,0
BRDA:139,12,0,0
BRDA:166,13,0,0
BRDA:177,14,0,0
BRDA:178,15,0,0
BRDA:188,16,0,0
BRF:20
BRH:0
end_of_record
TN:
SF:src/hooks/useGardenWebSocket.ts
FN:14,(anonymous_0)
FN:22,(anonymous_1)
FN:38,(anonymous_2)
FN:48,(anonymous_3)
FN:59,(anonymous_4)
FN:66,(anonymous_5)
FN:73,(anonymous_6)
FN:85,(anonymous_7)
FN:90,(anonymous_8)
FN:96,(anonymous_9)
FN:110,(anonymous_10)
FN:116,(anonymous_11)
FN:122,(anonymous_12)
FN:128,(anonymous_13)
FN:141,(anonymous_14)
FN:154,(anonymous_15)
FNF:16
FNH:0
FNDA:0,(anonymous_0)
FNDA:0,(anonymous_1)
FNDA:0,(anonymous_2)
FNDA:0,(anonymous_3)
FNDA:0,(anonymous_4)
FNDA:0,(anonymous_5)
FNDA:0,(anonymous_6)
FNDA:0,(anonymous_7)
FNDA:0,(anonymous_8)
FNDA:0,(anonymous_9)
FNDA:0,(anonymous_10)
FNDA:0,(anonymous_11)
FNDA:0,(anonymous_12)
FNDA:0,(anonymous_13)
FNDA:0,(anonymous_14)
FNDA:0,(anonymous_15)
DA:1,0
DA:2,0
DA:14,0
DA:18,0
DA:19,0
DA:22,0
DA:23,0
DA:25,0
DA:26,0
DA:30,0
DA:31,0
DA:33,0
DA:38,0
DA:39,0
DA:40,0
DA:41,0
DA:42,0
DA:43,0
DA:48,0
DA:49,0
DA:50,0
DA:59,0
DA:60,0
DA:61,0
DA:66,0
DA:67,0
DA:68,0
DA:73,0
DA:74,0
DA:75,0
DA:85,0
DA:86,0
DA:87,0
DA:90,0
DA:91,0
DA:92,0
DA:96,0
DA:97,0
DA:98,0
DA:101,0
DA:102,0
DA:110,0
DA:111,0
DA:112,0
DA:116,0
DA:117,0
DA:118,0
DA:122,0
DA:123,0
DA:124,0
DA:128,0
DA:129,0
DA:130,0
DA:134,0
DA:135,0
DA:136,0
DA:137,0
DA:138,0
DA:139,0
DA:141,0
DA:142,0
DA:143,0
DA:144,0
DA:145,0
DA:146,0
DA:147,0
DA:148,0
DA:154,0
DA:155,0
DA:156,0
DA:160,0
LF:71
LH:0
BRDA:16,0,0,0
BRDA:23,1,0,0
BRDA:23,2,0,0
BRDA:23,2,1,0
BRDA:23,2,2,0
BRDA:25,3,0,0
BRDA:39,4,0,0
BRDA:39,5,0,0
BRDA:39,5,1,0
BRDA:49,6,0,0
BRDA:60,7,0,0
BRDA:67,8,0,0
BRDA:74,9,0,0
BRDA:86,10,0,0
BRDA:86,11,0,0
BRDA:86,11,1,0
BRDA:101,12,0,0
BRDA:101,13,0,0
BRDA:101,13,1,0
BRDA:103,14,0,0
BRDA:103,14,1,0
BRDA:155,15,0,0
BRDA:155,16,0,0
BRDA:155,16,1,0
BRF:24
BRH:0
end_of_record
TN:
SF:src/hooks/useGridEditor.ts
FN:96,generateSessionId
FN:103,useGridEditor
FN:117,(anonymous_2)
FN:122,(anonymous_3)
FN:129,(anonymous_4)
FN:141,(anonymous_5)
FN:151,(anonymous_6)
FN:194,(anonymous_7)
FN:204,(anonymous_8)
FN:209,(anonymous_9)
FN:221,(anonymous_10)
FN:229,(anonymous_11)
FN:236,(anonymous_12)
FN:258,(anonymous_13)
FN:271,(anonymous_14)
FN:307,buildOccupiedGridFromItems
FN:313,(anonymous_16)
FNF:17
FNH:0
FNDA:0,generateSessionId
FNDA:0,useGridEditor
FNDA:0,(anonymous_2)
FNDA:0,(anonymous_3)
FNDA:0,(anonymous_4)
FNDA:0,(anonymous_5)
FNDA:0,(anonymous_6)
FNDA:0,(anonymous_7)
FNDA:0,(anonymous_8)
FNDA:0,(anonymous_9)
FNDA:0,(anonymous_10)
FNDA:0,(anonymous_11)
FNDA:0,(anonymous_12)
FNDA:0,(anonymous_13)
FNDA:0,(anonymous_14)
FNDA:0,buildOccupiedGridFromItems
FNDA:0,(anonymous_16)
DA:11,0
DA:12,0
DA:15,0
DA:97,0
DA:103,0
DA:105,0
DA:106,0
DA:107,0
DA:108,0
DA:109,0
DA:112,0
DA:117,0
DA:118,0
DA:122,0
DA:123,0
DA:129,0
DA:130,0
DA:131,0
DA:132,0
DA:141,0
DA:142,0
DA:151,0
DA:155,0
DA:162,0
DA:163,0
DA:166,0
DA:171,0
DA:173,0
DA:174,0
DA:176,0
DA:177,0
DA:178,0
DA:181,0
DA:182,0
DA:183,0
DA:188,0
DA:194,0
DA:198,0
DA:204,0
DA:205,0
DA:208,0
DA:209,0
DA:210,0
DA:211,0
DA:212,0
DA:213,0
DA:221,0
DA:222,0
DA:223,0
DA:229,0
DA:230,0
DA:236,0
DA:240,0
DA:241,0
DA:246,0
DA:247,0
DA:249,0
DA:250,0
DA:251,0
DA:258,0
DA:262,0
DA:263,0
DA:264,0
DA:266,0
DA:271,0
DA:272,0
DA:273,0
DA:274,0
DA:275,0
DA:279,0
DA:311,0
DA:313,0
DA:315,0
DA:316,0
DA:318,0
DA:319,0
DA:322,0
DA:326,0
DA:327,0
DA:328,0
DA:329,0
DA:335,0
DA:338,0
LF:83
LH:0
BRDA:113,0,0,0
BRDA:113,0,1,0
BRDA:123,1,0,0
BRDA:123,1,1,0
BRDA:162,2,0,0
BRDA:162,2,1,0
BRDA:163,3,0,0
BRDA:163,3,1,0
BRDA:163,4,0,0
BRDA:163,4,1,0
BRDA:166,5,0,0
BRDA:166,5,1,0
BRDA:166,6,0,0
BRDA:166,6,1,0
BRDA:171,7,0,0
BRDA:171,7,1,0
BRDA:176,8,0,0
BRDA:176,9,0,0
BRDA:176,9,1,0
BRDA:176,9,2,0
BRDA:176,9,3,0
BRDA:181,10,0,0
BRDA:208,11,0,0
BRDA:210,12,0,0
BRDA:213,13,0,0
BRDA:213,13,1,0
BRDA:273,14,0,0
BRDA:316,15,0,0
BRDA:316,16,0,0
BRDA:316,16,1,0
BRDA:318,17,0,0
BRDA:318,17,1,0
BRDA:319,18,0,0
BRDA:319,18,1,0
BRDA:319,19,0,0
BRDA:319,19,1,0
BRDA:322,20,0,0
BRDA:322,20,1,0
BRDA:322,21,0,0
BRDA:322,21,1,0
BRDA:328,22,0,0
BRDA:328,23,0,0
BRDA:328,23,1,0
BRDA:328,23,2,0
BRDA:328,23,3,0
BRF:45
BRH:0
end_of_record
TN:
SF:src/hooks/useGroupCrossChainTravel.ts
FN:77,useGroupCrossChainTravel
FN:104,(anonymous_1)
FN:123,(anonymous_2)
FN:156,(anonymous_3)
FNF:4
FNH:0
FNDA:0,useGroupCrossChainTravel
FNDA:0,(anonymous_1)
FNDA:0,(anonymous_2)
FNDA:0,(anonymous_3)
DA:7,0
DA:8,0
DA:9,0
DA:12,0
DA:15,0
DA:45,0
DA:77,0
DA:78,0
DA:79,0
DA:89,0
DA:92,0
DA:97,0
DA:104,0
DA:109,0
DA:111,0
DA:114,0
DA:115,0
DA:116,0
DA:117,0
DA:119,0
DA:123,0
DA:130,0
DA:131,0
DA:133,0
DA:135,0
DA:148,0
DA:149,0
DA:151,0
DA:156,0
DA:157,0
DA:158,0
DA:159,0
DA:163,0
DA:165,0
LF:34
LH:0
BRDA:109,0,0,0
BRDA:109,1,0,0
BRDA:109,1,1,0
BRDA:166,2,0,0
BRDA:166,2,1,0
BRDA:166,2,2,0
BRDA:169,3,0,0
BRDA:169,3,1,0
BRDA:169,3,2,0
BRDA:173,4,0,0
BRDA:173,4,1,0
BRF:11
BRH:0
end_of_record
TN:
SF:src/hooks/useHibernation.ts
FN:39,useHibernation
FN:53,(anonymous_1)
FN:76,(anonymous_2)
FN:81,(anonymous_3)
FN:101,(anonymous_4)
FN:107,(anonymous_5)
FNF:6
FNH:0
FNDA:0,useHibernation
FNDA:0,(anonymous_1)
FNDA:0,(anonymous_2)
FNDA:0,(anonymous_3)
FNDA:0,(anonymous_4)
FNDA:0,(anonymous_5)
DA:10,0
DA:11,0
DA:39,0
DA:40,0
DA:41,0
DA:42,0
DA:43,0
DA:49,0
DA:50,0
DA:53,0
DA:54,0
DA:56,0
DA:57,0
DA:59,0
DA:60,0
DA:61,0
DA:62,0
DA:63,0
DA:65,0
DA:66,0
DA:69,0
DA:71,0
DA:76,0
DA:77,0
DA:81,0
DA:82,0
DA:84,0
DA:85,0
DA:86,0
DA:87,0
DA:88,0
DA:89,0
DA:90,0
DA:92,0
DA:93,0
DA:95,0
DA:96,0
DA:101,0
DA:102,0
DA:104,0
DA:105,0
DA:106,0
DA:107,0
DA:109,0
DA:110,0
DA:112,0
DA:113,0
DA:115,0
DA:116,0
DA:120,0
DA:139,0
LF:51
LH:0
BRDA:54,0,0,0
BRDA:62,1,0,0
BRDA:62,1,1,0
BRDA:65,2,0,0
BRDA:69,3,0,0
BRDA:69,3,1,0
BRDA:82,4,0,0
BRDA:86,5,0,0
BRDA:95,6,0,0
BRDA:95,6,1,0
BRDA:102,7,0,0
BRDA:106,8,0,0
BRDA:115,9,0,0
BRDA:115,9,1,0
BRF:14
BRH:0
end_of_record
TN:
SF:src/hooks/useHomesteadWeb3.ts
FN:79,useHomesteadWeb3
FN:92,(anonymous_1)
FN:129,(anonymous_2)
FN:177,(anonymous_3)
FN:243,(anonymous_4)
FNF:5
FNH:0
FNDA:0,useHomesteadWeb3
FNDA:0,(anonymous_1)
FNDA:0,(anonymous_2)
FNDA:0,(anonymous_3)
FNDA:0,(anonymous_4)
DA:11,0
DA:12,0
DA:13,0
DA:38,0
DA:44,0
DA:54,0
DA:79,0
DA:80,0
DA:81,0
DA:82,0
DA:84,0
DA:91,0
DA:93,0
DA:94,0
DA:95,0
DA:98,0
DA:99,0
DA:101,0
DA:114,0
DA:116,0
DA:117,0
DA:128,0
DA:130,0
DA:131,0
DA:134,0
DA:136,0
DA:138,0
DA:146,0
DA:147,0
DA:150,0
DA:153,0
DA:154,0
DA:157,0
DA:159,0
DA:160,0
DA:165,0
DA:176,0
DA:182,0
DA:183,0
DA:186,0
DA:188,0
DA:189,0
DA:196,0
DA:204,0
DA:205,0
DA:208,0
DA:210,0
DA:211,0
DA:216,0
DA:225,0
DA:227,0
DA:242,0
DA:244,0
DA:245,0
DA:248,0
DA:249,0
DA:252,0
DA:254,0
DA:255,0
DA:262,0
DA:270,0
DA:271,0
DA:273,0
DA:281,0
DA:283,0
DA:284,0
DA:289,0
DA:295,0
DA:315,0
LF:69
LH:0
BRDA:93,0,0,0
BRDA:93,1,0,0
BRDA:93,1,1,0
BRDA:130,2,0,0
BRDA:130,3,0,0
BRDA:130,3,1,0
BRDA:146,4,0,0
BRDA:153,5,0,0
BRDA:162,6,0,0
BRDA:162,6,1,0
BRDA:162,6,2,0
BRDA:182,7,0,0
BRDA:182,8,0,0
BRDA:182,8,1,0
BRDA:204,9,0,0
BRDA:213,10,0,0
BRDA:213,10,1,0
BRDA:213,10,2,0
BRDA:244,11,0,0
BRDA:244,12,0,0
BRDA:244,12,1,0
BRDA:248,13,0,0
BRDA:270,14,0,0
BRDA:277,15,0,0
BRDA:277,15,1,0
BRDA:286,16,0,0
BRDA:286,16,1,0
BRDA:286,16,2,0
BRF:28
BRH:0
end_of_record
TN:
SF:src/hooks/useMyFrog.ts
FN:9,useMyFrog
FN:16,(anonymous_1)
FN:55,(anonymous_2)
FN:81,useNeedsMint
FNF:4
FNH:0
FNDA:0,useMyFrog
FNDA:0,(anonymous_1)
FNDA:0,(anonymous_2)
FNDA:0,useNeedsMint
DA:1,0
DA:2,0
DA:3,0
DA:9,0
DA:10,0
DA:11,0
DA:12,0
DA:13,0
DA:14,0
DA:16,0
DA:17,0
DA:18,0
DA:19,0
DA:20,0
DA:21,0
DA:24,0
DA:25,0
DA:26,0
DA:28,0
DA:29,0
DA:32,0
DA:34,0
DA:35,0
DA:36,0
DA:38,0
DA:39,0
DA:42,0
DA:44,0
DA:45,0
DA:46,0
DA:48,0
DA:51,0
DA:55,0
DA:56,0
DA:59,0
DA:81,0
DA:82,0
DA:84,0
LF:38
LH:0
BRDA:17,0,0,0
BRDA:17,1,0,0
BRDA:17,1,1,0
BRDA:34,2,0,0
BRDA:34,2,1,0
BRDA:44,3,0,0
BRDA:44,3,1,0
BRDA:85,4,0,0
BRDA:85,4,1,0
BRDA:85,4,2,0
BRF:10
BRH:0
end_of_record
TN:
SF:src/hooks/usePendingTravel.ts
FN:14,usePendingTravel
FN:18,(anonymous_1)
FN:37,(anonymous_2)
FN:47,(anonymous_3)
FNF:4
FNH:0
FNDA:0,usePendingTravel
FNDA:0,(anonymous_1)
FNDA:0,(anonymous_2)
FNDA:0,(anonymous_3)
DA:1,0
DA:12,0
DA:14,0
DA:15,0
DA:18,0
DA:19,0
DA:20,0
DA:21,0
DA:22,0
DA:24,0
DA:25,0
DA:26,0
DA:28,0
DA:32,0
DA:37,0
DA:38,0
DA:39,0
DA:40,0
DA:43,0
DA:47,0
DA:48,0
DA:49,0
DA:50,0
DA:54,0
DA:56,0
LF:25
LH:0
BRDA:21,0,0,0
BRDA:24,1,0,0
BRDA:24,1,1,0
BRDA:54,2,0,0
BRDA:54,2,1,0
BRDA:54,2,2,0
BRDA:57,3,0,0
BRDA:57,3,1,0
BRF:8
BRH:0
end_of_record
TN:
SF:src/hooks/useTransaction.ts
FN:24,useTransaction
FN:34,(anonymous_10)
FN:70,(anonymous_11)
FN:77,(anonymous_12)
FN:84,(anonymous_13)
FN:97,useMintFrog
FN:100,(anonymous_15)
FN:102,(anonymous_16)
FN:117,useStartTravel
FN:120,(anonymous_18)
FN:125,(anonymous_19)
FNF:11
FNH:0
FNDA:0,useTransaction
FNDA:0,(anonymous_10)
FNDA:0,(anonymous_11)
FNDA:0,(anonymous_12)
FNDA:0,(anonymous_13)
FNDA:0,useMintFrog
FNDA:0,(anonymous_15)
FNDA:0,(anonymous_16)
FNDA:0,useStartTravel
FNDA:0,(anonymous_18)
FNDA:0,(anonymous_19)
DA:1,0
DA:6,0
DA:8,0
DA:24,0
DA:25,0
DA:27,0
DA:29,0
DA:34,0
DA:42,0
DA:43,0
DA:46,0
DA:55,0
DA:57,0
DA:58,0
DA:60,0
DA:62,0
DA:63,0
DA:64,0
DA:65,0
DA:70,0
DA:71,0
DA:73,0
DA:74,0
DA:77,0
DA:78,0
DA:79,0
DA:84,0
DA:85,0
DA:88,0
DA:97,0
DA:98,0
DA:100,0
DA:102,0
DA:104,0
DA:113,0
DA:117,0
DA:118,0
DA:120,0
DA:125,0
DA:127,0
DA:136,0
LF:41
LH:0
BRDA:24,0,0,0
BRDA:50,1,0,0
BRDA:50,1,1,0
BRDA:55,2,0,0
BRDA:55,2,1,0
BRDA:71,3,0,0
BRDA:71,4,0,0
BRDA:71,4,1,0
BRDA:73,5,0,0
BRDA:90,6,0,0
BRDA:90,6,1,0
BRDA:90,6,2,0
BRDA:90,6,3,0
BRDA:97,7,0,0
BRDA:117,8,0,0
BRF:15
BRH:0
end_of_record
TN:
SF:src/hooks/useTravelAnimation.ts
FN:39,useTravelAnimation
FN:57,(anonymous_1)
FN:69,(anonymous_2)
FN:75,(anonymous_3)
FN:85,(anonymous_4)
FN:86,(anonymous_5)
FN:89,(anonymous_6)
FN:90,(anonymous_7)
FN:96,(anonymous_8)
FN:101,(anonymous_9)
FN:110,(anonymous_10)
FN:111,(anonymous_11)
FN:114,(anonymous_12)
FN:115,(anonymous_13)
FN:118,(anonymous_14)
FN:119,(anonymous_15)
FN:130,(anonymous_16)
FN:131,(anonymous_17)
FN:138,(anonymous_18)
FN:147,(anonymous_19)
FN:163,(anonymous_20)
FN:165,(anonymous_21)
FN:173,(anonymous_22)
FN:185,(anonymous_23)
FN:190,(anonymous_24)
FN:197,(anonymous_25)
FN:199,(anonymous_26)
FN:221,(anonymous_27)
FNF:28
FNH:0
FNDA:0,useTravelAnimation
FNDA:0,(anonymous_1)
FNDA:0,(anonymous_2)
FNDA:0,(anonymous_3)
FNDA:0,(anonymous_4)
FNDA:0,(anonymous_5)
FNDA:0,(anonymous_6)
FNDA:0,(anonymous_7)
FNDA:0,(anonymous_8)
FNDA:0,(anonymous_9)
FNDA:0,(anonymous_10)
FNDA:0,(anonymous_11)
FNDA:0,(anonymous_12)
FNDA:0,(anonymous_13)
FNDA:0,(anonymous_14)
FNDA:0,(anonymous_15)
FNDA:0,(anonymous_16)
FNDA:0,(anonymous_17)
FNDA:0,(anonymous_18)
FNDA:0,(anonymous_19)
FNDA:0,(anonymous_20)
FNDA:0,(anonymous_21)
FNDA:0,(anonymous_22)
FNDA:0,(anonymous_23)
FNDA:0,(anonymous_24)
FNDA:0,(anonymous_25)
FNDA:0,(anonymous_26)
FNDA:0,(anonymous_27)
DA:6,0
DA:31,0
DA:39,0
DA:43,0
DA:45,0
DA:53,0
DA:54,0
DA:57,0
DA:58,0
DA:59,0
DA:60,0
DA:62,0
DA:63,0
DA:64,0
DA:69,0
DA:73,0
DA:75,0
DA:85,0
DA:86,0
DA:89,0
DA:90,0
DA:96,0
DA:99,0
DA:101,0
DA:110,0
DA:111,0
DA:114,0
DA:115,0
DA:118,0
DA:119,0
DA:130,0
DA:131,0
DA:138,0
DA:142,0
DA:144,0
DA:145,0
DA:147,0
DA:148,0
DA:149,0
DA:150,0
DA:152,0
DA:153,0
DA:154,0
DA:155,0
DA:157,0
DA:163,0
DA:164,0
DA:165,0
DA:173,0
DA:174,0
DA:175,0
DA:185,0
DA:190,0
DA:192,0
DA:195,0
DA:197,0
DA:199,0
DA:201,0
DA:205,0
DA:209,0
DA:221,0
DA:222,0
DA:225,0
DA:245,0
LF:64
LH:0
BRDA:39,0,0,0
BRDA:41,1,0,0
BRDA:42,2,0,0
BRDA:58,3,0,0
BRDA:62,4,0,0
BRDA:70,5,0,0
BRDA:97,6,0,0
BRDA:152,7,0,0
BRDA:152,7,1,0
BRDA:188,8,0,0
BRF:10
BRH:0
end_of_record
TN:
SF:src/hooks/useTravelQuery.ts
FN:10,(anonymous_0)
FN:11,(anonymous_1)
FN:13,(anonymous_2)
FN:14,(anonymous_3)
FN:15,(anonymous_4)
FN:22,useFrogTravels
FN:23,(anonymous_6)
FN:27,(anonymous_7)
FN:41,useTravelHistory
FN:42,(anonymous_9)
FN:46,(anonymous_10)
FN:60,useStartRandomTravel
FN:62,(anonymous_12)
FN:65,(anonymous_13)
FN:76,(anonymous_14)
FN:87,useStartTargetedTravel
FN:91,(anonymous_16)
FN:104,(anonymous_17)
FN:114,usePrefetchTravels
FN:117,(anonymous_19)
FN:120,(anonymous_20)
FNF:21
FNH:0
FNDA:0,(anonymous_0)
FNDA:0,(anonymous_1)
FNDA:0,(anonymous_2)
FNDA:0,(anonymous_3)
FNDA:0,(anonymous_4)
FNDA:0,useFrogTravels
FNDA:0,(anonymous_6)
FNDA:0,(anonymous_7)
FNDA:0,useTravelHistory
FNDA:0,(anonymous_9)
FNDA:0,(anonymous_10)
FNDA:0,useStartRandomTravel
FNDA:0,(anonymous_12)
FNDA:0,(anonymous_13)
FNDA:0,(anonymous_14)
FNDA:0,useStartTargetedTravel
FNDA:0,(anonymous_16)
FNDA:0,(anonymous_17)
FNDA:0,usePrefetchTravels
FNDA:0,(anonymous_19)
FNDA:0,(anonymous_20)
DA:2,0
DA:3,0
DA:4,0
DA:8,0
DA:10,0
DA:12,0
DA:13,0
DA:14,0
DA:16,0
DA:22,0
DA:23,0
DA:25,0
DA:28,0
DA:29,0
DA:30,0
DA:41,0
DA:42,0
DA:44,0
DA:47,0
DA:48,0
DA:49,0
DA:60,0
DA:61,0
DA:62,0
DA:64,0
DA:74,0
DA:78,0
DA:79,0
DA:87,0
DA:88,0
DA:90,0
DA:102,0
DA:105,0
DA:106,0
DA:114,0
DA:115,0
DA:117,0
DA:118,0
DA:120,0
DA:125,0
LF:40
LH:0
BRDA:22,0,0,0
BRDA:32,1,0,0
BRDA:32,1,1,0
BRDA:41,2,0,0
BRDA:51,3,0,0
BRDA:51,3,1,0
BRF:6
BRH:0
end_of_record
TN:
SF:src/hooks/useWallet.ts
FN:30,useWallet
FN:55,(anonymous_1)
FN:72,(anonymous_2)
FN:75,(anonymous_3)
FN:79,(anonymous_4)
FN:83,(anonymous_5)
FN:88,(anonymous_6)
FN:95,(anonymous_7)
FNF:8
FNH:0
FNDA:0,useWallet
FNDA:0,(anonymous_1)
FNDA:0,(anonymous_2)
FNDA:0,(anonymous_3)
FNDA:0,(anonymous_4)
FNDA:0,(anonymous_5)
FNDA:0,(anonymous_6)
FNDA:0,(anonymous_7)
DA:1,0
DA:2,0
DA:3,0
DA:4,0
DA:30,0
DA:31,0
DA:32,0
DA:33,0
DA:34,0
DA:35,0
DA:43,0
DA:46,0
DA:52,0
DA:55,0
DA:56,0
DA:57,0
DA:72,0
DA:73,0
DA:75,0
DA:76,0
DA:79,0
DA:83,0
DA:84,0
DA:88,0
DA:89,0
DA:90,0
DA:91,0
DA:95,0
DA:96,0
DA:97,0
DA:101,0
LF:31
LH:0
BRDA:56,0,0,0
BRDA:56,1,0,0
BRDA:56,1,1,0
BRDA:56,1,2,0
BRDA:59,2,0,0
BRDA:59,2,1,0
BRDA:73,3,0,0
BRDA:96,4,0,0
BRDA:104,5,0,0
BRDA:104,5,1,0
BRDA:109,6,0,0
BRDA:109,6,1,0
BRDA:110,7,0,0
BRDA:110,7,1,0
BRF:14
BRH:0
end_of_record
TN:
SF:src/hooks/useWalletConnect.ts
FN:16,useWalletConnect
FN:21,(anonymous_1)
FN:34,(anonymous_2)
FN:44,(anonymous_3)
FNF:4
FNH:0
FNDA:0,useWalletConnect
FNDA:0,(anonymous_1)
FNDA:0,(anonymous_2)
FNDA:0,(anonymous_3)
DA:1,0
DA:2,0
DA:3,0
DA:4,0
DA:16,0
DA:17,0
DA:18,0
DA:21,0
DA:22,0
DA:23,0
DA:24,0
DA:25,0
DA:27,0
DA:29,0
DA:34,0
DA:35,0
DA:36,0
DA:37,0
DA:39,0
DA:44,0
DA:45,0
DA:48,0
LF:22
LH:0
BRF:0
BRH:0
end_of_record
TN:
SF:src/hooks/useWebSocket.ts
FN:54,useWebSocket
FN:61,(anonymous_1)
FN:72,(anonymous_2)
FN:82,(anonymous_3)
FN:87,(anonymous_4)
FN:91,(anonymous_5)
FN:97,(anonymous_6)
FN:104,(anonymous_7)
FN:111,(anonymous_8)
FN:118,(anonymous_9)
FN:119,(anonymous_10)
FN:131,(anonymous_11)
FN:144,(anonymous_12)
FN:151,(anonymous_13)
FN:169,useTravelEvents
FN:173,(anonymous_15)
FN:178,(anonymous_16)
FN:184,(anonymous_17)
FN:190,(anonymous_18)
FN:196,(anonymous_19)
FNF:20
FNH:0
FNDA:0,useWebSocket
FNDA:0,(anonymous_1)
FNDA:0,(anonymous_2)
FNDA:0,(anonymous_3)
FNDA:0,(anonymous_4)
FNDA:0,(anonymous_5)
FNDA:0,(anonymous_6)
FNDA:0,(anonymous_7)
FNDA:0,(anonymous_8)
FNDA:0,(anonymous_9)
FNDA:0,(anonymous_10)
FNDA:0,(anonymous_11)
FNDA:0,(anonymous_12)
FNDA:0,(anonymous_13)
FNDA:0,useTravelEvents
FNDA:0,(anonymous_15)
FNDA:0,(anonymous_16)
FNDA:0,(anonymous_17)
FNDA:0,(anonymous_18)
FNDA:0,(anonymous_19)
DA:2,0
DA:3,0
DA:4,0
DA:6,0
DA:54,0
DA:55,0
DA:56,0
DA:57,0
DA:58,0
DA:61,0
DA:62,0
DA:70,0
DA:72,0
DA:73,0
DA:74,0
DA:77,0
DA:78,0
DA:82,0
DA:83,0
DA:84,0
DA:87,0
DA:88,0
DA:91,0
DA:92,0
DA:97,0
DA:98,0
DA:99,0
DA:104,0
DA:105,0
DA:106,0
DA:111,0
DA:112,0
DA:113,0
DA:118,0
DA:119,0
DA:121,0
DA:122,0
DA:125,0
DA:126,0
DA:128,0
DA:131,0
DA:132,0
DA:133,0
DA:134,0
DA:135,0
DA:136,0
DA:137,0
DA:144,0
DA:145,0
DA:146,0
DA:151,0
DA:152,0
DA:153,0
DA:157,0
DA:169,0
DA:170,0
DA:171,0
DA:173,0
DA:174,0
DA:176,0
DA:178,0
DA:179,0
DA:180,0
DA:184,0
DA:185,0
DA:186,0
DA:190,0
DA:191,0
DA:192,0
DA:196,0
DA:197,0
DA:198,0
DA:199,0
DA:200,0
DA:204,0
DA:207,0
LF:76
LH:0
BRDA:6,0,0,0
BRDA:6,0,1,0
BRDA:77,1,0,0
BRDA:98,2,0,0
BRDA:98,3,0,0
BRDA:98,3,1,0
BRDA:98,3,2,0
BRDA:105,4,0,0
BRDA:105,5,0,0
BRDA:105,5,1,0
BRDA:112,6,0,0
BRDA:119,7,0,0
BRDA:125,8,0,0
BRDA:134,9,0,0
BRDA:136,10,0,0
BRDA:145,11,0,0
BRDA:152,12,0,0
BRDA:152,13,0,0
BRDA:152,13,1,0
BRDA:174,14,0,0
BRDA:179,15,0,0
BRDA:185,16,0,0
BRDA:191,17,0,0
BRF:23
BRH:0
end_of_record
TN:
SF:src/hooks/useZetaFrog.ts
FN:11,useFrogData
FN:37,useCanTravel
FN:55,useActiveTravel
FN:89,useTravelJournals
FN:110,useTotalSupply
FN:126,useFrogOwner
FN:143,useUserFrogBalance
FN:160,useFrogStatus
FNF:8
FNH:0
FNDA:0,useFrogData
FNDA:0,useCanTravel
FNDA:0,useActiveTravel
FNDA:0,useTravelJournals
FNDA:0,useTotalSupply
FNDA:0,useFrogOwner
FNDA:0,useUserFrogBalance
FNDA:0,useFrogStatus
DA:3,0
DA:4,0
DA:5,0
DA:11,0
DA:12,0
DA:22,0
DA:31,0
DA:37,0
DA:38,0
DA:48,0
DA:55,0
DA:56,0
DA:67,0
DA:76,0
DA:78,0
DA:89,0
DA:90,0
DA:100,0
DA:110,0
DA:111,0
DA:120,0
DA:126,0
DA:127,0
DA:137,0
DA:143,0
DA:144,0
DA:154,0
DA:160,0
DA:161,0
DA:171,0
DA:173,0
DA:179,0
LF:32
LH:0
BRDA:18,0,0,0
BRDA:18,0,1,0
BRDA:22,1,0,0
BRDA:22,1,1,0
BRDA:22,2,0,0
BRDA:22,2,1,0
BRDA:44,3,0,0
BRDA:44,3,1,0
BRDA:62,4,0,0
BRDA:62,4,1,0
BRDA:67,5,0,0
BRDA:67,5,1,0
BRDA:67,6,0,0
BRDA:67,6,1,0
BRDA:76,7,0,0
BRDA:76,7,1,0
BRDA:76,7,2,0
BRDA:79,8,0,0
BRDA:79,8,1,0
BRDA:96,9,0,0
BRDA:96,9,1,0
BRDA:101,10,0,0
BRDA:101,10,1,0
BRDA:120,11,0,0
BRDA:120,11,1,0
BRDA:133,12,0,0
BRDA:133,12,1,0
BRDA:148,13,0,0
BRDA:148,13,1,0
BRDA:150,14,0,0
BRDA:150,14,1,0
BRDA:154,15,0,0
BRDA:154,15,1,0
BRDA:165,16,0,0
BRDA:165,16,1,0
BRDA:167,17,0,0
BRDA:167,17,1,0
BRDA:173,18,0,0
BRDA:173,18,1,0
BRDA:175,19,0,0
BRDA:175,19,1,0
BRDA:175,20,0,0
BRDA:175,20,1,0
BRF:43
BRH:0
end_of_record
TN:
SF:src/services/api.ts
FN:9,(anonymous_0)
FN:26,(anonymous_1)
FN:52,(anonymous_2)
FN:61,(anonymous_3)
FN:68,(anonymous_4)
FN:75,(anonymous_5)
FN:83,(anonymous_6)
FN:92,(anonymous_7)
FN:107,(anonymous_8)
FN:125,(anonymous_9)
FN:138,(anonymous_10)
FN:146,(anonymous_11)
FN:158,(anonymous_12)
FN:166,(anonymous_13)
FN:180,(anonymous_14)
FN:188,(anonymous_15)
FN:199,(anonymous_16)
FN:210,(anonymous_17)
FN:221,(anonymous_18)
FN:229,(anonymous_19)
FN:263,(anonymous_20)
FNF:21
FNH:0
FNDA:0,(anonymous_0)
FNDA:0,(anonymous_1)
FNDA:0,(anonymous_2)
FNDA:0,(anonymous_3)
FNDA:0,(anonymous_4)
FNDA:0,(anonymous_5)
FNDA:0,(anonymous_6)
FNDA:0,(anonymous_7)
FNDA:0,(anonymous_8)
FNDA:0,(anonymous_9)
FNDA:0,(anonymous_10)
FNDA:0,(anonymous_11)
FNDA:0,(anonymous_12)
FNDA:0,(anonymous_13)
FNDA:0,(anonymous_14)
FNDA:0,(anonymous_15)
FNDA:0,(anonymous_16)
FNDA:0,(anonymous_17)
FNDA:0,(anonymous_18)
FNDA:0,(anonymous_19)
FNDA:0,(anonymous_20)
DA:1,0
DA:10,0
DA:12,0
DA:13,0
DA:16,0
DA:17,0
DA:25,0
DA:26,0
DA:27,0
DA:29,0
DA:30,0
DA:31,0
DA:32,0
DA:33,0
DA:37,0
DA:38,0
DA:39,0
DA:42,0
DA:45,0
DA:46,0
DA:49,0
DA:53,0
DA:54,0
DA:55,0
DA:56,0
DA:58,0
DA:62,0
DA:69,0
DA:76,0
DA:84,0
DA:85,0
DA:86,0
DA:93,0
DA:94,0
DA:95,0
DA:97,0
DA:98,0
DA:100,0
DA:108,0
DA:109,0
DA:112,0
DA:113,0
DA:115,0
DA:116,0
DA:118,0
DA:126,0
DA:127,0
DA:128,0
DA:130,0
DA:131,0
DA:139,0
DA:140,0
DA:147,0
DA:148,0
DA:149,0
DA:151,0
DA:152,0
DA:159,0
DA:160,0
DA:167,0
DA:168,0
DA:169,0
DA:170,0
DA:171,0
DA:172,0
DA:174,0
DA:181,0
DA:182,0
DA:189,0
DA:190,0
DA:191,0
DA:193,0
DA:200,0
DA:201,0
DA:202,0
DA:204,0
DA:211,0
DA:212,0
DA:213,0
DA:214,0
DA:215,0
DA:216,0
DA:218,0
DA:222,0
DA:223,0
DA:234,0
DA:235,0
DA:243,0
DA:244,0
DA:247,0
DA:249,0
DA:252,0
DA:253,0
DA:256,0
DA:270,0
DA:271,0
DA:274,0
DA:282,0
DA:283,0
DA:286,0
DA:290,0
DA:291,0
LF:102
LH:0
BRDA:1,0,0,0
BRDA:1,0,1,0
BRDA:12,1,0,0
BRDA:12,2,0,0
BRDA:12,2,1,0
BRDA:13,3,0,0
BRDA:13,3,1,0
BRDA:16,4,0,0
BRDA:16,4,1,0
BRDA:25,5,0,0
BRDA:29,6,0,0
BRDA:30,7,0,0
BRDA:30,7,1,0
BRDA:32,8,0,0
BRDA:45,9,0,0
BRDA:45,10,0,0
BRDA:45,10,1,0
BRDA:45,10,2,0
BRDA:54,11,0,0
BRDA:56,12,0,0
BRDA:56,12,1,0
BRDA:97,13,0,0
BRDA:109,14,0,0
BRDA:109,14,1,0
BRDA:115,15,0,0
BRDA:148,16,0,0
BRDA:167,17,0,0
BRDA:167,17,1,0
BRDA:170,18,0,0
BRDA:182,19,0,0
BRDA:182,19,1,0
BRDA:190,20,0,0
BRDA:191,21,0,0
BRDA:191,21,1,0
BRDA:201,22,0,0
BRDA:202,23,0,0
BRDA:202,23,1,0
BRDA:211,24,0,0
BRDA:211,24,1,0
BRDA:214,25,0,0
BRDA:243,26,0,0
BRDA:244,27,0,0
BRDA:244,27,1,0
BRDA:252,28,0,0
BRDA:270,29,0,0
BRDA:270,30,0,0
BRDA:270,30,1,0
BRDA:282,31,0,0
BRDA:283,32,0,0
BRDA:283,32,1,0
BRF:50
BRH:0
end_of_record
TN:
SF:src/services/appearance.api.ts
FN:72,generateAppearance
FN:88,getAppearance
FN:96,getPendingAppearance
FN:104,confirmAppearance
FN:118,getMetadata
FN:128,getRarityDisplayText
FN:143,getRarityColor
FNF:7
FNH:0
FNDA:0,generateAppearance
FNDA:0,getAppearance
FNDA:0,getPendingAppearance
FNDA:0,confirmAppearance
FNDA:0,getMetadata
FNDA:0,getRarityDisplayText
FNDA:0,getRarityColor
DA:5,0
DA:72,0
DA:77,0
DA:82,0
DA:88,0
DA:89,0
DA:90,0
DA:96,0
DA:97,0
DA:98,0
DA:104,0
DA:108,0
DA:112,0
DA:118,0
DA:119,0
DA:120,0
DA:128,0
DA:129,0
DA:137,0
DA:143,0
DA:144,0
DA:152,0
LF:22
LH:0
BRDA:137,0,0,0
BRDA:137,0,1,0
BRDA:152,1,0,0
BRDA:152,1,1,0
BRF:4
BRH:0
end_of_record
TN:
SF:src/services/chat.api.ts
FN:52,(anonymous_0)
FN:93,(anonymous_1)
FN:101,(anonymous_2)
FN:109,(anonymous_3)
FN:117,(anonymous_4)
FN:131,(anonymous_5)
FN:133,(anonymous_6)
FN:146,(anonymous_7)
FN:189,(anonymous_8)
FNF:9
FNH:0
FNDA:0,(anonymous_0)
FNDA:0,(anonymous_1)
FNDA:0,(anonymous_2)
FNDA:0,(anonymous_3)
FNDA:0,(anonymous_4)
FNDA:0,(anonymous_5)
FNDA:0,(anonymous_6)
FNDA:0,(anonymous_7)
FNDA:0,(anonymous_8)
DA:3,0
DA:48,0
DA:58,0
DA:61,0
DA:63,0
DA:64,0
DA:65,0
DA:66,0
DA:71,0
DA:75,0
DA:76,0
DA:79,0
DA:81,0
DA:87,0
DA:94,0
DA:95,0
DA:102,0
DA:103,0
DA:110,0
DA:111,0
DA:125,0
DA:128,0
DA:129,0
DA:130,0
DA:131,0
DA:132,0
DA:138,0
DA:140,0
DA:147,0
DA:148,0
DA:151,0
DA:152,0
DA:154,0
DA:155,0
DA:158,0
DA:160,0
DA:161,0
DA:162,0
DA:164,0
DA:167,0
DA:168,0
DA:170,0
DA:171,0
DA:172,0
DA:173,0
DA:175,0
DA:176,0
DA:177,0
DA:178,0
DA:179,0
DA:180,0
DA:183,0
DA:190,0
DA:191,0
DA:195,0
LF:55
LH:0
BRDA:63,0,0,0
BRDA:63,1,0,0
BRDA:63,1,1,0
BRDA:65,2,0,0
BRDA:65,3,0,0
BRDA:65,3,1,0
BRDA:75,4,0,0
BRDA:75,5,0,0
BRDA:75,5,1,0
BRDA:130,6,0,0
BRDA:130,7,0,0
BRDA:130,7,1,0
BRDA:132,8,0,0
BRDA:138,9,0,0
BRDA:138,9,1,0
BRDA:147,10,0,0
BRDA:154,11,0,0
BRDA:162,12,0,0
BRDA:168,13,0,0
BRDA:168,13,1,0
BRDA:171,14,0,0
BRDA:175,15,0,0
BRDA:175,15,1,0
BRDA:175,16,0,0
BRDA:175,16,1,0
BRDA:177,17,0,0
BRDA:177,17,1,0
BRDA:177,18,0,0
BRDA:177,18,1,0
BRDA:179,19,0,0
BRDA:179,20,0,0
BRDA:179,20,1,0
BRDA:190,21,0,0
BRDA:190,22,0,0
BRDA:190,22,1,0
BRF:35
BRH:0
end_of_record
TN:
SF:src/services/cross-chain.api.ts
FN:50,getSupportedChains
FN:58,canStartCrossChainTravel
FN:71,createCrossChainTravel
FN:85,notifyCrossChainTravelStarted
FN:96,getCrossChainTravelStatus
FN:106,checkVisitingFrog
FN:119,getActiveCrossChainTravels
FN:127,syncCrossChainState
FNF:8
FNH:0
FNDA:0,getSupportedChains
FNDA:0,canStartCrossChainTravel
FNDA:0,createCrossChainTravel
FNDA:0,notifyCrossChainTravelStarted
FNDA:0,getCrossChainTravelStatus
FNDA:0,checkVisitingFrog
FNDA:0,getActiveCrossChainTravels
FNDA:0,syncCrossChainState
DA:7,0
DA:50,0
DA:51,0
DA:52,0
DA:58,0
DA:62,0
DA:65,0
DA:71,0
DA:78,0
DA:79,0
DA:85,0
DA:90,0
DA:96,0
DA:97,0
DA:100,0
DA:106,0
DA:110,0
DA:113,0
DA:119,0
DA:120,0
DA:121,0
DA:127,0
DA:128,0
LF:23
LH:0
BRF:0
BRH:0
end_of_record
TN:
SF:src/services/garden.api.ts
FN:25,(anonymous_0)
FN:33,(anonymous_1)
FN:44,(anonymous_2)
FN:52,(anonymous_3)
FN:68,(anonymous_4)
FN:75,(anonymous_5)
FN:86,(anonymous_6)
FN:102,(anonymous_7)
FN:109,(anonymous_8)
FN:116,(anonymous_9)
FNF:10
FNH:0
FNDA:0,(anonymous_0)
FNDA:0,(anonymous_1)
FNDA:0,(anonymous_2)
FNDA:0,(anonymous_3)
FNDA:0,(anonymous_4)
FNDA:0,(anonymous_5)
FNDA:0,(anonymous_6)
FNDA:0,(anonymous_7)
FNDA:0,(anonymous_8)
FNDA:0,(anonymous_9)
DA:8,0
DA:26,0
DA:27,0
DA:34,0
DA:38,0
DA:45,0
DA:46,0
DA:58,0
DA:62,0
DA:69,0
DA:76,0
DA:80,0
DA:92,0
DA:96,0
DA:103,0
DA:110,0
DA:117,0
DA:121,0
LF:18
LH:0
BRDA:75,0,0,0
BRDA:75,1,0,0
BRDA:90,2,0,0
BRF:3
BRH:0
end_of_record
TN:
SF:src/services/hibernation.api.ts
FN:40,getHibernationStatus
FN:48,getRevivalCost
FN:61,reviveFrog
FN:69,blessFrog
FNF:4
FNH:0
FNDA:0,getHibernationStatus
FNDA:0,getRevivalCost
FNDA:0,reviveFrog
FNDA:0,blessFrog
DA:6,0
DA:40,0
DA:41,0
DA:42,0
DA:48,0
DA:54,0
DA:55,0
DA:61,0
DA:62,0
DA:63,0
DA:69,0
DA:73,0
DA:76,0
DA:79,0
DA:86,0
LF:15
LH:0
BRF:0
BRH:0
end_of_record
TN:
SF:src/services/home.api.ts
FN:77,(anonymous_0)
FN:85,(anonymous_1)
FN:96,(anonymous_2)
FN:104,(anonymous_3)
FN:120,(anonymous_4)
FN:127,(anonymous_5)
FN:138,(anonymous_6)
FN:152,(anonymous_7)
FN:156,(anonymous_8)
FN:160,(anonymous_9)
FN:171,(anonymous_10)
FN:178,(anonymous_11)
FN:188,(anonymous_12)
FN:198,(anonymous_13)
FN:205,(anonymous_14)
FN:216,(anonymous_15)
FN:227,(anonymous_16)
FN:237,(anonymous_17)
FN:262,(anonymous_18)
FN:286,(anonymous_19)
FN:293,(anonymous_20)
FN:304,(anonymous_21)
FN:316,(anonymous_22)
FN:323,(anonymous_23)
FN:334,(anonymous_24)
FN:346,(anonymous_25)
FN:353,(anonymous_26)
FN:360,(anonymous_27)
FN:371,(anonymous_28)
FNF:29
FNH:0
FNDA:0,(anonymous_0)
FNDA:0,(anonymous_1)
FNDA:0,(anonymous_2)
FNDA:0,(anonymous_3)
FNDA:0,(anonymous_4)
FNDA:0,(anonymous_5)
FNDA:0,(anonymous_6)
FNDA:0,(anonymous_7)
FNDA:0,(anonymous_8)
FNDA:0,(anonymous_9)
FNDA:0,(anonymous_10)
FNDA:0,(anonymous_11)
FNDA:0,(anonymous_12)
FNDA:0,(anonymous_13)
FNDA:0,(anonymous_14)
FNDA:0,(anonymous_15)
FNDA:0,(anonymous_16)
FNDA:0,(anonymous_17)
FNDA:0,(anonymous_18)
FNDA:0,(anonymous_19)
FNDA:0,(anonymous_20)
FNDA:0,(anonymous_21)
FNDA:0,(anonymous_22)
FNDA:0,(anonymous_23)
FNDA:0,(anonymous_24)
FNDA:0,(anonymous_25)
FNDA:0,(anonymous_26)
FNDA:0,(anonymous_27)
FNDA:0,(anonymous_28)
DA:8,0
DA:78,0
DA:79,0
DA:86,0
DA:90,0
DA:97,0
DA:98,0
DA:110,0
DA:114,0
DA:121,0
DA:128,0
DA:132,0
DA:144,0
DA:148,0
DA:153,0
DA:157,0
DA:161,0
DA:172,0
DA:179,0
DA:189,0
DA:199,0
DA:206,0
DA:217,0
DA:221,0
DA:229,0
DA:247,0
DA:263,0
DA:287,0
DA:294,0
DA:305,0
DA:310,0
DA:317,0
DA:324,0
DA:335,0
DA:340,0
DA:347,0
DA:354,0
DA:361,0
DA:372,0
DA:376,0
DA:377,0
DA:380,0
DA:381,0
LF:43
LH:0
BRDA:127,0,0,0
BRDA:127,1,0,0
BRDA:142,2,0,0
BRDA:178,3,0,0
BRDA:198,4,0,0
BRDA:241,5,0,0
BRDA:249,6,0,0
BRDA:249,6,1,0
BRDA:251,7,0,0
BRDA:251,7,1,0
BRDA:262,8,0,0
BRDA:304,9,0,0
BRDA:304,10,0,0
BRDA:304,11,0,0
BRDA:306,12,0,0
BRDA:306,12,1,0
BRDA:334,13,0,0
BRDA:334,14,0,0
BRDA:334,15,0,0
BRDA:336,16,0,0
BRDA:336,16,1,0
BRF:21
BRH:0
end_of_record
TN:
SF:src/services/homestead.api.ts
FN:33,(anonymous_0)
FN:38,(anonymous_1)
FN:46,(anonymous_2)
FN:54,(anonymous_3)
FN:59,(anonymous_4)
FN:66,(anonymous_5)
FN:71,(anonymous_6)
FN:78,(anonymous_7)
FN:88,(anonymous_8)
FN:100,(anonymous_9)
FN:107,(anonymous_10)
FN:117,(anonymous_11)
FN:127,(anonymous_12)
FN:136,(anonymous_13)
FN:143,(anonymous_14)
FN:148,(anonymous_15)
FN:153,(anonymous_16)
FN:158,(anonymous_17)
FNF:18
FNH:0
FNDA:0,(anonymous_0)
FNDA:0,(anonymous_1)
FNDA:0,(anonymous_2)
FNDA:0,(anonymous_3)
FNDA:0,(anonymous_4)
FNDA:0,(anonymous_5)
FNDA:0,(anonymous_6)
FNDA:0,(anonymous_7)
FNDA:0,(anonymous_8)
FNDA:0,(anonymous_9)
FNDA:0,(anonymous_10)
FNDA:0,(anonymous_11)
FNDA:0,(anonymous_12)
FNDA:0,(anonymous_13)
FNDA:0,(anonymous_14)
FNDA:0,(anonymous_15)
FNDA:0,(anonymous_16)
FNDA:0,(anonymous_17)
DA:10,0
DA:31,0
DA:34,0
DA:39,0
DA:47,0
DA:55,0
DA:60,0
DA:67,0
DA:72,0
DA:79,0
DA:84,0
DA:96,0
DA:101,0
DA:108,0
DA:113,0
DA:123,0
DA:132,0
DA:137,0
DA:144,0
DA:149,0
DA:154,0
DA:162,0
DA:166,0
LF:23
LH:0
BRDA:38,0,0,0
BRDA:54,1,0,0
BRDA:78,2,0,0
BRDA:78,3,0,0
BRDA:78,4,0,0
BRDA:80,5,0,0
BRDA:80,5,1,0
BRDA:107,6,0,0
BRDA:107,7,0,0
BRDA:107,8,0,0
BRDA:109,9,0,0
BRDA:109,9,1,0
BRF:12
BRH:0
end_of_record
TN:
SF:src/services/interaction.api.ts
FN:57,(anonymous_0)
FN:68,(anonymous_1)
FN:79,(anonymous_2)
FN:86,(anonymous_3)
FN:96,(anonymous_4)
FN:110,(anonymous_5)
FN:117,(anonymous_6)
FN:132,(anonymous_7)
FNF:8
FNH:0
FNDA:0,(anonymous_0)
FNDA:0,(anonymous_1)
FNDA:0,(anonymous_2)
FNDA:0,(anonymous_3)
FNDA:0,(anonymous_4)
FNDA:0,(anonymous_5)
FNDA:0,(anonymous_6)
FNDA:0,(anonymous_7)
DA:5,0
DA:15,0
DA:58,0
DA:59,0
DA:67,0
DA:68,0
DA:69,0
DA:72,0
DA:73,0
DA:80,0
DA:87,0
DA:101,0
DA:111,0
DA:123,0
DA:137,0
DA:144,0
LF:16
LH:0
BRDA:5,0,0,0
BRDA:5,0,1,0
BRDA:67,1,0,0
BRDA:69,2,0,0
BRDA:69,2,1,0
BRDA:121,3,0,0
BRDA:135,4,0,0
BRF:7
BRH:0
end_of_record
TN:
SF:src/services/ipfs.service.ts
FN:40,uploadToIpfs
FN:96,uploadMetadataToIpfs
FN:151,dataUrlToFile
FN:160,getIpfsGatewayUrl
FN:167,ipfsUriToHttpUrl
FNF:5
FNH:0
FNDA:0,uploadToIpfs
FNDA:0,uploadMetadataToIpfs
FNDA:0,dataUrlToFile
FNDA:0,getIpfsGatewayUrl
FNDA:0,ipfsUriToHttpUrl
DA:10,0
DA:11,0
DA:12,0
DA:14,0
DA:40,0
DA:41,0
DA:43,0
DA:44,0
DA:45,0
DA:52,0
DA:53,0
DA:55,0
DA:58,0
DA:60,0
DA:61,0
DA:72,0
DA:73,0
DA:74,0
DA:77,0
DA:79,0
DA:85,0
DA:86,0
DA:96,0
DA:97,0
DA:98,0
DA:99,0
DA:100,0
DA:107,0
DA:108,0
DA:127,0
DA:128,0
DA:129,0
DA:132,0
DA:134,0
DA:140,0
DA:141,0
DA:151,0
DA:152,0
DA:153,0
DA:154,0
DA:160,0
DA:161,0
DA:167,0
DA:168,0
DA:169,0
DA:170,0
DA:172,0
DA:175,0
DA:183,0
LF:49
LH:0
BRDA:10,0,0,0
BRDA:10,0,1,0
BRDA:11,1,0,0
BRDA:11,1,1,0
BRDA:12,2,0,0
BRDA:12,2,1,0
BRDA:41,3,0,0
BRDA:41,4,0,0
BRDA:41,4,1,0
BRDA:41,4,2,0
BRDA:63,5,0,0
BRDA:63,5,1,0
BRDA:72,6,0,0
BRDA:74,7,0,0
BRDA:74,7,1,0
BRDA:88,8,0,0
BRDA:88,8,1,0
BRDA:97,9,0,0
BRDA:97,10,0,0
BRDA:97,10,1,0
BRDA:97,10,2,0
BRDA:112,11,0,0
BRDA:112,11,1,0
BRDA:127,12,0,0
BRDA:129,13,0,0
BRDA:129,13,1,0
BRDA:143,14,0,0
BRDA:143,14,1,0
BRDA:160,15,0,0
BRDA:168,16,0,0
BRF:30
BRH:0
end_of_record
TN:
SF:src/services/message.api.ts
FN:32,(anonymous_0)
FN:50,(anonymous_1)
FN:67,(anonymous_2)
FN:74,(anonymous_3)
FN:84,(anonymous_4)
FNF:5
FNH:0
FNDA:0,(anonymous_0)
FNDA:0,(anonymous_1)
FNDA:0,(anonymous_2)
FNDA:0,(anonymous_3)
FNDA:0,(anonymous_4)
DA:5,0
DA:32,0
DA:36,0
DA:37,0
DA:38,0
DA:39,0
DA:41,0
DA:44,0
DA:50,0
DA:57,0
DA:61,0
DA:67,0
DA:68,0
DA:74,0
DA:75,0
DA:78,0
DA:84,0
DA:88,0
DA:89,0
DA:90,0
DA:92,0
DA:95,0
LF:22
LH:0
BRDA:37,0,0,0
BRDA:38,1,0,0
BRDA:39,2,0,0
BRDA:89,3,0,0
BRDA:90,4,0,0
BRF:5
BRH:0
end_of_record
TN:
SF:src/services/price.api.ts
FN:57,(anonymous_0)
FN:65,(anonymous_1)
FN:76,(anonymous_2)
FN:84,(anonymous_3)
FNF:4
FNH:0
FNDA:0,(anonymous_0)
FNDA:0,(anonymous_1)
FNDA:0,(anonymous_2)
FNDA:0,(anonymous_3)
DA:3,0
DA:53,0
DA:58,0
DA:59,0
DA:66,0
DA:67,0
DA:70,0
DA:77,0
DA:78,0
DA:85,0
DA:86,0
LF:11
LH:0
BRF:0
BRH:0
end_of_record
TN:
SF:src/services/travel.api.ts
FN:61,(anonymous_0)
FN:71,(anonymous_1)
FN:94,(anonymous_2)
FN:102,(anonymous_3)
FN:110,(anonymous_4)
FN:120,(anonymous_5)
FN:128,(anonymous_6)
FN:138,(anonymous_7)
FN:146,(anonymous_8)
FN:154,(anonymous_9)
FN:176,(anonymous_10)
FN:217,(anonymous_11)
FN:249,(anonymous_12)
FN:286,(anonymous_13)
FNF:14
FNH:0
FNDA:0,(anonymous_0)
FNDA:0,(anonymous_1)
FNDA:0,(anonymous_2)
FNDA:0,(anonymous_3)
FNDA:0,(anonymous_4)
FNDA:0,(anonymous_5)
FNDA:0,(anonymous_6)
FNDA:0,(anonymous_7)
FNDA:0,(anonymous_8)
FNDA:0,(anonymous_9)
FNDA:0,(anonymous_10)
FNDA:0,(anonymous_11)
FNDA:0,(anonymous_12)
FNDA:0,(anonymous_13)
DA:4,0
DA:62,0
DA:65,0
DA:72,0
DA:73,0
DA:77,0
DA:84,0
DA:95,0
DA:96,0
DA:103,0
DA:104,0
DA:111,0
DA:112,0
DA:113,0
DA:114,0
DA:121,0
DA:122,0
DA:129,0
DA:130,0
DA:139,0
DA:140,0
DA:147,0
DA:148,0
DA:155,0
DA:156,0
DA:157,0
DA:164,0
DA:187,0
DA:188,0
DA:194,0
DA:195,0
DA:202,0
DA:207,0
DA:230,0
DA:231,0
DA:232,0
DA:237,0
DA:267,0
DA:268,0
DA:274,0
DA:276,0
DA:302,0
DA:303,0
DA:304,0
DA:306,0
DA:314,0
DA:315,0
LF:47
LH:0
BRDA:71,0,0,0
BRDA:86,1,0,0
BRDA:86,1,1,0
BRDA:96,2,0,0
BRDA:96,2,1,0
BRDA:112,3,0,0
BRDA:122,4,0,0
BRDA:122,4,1,0
BRDA:128,5,0,0
BRDA:130,6,0,0
BRDA:130,6,1,0
BRDA:138,7,0,0
BRDA:140,8,0,0
BRDA:140,8,1,0
BRDA:148,9,0,0
BRDA:148,9,1,0
BRDA:166,10,0,0
BRDA:166,10,1,0
BRDA:179,11,0,0
BRDA:194,12,0,0
BRDA:194,13,0,0
BRDA:194,13,1,0
BRDA:199,14,0,0
BRDA:199,14,1,0
BRDA:204,15,0,0
BRDA:204,15,1,0
BRDA:209,16,0,0
BRDA:209,16,1,0
BRDA:209,16,2,0
BRDA:239,17,0,0
BRDA:239,17,1,0
BRDA:278,18,0,0
BRDA:278,18,1,0
BRDA:278,18,2,0
BRDA:308,19,0,0
BRDA:308,19,1,0
BRDA:308,19,2,0
BRF:37
BRH:0
end_of_record
TN:
SF:src/services/wallet/index.ts
FNF:0
FNH:0
DA:1,0
DA:2,0
DA:3,0
LF:3
LH:0
BRF:0
BRH:0
end_of_record
TN:
SF:src/services/wallet/sessionStore.ts
FN:37,(anonymous_0)
FN:41,(anonymous_1)
FN:45,(anonymous_2)
FN:48,(anonymous_3)
FN:59,(anonymous_4)
FN:63,(anonymous_5)
FN:74,(anonymous_6)
FN:79,(anonymous_7)
FN:91,(anonymous_8)
FN:95,(anonymous_9)
FN:103,(anonymous_10)
FN:112,(anonymous_11)
FN:118,formatAddress
FN:124,formatSessionAge
FNF:14
FNH:0
FNDA:0,(anonymous_0)
FNDA:0,(anonymous_1)
FNDA:0,(anonymous_2)
FNDA:0,(anonymous_3)
FNDA:0,(anonymous_4)
FNDA:0,(anonymous_5)
FNDA:0,(anonymous_6)
FNDA:0,(anonymous_7)
FNDA:0,(anonymous_8)
FNDA:0,(anonymous_9)
FNDA:0,(anonymous_10)
FNDA:0,(anonymous_11)
FNDA:0,formatAddress
FNDA:0,formatSessionAge
DA:1,0
DA:2,0
DA:34,0
DA:37,0
DA:39,0
DA:40,0
DA:42,0
DA:43,0
DA:46,0
DA:49,0
DA:54,0
DA:57,0
DA:59,0
DA:64,0
DA:71,0
DA:75,0
DA:76,0
DA:80,0
DA:81,0
DA:82,0
DA:92,0
DA:96,0
DA:97,0
DA:99,0
DA:100,0
DA:104,0
DA:105,0
DA:106,0
DA:112,0
DA:118,0
DA:119,0
DA:120,0
DA:124,0
DA:125,0
DA:126,0
DA:128,0
DA:129,0
DA:130,0
LF:38
LH:0
BRDA:39,0,0,0
BRDA:39,1,0,0
BRDA:39,1,1,0
BRDA:43,2,0,0
BRDA:43,2,1,0
BRDA:67,3,0,0
BRDA:67,3,1,0
BRDA:81,4,0,0
BRDA:97,5,0,0
BRDA:105,6,0,0
BRDA:118,7,0,0
BRDA:119,8,0,0
BRDA:128,9,0,0
BRDA:129,10,0,0
BRF:14
BRH:0
end_of_record
TN:
SF:src/services/wallet/transactionManager.ts
FN:8,(anonymous_0)
FN:12,(anonymous_1)
FN:20,(anonymous_2)
FN:32,(anonymous_3)
FN:41,(anonymous_4)
FN:43,(anonymous_5)
FN:47,(anonymous_6)
FNF:7
FNH:0
FNDA:0,(anonymous_0)
FNDA:0,(anonymous_1)
FNDA:0,(anonymous_2)
FNDA:0,(anonymous_3)
FNDA:0,(anonymous_4)
FNDA:0,(anonymous_5)
FNDA:0,(anonymous_6)
DA:8,0
DA:10,0
DA:13,0
DA:14,0
DA:16,0
DA:21,0
DA:28,0
DA:33,0
DA:34,0
DA:35,0
DA:36,0
DA:42,0
DA:43,0
DA:48,0
DA:49,0
DA:51,0
DA:52,0
DA:53,0
DA:60,0
LF:19
LH:0
BRDA:13,0,0,0
BRDA:34,1,0,0
BRDA:52,2,0,0
BRF:3
BRH:0
end_of_record
TN:
SF:src/services/wallet/walletConnect.ts
FN:6,(anonymous_0)
FN:14,(anonymous_1)
FN:25,(anonymous_2)
FNF:3
FNH:0
FNDA:0,(anonymous_0)
FNDA:0,(anonymous_1)
FNDA:0,(anonymous_2)
DA:3,0
DA:7,0
DA:8,0
DA:10,0
DA:15,0
DA:16,0
DA:19,0
DA:20,0
DA:26,0
DA:27,0
DA:30,0
DA:36,0
LF:12
LH:0
BRDA:7,0,0,0
BRF:1
BRH:0
end_of_record
TN:
SF:src/stores/communityStore.ts
FN:54,(anonymous_0)
FN:59,(anonymous_1)
FN:61,(anonymous_2)
FN:63,(anonymous_3)
FN:63,(anonymous_4)
FN:67,(anonymous_5)
FN:67,(anonymous_6)
FN:68,(anonymous_7)
FN:75,(anonymous_8)
FN:79,(anonymous_9)
FNF:10
FNH:0
FNDA:0,(anonymous_0)
FNDA:0,(anonymous_1)
FNDA:0,(anonymous_2)
FNDA:0,(anonymous_3)
FNDA:0,(anonymous_4)
FNDA:0,(anonymous_5)
FNDA:0,(anonymous_6)
FNDA:0,(anonymous_7)
FNDA:0,(anonymous_8)
FNDA:0,(anonymous_9)
DA:1,0
DA:2,0
DA:42,0
DA:52,0
DA:54,0
DA:59,0
DA:61,0
DA:63,0
DA:67,0
DA:68,0
DA:75,0
DA:79,0
LF:12
LH:0
BRDA:70,0,0,0
BRDA:70,0,1,0
BRF:2
BRH:0
end_of_record
TN:
SF:src/stores/floatUIStore.ts
FN:35,(anonymous_0)
FN:44,(anonymous_1)
FN:44,(anonymous_2)
FN:49,(anonymous_3)
FN:51,(anonymous_4)
FN:51,(anonymous_5)
FN:56,(anonymous_6)
FN:58,(anonymous_7)
FN:60,(anonymous_8)
FN:62,(anonymous_9)
FN:71,(anonymous_10)
FNF:11
FNH:0
FNDA:0,(anonymous_0)
FNDA:0,(anonymous_1)
FNDA:0,(anonymous_2)
FNDA:0,(anonymous_3)
FNDA:0,(anonymous_4)
FNDA:0,(anonymous_5)
FNDA:0,(anonymous_6)
FNDA:0,(anonymous_7)
FNDA:0,(anonymous_8)
FNDA:0,(anonymous_9)
FNDA:0,(anonymous_10)
DA:1,0
DA:2,0
DA:25,0
DA:26,0
DA:27,0
DA:33,0
DA:35,0
DA:44,0
DA:49,0
DA:51,0
DA:56,0
DA:58,0
DA:60,0
DA:62,0
DA:71,0
LF:15
LH:0
BRF:0
BRH:0
end_of_record
TN:
SF:src/stores/friendDataStore.ts
FN:62,(anonymous_0)
FN:72,(anonymous_1)
FN:74,(anonymous_2)
FN:74,(anonymous_3)
FN:78,(anonymous_4)
FN:78,(anonymous_5)
FN:79,(anonymous_6)
FN:82,(anonymous_7)
FN:82,(anonymous_8)
FN:83,(anonymous_9)
FN:89,(anonymous_10)
FN:94,(anonymous_11)
FN:94,(anonymous_12)
FN:99,(anonymous_13)
FN:99,(anonymous_14)
FN:100,(anonymous_15)
FN:105,(anonymous_16)
FN:106,(anonymous_17)
FN:107,(anonymous_18)
FN:107,(anonymous_19)
FN:108,(anonymous_20)
FN:111,(anonymous_21)
FN:112,(anonymous_22)
FN:115,(anonymous_23)
FN:129,(anonymous_24)
FNF:25
FNH:0
FNDA:0,(anonymous_0)
FNDA:0,(anonymous_1)
FNDA:0,(anonymous_2)
FNDA:0,(anonymous_3)
FNDA:0,(anonymous_4)
FNDA:0,(anonymous_5)
FNDA:0,(anonymous_6)
FNDA:0,(anonymous_7)
FNDA:0,(anonymous_8)
FNDA:0,(anonymous_9)
FNDA:0,(anonymous_10)
FNDA:0,(anonymous_11)
FNDA:0,(anonymous_12)
FNDA:0,(anonymous_13)
FNDA:0,(anonymous_14)
FNDA:0,(anonymous_15)
FNDA:0,(anonymous_16)
FNDA:0,(anonymous_17)
FNDA:0,(anonymous_18)
FNDA:0,(anonymous_19)
FNDA:0,(anonymous_20)
FNDA:0,(anonymous_21)
FNDA:0,(anonymous_22)
FNDA:0,(anonymous_23)
FNDA:0,(anonymous_24)
DA:1,0
DA:3,0
DA:62,0
DA:72,0
DA:74,0
DA:78,0
DA:79,0
DA:82,0
DA:84,0
DA:89,0
DA:94,0
DA:99,0
DA:100,0
DA:105,0
DA:106,0
DA:107,0
DA:108,0
DA:111,0
DA:112,0
DA:116,0
DA:117,0
DA:118,0
DA:119,0
DA:120,0
DA:122,0
DA:125,0
DA:130,0
DA:131,0
DA:132,0
DA:133,0
DA:134,0
DA:140,0
LF:32
LH:0
BRDA:84,0,0,0
BRDA:84,0,1,0
BRDA:119,1,0,0
BRDA:119,1,1,0
BRDA:120,2,0,0
BRDA:120,2,1,0
BRDA:122,3,0,0
BRDA:122,3,1,0
BRDA:132,4,0,0
BRDA:133,5,0,0
BRDA:133,5,1,0
BRF:11
BRH:0
end_of_record
TN:
SF:src/stores/friendFloatStore.ts
FN:42,(anonymous_0)
FN:54,(anonymous_1)
FN:54,(anonymous_2)
FN:59,(anonymous_3)
FN:61,(anonymous_4)
FN:61,(anonymous_5)
FN:66,(anonymous_6)
FN:68,(anonymous_7)
FN:70,(anonymous_8)
FN:72,(anonymous_9)
FN:79,(anonymous_10)
FN:81,(anonymous_11)
FN:83,(anonymous_12)
FN:85,(anonymous_13)
FN:85,(anonymous_14)
FN:89,(anonymous_15)
FNF:16
FNH:0
FNDA:0,(anonymous_0)
FNDA:0,(anonymous_1)
FNDA:0,(anonymous_2)
FNDA:0,(anonymous_3)
FNDA:0,(anonymous_4)
FNDA:0,(anonymous_5)
FNDA:0,(anonymous_6)
FNDA:0,(anonymous_7)
FNDA:0,(anonymous_8)
FNDA:0,(anonymous_9)
FNDA:0,(anonymous_10)
FNDA:0,(anonymous_11)
FNDA:0,(anonymous_12)
FNDA:0,(anonymous_13)
FNDA:0,(anonymous_14)
FNDA:0,(anonymous_15)
DA:1,0
DA:2,0
DA:36,0
DA:37,0
DA:38,0
DA:40,0
DA:42,0
DA:54,0
DA:59,0
DA:61,0
DA:66,0
DA:68,0
DA:70,0
DA:72,0
DA:79,0
DA:81,0
DA:83,0
DA:85,0
DA:89,0
DA:99,0
LF:20
LH:0
BRF:0
BRH:0
end_of_record
TN:
SF:src/stores/frogStore.ts
FN:19,(anonymous_0)
FN:24,(anonymous_1)
FN:26,(anonymous_2)
FN:26,(anonymous_3)
FN:30,(anonymous_4)
FN:32,(anonymous_5)
FN:32,(anonymous_6)
FN:33,(anonymous_7)
FN:41,(anonymous_8)
FN:43,(anonymous_9)
FN:43,(anonymous_10)
FNF:11
FNH:0
FNDA:0,(anonymous_0)
FNDA:0,(anonymous_1)
FNDA:0,(anonymous_2)
FNDA:0,(anonymous_3)
FNDA:0,(anonymous_4)
FNDA:0,(anonymous_5)
FNDA:0,(anonymous_6)
FNDA:0,(anonymous_7)
FNDA:0,(anonymous_8)
FNDA:0,(anonymous_9)
FNDA:0,(anonymous_10)
DA:1,0
DA:19,0
DA:24,0
DA:26,0
DA:30,0
DA:32,0
DA:34,0
DA:41,0
DA:43,0
DA:44,0
DA:45,0
LF:11
LH:0
BRDA:34,0,0,0
BRDA:34,0,1,0
BRDA:36,1,0,0
BRDA:36,1,1,0
BRF:4
BRH:0
end_of_record
TN:
SF:src/stores/travelStore.ts
FN:37,(anonymous_0)
FN:40,(anonymous_1)
FN:42,(anonymous_2)
FN:44,(anonymous_3)
FN:44,(anonymous_4)
FN:48,(anonymous_5)
FN:48,(anonymous_6)
FN:49,(anonymous_7)
FN:52,(anonymous_8)
FN:60,(anonymous_9)
FN:60,(anonymous_10)
FN:61,(anonymous_11)
FN:64,(anonymous_12)
FN:66,(anonymous_13)
FN:68,(anonymous_14)
FN:70,(anonymous_15)
FN:74,(anonymous_16)
FN:75,(anonymous_17)
FN:76,(anonymous_18)
FN:77,(anonymous_19)
FN:78,(anonymous_20)
FNF:21
FNH:0
FNDA:0,(anonymous_0)
FNDA:0,(anonymous_1)
FNDA:0,(anonymous_2)
FNDA:0,(anonymous_3)
FNDA:0,(anonymous_4)
FNDA:0,(anonymous_5)
FNDA:0,(anonymous_6)
FNDA:0,(anonymous_7)
FNDA:0,(anonymous_8)
FNDA:0,(anonymous_9)
FNDA:0,(anonymous_10)
FNDA:0,(anonymous_11)
FNDA:0,(anonymous_12)
FNDA:0,(anonymous_13)
FNDA:0,(anonymous_14)
FNDA:0,(anonymous_15)
FNDA:0,(anonymous_16)
FNDA:0,(anonymous_17)
FNDA:0,(anonymous_18)
FNDA:0,(anonymous_19)
FNDA:0,(anonymous_20)
DA:2,0
DA:29,0
DA:37,0
DA:40,0
DA:42,0
DA:44,0
DA:48,0
DA:50,0
DA:53,0
DA:60,0
DA:61,0
DA:64,0
DA:66,0
DA:68,0
DA:70,0
DA:74,0
DA:75,0
DA:76,0
DA:77,0
DA:78,0
LF:20
LH:0
BRDA:50,0,0,0
BRDA:50,0,1,0
BRDA:53,1,0,0
BRDA:53,1,1,0
BRDA:55,2,0,0
BRDA:55,2,1,0
BRF:6
BRH:0
end_of_record
TN:
SF:src/types/frogAnimation.ts
FN:1,(anonymous_0)
FN:29,(anonymous_1)
FNF:2
FNH:0
FNDA:0,(anonymous_0)
FNDA:0,(anonymous_1)
DA:1,0
DA:3,0
DA:4,0
DA:5,0
DA:6,0
DA:7,0
DA:10,0
DA:11,0
DA:12,0
DA:15,0
DA:16,0
DA:17,0
DA:18,0
DA:19,0
DA:20,0
DA:23,0
DA:24,0
DA:25,0
DA:26,0
DA:29,0
DA:30,0
DA:31,0
DA:32,0
DA:33,0
DA:34,0
LF:25
LH:0
BRDA:1,0,0,0
BRDA:1,0,1,0
BRDA:29,1,0,0
BRDA:29,1,1,0
BRF:4
BRH:0
end_of_record
TN:
SF:src/types/garden.ts
FN:144,getFriendshipLevel
FN:145,(anonymous_1)
FNF:2
FNH:0
FNDA:0,getFriendshipLevel
FNDA:0,(anonymous_1)
DA:45,0
DA:68,0
DA:85,0
DA:106,0
DA:136,0
DA:144,0
DA:145,0
LF:7
LH:0
BRDA:145,0,0,0
BRDA:145,0,1,0
BRDA:145,1,0,0
BRDA:145,1,1,0
BRF:4
BRH:0
end_of_record
TN:
SF:src/types/index.ts
FN:3,(anonymous_0)
FN:10,(anonymous_1)
FN:18,(anonymous_2)
FNF:3
FNH:0
FNDA:0,(anonymous_0)
FNDA:0,(anonymous_1)
FNDA:0,(anonymous_2)
DA:3,0
DA:4,0
DA:5,0
DA:6,0
DA:7,0
DA:10,0
DA:11,0
DA:12,0
DA:13,0
DA:14,0
DA:15,0
DA:18,0
DA:19,0
DA:20,0
DA:21,0
DA:22,0
DA:23,0
LF:17
LH:0
BRDA:3,0,0,0
BRDA:3,0,1,0
BRDA:10,1,0,0
BRDA:10,1,1,0
BRDA:18,2,0,0
BRDA:18,2,1,0
BRF:6
BRH:0
end_of_record
TN:
SF:src/utils/PetManager.ts
FN:9,(anonymous_0)
FN:20,(anonymous_1)
FN:32,(anonymous_2)
FNF:3
FNH:0
FNDA:0,(anonymous_0)
FNDA:0,(anonymous_1)
FNDA:0,(anonymous_2)
DA:1,0
DA:2,0
DA:4,0
DA:10,0
DA:11,0
DA:13,0
DA:21,0
DA:22,0
DA:24,0
DA:33,0
DA:34,0
DA:36,0
LF:12
LH:0
BRF:0
BRH:0
end_of_record
TN:
SF:src/utils/tauriNative.ts
FN:7,isTauriEnvironment
FN:17,setClickThrough
FN:27,(anonymous_11)
FN:42,checkClickThroughSupport
FN:48,(anonymous_13)
FN:59,spawnNewPet
FN:66,(anonymous_15)
FN:77,saveAppState
FN:83,(anonymous_17)
FNF:9
FNH:0
FNDA:0,isTauriEnvironment
FNDA:0,setClickThrough
FNDA:0,(anonymous_11)
FNDA:0,checkClickThroughSupport
FNDA:0,(anonymous_13)
FNDA:0,spawnNewPet
FNDA:0,(anonymous_15)
FNDA:0,saveAppState
FNDA:0,(anonymous_17)
DA:7,0
DA:8,0
DA:17,0
DA:21,0
DA:22,0
DA:23,0
DA:26,0
DA:27,0
DA:28,0
DA:32,0
DA:34,0
DA:35,0
DA:42,0
DA:43,0
DA:44,0
DA:47,0
DA:48,0
DA:49,0
DA:51,0
DA:52,0
DA:59,0
DA:60,0
DA:61,0
DA:62,0
DA:65,0
DA:66,0
DA:67,0
DA:69,0
DA:70,0
DA:77,0
DA:78,0
DA:79,0
DA:82,0
DA:83,0
DA:84,0
DA:86,0
LF:36
LH:0
BRDA:8,0,0,0
BRDA:8,0,1,0
BRDA:21,1,0,0
BRDA:29,2,0,0
BRDA:29,2,1,0
BRDA:32,3,0,0
BRDA:32,3,1,0
BRDA:43,4,0,0
BRDA:60,5,0,0
BRDA:78,6,0,0
BRF:10
BRH:0
end_of_record
TN:
SF:src/utils/webVitals.ts
FN:27,initWebVitals
FN:37,getPerformanceSummary
FNF:2
FNH:0
FNDA:0,initWebVitals
FNDA:0,getPerformanceSummary
DA:27,0
DA:31,0
DA:37,0
DA:38,0
LF:4
LH:0
BRDA:29,0,0,0
BRF:1
BRH:0
end_of_record
