TN:
SF:src/check_badges.ts
FN:4,checkBadges
FNF:1
FNH:0
FNDA:0,checkBadges
DA:2,0
DA:5,0
DA:6,0
DA:7,0
DA:8,0
DA:9,0
DA:11,0
DA:14,0
DA:16,0
DA:20,0
LF:10
LH:0
BRDA:8,0,0,0
BRDA:8,0,1,0
BRF:2
BRH:0
end_of_record
TN:
SF:src/database.ts
FNF:0
FNH:0
DA:1,0
DA:3,0
LF:2
LH:0
BRF:0
BRH:0
end_of_record
TN:
SF:src/index.ts
FN:60,(anonymous_1)
FN:96,(anonymous_2)
FN:118,(anonymous_3)
FN:146,(anonymous_4)
FN:148,(anonymous_5)
FN:154,(anonymous_6)
FN:156,(anonymous_7)
FNF:7
FNH:0
FNDA:0,(anonymous_1)
FNDA:0,(anonymous_2)
FNDA:0,(anonymous_3)
FNDA:0,(anonymous_4)
FNDA:0,(anonymous_5)
FNDA:0,(anonymous_6)
FNDA:0,(anonymous_7)
DA:2,0
DA:3,0
DA:4,0
DA:5,0
DA:7,0
DA:8,0
DA:9,0
DA:10,0
DA:11,0
DA:12,0
DA:13,0
DA:14,0
DA:15,0
DA:17,0
DA:18,0
DA:19,0
DA:20,0
DA:21,0
DA:22,0
DA:23,0
DA:24,0
DA:25,0
DA:26,0
DA:27,0
DA:28,0
DA:29,0
DA:30,0
DA:31,0
DA:32,0
DA:33,0
DA:34,0
DA:35,0
DA:36,0
DA:37,0
DA:38,0
DA:39,0
DA:40,0
DA:41,0
DA:42,0
DA:45,0
DA:46,0
DA:49,0
DA:52,0
DA:53,0
DA:57,0
DA:60,0
DA:61,0
DA:62,0
DA:66,0
DA:67,0
DA:68,0
DA:69,0
DA:70,0
DA:71,0
DA:72,0
DA:73,0
DA:74,0
DA:75,0
DA:76,0
DA:77,0
DA:78,0
DA:79,0
DA:80,0
DA:81,0
DA:82,0
DA:83,0
DA:84,0
DA:85,0
DA:86,0
DA:87,0
DA:88,0
DA:89,0
DA:90,0
DA:91,0
DA:96,0
DA:97,0
DA:109,0
DA:112,0
DA:115,0
DA:118,0
DA:119,0
DA:120,0
DA:121,0
DA:122,0
DA:125,0
DA:128,0
DA:129,0
DA:130,0
DA:133,0
DA:134,0
DA:137,0
DA:139,0
DA:141,0
DA:146,0
DA:147,0
DA:148,0
DA:149,0
DA:150,0
DA:154,0
DA:155,0
DA:156,0
DA:157,0
DA:158,0
LF:103
LH:0
BRF:0
BRH:0
end_of_record
TN:
SF:src/test_badge_unlock.ts
FN:6,testUnlock
FN:53,(anonymous_1)
FN:58,(anonymous_2)
FNF:3
FNH:0
FNDA:0,testUnlock
FNDA:0,(anonymous_1)
FNDA:0,(anonymous_2)
DA:2,0
DA:3,0
DA:7,0
DA:10,0
DA:11,0
DA:12,0
DA:13,0
DA:15,0
DA:19,0
DA:20,0
DA:21,0
DA:27,0
DA:28,0
DA:32,0
DA:38,0
DA:39,0
DA:42,0
DA:43,0
DA:49,0
DA:52,0
DA:53,0
DA:56,0
DA:58,0
LF:23
LH:0
BRDA:11,0,0,0
BRDA:20,1,0,0
BRDA:27,2,0,0
BRDA:39,3,0,0
BRDA:39,3,1,0
BRF:5
BRH:0
end_of_record
TN:
SF:src/api/routes/address.routes.ts
FN:14,(anonymous_0)
FN:56,(anonymous_1)
FNF:2
FNH:0
FNDA:0,(anonymous_0)
FNDA:0,(anonymous_1)
DA:4,0
DA:5,0
DA:6,0
DA:8,0
DA:14,0
DA:15,0
DA:16,0
DA:18,0
DA:19,0
DA:25,0
DA:27,0
DA:29,0
DA:31,0
DA:43,0
DA:44,0
DA:56,0
DA:57,0
DA:58,0
DA:59,0
DA:61,0
DA:62,0
DA:72,0
DA:81,0
DA:82,0
DA:89,0
LF:25
LH:0
BRDA:18,0,0,0
BRDA:18,1,0,0
BRDA:18,1,1,0
BRDA:25,2,0,0
BRDA:25,2,1,0
BRDA:61,3,0,0
BRDA:61,3,1,0
BRF:7
BRH:0
end_of_record
TN:
SF:src/api/routes/admin.routes.ts
FN:15,(anonymous_9)
FN:51,(anonymous_10)
FN:60,(anonymous_11)
FN:63,(anonymous_12)
FN:70,(anonymous_13)
FN:81,(anonymous_14)
FN:115,(anonymous_15)
FN:130,(anonymous_16)
FN:144,(anonymous_17)
FN:208,(anonymous_18)
FN:219,(anonymous_19)
FN:230,(anonymous_20)
FN:242,(anonymous_21)
FN:254,(anonymous_22)
FN:264,(anonymous_23)
FN:282,(anonymous_24)
FN:294,(anonymous_25)
FN:315,(anonymous_26)
FN:334,(anonymous_27)
FN:368,(anonymous_28)
FN:382,(anonymous_29)
FN:405,(anonymous_30)
FN:426,(anonymous_31)
FN:439,checkChainStatus
FN:447,(anonymous_33)
FN:455,(anonymous_34)
FN:455,(anonymous_35)
FN:467,getContractInfo
FN:516,verifyContracts
FN:581,syncEnvConfig
FN:607,(anonymous_39)
FN:620,(anonymous_40)
FN:633,(anonymous_41)
FNF:33
FNH:0
FNDA:0,(anonymous_9)
FNDA:0,(anonymous_10)
FNDA:0,(anonymous_11)
FNDA:0,(anonymous_12)
FNDA:0,(anonymous_13)
FNDA:0,(anonymous_14)
FNDA:0,(anonymous_15)
FNDA:0,(anonymous_16)
FNDA:0,(anonymous_17)
FNDA:0,(anonymous_18)
FNDA:0,(anonymous_19)
FNDA:0,(anonymous_20)
FNDA:0,(anonymous_21)
FNDA:0,(anonymous_22)
FNDA:0,(anonymous_23)
FNDA:0,(anonymous_24)
FNDA:0,(anonymous_25)
FNDA:0,(anonymous_26)
FNDA:0,(anonymous_27)
FNDA:0,(anonymous_28)
FNDA:0,(anonymous_29)
FNDA:0,(anonymous_30)
FNDA:0,(anonymous_31)
FNDA:0,checkChainStatus
FNDA:0,(anonymous_33)
FNDA:0,(anonymous_34)
FNDA:0,(anonymous_35)
FNDA:0,getContractInfo
FNDA:0,verifyContracts
FNDA:0,syncEnvConfig
FNDA:0,(anonymous_39)
FNDA:0,(anonymous_40)
FNDA:0,(anonymous_41)
DA:5,0
DA:6,0
DA:7,0
DA:8,0
DA:9,0
DA:11,0
DA:12,0
DA:15,0
DA:16,0
DA:18,0
DA:27,0
DA:33,0
DA:36,0
DA:38,0
DA:45,0
DA:46,0
DA:51,0
DA:52,0
DA:53,0
DA:54,0
DA:56,0
DA:60,0
DA:61,0
DA:62,0
DA:63,0
DA:64,0
DA:66,0
DA:70,0
DA:71,0
DA:72,0
DA:73,0
DA:74,0
DA:76,0
DA:81,0
DA:82,0
DA:83,0
DA:84,0
DA:86,0
DA:87,0
DA:88,0
DA:89,0
DA:90,0
DA:91,0
DA:92,0
DA:95,0
DA:96,0
DA:99,0
DA:109,0
DA:111,0
DA:115,0
DA:116,0
DA:117,0
DA:121,0
DA:122,0
DA:124,0
DA:126,0
DA:130,0
DA:131,0
DA:132,0
DA:133,0
DA:137,0
DA:139,0
DA:144,0
DA:145,0
DA:146,0
DA:149,0
DA:150,0
DA:151,0
DA:155,0
DA:156,0
DA:160,0
DA:161,0
DA:162,0
DA:164,0
DA:165,0
DA:168,0
DA:169,0
DA:171,0
DA:172,0
DA:175,0
DA:176,0
DA:179,0
DA:185,0
DA:196,0
DA:202,0
DA:203,0
DA:208,0
DA:209,0
DA:210,0
DA:213,0
DA:215,0
DA:219,0
DA:220,0
DA:221,0
DA:224,0
DA:226,0
DA:230,0
DA:231,0
DA:232,0
DA:236,0
DA:238,0
DA:242,0
DA:243,0
DA:244,0
DA:247,0
DA:249,0
DA:254,0
DA:255,0
DA:256,0
DA:264,0
DA:276,0
DA:278,0
DA:282,0
DA:283,0
DA:284,0
DA:287,0
DA:289,0
DA:294,0
DA:295,0
DA:296,0
DA:297,0
DA:299,0
DA:300,0
DA:301,0
DA:304,0
DA:315,0
DA:327,0
DA:329,0
DA:334,0
DA:335,0
DA:336,0
DA:345,0
DA:346,0
DA:349,0
DA:368,0
DA:376,0
DA:378,0
DA:382,0
DA:383,0
DA:384,0
DA:393,0
DA:398,0
DA:400,0
DA:405,0
DA:406,0
DA:407,0
DA:420,0
DA:422,0
DA:426,0
DA:427,0
DA:428,0
DA:431,0
DA:433,0
DA:440,0
DA:446,0
DA:448,0
DA:449,0
DA:450,0
DA:452,0
DA:453,0
DA:455,0
DA:457,0
DA:459,0
DA:464,0
DA:468,0
DA:517,0
DA:520,0
DA:521,0
DA:522,0
DA:523,0
DA:524,0
DA:526,0
DA:527,0
DA:529,0
DA:535,0
DA:541,0
DA:546,0
DA:547,0
DA:548,0
DA:549,0
DA:550,0
DA:552,0
DA:553,0
DA:554,0
DA:556,0
DA:562,0
DA:568,0
DA:574,0
DA:578,0
DA:583,0
DA:584,0
DA:585,0
DA:586,0
DA:587,0
DA:588,0
DA:589,0
DA:590,0
DA:592,0
DA:595,0
DA:601,0
DA:607,0
DA:608,0
DA:609,0
DA:610,0
DA:612,0
DA:620,0
DA:621,0
DA:622,0
DA:623,0
DA:625,0
DA:633,0
DA:634,0
DA:635,0
DA:636,0
DA:638,0
DA:639,0
DA:641,0
DA:645,0
LF:218
LH:0
BRDA:83,0,0,0
BRDA:83,1,0,0
BRDA:87,2,0,0
BRDA:89,3,0,0
BRDA:89,3,1,0
BRDA:91,4,0,0
BRDA:95,5,0,0
BRDA:121,6,0,0
BRDA:150,7,0,0
BRDA:155,8,0,0
BRDA:155,9,0,0
BRDA:155,9,1,0
BRDA:164,10,0,0
BRDA:164,11,0,0
BRDA:164,11,1,0
BRDA:164,11,2,0
BRDA:203,12,0,0
BRDA:203,12,1,0
BRDA:296,13,0,0
BRDA:296,14,0,0
BRDA:300,15,0,0
BRDA:345,16,0,0
BRDA:409,17,0,0
BRDA:409,17,1,0
BRDA:410,18,0,0
BRDA:410,18,1,0
BRDA:411,19,0,0
BRDA:411,19,1,0
BRDA:414,20,0,0
BRDA:414,20,1,0
BRDA:415,21,0,0
BRDA:415,21,1,0
BRDA:416,22,0,0
BRDA:416,22,1,0
BRDA:417,23,0,0
BRDA:417,23,1,0
BRDA:449,24,0,0
BRDA:472,25,0,0
BRDA:472,25,1,0
BRDA:479,26,0,0
BRDA:479,26,1,0
BRDA:487,27,0,0
BRDA:487,27,1,0
BRDA:495,28,0,0
BRDA:495,28,1,0
BRDA:502,29,0,0
BRDA:502,29,1,0
BRDA:509,30,0,0
BRDA:509,30,1,0
BRDA:520,31,0,0
BRDA:520,32,0,0
BRDA:520,32,1,0
BRDA:531,33,0,0
BRDA:531,33,1,0
BRDA:532,34,0,0
BRDA:532,34,1,0
BRDA:537,35,0,0
BRDA:537,35,1,0
BRDA:538,36,0,0
BRDA:538,36,1,0
BRDA:546,37,0,0
BRDA:546,38,0,0
BRDA:546,38,1,0
BRDA:559,39,0,0
BRDA:559,39,1,0
BRDA:565,40,0,0
BRDA:565,40,1,0
BRDA:571,41,0,0
BRDA:571,41,1,0
BRDA:584,42,0,0
BRDA:589,43,0,0
BRDA:589,43,1,0
BRDA:635,44,0,0
BRDA:641,45,0,0
BRDA:641,45,1,0
BRF:75
BRH:0
end_of_record
TN:
SF:src/api/routes/appearance.routes.ts
FN:33,(anonymous_0)
FN:131,(anonymous_1)
FN:181,(anonymous_2)
FN:216,(anonymous_3)
FN:279,(anonymous_4)
FNF:5
FNH:0
FNDA:0,(anonymous_0)
FNDA:0,(anonymous_1)
FNDA:0,(anonymous_2)
FNDA:0,(anonymous_3)
FNDA:0,(anonymous_4)
DA:7,0
DA:8,0
DA:9,0
DA:22,0
DA:24,0
DA:33,0
DA:34,0
DA:35,0
DA:38,0
DA:39,0
DA:46,0
DA:47,0
DA:54,0
DA:55,0
DA:56,0
DA:57,0
DA:65,0
DA:69,0
DA:70,0
DA:78,0
DA:84,0
DA:94,0
DA:97,0
DA:100,0
DA:101,0
DA:102,0
DA:110,0
DA:111,0
DA:117,0
DA:131,0
DA:132,0
DA:133,0
DA:135,0
DA:136,0
DA:142,0
DA:153,0
DA:154,0
DA:160,0
DA:165,0
DA:168,0
DA:169,0
DA:181,0
DA:182,0
DA:183,0
DA:185,0
DA:186,0
DA:192,0
DA:194,0
DA:201,0
DA:202,0
DA:216,0
DA:217,0
DA:218,0
DA:220,0
DA:221,0
DA:227,0
DA:236,0
DA:237,0
DA:243,0
DA:245,0
DA:254,0
DA:260,0
DA:263,0
DA:264,0
DA:279,0
DA:280,0
DA:281,0
DA:283,0
DA:284,0
DA:291,0
DA:293,0
DA:294,0
DA:301,0
DA:313,0
DA:315,0
DA:317,0
DA:323,0
DA:324,0
DA:331,0
LF:79
LH:0
BRDA:38,0,0,0
BRDA:46,1,0,0
BRDA:54,2,0,0
BRDA:54,3,0,0
BRDA:54,3,1,0
BRDA:56,4,0,0
BRDA:69,5,0,0
BRDA:69,6,0,0
BRDA:69,6,1,0
BRDA:100,7,0,0
BRDA:110,8,0,0
BRDA:135,9,0,0
BRDA:153,10,0,0
BRDA:185,11,0,0
BRDA:197,12,0,0
BRDA:197,12,1,0
BRDA:220,13,0,0
BRDA:236,14,0,0
BRDA:243,15,0,0
BRDA:283,16,0,0
BRDA:283,17,0,0
BRDA:283,17,1,0
BRDA:293,18,0,0
BRF:23
BRH:0
end_of_record
TN:
SF:src/api/routes/badge.routes.ts
FN:19,(anonymous_0)
FN:60,(anonymous_1)
FN:71,(anonymous_2)
FN:90,(anonymous_3)
FN:101,(anonymous_4)
FN:122,(anonymous_5)
FN:145,(anonymous_6)
FN:169,(anonymous_7)
FN:194,(anonymous_8)
FN:218,(anonymous_9)
FN:255,(anonymous_10)
FN:271,(anonymous_11)
FN:298,(anonymous_12)
FNF:13
FNH:0
FNDA:0,(anonymous_0)
FNDA:0,(anonymous_1)
FNDA:0,(anonymous_2)
FNDA:0,(anonymous_3)
FNDA:0,(anonymous_4)
FNDA:0,(anonymous_5)
FNDA:0,(anonymous_6)
FNDA:0,(anonymous_7)
FNDA:0,(anonymous_8)
FNDA:0,(anonymous_9)
FNDA:0,(anonymous_10)
FNDA:0,(anonymous_11)
FNDA:0,(anonymous_12)
DA:3,0
DA:4,0
DA:5,0
DA:6,0
DA:8,0
DA:19,0
DA:20,0
DA:21,0
DA:23,0
DA:25,0
DA:26,0
DA:27,0
DA:29,0
DA:34,0
DA:35,0
DA:36,0
DA:37,0
DA:44,0
DA:46,0
DA:49,0
DA:50,0
DA:60,0
DA:61,0
DA:62,0
DA:63,0
DA:64,0
DA:67,0
DA:69,0
DA:71,0
DA:81,0
DA:82,0
DA:90,0
DA:91,0
DA:92,0
DA:93,0
DA:94,0
DA:97,0
DA:99,0
DA:101,0
DA:113,0
DA:114,0
DA:122,0
DA:123,0
DA:124,0
DA:125,0
DA:126,0
DA:129,0
DA:130,0
DA:133,0
DA:134,0
DA:136,0
DA:137,0
DA:145,0
DA:146,0
DA:147,0
DA:148,0
DA:149,0
DA:152,0
DA:153,0
DA:156,0
DA:157,0
DA:159,0
DA:160,0
DA:169,0
DA:170,0
DA:171,0
DA:173,0
DA:174,0
DA:178,0
DA:182,0
DA:183,0
DA:187,0
DA:194,0
DA:206,0
DA:208,0
DA:209,0
DA:218,0
DA:219,0
DA:220,0
DA:222,0
DA:223,0
DA:227,0
DA:231,0
DA:232,0
DA:236,0
DA:241,0
DA:246,0
DA:247,0
DA:249,0
DA:255,0
DA:259,0
DA:260,0
DA:271,0
DA:272,0
DA:273,0
DA:276,0
DA:280,0
DA:281,0
DA:285,0
DA:286,0
DA:288,0
DA:289,0
DA:298,0
DA:299,0
DA:300,0
DA:303,0
DA:307,0
DA:308,0
DA:312,0
DA:313,0
DA:315,0
DA:316,0
DA:320,0
LF:113
LH:0
BRDA:23,0,0,0
BRDA:23,0,1,0
BRDA:27,1,0,0
BRDA:27,1,1,0
BRDA:63,2,0,0
BRDA:93,3,0,0
BRDA:125,4,0,0
BRDA:129,5,0,0
BRDA:137,6,0,0
BRDA:137,6,1,0
BRDA:148,7,0,0
BRDA:152,8,0,0
BRDA:160,9,0,0
BRDA:160,9,1,0
BRDA:173,10,0,0
BRDA:182,11,0,0
BRDA:222,12,0,0
BRDA:231,13,0,0
BRDA:247,14,0,0
BRDA:247,14,1,0
BRDA:280,15,0,0
BRDA:307,16,0,0
BRF:22
BRH:0
end_of_record
TN:
SF:src/api/routes/breed.routes.ts
FN:14,(anonymous_9)
FN:34,(anonymous_10)
FN:54,(anonymous_11)
FN:69,(anonymous_12)
FN:84,(anonymous_13)
FN:105,(anonymous_14)
FN:120,(anonymous_15)
FN:135,(anonymous_16)
FNF:8
FNH:0
FNDA:0,(anonymous_9)
FNDA:0,(anonymous_10)
FNDA:0,(anonymous_11)
FNDA:0,(anonymous_12)
FNDA:0,(anonymous_13)
FNDA:0,(anonymous_14)
FNDA:0,(anonymous_15)
FNDA:0,(anonymous_16)
DA:5,0
DA:6,0
DA:8,0
DA:14,0
DA:15,0
DA:16,0
DA:18,0
DA:19,0
DA:22,0
DA:23,0
DA:25,0
DA:26,0
DA:34,0
DA:35,0
DA:36,0
DA:38,0
DA:39,0
DA:42,0
DA:43,0
DA:45,0
DA:46,0
DA:54,0
DA:55,0
DA:56,0
DA:57,0
DA:58,0
DA:60,0
DA:61,0
DA:69,0
DA:70,0
DA:71,0
DA:72,0
DA:73,0
DA:75,0
DA:76,0
DA:84,0
DA:85,0
DA:86,0
DA:87,0
DA:89,0
DA:90,0
DA:93,0
DA:94,0
DA:96,0
DA:97,0
DA:105,0
DA:106,0
DA:107,0
DA:108,0
DA:109,0
DA:111,0
DA:112,0
DA:120,0
DA:121,0
DA:122,0
DA:123,0
DA:124,0
DA:126,0
DA:127,0
DA:135,0
DA:136,0
DA:142,0
LF:62
LH:0
BRDA:18,0,0,0
BRDA:18,1,0,0
BRDA:18,1,1,0
BRDA:38,2,0,0
BRDA:38,3,0,0
BRDA:38,3,1,0
BRDA:89,4,0,0
BRF:7
BRH:0
end_of_record
TN:
SF:src/api/routes/chat.routes.ts
FN:13,(anonymous_0)
FN:68,(anonymous_1)
FN:112,(anonymous_2)
FN:147,(anonymous_3)
FN:173,(anonymous_4)
FNF:5
FNH:0
FNDA:0,(anonymous_0)
FNDA:0,(anonymous_1)
FNDA:0,(anonymous_2)
FNDA:0,(anonymous_3)
FNDA:0,(anonymous_4)
DA:3,0
DA:4,0
DA:6,0
DA:7,0
DA:13,0
DA:14,0
DA:15,0
DA:18,0
DA:19,0
DA:26,0
DA:29,0
DA:36,0
DA:41,0
DA:44,0
DA:45,0
DA:47,0
DA:48,0
DA:49,0
DA:50,0
DA:51,0
DA:52,0
DA:53,0
DA:57,0
DA:68,0
DA:69,0
DA:70,0
DA:72,0
DA:73,0
DA:79,0
DA:82,0
DA:83,0
DA:84,0
DA:85,0
DA:88,0
DA:95,0
DA:96,0
DA:99,0
DA:102,0
DA:103,0
DA:104,0
DA:112,0
DA:113,0
DA:114,0
DA:116,0
DA:117,0
DA:123,0
DA:124,0
DA:126,0
DA:128,0
DA:135,0
DA:136,0
DA:147,0
DA:148,0
DA:149,0
DA:150,0
DA:152,0
DA:154,0
DA:161,0
DA:162,0
DA:173,0
DA:174,0
DA:175,0
DA:177,0
DA:178,0
DA:184,0
DA:186,0
DA:188,0
DA:197,0
DA:198,0
DA:205,0
LF:70
LH:0
BRDA:18,0,0,0
BRDA:18,1,0,0
BRDA:18,1,1,0
BRDA:26,2,0,0
BRDA:26,2,1,0
BRDA:47,3,0,0
BRDA:48,4,0,0
BRDA:48,4,1,0
BRDA:51,5,0,0
BRDA:72,6,0,0
BRDA:72,7,0,0
BRDA:72,7,1,0
BRDA:79,8,0,0
BRDA:79,8,1,0
BRDA:116,9,0,0
BRDA:124,10,0,0
BRDA:124,10,1,0
BRDA:150,11,0,0
BRDA:150,11,1,0
BRDA:177,12,0,0
BRDA:184,13,0,0
BRDA:184,13,1,0
BRF:22
BRH:0
end_of_record
TN:
SF:src/api/routes/community.routes.ts
FN:10,(anonymous_0)
FN:24,(anonymous_1)
FN:39,(anonymous_2)
FN:62,(anonymous_3)
FN:85,(anonymous_4)
FN:108,(anonymous_5)
FN:128,(anonymous_6)
FNF:7
FNH:0
FNDA:0,(anonymous_0)
FNDA:0,(anonymous_1)
FNDA:0,(anonymous_2)
FNDA:0,(anonymous_3)
FNDA:0,(anonymous_4)
FNDA:0,(anonymous_5)
FNDA:0,(anonymous_6)
DA:1,0
DA:2,0
DA:4,0
DA:10,0
DA:11,0
DA:12,0
DA:13,0
DA:15,0
DA:16,0
DA:24,0
DA:25,0
DA:26,0
DA:27,0
DA:28,0
DA:30,0
DA:31,0
DA:39,0
DA:40,0
DA:41,0
DA:43,0
DA:44,0
DA:50,0
DA:51,0
DA:53,0
DA:54,0
DA:62,0
DA:63,0
DA:64,0
DA:66,0
DA:67,0
DA:73,0
DA:74,0
DA:76,0
DA:77,0
DA:85,0
DA:86,0
DA:87,0
DA:89,0
DA:90,0
DA:96,0
DA:97,0
DA:99,0
DA:100,0
DA:108,0
DA:109,0
DA:110,0
DA:111,0
DA:113,0
DA:114,0
DA:117,0
DA:119,0
DA:120,0
DA:128,0
DA:129,0
DA:130,0
DA:131,0
DA:133,0
DA:134,0
DA:136,0
DA:137,0
DA:141,0
LF:61
LH:0
BRDA:43,0,0,0
BRDA:43,1,0,0
BRDA:43,1,1,0
BRDA:66,2,0,0
BRDA:66,3,0,0
BRDA:66,3,1,0
BRDA:89,4,0,0
BRDA:89,5,0,0
BRDA:89,5,1,0
BRDA:113,6,0,0
BRDA:131,7,0,0
BRDA:131,7,1,0
BRF:12
BRH:0
end_of_record
TN:
SF:src/api/routes/cross-chain.routes.ts
FN:19,(anonymous_0)
FN:39,(anonymous_1)
FN:62,(anonymous_2)
FN:114,(anonymous_3)
FN:145,(anonymous_4)
FN:173,(anonymous_5)
FN:202,(anonymous_6)
FN:243,(anonymous_7)
FN:267,(anonymous_8)
FN:273,(anonymous_9)
FN:297,(anonymous_10)
FN:320,(anonymous_11)
FN:343,(anonymous_12)
FN:392,(anonymous_13)
FN:396,(anonymous_14)
FNF:15
FNH:0
FNDA:0,(anonymous_0)
FNDA:0,(anonymous_1)
FNDA:0,(anonymous_2)
FNDA:0,(anonymous_3)
FNDA:0,(anonymous_4)
FNDA:0,(anonymous_5)
FNDA:0,(anonymous_6)
FNDA:0,(anonymous_7)
FNDA:0,(anonymous_8)
FNDA:0,(anonymous_9)
FNDA:0,(anonymous_10)
FNDA:0,(anonymous_11)
FNDA:0,(anonymous_12)
FNDA:0,(anonymous_13)
FNDA:0,(anonymous_14)
DA:7,0
DA:8,0
DA:9,0
DA:10,0
DA:12,0
DA:13,0
DA:19,0
DA:20,0
DA:21,0
DA:22,0
DA:27,0
DA:28,0
DA:39,0
DA:40,0
DA:41,0
DA:42,0
DA:44,0
DA:45,0
DA:50,0
DA:51,0
DA:62,0
DA:63,0
DA:64,0
DA:66,0
DA:67,0
DA:74,0
DA:75,0
DA:77,0
DA:78,0
DA:81,0
DA:89,0
DA:97,0
DA:102,0
DA:103,0
DA:114,0
DA:115,0
DA:116,0
DA:117,0
DA:119,0
DA:120,0
DA:126,0
DA:128,0
DA:133,0
DA:134,0
DA:145,0
DA:146,0
DA:147,0
DA:148,0
DA:150,0
DA:156,0
DA:161,0
DA:162,0
DA:173,0
DA:174,0
DA:175,0
DA:176,0
DA:178,0
DA:185,0
DA:190,0
DA:191,0
DA:202,0
DA:203,0
DA:204,0
DA:206,0
DA:209,0
DA:217,0
DA:231,0
DA:232,0
DA:243,0
DA:244,0
DA:245,0
DA:246,0
DA:248,0
DA:250,0
DA:255,0
DA:256,0
DA:267,0
DA:268,0
DA:269,0
DA:271,0
DA:273,0
DA:285,0
DA:286,0
DA:297,0
DA:298,0
DA:299,0
DA:301,0
DA:303,0
DA:308,0
DA:309,0
DA:320,0
DA:321,0
DA:322,0
DA:325,0
DA:335,0
DA:336,0
DA:343,0
DA:354,0
DA:355,0
DA:358,0
DA:359,0
DA:362,0
DA:363,0
DA:368,0
DA:369,0
DA:373,0
DA:374,0
DA:378,0
DA:385,0
DA:393,0
DA:394,0
DA:397,0
DA:398,0
DA:404,0
DA:405,0
DA:412,0
LF:116
LH:0
BRDA:42,0,0,0
BRDA:42,0,1,0
BRDA:66,1,0,0
BRDA:66,2,0,0
BRDA:66,2,1,0
BRDA:66,2,2,0
BRDA:66,2,3,0
BRDA:66,2,4,0
BRDA:75,3,0,0
BRDA:77,4,0,0
BRDA:77,4,1,0
BRDA:119,5,0,0
BRDA:119,6,0,0
BRDA:119,6,1,0
BRDA:153,7,0,0
BRDA:153,7,1,0
BRDA:181,8,0,0
BRDA:181,8,1,0
BRDA:221,9,0,0
BRDA:221,9,1,0
BRDA:246,10,0,0
BRDA:246,10,1,0
BRDA:335,11,0,0
BRDA:355,12,0,0
BRDA:355,12,1,0
BRDA:358,13,0,0
BRDA:362,14,0,0
BRDA:368,15,0,0
BRDA:373,16,0,0
BRDA:380,17,0,0
BRDA:380,17,1,0
BRDA:382,18,0,0
BRDA:382,18,1,0
BRDA:393,19,0,0
BRDA:393,19,1,0
BRDA:397,20,0,0
BRDA:397,20,1,0
BRF:37
BRH:0
end_of_record
TN:
SF:src/api/routes/crosschain-transfer.routes.ts
FN:20,(anonymous_0)
FN:62,(anonymous_1)
FN:89,(anonymous_2)
FN:112,(anonymous_3)
FN:125,(anonymous_4)
FNF:5
FNH:0
FNDA:0,(anonymous_0)
FNDA:0,(anonymous_1)
FNDA:0,(anonymous_2)
FNDA:0,(anonymous_3)
FNDA:0,(anonymous_4)
DA:12,0
DA:13,0
DA:15,0
DA:20,0
DA:21,0
DA:32,0
DA:34,0
DA:35,0
DA:41,0
DA:53,0
DA:55,0
DA:62,0
DA:63,0
DA:64,0
DA:66,0
DA:67,0
DA:73,0
DA:80,0
DA:82,0
DA:89,0
DA:90,0
DA:91,0
DA:92,0
DA:94,0
DA:103,0
DA:105,0
DA:112,0
DA:113,0
DA:114,0
DA:115,0
DA:116,0
DA:118,0
DA:125,0
DA:126,0
DA:127,0
DA:128,0
DA:129,0
DA:131,0
DA:135,0
LF:39
LH:0
BRDA:34,0,0,0
BRDA:34,1,0,0
BRDA:34,1,1,0
BRDA:34,1,2,0
BRDA:34,1,3,0
BRDA:34,1,4,0
BRDA:34,1,5,0
BRDA:34,1,6,0
BRDA:66,2,0,0
BRDA:66,3,0,0
BRDA:66,3,1,0
BRDA:66,3,2,0
BRDA:98,4,0,0
BRDA:98,4,1,0
BRDA:99,5,0,0
BRDA:99,5,1,0
BRF:16
BRH:0
end_of_record
TN:
SF:src/api/routes/friends.routes.ts
FN:24,(anonymous_9)
FN:134,(anonymous_10)
FN:182,(anonymous_11)
FN:231,(anonymous_12)
FN:259,(anonymous_13)
FN:302,(anonymous_14)
FN:339,(anonymous_15)
FN:426,(anonymous_16)
FN:452,(anonymous_17)
FN:473,(anonymous_18)
FNF:10
FNH:0
FNDA:0,(anonymous_9)
FNDA:0,(anonymous_10)
FNDA:0,(anonymous_11)
FNDA:0,(anonymous_12)
FNDA:0,(anonymous_13)
FNDA:0,(anonymous_14)
FNDA:0,(anonymous_15)
FNDA:0,(anonymous_16)
FNDA:0,(anonymous_17)
FNDA:0,(anonymous_18)
DA:1,0
DA:2,0
DA:3,0
DA:4,0
DA:10,0
DA:11,0
DA:13,0
DA:24,0
DA:25,0
DA:26,0
DA:29,0
DA:30,0
DA:34,0
DA:38,0
DA:39,0
DA:42,0
DA:45,0
DA:46,0
DA:55,0
DA:56,0
DA:58,0
DA:60,0
DA:64,0
DA:65,0
DA:69,0
DA:70,0
DA:74,0
DA:75,0
DA:79,0
DA:88,0
DA:89,0
DA:90,0
DA:91,0
DA:92,0
DA:95,0
DA:103,0
DA:108,0
DA:121,0
DA:123,0
DA:125,0
DA:126,0
DA:134,0
DA:135,0
DA:136,0
DA:137,0
DA:139,0
DA:140,0
DA:143,0
DA:156,0
DA:157,0
DA:168,0
DA:170,0
DA:172,0
DA:173,0
DA:182,0
DA:183,0
DA:184,0
DA:185,0
DA:188,0
DA:192,0
DA:193,0
DA:196,0
DA:198,0
DA:231,0
DA:232,0
DA:236,0
DA:247,0
DA:249,0
DA:250,0
DA:259,0
DA:260,0
DA:261,0
DA:264,0
DA:268,0
DA:269,0
DA:272,0
DA:291,0
DA:293,0
DA:294,0
DA:302,0
DA:303,0
DA:304,0
DA:307,0
DA:311,0
DA:312,0
DA:316,0
DA:321,0
DA:326,0
DA:328,0
DA:330,0
DA:331,0
DA:339,0
DA:340,0
DA:341,0
DA:342,0
DA:344,0
DA:345,0
DA:348,0
DA:349,0
DA:353,0
DA:357,0
DA:358,0
DA:361,0
DA:362,0
DA:366,0
DA:386,0
DA:393,0
DA:394,0
DA:395,0
DA:399,0
DA:407,0
DA:410,0
DA:412,0
DA:417,0
DA:418,0
DA:426,0
DA:427,0
DA:428,0
DA:429,0
DA:431,0
DA:441,0
DA:443,0
DA:444,0
DA:452,0
DA:453,0
DA:454,0
DA:456,0
DA:458,0
DA:459,0
DA:462,0
DA:464,0
DA:465,0
DA:473,0
DA:474,0
DA:475,0
DA:476,0
DA:478,0
DA:480,0
DA:482,0
DA:483,0
DA:487,0
LF:141
LH:0
BRDA:29,0,0,0
BRDA:29,1,0,0
BRDA:29,1,1,0
BRDA:38,2,0,0
BRDA:45,3,0,0
BRDA:45,3,1,0
BRDA:45,4,0,0
BRDA:45,4,1,0
BRDA:55,5,0,0
BRDA:58,6,0,0
BRDA:64,7,0,0
BRDA:69,8,0,0
BRDA:74,9,0,0
BRDA:88,10,0,0
BRDA:89,11,0,0
BRDA:89,11,1,0
BRDA:91,12,0,0
BRDA:91,12,1,0
BRDA:139,13,0,0
BRDA:156,14,0,0
BRDA:162,15,0,0
BRDA:162,15,1,0
BRDA:192,16,0,0
BRDA:232,17,0,0
BRDA:232,17,1,0
BRDA:239,18,0,0
BRDA:239,18,1,0
BRDA:268,19,0,0
BRDA:311,20,0,0
BRDA:344,21,0,0
BRDA:344,22,0,0
BRDA:344,22,1,0
BRDA:348,23,0,0
BRDA:357,24,0,0
BRDA:357,25,0,0
BRDA:357,25,1,0
BRDA:361,26,0,0
BRDA:361,27,0,0
BRDA:361,27,1,0
BRDA:372,28,0,0
BRDA:372,28,1,0
BRDA:393,29,0,0
BRDA:395,30,0,0
BRDA:395,30,1,0
BRDA:407,31,0,0
BRDA:407,31,1,0
BRDA:429,32,0,0
BRDA:429,33,0,0
BRDA:458,34,0,0
BRF:49
BRH:0
end_of_record
TN:
SF:src/api/routes/frog.routes.ts
FN:11,stringifyBigInt
FN:55,(anonymous_10)
FN:85,(anonymous_11)
FN:86,(anonymous_12)
FN:106,(anonymous_13)
FN:164,(anonymous_14)
FN:241,(anonymous_15)
FN:258,(anonymous_16)
FN:375,(anonymous_17)
FN:531,(anonymous_18)
FN:606,(anonymous_19)
FNF:11
FNH:0
FNDA:0,stringifyBigInt
FNDA:0,(anonymous_10)
FNDA:0,(anonymous_11)
FNDA:0,(anonymous_12)
FNDA:0,(anonymous_13)
FNDA:0,(anonymous_14)
FNDA:0,(anonymous_15)
FNDA:0,(anonymous_16)
FNDA:0,(anonymous_17)
FNDA:0,(anonymous_18)
FNDA:0,(anonymous_19)
DA:1,0
DA:2,0
DA:3,0
DA:4,0
DA:5,0
DA:6,0
DA:7,0
DA:8,0
DA:12,0
DA:13,0
DA:14,0
DA:15,0
DA:16,0
DA:17,0
DA:18,0
DA:19,0
DA:21,0
DA:23,0
DA:26,0
DA:29,0
DA:36,0
DA:55,0
DA:56,0
DA:57,0
DA:58,0
DA:59,0
DA:62,0
DA:85,0
DA:86,0
DA:91,0
DA:97,0
DA:98,0
DA:106,0
DA:107,0
DA:108,0
DA:111,0
DA:122,0
DA:123,0
DA:130,0
DA:131,0
DA:132,0
DA:135,0
DA:139,0
DA:150,0
DA:155,0
DA:156,0
DA:164,0
DA:165,0
DA:166,0
DA:168,0
DA:169,0
DA:172,0
DA:173,0
DA:175,0
DA:178,0
DA:179,0
DA:196,0
DA:197,0
DA:198,0
DA:207,0
DA:208,0
DA:213,0
DA:230,0
DA:232,0
DA:233,0
DA:241,0
DA:242,0
DA:243,0
DA:247,0
DA:248,0
DA:257,0
DA:258,0
DA:260,0
DA:263,0
DA:266,0
DA:278,0
DA:279,0
DA:280,0
DA:287,0
DA:288,0
DA:289,0
DA:290,0
DA:297,0
DA:298,0
DA:299,0
DA:300,0
DA:301,0
DA:302,0
DA:304,0
DA:305,0
DA:307,0
DA:308,0
DA:309,0
DA:311,0
DA:312,0
DA:319,0
DA:321,0
DA:326,0
DA:327,0
DA:328,0
DA:331,0
DA:333,0
DA:334,0
DA:335,0
DA:336,0
DA:337,0
DA:340,0
DA:345,0
DA:357,0
DA:361,0
DA:366,0
DA:367,0
DA:375,0
DA:376,0
DA:377,0
DA:380,0
DA:381,0
DA:386,0
DA:387,0
DA:389,0
DA:391,0
DA:395,0
DA:408,0
DA:409,0
DA:410,0
DA:417,0
DA:419,0
DA:427,0
DA:429,0
DA:431,0
DA:433,0
DA:434,0
DA:437,0
DA:441,0
DA:443,0
DA:447,0
DA:452,0
DA:453,0
DA:455,0
DA:476,0
DA:483,0
DA:486,0
DA:487,0
DA:497,0
DA:501,0
DA:502,0
DA:506,0
DA:507,0
DA:509,0
DA:521,0
DA:526,0
DA:527,0
DA:531,0
DA:532,0
DA:533,0
DA:534,0
DA:535,0
DA:539,0
DA:546,0
DA:553,0
DA:554,0
DA:555,0
DA:557,0
DA:559,0
DA:579,0
DA:580,0
DA:581,0
DA:585,0
DA:595,0
DA:596,0
DA:606,0
DA:607,0
DA:608,0
DA:610,0
DA:611,0
DA:614,0
DA:615,0
DA:617,0
DA:618,0
DA:620,0
DA:623,0
DA:624,0
DA:628,0
LF:183
LH:0
BRDA:12,0,0,0
BRDA:12,1,0,0
BRDA:12,1,1,0
BRDA:13,2,0,0
BRDA:14,3,0,0
BRDA:15,4,0,0
BRDA:16,5,0,0
BRDA:57,6,0,0
BRDA:57,7,0,0
BRDA:122,8,0,0
BRDA:131,9,0,0
BRDA:166,10,0,0
BRDA:168,11,0,0
BRDA:168,12,0,0
BRDA:168,12,1,0
BRDA:178,13,0,0
BRDA:178,13,1,0
BRDA:178,14,0,0
BRDA:178,14,1,0
BRDA:196,15,0,0
BRDA:196,15,1,0
BRDA:207,16,0,0
BRDA:257,17,0,0
BRDA:278,18,0,0
BRDA:278,19,0,0
BRDA:278,19,1,0
BRDA:287,20,0,0
BRDA:307,21,0,0
BRDA:307,21,1,0
BRDA:309,22,0,0
BRDA:326,23,0,0
BRDA:336,24,0,0
BRDA:380,25,0,0
BRDA:408,26,0,0
BRDA:408,27,0,0
BRDA:408,27,1,0
BRDA:417,28,0,0
BRDA:417,29,0,0
BRDA:417,29,1,0
BRDA:431,30,0,0
BRDA:431,30,1,0
BRDA:441,31,0,0
BRDA:441,32,0,0
BRDA:441,32,1,0
BRDA:462,33,0,0
BRDA:462,33,1,0
BRDA:471,34,0,0
BRDA:471,34,1,0
BRDA:501,35,0,0
BRDA:526,36,0,0
BRDA:534,37,0,0
BRDA:557,38,0,0
BRDA:557,39,0,0
BRDA:557,39,1,0
BRDA:579,40,0,0
BRDA:610,41,0,0
BRDA:617,42,0,0
BRDA:617,42,1,0
BRF:58
BRH:0
end_of_record
TN:
SF:src/api/routes/garden.routes.ts
FN:16,(anonymous_0)
FN:58,(anonymous_1)
FN:121,(anonymous_2)
FN:202,(anonymous_3)
FN:238,(anonymous_4)
FN:258,(anonymous_5)
FN:356,(anonymous_6)
FN:393,(anonymous_7)
FN:434,(anonymous_8)
FN:453,(anonymous_9)
FN:519,(anonymous_10)
FNF:11
FNH:0
FNDA:0,(anonymous_0)
FNDA:0,(anonymous_1)
FNDA:0,(anonymous_2)
FNDA:0,(anonymous_3)
FNDA:0,(anonymous_4)
FNDA:0,(anonymous_5)
FNDA:0,(anonymous_6)
FNDA:0,(anonymous_7)
FNDA:0,(anonymous_8)
FNDA:0,(anonymous_9)
FNDA:0,(anonymous_10)
DA:1,0
DA:2,0
DA:3,0
DA:10,0
DA:16,0
DA:17,0
DA:18,0
DA:21,0
DA:25,0
DA:26,0
DA:30,0
DA:58,0
DA:69,0
DA:70,0
DA:72,0
DA:86,0
DA:98,0
DA:112,0
DA:113,0
DA:121,0
DA:122,0
DA:123,0
DA:124,0
DA:126,0
DA:127,0
DA:131,0
DA:136,0
DA:137,0
DA:141,0
DA:151,0
DA:152,0
DA:156,0
DA:176,0
DA:185,0
DA:193,0
DA:194,0
DA:202,0
DA:203,0
DA:204,0
DA:206,0
DA:210,0
DA:211,0
DA:215,0
DA:236,0
DA:238,0
DA:249,0
DA:250,0
DA:258,0
DA:259,0
DA:260,0
DA:261,0
DA:263,0
DA:264,0
DA:268,0
DA:273,0
DA:274,0
DA:278,0
DA:288,0
DA:289,0
DA:293,0
DA:300,0
DA:303,0
DA:311,0
DA:330,0
DA:338,0
DA:347,0
DA:348,0
DA:356,0
DA:357,0
DA:358,0
DA:359,0
DA:361,0
DA:362,0
DA:365,0
DA:369,0
DA:370,0
DA:374,0
DA:379,0
DA:384,0
DA:385,0
DA:393,0
DA:394,0
DA:395,0
DA:396,0
DA:398,0
DA:402,0
DA:403,0
DA:407,0
DA:432,0
DA:434,0
DA:444,0
DA:445,0
DA:453,0
DA:454,0
DA:455,0
DA:456,0
DA:458,0
DA:459,0
DA:462,0
DA:467,0
DA:468,0
DA:472,0
DA:482,0
DA:483,0
DA:486,0
DA:499,0
DA:510,0
DA:511,0
DA:519,0
DA:520,0
DA:521,0
DA:524,0
DA:530,0
DA:538,0
DA:539,0
DA:543,0
LF:116
LH:0
BRDA:25,0,0,0
BRDA:126,1,0,0
BRDA:136,2,0,0
BRDA:136,3,0,0
BRDA:136,3,1,0
BRDA:151,4,0,0
BRDA:161,5,0,0
BRDA:161,5,1,0
BRDA:162,6,0,0
BRDA:162,6,1,0
BRDA:210,7,0,0
BRDA:263,8,0,0
BRDA:263,9,0,0
BRDA:263,9,1,0
BRDA:273,10,0,0
BRDA:273,11,0,0
BRDA:273,11,1,0
BRDA:288,12,0,0
BRDA:300,13,0,0
BRDA:300,13,1,0
BRDA:315,14,0,0
BRDA:315,14,1,0
BRDA:361,15,0,0
BRDA:369,16,0,0
BRDA:396,17,0,0
BRDA:396,18,0,0
BRDA:402,19,0,0
BRDA:437,20,0,0
BRDA:437,20,1,0
BRDA:458,21,0,0
BRDA:458,22,0,0
BRDA:458,22,1,0
BRDA:467,23,0,0
BRDA:467,24,0,0
BRDA:467,24,1,0
BRDA:482,25,0,0
BRF:36
BRH:0
end_of_record
TN:
SF:src/api/routes/group-travel.routes.ts
FN:12,(anonymous_0)
FN:67,(anonymous_1)
FN:140,(anonymous_2)
FNF:3
FNH:0
FNDA:0,(anonymous_0)
FNDA:0,(anonymous_1)
FNDA:0,(anonymous_2)
DA:1,0
DA:2,0
DA:3,0
DA:4,0
DA:6,0
DA:12,0
DA:13,0
DA:14,0
DA:16,0
DA:19,0
DA:20,0
DA:21,0
DA:22,0
DA:24,0
DA:25,0
DA:31,0
DA:32,0
DA:38,0
DA:39,0
DA:45,0
DA:52,0
DA:55,0
DA:56,0
DA:67,0
DA:68,0
DA:77,0
DA:79,0
DA:82,0
DA:83,0
DA:89,0
DA:90,0
DA:96,0
DA:97,0
DA:98,0
DA:99,0
DA:101,0
DA:102,0
DA:108,0
DA:109,0
DA:115,0
DA:125,0
DA:128,0
DA:129,0
DA:140,0
DA:141,0
DA:142,0
DA:144,0
DA:146,0
DA:147,0
DA:153,0
DA:155,0
DA:157,0
DA:160,0
DA:161,0
DA:168,0
LF:55
LH:0
BRDA:24,0,0,0
BRDA:24,1,0,0
BRDA:24,1,1,0
BRDA:31,2,0,0
BRDA:38,3,0,0
BRDA:38,4,0,0
BRDA:38,4,1,0
BRDA:38,4,2,0
BRDA:58,5,0,0
BRDA:58,5,1,0
BRDA:82,6,0,0
BRDA:82,7,0,0
BRDA:82,7,1,0
BRDA:89,8,0,0
BRDA:89,9,0,0
BRDA:89,9,1,0
BRDA:101,10,0,0
BRDA:101,11,0,0
BRDA:101,11,1,0
BRDA:108,12,0,0
BRDA:108,13,0,0
BRDA:108,13,1,0
BRDA:122,14,0,0
BRDA:122,14,1,0
BRDA:131,15,0,0
BRDA:131,15,1,0
BRDA:146,16,0,0
BRDA:146,17,0,0
BRDA:146,17,1,0
BRDA:153,18,0,0
BRDA:153,18,1,0
BRDA:163,19,0,0
BRDA:163,19,1,0
BRF:33
BRH:0
end_of_record
TN:
SF:src/api/routes/health.routes.ts
FN:10,(anonymous_0)
FN:23,(anonymous_1)
FNF:2
FNH:0
FNDA:0,(anonymous_0)
FNDA:0,(anonymous_1)
DA:1,0
DA:4,0
DA:10,0
DA:11,0
DA:23,0
DA:24,0
DA:30,0
LF:7
LH:0
BRF:0
BRH:0
end_of_record
TN:
SF:src/api/routes/hibernation.routes.ts
FN:21,(anonymous_0)
FN:66,(anonymous_1)
FN:86,(anonymous_2)
FN:106,(anonymous_3)
FNF:4
FNH:0
FNDA:0,(anonymous_0)
FNDA:0,(anonymous_1)
FNDA:0,(anonymous_2)
FNDA:0,(anonymous_3)
DA:11,0
DA:12,0
DA:13,0
DA:15,0
DA:21,0
DA:22,0
DA:23,0
DA:25,0
DA:26,0
DA:29,0
DA:39,0
DA:40,0
DA:44,0
DA:45,0
DA:46,0
DA:47,0
DA:50,0
DA:57,0
DA:58,0
DA:66,0
DA:67,0
DA:68,0
DA:70,0
DA:71,0
DA:74,0
DA:75,0
DA:77,0
DA:78,0
DA:86,0
DA:87,0
DA:88,0
DA:90,0
DA:91,0
DA:94,0
DA:95,0
DA:97,0
DA:98,0
DA:106,0
DA:107,0
DA:108,0
DA:109,0
DA:111,0
DA:112,0
DA:115,0
DA:116,0
DA:118,0
DA:119,0
DA:123,0
LF:48
LH:0
BRDA:25,0,0,0
BRDA:39,1,0,0
BRDA:45,2,0,0
BRDA:45,3,0,0
BRDA:45,3,1,0
BRDA:52,4,0,0
BRDA:52,4,1,0
BRDA:53,5,0,0
BRDA:53,5,1,0
BRDA:70,6,0,0
BRDA:90,7,0,0
BRDA:111,8,0,0
BRDA:111,9,0,0
BRDA:111,9,1,0
BRF:14
BRH:0
end_of_record
TN:
SF:src/api/routes/homestead.routes.ts
FN:25,(anonymous_0)
FN:38,(anonymous_1)
FN:77,(anonymous_2)
FN:102,(anonymous_3)
FN:124,(anonymous_4)
FN:154,(anonymous_5)
FN:179,(anonymous_6)
FN:206,(anonymous_7)
FN:252,(anonymous_8)
FN:273,(anonymous_9)
FN:286,(anonymous_10)
FN:303,(anonymous_11)
FN:327,(anonymous_12)
FN:353,(anonymous_13)
FN:368,(anonymous_14)
FN:388,(anonymous_15)
FN:408,(anonymous_16)
FN:429,(anonymous_17)
FN:444,(anonymous_18)
FN:456,(anonymous_19)
FN:474,(anonymous_20)
FN:487,(anonymous_21)
FN:513,(anonymous_22)
FN:546,(anonymous_23)
FN:609,(anonymous_24)
FN:637,(anonymous_25)
FNF:26
FNH:0
FNDA:0,(anonymous_0)
FNDA:0,(anonymous_1)
FNDA:0,(anonymous_2)
FNDA:0,(anonymous_3)
FNDA:0,(anonymous_4)
FNDA:0,(anonymous_5)
FNDA:0,(anonymous_6)
FNDA:0,(anonymous_7)
FNDA:0,(anonymous_8)
FNDA:0,(anonymous_9)
FNDA:0,(anonymous_10)
FNDA:0,(anonymous_11)
FNDA:0,(anonymous_12)
FNDA:0,(anonymous_13)
FNDA:0,(anonymous_14)
FNDA:0,(anonymous_15)
FNDA:0,(anonymous_16)
FNDA:0,(anonymous_17)
FNDA:0,(anonymous_18)
FNDA:0,(anonymous_19)
FNDA:0,(anonymous_20)
FNDA:0,(anonymous_21)
FNDA:0,(anonymous_22)
FNDA:0,(anonymous_23)
FNDA:0,(anonymous_24)
FNDA:0,(anonymous_25)
DA:12,0
DA:13,0
DA:14,0
DA:15,0
DA:16,0
DA:18,0
DA:25,0
DA:26,0
DA:27,0
DA:28,0
DA:29,0
DA:31,0
DA:38,0
DA:39,0
DA:40,0
DA:41,0
DA:43,0
DA:51,0
DA:52,0
DA:53,0
DA:56,0
DA:64,0
DA:65,0
DA:66,0
DA:67,0
DA:69,0
DA:77,0
DA:78,0
DA:79,0
DA:80,0
DA:82,0
DA:89,0
DA:91,0
DA:92,0
DA:94,0
DA:102,0
DA:103,0
DA:104,0
DA:105,0
DA:107,0
DA:113,0
DA:115,0
DA:124,0
DA:125,0
DA:126,0
DA:127,0
DA:129,0
DA:130,0
DA:134,0
DA:135,0
DA:136,0
DA:139,0
DA:141,0
DA:142,0
DA:144,0
DA:147,0
DA:154,0
DA:155,0
DA:156,0
DA:157,0
DA:159,0
DA:160,0
DA:163,0
DA:164,0
DA:165,0
DA:168,0
DA:170,0
DA:172,0
DA:179,0
DA:180,0
DA:181,0
DA:182,0
DA:184,0
DA:185,0
DA:188,0
DA:189,0
DA:190,0
DA:193,0
DA:195,0
DA:197,0
DA:206,0
DA:207,0
DA:208,0
DA:209,0
DA:211,0
DA:213,0
DA:214,0
DA:225,0
DA:228,0
DA:229,0
DA:230,0
DA:231,0
DA:232,0
DA:233,0
DA:235,0
DA:245,0
DA:252,0
DA:253,0
DA:254,0
DA:256,0
DA:262,0
DA:264,0
DA:273,0
DA:274,0
DA:275,0
DA:276,0
DA:277,0
DA:279,0
DA:286,0
DA:287,0
DA:288,0
DA:289,0
DA:290,0
DA:292,0
DA:303,0
DA:304,0
DA:305,0
DA:306,0
DA:309,0
DA:310,0
DA:312,0
DA:318,0
DA:320,0
DA:327,0
DA:328,0
DA:329,0
DA:330,0
DA:333,0
DA:334,0
DA:335,0
DA:338,0
DA:339,0
DA:341,0
DA:343,0
DA:344,0
DA:346,0
DA:353,0
DA:354,0
DA:355,0
DA:356,0
DA:357,0
DA:359,0
DA:368,0
DA:369,0
DA:370,0
DA:371,0
DA:373,0
DA:379,0
DA:381,0
DA:388,0
DA:389,0
DA:390,0
DA:391,0
DA:394,0
DA:396,0
DA:398,0
DA:399,0
DA:401,0
DA:408,0
DA:409,0
DA:410,0
DA:411,0
DA:413,0
DA:420,0
DA:422,0
DA:429,0
DA:430,0
DA:431,0
DA:432,0
DA:433,0
DA:435,0
DA:444,0
DA:445,0
DA:446,0
DA:447,0
DA:449,0
DA:456,0
DA:457,0
DA:458,0
DA:460,0
DA:465,0
DA:467,0
DA:474,0
DA:475,0
DA:476,0
DA:477,0
DA:478,0
DA:480,0
DA:487,0
DA:488,0
DA:489,0
DA:490,0
DA:492,0
DA:499,0
DA:501,0
DA:507,0
DA:508,0
DA:513,0
DA:514,0
DA:515,0
DA:516,0
DA:519,0
DA:523,0
DA:524,0
DA:528,0
DA:536,0
DA:538,0
DA:546,0
DA:547,0
DA:548,0
DA:549,0
DA:550,0
DA:553,0
DA:554,0
DA:556,0
DA:559,0
DA:563,0
DA:564,0
DA:567,0
DA:570,0
DA:571,0
DA:580,0
DA:581,0
DA:586,0
DA:599,0
DA:601,0
DA:602,0
DA:609,0
DA:610,0
DA:611,0
DA:613,0
DA:617,0
DA:618,0
DA:621,0
DA:628,0
DA:630,0
DA:637,0
DA:638,0
DA:639,0
DA:640,0
DA:642,0
DA:646,0
DA:647,0
DA:651,0
DA:652,0
DA:655,0
DA:665,0
DA:667,0
DA:671,0
LF:249
LH:0
BRDA:41,0,0,0
BRDA:41,1,0,0
BRDA:52,2,0,0
BRDA:64,3,0,0
BRDA:64,3,1,0
BRDA:66,4,0,0
BRDA:66,4,1,0
BRDA:91,5,0,0
BRDA:91,5,1,0
BRDA:105,6,0,0
BRDA:105,6,1,0
BRDA:129,7,0,0
BRDA:135,8,0,0
BRDA:141,9,0,0
BRDA:141,9,1,0
BRDA:159,10,0,0
BRDA:164,11,0,0
BRDA:184,12,0,0
BRDA:189,13,0,0
BRDA:209,14,0,0
BRDA:209,14,1,0
BRDA:213,15,0,0
BRDA:229,16,0,0
BRDA:229,16,1,0
BRDA:230,17,0,0
BRDA:230,17,1,0
BRDA:231,18,0,0
BRDA:231,18,1,0
BRDA:232,19,0,0
BRDA:232,19,1,0
BRDA:233,20,0,0
BRDA:310,21,0,0
BRDA:314,22,0,0
BRDA:314,22,1,0
BRDA:315,23,0,0
BRDA:315,23,1,0
BRDA:333,24,0,0
BRDA:334,25,0,0
BRDA:335,26,0,0
BRDA:339,27,0,0
BRDA:374,28,0,0
BRDA:374,28,1,0
BRDA:375,29,0,0
BRDA:375,29,1,0
BRDA:394,30,0,0
BRDA:523,31,0,0
BRDA:553,32,0,0
BRDA:563,33,0,0
BRDA:570,34,0,0
BRDA:570,35,0,0
BRDA:570,35,1,0
BRDA:570,35,2,0
BRDA:580,36,0,0
BRDA:617,37,0,0
BRDA:646,38,0,0
BRDA:651,39,0,0
BRDA:651,40,0,0
BRDA:651,40,1,0
BRDA:659,41,0,0
BRDA:659,41,1,0
BRF:60
BRH:0
end_of_record
TN:
SF:src/api/routes/interaction.routes.ts
FN:28,(anonymous_0)
FN:75,(anonymous_1)
FN:109,(anonymous_2)
FN:117,(anonymous_3)
FN:169,(anonymous_4)
FN:235,(anonymous_5)
FN:286,(anonymous_6)
FN:351,(anonymous_7)
FN:384,(anonymous_8)
FN:411,(anonymous_9)
FNF:10
FNH:0
FNDA:0,(anonymous_0)
FNDA:0,(anonymous_1)
FNDA:0,(anonymous_2)
FNDA:0,(anonymous_3)
FNDA:0,(anonymous_4)
FNDA:0,(anonymous_5)
FNDA:0,(anonymous_6)
FNDA:0,(anonymous_7)
FNDA:0,(anonymous_8)
FNDA:0,(anonymous_9)
DA:1,0
DA:2,0
DA:3,0
DA:5,0
DA:8,0
DA:18,0
DA:28,0
DA:29,0
DA:30,0
DA:32,0
DA:33,0
DA:36,0
DA:49,0
DA:50,0
DA:53,0
DA:65,0
DA:66,0
DA:75,0
DA:76,0
DA:77,0
DA:78,0
DA:80,0
DA:81,0
DA:84,0
DA:85,0
DA:88,0
DA:89,0
DA:93,0
DA:100,0
DA:101,0
DA:104,0
DA:105,0
DA:109,0
DA:110,0
DA:111,0
DA:114,0
DA:117,0
DA:119,0
DA:125,0
DA:139,0
DA:142,0
DA:144,0
DA:159,0
DA:160,0
DA:169,0
DA:170,0
DA:171,0
DA:172,0
DA:174,0
DA:175,0
DA:178,0
DA:179,0
DA:182,0
DA:183,0
DA:187,0
DA:191,0
DA:192,0
DA:195,0
DA:196,0
DA:199,0
DA:202,0
DA:214,0
DA:216,0
DA:226,0
DA:227,0
DA:235,0
DA:236,0
DA:237,0
DA:239,0
DA:240,0
DA:243,0
DA:250,0
DA:251,0
DA:255,0
DA:256,0
DA:257,0
DA:261,0
DA:262,0
DA:263,0
DA:267,0
DA:276,0
DA:277,0
DA:286,0
DA:287,0
DA:288,0
DA:289,0
DA:291,0
DA:292,0
DA:295,0
DA:296,0
DA:299,0
DA:300,0
DA:303,0
DA:307,0
DA:308,0
DA:312,0
DA:329,0
DA:331,0
DA:341,0
DA:342,0
DA:351,0
DA:352,0
DA:353,0
DA:354,0
DA:356,0
DA:357,0
DA:360,0
DA:361,0
DA:364,0
DA:368,0
DA:369,0
DA:373,0
DA:374,0
DA:375,0
DA:377,0
DA:378,0
DA:383,0
DA:385,0
DA:404,0
DA:406,0
DA:411,0
DA:418,0
DA:419,0
DA:423,0
LF:124
LH:0
BRDA:32,0,0,0
BRDA:49,1,0,0
BRDA:60,2,0,0
BRDA:60,2,1,0
BRDA:61,3,0,0
BRDA:61,3,1,0
BRDA:80,4,0,0
BRDA:84,5,0,0
BRDA:84,6,0,0
BRDA:84,6,1,0
BRDA:88,7,0,0
BRDA:100,8,0,0
BRDA:104,9,0,0
BRDA:110,10,0,0
BRDA:110,11,0,0
BRDA:110,11,1,0
BRDA:174,12,0,0
BRDA:178,13,0,0
BRDA:178,14,0,0
BRDA:178,14,1,0
BRDA:182,15,0,0
BRDA:191,16,0,0
BRDA:195,17,0,0
BRDA:239,18,0,0
BRDA:250,19,0,0
BRDA:262,20,0,0
BRDA:289,21,0,0
BRDA:291,22,0,0
BRDA:295,23,0,0
BRDA:295,24,0,0
BRDA:295,24,1,0
BRDA:299,25,0,0
BRDA:299,26,0,0
BRDA:299,26,1,0
BRDA:299,26,2,0
BRDA:307,27,0,0
BRDA:354,28,0,0
BRDA:356,29,0,0
BRDA:360,30,0,0
BRDA:360,31,0,0
BRDA:360,31,1,0
BRDA:368,32,0,0
BRDA:374,33,0,0
BRDA:374,34,0,0
BRDA:374,34,1,0
BRDA:377,35,0,0
BRDA:377,36,0,0
BRDA:377,36,1,0
BRF:48
BRH:0
end_of_record
TN:
SF:src/api/routes/message.routes.ts
FN:15,(anonymous_0)
FN:75,(anonymous_1)
FN:129,(anonymous_2)
FN:156,(anonymous_3)
FN:187,(anonymous_4)
FNF:5
FNH:0
FNDA:0,(anonymous_0)
FNDA:0,(anonymous_1)
FNDA:0,(anonymous_2)
FNDA:0,(anonymous_3)
FNDA:0,(anonymous_4)
DA:5,0
DA:6,0
DA:7,0
DA:9,0
DA:15,0
DA:16,0
DA:17,0
DA:19,0
DA:20,0
DA:27,0
DA:31,0
DA:32,0
DA:39,0
DA:54,0
DA:56,0
DA:63,0
DA:64,0
DA:75,0
DA:76,0
DA:77,0
DA:78,0
DA:79,0
DA:80,0
DA:82,0
DA:86,0
DA:87,0
DA:90,0
DA:106,0
DA:117,0
DA:118,0
DA:129,0
DA:130,0
DA:131,0
DA:133,0
DA:138,0
DA:144,0
DA:145,0
DA:156,0
DA:157,0
DA:158,0
DA:160,0
DA:168,0
DA:175,0
DA:176,0
DA:187,0
DA:188,0
DA:189,0
DA:190,0
DA:191,0
DA:193,0
DA:200,0
DA:204,0
DA:214,0
DA:215,0
DA:222,0
LF:55
LH:0
BRDA:19,0,0,0
BRDA:19,1,0,0
BRDA:19,1,1,0
BRDA:19,1,2,0
BRDA:31,2,0,0
BRDA:44,3,0,0
BRDA:44,3,1,0
BRDA:45,4,0,0
BRDA:45,4,1,0
BRDA:66,5,0,0
BRDA:66,5,1,0
BRDA:78,6,0,0
BRDA:78,6,1,0
BRDA:79,7,0,0
BRDA:79,7,1,0
BRDA:86,8,0,0
BRDA:120,9,0,0
BRDA:120,9,1,0
BRDA:147,10,0,0
BRDA:147,10,1,0
BRDA:178,11,0,0
BRDA:178,11,1,0
BRDA:190,12,0,0
BRDA:190,12,1,0
BRDA:191,13,0,0
BRDA:191,13,1,0
BRDA:217,14,0,0
BRDA:217,14,1,0
BRF:28
BRH:0
end_of_record
TN:
SF:src/api/routes/nft-image.routes.ts
FN:13,(anonymous_9)
FN:48,(anonymous_10)
FN:89,(anonymous_11)
FN:137,(anonymous_12)
FN:190,(anonymous_13)
FN:192,(anonymous_14)
FN:194,(anonymous_15)
FN:218,(anonymous_16)
FNF:8
FNH:0
FNDA:0,(anonymous_9)
FNDA:0,(anonymous_10)
FNDA:0,(anonymous_11)
FNDA:0,(anonymous_12)
FNDA:0,(anonymous_13)
FNDA:0,(anonymous_14)
FNDA:0,(anonymous_15)
FNDA:0,(anonymous_16)
DA:1,0
DA:2,0
DA:3,0
DA:5,0
DA:6,0
DA:7,0
DA:13,0
DA:14,0
DA:15,0
DA:18,0
DA:19,0
DA:25,0
DA:34,0
DA:36,0
DA:37,0
DA:48,0
DA:49,0
DA:50,0
DA:52,0
DA:53,0
DA:60,0
DA:61,0
DA:62,0
DA:69,0
DA:71,0
DA:77,0
DA:78,0
DA:89,0
DA:90,0
DA:91,0
DA:93,0
DA:113,0
DA:114,0
DA:120,0
DA:125,0
DA:126,0
DA:137,0
DA:138,0
DA:139,0
DA:140,0
DA:142,0
DA:143,0
DA:144,0
DA:147,0
DA:167,0
DA:178,0
DA:179,0
DA:190,0
DA:191,0
DA:192,0
DA:194,0
DA:201,0
DA:206,0
DA:207,0
DA:218,0
DA:219,0
DA:220,0
DA:222,0
DA:226,0
DA:227,0
DA:233,0
DA:234,0
DA:241,0
DA:242,0
DA:249,0
DA:258,0
DA:260,0
DA:261,0
DA:268,0
LF:69
LH:0
BRDA:18,0,0,0
BRDA:18,1,0,0
BRDA:18,1,1,0
BRDA:18,1,2,0
BRDA:18,1,3,0
BRDA:18,1,4,0
BRDA:52,2,0,0
BRDA:52,3,0,0
BRDA:52,3,1,0
BRDA:61,4,0,0
BRDA:61,5,0,0
BRDA:61,5,1,0
BRDA:61,5,2,0
BRDA:61,5,3,0
BRDA:61,5,4,0
BRDA:113,6,0,0
BRDA:140,7,0,0
BRDA:140,8,0,0
BRDA:143,9,0,0
BRDA:226,10,0,0
BRDA:233,11,0,0
BRDA:241,12,0,0
BRDA:255,13,0,0
BRDA:255,13,1,0
BRF:24
BRH:0
end_of_record
TN:
SF:src/api/routes/notification.routes.ts
FN:16,(anonymous_9)
FN:48,(anonymous_10)
FN:72,(anonymous_11)
FN:88,(anonymous_12)
FN:112,(anonymous_13)
FNF:5
FNH:0
FNDA:0,(anonymous_9)
FNDA:0,(anonymous_10)
FNDA:0,(anonymous_11)
FNDA:0,(anonymous_12)
FNDA:0,(anonymous_13)
DA:6,0
DA:7,0
DA:8,0
DA:10,0
DA:16,0
DA:17,0
DA:18,0
DA:19,0
DA:22,0
DA:26,0
DA:27,0
DA:30,0
DA:37,0
DA:39,0
DA:40,0
DA:48,0
DA:49,0
DA:50,0
DA:52,0
DA:56,0
DA:57,0
DA:60,0
DA:61,0
DA:63,0
DA:64,0
DA:72,0
DA:73,0
DA:74,0
DA:76,0
DA:77,0
DA:79,0
DA:80,0
DA:88,0
DA:89,0
DA:90,0
DA:92,0
DA:96,0
DA:97,0
DA:100,0
DA:101,0
DA:103,0
DA:104,0
DA:112,0
DA:113,0
DA:114,0
DA:116,0
DA:117,0
DA:119,0
DA:120,0
DA:124,0
LF:50
LH:0
BRDA:19,0,0,0
BRDA:19,1,0,0
BRDA:19,2,0,0
BRDA:26,3,0,0
BRDA:56,4,0,0
BRDA:96,5,0,0
BRF:6
BRH:0
end_of_record
TN:
SF:src/api/routes/nurture.routes.ts
FN:18,(anonymous_1)
FN:45,(anonymous_2)
FN:100,(anonymous_3)
FN:155,(anonymous_4)
FN:250,(anonymous_5)
FN:292,(anonymous_6)
FN:383,(anonymous_7)
FN:440,(anonymous_8)
FN:464,(anonymous_9)
FN:488,(anonymous_10)
FN:516,(anonymous_11)
FN:587,(anonymous_12)
FN:664,(anonymous_13)
FN:732,(anonymous_14)
FN:778,(anonymous_15)
FN:825,(anonymous_16)
FNF:16
FNH:0
FNDA:0,(anonymous_1)
FNDA:0,(anonymous_2)
FNDA:0,(anonymous_3)
FNDA:0,(anonymous_4)
FNDA:0,(anonymous_5)
FNDA:0,(anonymous_6)
FNDA:0,(anonymous_7)
FNDA:0,(anonymous_8)
FNDA:0,(anonymous_9)
FNDA:0,(anonymous_10)
FNDA:0,(anonymous_11)
FNDA:0,(anonymous_12)
FNDA:0,(anonymous_13)
FNDA:0,(anonymous_14)
FNDA:0,(anonymous_15)
FNDA:0,(anonymous_16)
DA:6,0
DA:7,0
DA:8,0
DA:9,0
DA:10,0
DA:12,0
DA:18,0
DA:19,0
DA:20,0
DA:22,0
DA:23,0
DA:26,0
DA:28,0
DA:33,0
DA:34,0
DA:35,0
DA:37,0
DA:45,0
DA:46,0
DA:47,0
DA:48,0
DA:50,0
DA:51,0
DA:54,0
DA:55,0
DA:59,0
DA:64,0
DA:65,0
DA:69,0
DA:70,0
DA:71,0
DA:78,0
DA:80,0
DA:91,0
DA:92,0
DA:100,0
DA:101,0
DA:102,0
DA:104,0
DA:105,0
DA:109,0
DA:114,0
DA:115,0
DA:119,0
DA:120,0
DA:123,0
DA:124,0
DA:125,0
DA:126,0
DA:127,0
DA:128,0
DA:130,0
DA:131,0
DA:134,0
DA:146,0
DA:147,0
DA:155,0
DA:156,0
DA:157,0
DA:158,0
DA:160,0
DA:161,0
DA:164,0
DA:165,0
DA:169,0
DA:174,0
DA:175,0
DA:179,0
DA:183,0
DA:184,0
DA:185,0
DA:186,0
DA:188,0
DA:189,0
DA:196,0
DA:197,0
DA:200,0
DA:201,0
DA:202,0
DA:206,0
DA:207,0
DA:208,0
DA:211,0
DA:212,0
DA:213,0
DA:218,0
DA:219,0
DA:220,0
DA:222,0
DA:226,0
DA:241,0
DA:242,0
DA:250,0
DA:251,0
DA:252,0
DA:253,0
DA:255,0
DA:256,0
DA:259,0
DA:264,0
DA:265,0
DA:268,0
DA:271,0
DA:272,0
DA:273,0
DA:274,0
DA:276,0
DA:283,0
DA:284,0
DA:292,0
DA:293,0
DA:294,0
DA:295,0
DA:297,0
DA:298,0
DA:301,0
DA:302,0
DA:306,0
DA:311,0
DA:312,0
DA:316,0
DA:317,0
DA:321,0
DA:322,0
DA:323,0
DA:324,0
DA:326,0
DA:327,0
DA:335,0
DA:336,0
DA:337,0
DA:338,0
DA:341,0
DA:342,0
DA:343,0
DA:346,0
DA:347,0
DA:352,0
DA:353,0
DA:354,0
DA:356,0
DA:359,0
DA:374,0
DA:375,0
DA:383,0
DA:384,0
DA:385,0
DA:387,0
DA:388,0
DA:392,0
DA:397,0
DA:398,0
DA:402,0
DA:403,0
DA:404,0
DA:411,0
DA:412,0
DA:413,0
DA:415,0
DA:431,0
DA:432,0
DA:440,0
DA:441,0
DA:442,0
DA:444,0
DA:445,0
DA:448,0
DA:450,0
DA:455,0
DA:456,0
DA:464,0
DA:465,0
DA:466,0
DA:468,0
DA:469,0
DA:472,0
DA:474,0
DA:479,0
DA:480,0
DA:488,0
DA:489,0
DA:490,0
DA:491,0
DA:493,0
DA:494,0
DA:497,0
DA:502,0
DA:507,0
DA:508,0
DA:516,0
DA:517,0
DA:518,0
DA:519,0
DA:521,0
DA:522,0
DA:525,0
DA:526,0
DA:530,0
DA:539,0
DA:540,0
DA:544,0
DA:545,0
DA:549,0
DA:550,0
DA:554,0
DA:564,0
DA:570,0
DA:578,0
DA:579,0
DA:587,0
DA:588,0
DA:589,0
DA:590,0
DA:592,0
DA:593,0
DA:596,0
DA:597,0
DA:600,0
DA:605,0
DA:606,0
DA:610,0
DA:611,0
DA:615,0
DA:616,0
DA:617,0
DA:618,0
DA:621,0
DA:622,0
DA:623,0
DA:626,0
DA:627,0
DA:628,0
DA:633,0
DA:634,0
DA:635,0
DA:637,0
DA:640,0
DA:655,0
DA:656,0
DA:664,0
DA:665,0
DA:666,0
DA:667,0
DA:669,0
DA:670,0
DA:673,0
DA:678,0
DA:679,0
DA:683,0
DA:684,0
DA:688,0
DA:689,0
DA:690,0
DA:691,0
DA:694,0
DA:695,0
DA:696,0
DA:699,0
DA:700,0
DA:701,0
DA:706,0
DA:707,0
DA:708,0
DA:710,0
DA:713,0
DA:723,0
DA:724,0
DA:732,0
DA:733,0
DA:734,0
DA:736,0
DA:737,0
DA:740,0
DA:745,0
DA:746,0
DA:750,0
DA:751,0
DA:754,0
DA:755,0
DA:757,0
DA:769,0
DA:770,0
DA:778,0
DA:779,0
DA:780,0
DA:782,0
DA:783,0
DA:786,0
DA:791,0
DA:792,0
DA:795,0
DA:796,0
DA:799,0
DA:800,0
DA:803,0
DA:811,0
DA:816,0
DA:817,0
DA:825,0
DA:826,0
DA:827,0
DA:829,0
DA:830,0
DA:833,0
DA:838,0
DA:839,0
DA:842,0
DA:843,0
DA:847,0
DA:848,0
DA:849,0
DA:850,0
DA:852,0
DA:855,0
DA:857,0
DA:866,0
DA:873,0
DA:874,0
DA:878,0
LF:319
LH:0
BRDA:22,0,0,0
BRDA:34,1,0,0
BRDA:50,2,0,0
BRDA:54,3,0,0
BRDA:54,4,0,0
BRDA:54,4,1,0
BRDA:64,5,0,0
BRDA:70,6,0,0
BRDA:104,7,0,0
BRDA:114,8,0,0
BRDA:125,9,0,0
BRDA:125,9,1,0
BRDA:160,10,0,0
BRDA:164,11,0,0
BRDA:164,12,0,0
BRDA:164,12,1,0
BRDA:174,13,0,0
BRDA:188,14,0,0
BRDA:188,15,0,0
BRDA:188,15,1,0
BRDA:196,16,0,0
BRDA:196,16,1,0
BRDA:201,17,0,0
BRDA:206,18,0,0
BRDA:206,18,1,0
BRDA:212,19,0,0
BRDA:218,20,0,0
BRDA:218,20,1,0
BRDA:253,21,0,0
BRDA:253,21,1,0
BRDA:255,22,0,0
BRDA:264,23,0,0
BRDA:272,24,0,0
BRDA:272,24,1,0
BRDA:297,25,0,0
BRDA:301,26,0,0
BRDA:301,27,0,0
BRDA:301,27,1,0
BRDA:311,28,0,0
BRDA:316,29,0,0
BRDA:316,30,0,0
BRDA:316,30,1,0
BRDA:326,31,0,0
BRDA:326,32,0,0
BRDA:326,32,1,0
BRDA:336,33,0,0
BRDA:336,33,1,0
BRDA:337,34,0,0
BRDA:337,34,1,0
BRDA:338,35,0,0
BRDA:352,36,0,0
BRDA:352,36,1,0
BRDA:387,37,0,0
BRDA:397,38,0,0
BRDA:403,39,0,0
BRDA:444,40,0,0
BRDA:468,41,0,0
BRDA:491,42,0,0
BRDA:491,42,1,0
BRDA:493,43,0,0
BRDA:521,44,0,0
BRDA:525,45,0,0
BRDA:525,46,0,0
BRDA:525,46,1,0
BRDA:539,47,0,0
BRDA:544,48,0,0
BRDA:549,49,0,0
BRDA:592,50,0,0
BRDA:596,51,0,0
BRDA:596,52,0,0
BRDA:596,52,1,0
BRDA:605,53,0,0
BRDA:610,54,0,0
BRDA:610,55,0,0
BRDA:610,55,1,0
BRDA:616,56,0,0
BRDA:616,56,1,0
BRDA:617,57,0,0
BRDA:617,57,1,0
BRDA:618,58,0,0
BRDA:633,59,0,0
BRDA:633,59,1,0
BRDA:669,60,0,0
BRDA:678,61,0,0
BRDA:683,62,0,0
BRDA:683,63,0,0
BRDA:683,63,1,0
BRDA:689,64,0,0
BRDA:689,64,1,0
BRDA:690,65,0,0
BRDA:690,65,1,0
BRDA:691,66,0,0
BRDA:706,67,0,0
BRDA:706,67,1,0
BRDA:736,68,0,0
BRDA:745,69,0,0
BRDA:751,70,0,0
BRDA:751,70,1,0
BRDA:755,71,0,0
BRDA:760,72,0,0
BRDA:760,72,1,0
BRDA:765,73,0,0
BRDA:765,73,1,0
BRDA:782,74,0,0
BRDA:791,75,0,0
BRDA:795,76,0,0
BRDA:799,77,0,0
BRDA:799,78,0,0
BRDA:799,78,1,0
BRDA:829,79,0,0
BRDA:838,80,0,0
BRDA:842,81,0,0
BRDA:848,82,0,0
BRDA:855,83,0,0
BRDA:855,83,1,0
BRF:115
BRH:0
end_of_record
TN:
SF:src/api/routes/price.routes.ts
FN:13,(anonymous_0)
FN:51,(anonymous_1)
FN:62,(anonymous_2)
FN:68,(anonymous_3)
FN:88,(anonymous_4)
FN:97,(anonymous_5)
FN:120,(anonymous_6)
FN:133,(anonymous_7)
FN:150,(anonymous_8)
FNF:9
FNH:0
FNDA:0,(anonymous_0)
FNDA:0,(anonymous_1)
FNDA:0,(anonymous_2)
FNDA:0,(anonymous_3)
FNDA:0,(anonymous_4)
FNDA:0,(anonymous_5)
FNDA:0,(anonymous_6)
FNDA:0,(anonymous_7)
FNDA:0,(anonymous_8)
DA:3,0
DA:4,0
DA:6,0
DA:7,0
DA:13,0
DA:14,0
DA:15,0
DA:17,0
DA:18,0
DA:24,0
DA:26,0
DA:39,0
DA:40,0
DA:51,0
DA:52,0
DA:53,0
DA:55,0
DA:56,0
DA:62,0
DA:63,0
DA:65,0
DA:68,0
DA:76,0
DA:77,0
DA:88,0
DA:89,0
DA:91,0
DA:92,0
DA:94,0
DA:97,0
DA:108,0
DA:109,0
DA:120,0
DA:121,0
DA:122,0
DA:124,0
DA:125,0
DA:132,0
DA:133,0
DA:134,0
DA:137,0
DA:138,0
DA:144,0
DA:146,0
DA:150,0
DA:158,0
DA:159,0
DA:166,0
LF:48
LH:0
BRDA:17,0,0,0
BRDA:32,1,0,0
BRDA:32,1,1,0
BRDA:55,2,0,0
BRDA:55,3,0,0
BRDA:55,3,1,0
BRDA:101,4,0,0
BRDA:101,4,1,0
BRDA:124,5,0,0
BRDA:137,6,0,0
BRF:10
BRH:0
end_of_record
TN:
SF:src/api/routes/shop.routes.ts
FN:21,(anonymous_0)
FN:55,(anonymous_1)
FN:93,(anonymous_2)
FNF:3
FNH:0
FNDA:0,(anonymous_0)
FNDA:0,(anonymous_1)
FNDA:0,(anonymous_2)
DA:5,0
DA:6,0
DA:15,0
DA:21,0
DA:22,0
DA:23,0
DA:25,0
DA:26,0
DA:32,0
DA:33,0
DA:35,0
DA:43,0
DA:44,0
DA:55,0
DA:56,0
DA:57,0
DA:59,0
DA:60,0
DA:66,0
DA:68,0
DA:69,0
DA:75,0
DA:81,0
DA:82,0
DA:93,0
DA:94,0
DA:95,0
DA:96,0
DA:101,0
DA:102,0
DA:109,0
LF:31
LH:0
BRDA:25,0,0,0
BRDA:25,1,0,0
BRDA:25,1,1,0
BRDA:46,2,0,0
BRDA:46,2,1,0
BRDA:59,3,0,0
BRDA:59,4,0,0
BRDA:59,4,1,0
BRDA:68,5,0,0
BRDA:84,6,0,0
BRDA:84,6,1,0
BRDA:104,7,0,0
BRDA:104,7,1,0
BRF:13
BRH:0
end_of_record
TN:
SF:src/api/routes/souvenir.routes.ts
FN:15,(anonymous_0)
FN:28,(anonymous_1)
FN:54,(anonymous_2)
FN:85,(anonymous_3)
FN:106,(anonymous_4)
FNF:5
FNH:0
FNDA:0,(anonymous_0)
FNDA:0,(anonymous_1)
FNDA:0,(anonymous_2)
FNDA:0,(anonymous_3)
FNDA:0,(anonymous_4)
DA:3,0
DA:4,0
DA:6,0
DA:15,0
DA:16,0
DA:17,0
DA:19,0
DA:21,0
DA:27,0
DA:29,0
DA:32,0
DA:36,0
DA:37,0
DA:39,0
DA:44,0
DA:45,0
DA:46,0
DA:51,0
DA:53,0
DA:55,0
DA:58,0
DA:62,0
DA:70,0
DA:72,0
DA:75,0
DA:76,0
DA:85,0
DA:86,0
DA:87,0
DA:90,0
DA:94,0
DA:95,0
DA:99,0
DA:105,0
DA:107,0
DA:110,0
DA:114,0
DA:116,0
DA:117,0
DA:121,0
LF:40
LH:0
BRDA:19,0,0,0
BRDA:19,0,1,0
BRDA:37,1,0,0
BRDA:37,1,1,0
BRDA:51,2,0,0
BRDA:94,3,0,0
BRF:6
BRH:0
end_of_record
TN:
SF:src/api/routes/task.routes.ts
FN:20,(anonymous_0)
FN:34,(anonymous_1)
FN:61,(anonymous_2)
FN:99,(anonymous_3)
FNF:4
FNH:0
FNDA:0,(anonymous_0)
FNDA:0,(anonymous_1)
FNDA:0,(anonymous_2)
FNDA:0,(anonymous_3)
DA:5,0
DA:6,0
DA:14,0
DA:20,0
DA:21,0
DA:22,0
DA:24,0
DA:25,0
DA:31,0
DA:34,0
DA:39,0
DA:49,0
DA:50,0
DA:61,0
DA:62,0
DA:63,0
DA:64,0
DA:66,0
DA:67,0
DA:73,0
DA:75,0
DA:76,0
DA:82,0
DA:87,0
DA:88,0
DA:99,0
DA:100,0
DA:109,0
LF:28
LH:0
BRDA:24,0,0,0
BRDA:52,1,0,0
BRDA:52,1,1,0
BRDA:66,2,0,0
BRDA:66,3,0,0
BRDA:66,3,1,0
BRDA:75,4,0,0
BRDA:90,5,0,0
BRDA:90,5,1,0
BRF:9
BRH:0
end_of_record
TN:
SF:src/api/routes/travel.routes.ts
FN:13,stringifyBigInt
FN:34,(anonymous_1)
FN:67,(anonymous_2)
FN:75,(anonymous_3)
FN:109,(anonymous_4)
FN:160,(anonymous_5)
FN:179,(anonymous_6)
FN:183,(anonymous_7)
FN:244,(anonymous_8)
FN:249,(anonymous_9)
FN:304,(anonymous_10)
FN:320,(anonymous_11)
FN:354,(anonymous_12)
FN:403,(anonymous_13)
FN:418,(anonymous_14)
FN:435,(anonymous_15)
FN:459,(anonymous_16)
FN:469,(anonymous_17)
FN:494,(anonymous_18)
FN:524,(anonymous_19)
FN:527,(anonymous_20)
FN:528,(anonymous_21)
FN:533,(anonymous_22)
FN:535,(anonymous_23)
FN:545,(anonymous_24)
FN:580,(anonymous_25)
FN:650,(anonymous_26)
FN:725,(anonymous_27)
FN:777,(anonymous_28)
FN:805,(anonymous_29)
FN:866,(anonymous_30)
FN:959,(anonymous_31)
FN:977,(anonymous_32)
FN:1060,(anonymous_33)
FN:1109,(anonymous_34)
FN:1137,(anonymous_35)
FN:1179,(anonymous_36)
FN:1224,(anonymous_37)
FN:1256,(anonymous_38)
FN:1296,(anonymous_39)
FN:1328,(anonymous_40)
FN:1355,(anonymous_41)
FN:1381,(anonymous_42)
FN:1403,(anonymous_43)
FN:1430,(anonymous_44)
FNF:45
FNH:0
FNDA:0,stringifyBigInt
FNDA:0,(anonymous_1)
FNDA:0,(anonymous_2)
FNDA:0,(anonymous_3)
FNDA:0,(anonymous_4)
FNDA:0,(anonymous_5)
FNDA:0,(anonymous_6)
FNDA:0,(anonymous_7)
FNDA:0,(anonymous_8)
FNDA:0,(anonymous_9)
FNDA:0,(anonymous_10)
FNDA:0,(anonymous_11)
FNDA:0,(anonymous_12)
FNDA:0,(anonymous_13)
FNDA:0,(anonymous_14)
FNDA:0,(anonymous_15)
FNDA:0,(anonymous_16)
FNDA:0,(anonymous_17)
FNDA:0,(anonymous_18)
FNDA:0,(anonymous_19)
FNDA:0,(anonymous_20)
FNDA:0,(anonymous_21)
FNDA:0,(anonymous_22)
FNDA:0,(anonymous_23)
FNDA:0,(anonymous_24)
FNDA:0,(anonymous_25)
FNDA:0,(anonymous_26)
FNDA:0,(anonymous_27)
FNDA:0,(anonymous_28)
FNDA:0,(anonymous_29)
FNDA:0,(anonymous_30)
FNDA:0,(anonymous_31)
FNDA:0,(anonymous_32)
FNDA:0,(anonymous_33)
FNDA:0,(anonymous_34)
FNDA:0,(anonymous_35)
FNDA:0,(anonymous_36)
FNDA:0,(anonymous_37)
FNDA:0,(anonymous_38)
FNDA:0,(anonymous_39)
FNDA:0,(anonymous_40)
FNDA:0,(anonymous_41)
FNDA:0,(anonymous_42)
FNDA:0,(anonymous_43)
FNDA:0,(anonymous_44)
DA:1,0
DA:2,0
DA:3,0
DA:4,0
DA:5,0
DA:6,0
DA:7,0
DA:8,0
DA:9,0
DA:14,0
DA:15,0
DA:16,0
DA:17,0
DA:18,0
DA:19,0
DA:20,0
DA:21,0
DA:23,0
DA:25,0
DA:28,0
DA:34,0
DA:35,0
DA:36,0
DA:37,0
DA:38,0
DA:40,0
DA:41,0
DA:48,0
DA:55,0
DA:56,0
DA:67,0
DA:68,0
DA:73,0
DA:74,0
DA:75,0
DA:76,0
DA:77,0
DA:80,0
DA:92,0
DA:104,0
DA:109,0
DA:110,0
DA:111,0
DA:112,0
DA:113,0
DA:116,0
DA:117,0
DA:124,0
DA:130,0
DA:140,0
DA:141,0
DA:142,0
DA:148,0
DA:160,0
DA:161,0
DA:162,0
DA:164,0
DA:165,0
DA:172,0
DA:179,0
DA:180,0
DA:182,0
DA:183,0
DA:184,0
DA:185,0
DA:188,0
DA:205,0
DA:230,0
DA:241,0
DA:242,0
DA:244,0
DA:246,0
DA:247,0
DA:248,0
DA:249,0
DA:253,0
DA:254,0
DA:255,0
DA:256,0
DA:262,0
DA:273,0
DA:292,0
DA:293,0
DA:304,0
DA:305,0
DA:306,0
DA:308,0
DA:320,0
DA:321,0
DA:322,0
DA:323,0
DA:324,0
DA:328,0
DA:335,0
DA:342,0
DA:345,0
DA:346,0
DA:354,0
DA:355,0
DA:356,0
DA:357,0
DA:359,0
DA:371,0
DA:372,0
DA:373,0
DA:377,0
DA:378,0
DA:380,0
DA:394,0
DA:395,0
DA:403,0
DA:404,0
DA:405,0
DA:407,0
DA:408,0
DA:411,0
DA:418,0
DA:424,0
DA:426,0
DA:427,0
DA:435,0
DA:436,0
DA:437,0
DA:438,0
DA:439,0
DA:440,0
DA:442,0
DA:443,0
DA:447,0
DA:453,0
DA:459,0
DA:460,0
DA:461,0
DA:462,0
DA:463,0
DA:464,0
DA:469,0
DA:470,0
DA:471,0
DA:472,0
DA:474,0
DA:494,0
DA:495,0
DA:496,0
DA:497,0
DA:498,0
DA:499,0
DA:501,0
DA:521,0
DA:524,0
DA:527,0
DA:528,0
DA:529,0
DA:532,0
DA:533,0
DA:534,0
DA:535,0
DA:540,0
DA:543,0
DA:545,0
DA:549,0
DA:571,0
DA:572,0
DA:580,0
DA:581,0
DA:582,0
DA:584,0
DA:585,0
DA:589,0
DA:597,0
DA:598,0
DA:602,0
DA:605,0
DA:615,0
DA:616,0
DA:628,0
DA:629,0
DA:639,0
DA:641,0
DA:642,0
DA:650,0
DA:651,0
DA:652,0
DA:654,0
DA:662,0
DA:663,0
DA:666,0
DA:667,0
DA:668,0
DA:669,0
DA:672,0
DA:681,0
DA:687,0
DA:688,0
DA:689,0
DA:690,0
DA:695,0
DA:716,0
DA:717,0
DA:725,0
DA:726,0
DA:727,0
DA:730,0
DA:732,0
DA:734,0
DA:735,0
DA:742,0
DA:746,0
DA:747,0
DA:754,0
DA:758,0
DA:761,0
DA:777,0
DA:778,0
DA:781,0
DA:793,0
DA:794,0
DA:805,0
DA:806,0
DA:807,0
DA:810,0
DA:812,0
DA:814,0
DA:815,0
DA:822,0
DA:826,0
DA:827,0
DA:833,0
DA:841,0
DA:843,0
DA:854,0
DA:855,0
DA:866,0
DA:867,0
DA:868,0
DA:870,0
DA:874,0
DA:875,0
DA:883,0
DA:889,0
DA:890,0
DA:891,0
DA:892,0
DA:896,0
DA:899,0
DA:900,0
DA:903,0
DA:904,0
DA:905,0
DA:908,0
DA:917,0
DA:926,0
DA:927,0
DA:928,0
DA:933,0
DA:947,0
DA:948,0
DA:959,0
DA:960,0
DA:961,0
DA:962,0
DA:963,0
DA:966,0
DA:967,0
DA:969,0
DA:977,0
DA:978,0
DA:979,0
DA:981,0
DA:984,0
DA:985,0
DA:987,0
DA:988,0
DA:994,0
DA:995,0
DA:1002,0
DA:1003,0
DA:1004,0
DA:1011,0
DA:1016,0
DA:1017,0
DA:1024,0
DA:1025,0
DA:1031,0
DA:1032,0
DA:1039,0
DA:1049,0
DA:1050,0
DA:1057,0
DA:1060,0
DA:1062,0
DA:1075,0
DA:1085,0
DA:1091,0
DA:1105,0
DA:1109,0
DA:1110,0
DA:1113,0
DA:1125,0
DA:1126,0
DA:1137,0
DA:1138,0
DA:1139,0
DA:1141,0
DA:1150,0
DA:1151,0
DA:1157,0
DA:1163,0
DA:1164,0
DA:1173,0
DA:1179,0
DA:1180,0
DA:1181,0
DA:1182,0
DA:1184,0
DA:1185,0
DA:1188,0
DA:1189,0
DA:1192,0
DA:1194,0
DA:1196,0
DA:1197,0
DA:1203,0
DA:1212,0
DA:1213,0
DA:1224,0
DA:1225,0
DA:1226,0
DA:1228,0
DA:1229,0
DA:1232,0
DA:1234,0
DA:1239,0
DA:1240,0
DA:1249,0
DA:1250,0
DA:1256,0
DA:1257,0
DA:1258,0
DA:1260,0
DA:1261,0
DA:1264,0
DA:1269,0
DA:1270,0
DA:1274,0
DA:1279,0
DA:1284,0
DA:1285,0
DA:1296,0
DA:1297,0
DA:1298,0
DA:1299,0
DA:1301,0
DA:1302,0
DA:1305,0
DA:1306,0
DA:1308,0
DA:1316,0
DA:1317,0
DA:1328,0
DA:1329,0
DA:1330,0
DA:1332,0
DA:1333,0
DA:1336,0
DA:1338,0
DA:1343,0
DA:1344,0
DA:1355,0
DA:1356,0
DA:1357,0
DA:1358,0
DA:1360,0
DA:1365,0
DA:1366,0
DA:1375,0
DA:1381,0
DA:1382,0
DA:1383,0
DA:1384,0
DA:1386,0
DA:1391,0
DA:1392,0
DA:1403,0
DA:1404,0
DA:1405,0
DA:1407,0
DA:1408,0
DA:1411,0
DA:1413,0
DA:1418,0
DA:1419,0
DA:1430,0
DA:1431,0
DA:1432,0
DA:1433,0
DA:1435,0
DA:1436,0
DA:1439,0
DA:1440,0
DA:1443,0
DA:1445,0
DA:1447,0
DA:1448,0
DA:1454,0
DA:1463,0
DA:1464,0
DA:1471,0
LF:408
LH:0
BRDA:14,0,0,0
BRDA:14,1,0,0
BRDA:14,1,1,0
BRDA:15,2,0,0
BRDA:16,3,0,0
BRDA:17,4,0,0
BRDA:18,5,0,0
BRDA:37,6,0,0
BRDA:37,6,1,0
BRDA:38,7,0,0
BRDA:38,7,1,0
BRDA:40,8,0,0
BRDA:55,9,0,0
BRDA:73,10,0,0
BRDA:76,11,0,0
BRDA:76,11,1,0
BRDA:112,12,0,0
BRDA:141,13,0,0
BRDA:164,14,0,0
BRDA:182,15,0,0
BRDA:182,16,0,0
BRDA:182,16,1,0
BRDA:184,17,0,0
BRDA:184,17,1,0
BRDA:247,18,0,0
BRDA:253,19,0,0
BRDA:255,20,0,0
BRDA:283,21,0,0
BRDA:283,21,1,0
BRDA:323,22,0,0
BRDA:371,23,0,0
BRDA:407,24,0,0
BRDA:439,25,0,0
BRDA:439,25,1,0
BRDA:440,26,0,0
BRDA:440,26,1,0
BRDA:442,27,0,0
BRDA:460,28,0,0
BRDA:460,28,1,0
BRDA:460,28,2,0
BRDA:460,28,3,0
BRDA:472,29,0,0
BRDA:472,29,1,0
BRDA:477,30,0,0
BRDA:477,30,1,0
BRDA:478,31,0,0
BRDA:478,31,1,0
BRDA:484,32,0,0
BRDA:484,32,1,0
BRDA:487,33,0,0
BRDA:487,33,1,0
BRDA:495,34,0,0
BRDA:495,34,1,0
BRDA:496,35,0,0
BRDA:496,35,1,0
BRDA:499,36,0,0
BRDA:499,36,1,0
BRDA:504,37,0,0
BRDA:504,37,1,0
BRDA:505,38,0,0
BRDA:505,38,1,0
BRDA:506,39,0,0
BRDA:506,39,1,0
BRDA:507,40,0,0
BRDA:507,40,1,0
BRDA:510,41,0,0
BRDA:510,41,1,0
BRDA:510,41,2,0
BRDA:511,42,0,0
BRDA:511,42,1,0
BRDA:511,43,0,0
BRDA:511,43,1,0
BRDA:511,44,0,0
BRDA:511,44,1,0
BRDA:513,45,0,0
BRDA:513,45,1,0
BRDA:513,45,2,0
BRDA:514,46,0,0
BRDA:514,46,1,0
BRDA:514,47,0,0
BRDA:514,47,1,0
BRDA:514,48,0,0
BRDA:514,48,1,0
BRDA:532,49,0,0
BRDA:532,49,1,0
BRDA:534,50,0,0
BRDA:584,51,0,0
BRDA:597,52,0,0
BRDA:608,53,0,0
BRDA:608,53,1,0
BRDA:609,54,0,0
BRDA:609,54,1,0
BRDA:620,55,0,0
BRDA:620,55,1,0
BRDA:628,56,0,0
BRDA:632,57,0,0
BRDA:632,57,1,0
BRDA:633,58,0,0
BRDA:633,58,1,0
BRDA:634,59,0,0
BRDA:634,59,1,0
BRDA:634,60,0,0
BRDA:634,60,1,0
BRDA:662,61,0,0
BRDA:662,62,0,0
BRDA:662,62,1,0
BRDA:668,63,0,0
BRDA:687,64,0,0
BRDA:687,65,0,0
BRDA:687,65,1,0
BRDA:689,66,0,0
BRDA:689,67,0,0
BRDA:689,67,1,0
BRDA:689,67,2,0
BRDA:727,68,0,0
BRDA:730,69,0,0
BRDA:730,69,1,0
BRDA:732,70,0,0
BRDA:732,70,1,0
BRDA:734,71,0,0
BRDA:746,72,0,0
BRDA:754,73,0,0
BRDA:754,73,1,0
BRDA:754,74,0,0
BRDA:754,74,1,0
BRDA:765,75,0,0
BRDA:765,75,1,0
BRDA:768,76,0,0
BRDA:768,76,1,0
BRDA:787,77,0,0
BRDA:787,77,1,0
BRDA:789,78,0,0
BRDA:789,78,1,0
BRDA:796,79,0,0
BRDA:796,79,1,0
BRDA:807,80,0,0
BRDA:810,81,0,0
BRDA:810,81,1,0
BRDA:812,82,0,0
BRDA:812,82,1,0
BRDA:814,83,0,0
BRDA:826,84,0,0
BRDA:838,85,0,0
BRDA:838,85,1,0
BRDA:848,86,0,0
BRDA:848,86,1,0
BRDA:850,87,0,0
BRDA:850,87,1,0
BRDA:857,88,0,0
BRDA:857,88,1,0
BRDA:874,89,0,0
BRDA:889,90,0,0
BRDA:889,91,0,0
BRDA:889,91,1,0
BRDA:891,92,0,0
BRDA:891,93,0,0
BRDA:891,93,1,0
BRDA:891,93,2,0
BRDA:900,94,0,0
BRDA:900,94,1,0
BRDA:903,95,0,0
BRDA:903,95,1,0
BRDA:927,96,0,0
BRDA:962,97,0,0
BRDA:987,98,0,0
BRDA:987,99,0,0
BRDA:987,99,1,0
BRDA:994,100,0,0
BRDA:1002,101,0,0
BRDA:1002,101,1,0
BRDA:1002,102,0,0
BRDA:1002,102,1,0
BRDA:1003,103,0,0
BRDA:1016,104,0,0
BRDA:1016,105,0,0
BRDA:1016,105,1,0
BRDA:1024,106,0,0
BRDA:1031,107,0,0
BRDA:1049,108,0,0
BRDA:1057,109,0,0
BRDA:1057,109,1,0
BRDA:1128,110,0,0
BRDA:1128,110,1,0
BRDA:1150,111,0,0
BRDA:1166,112,0,0
BRDA:1166,112,1,0
BRDA:1182,113,0,0
BRDA:1184,114,0,0
BRDA:1188,115,0,0
BRDA:1196,116,0,0
BRDA:1215,117,0,0
BRDA:1215,117,1,0
BRDA:1228,118,0,0
BRDA:1242,119,0,0
BRDA:1242,119,1,0
BRDA:1260,120,0,0
BRDA:1269,121,0,0
BRDA:1287,122,0,0
BRDA:1287,122,1,0
BRDA:1301,123,0,0
BRDA:1319,124,0,0
BRDA:1319,124,1,0
BRDA:1332,125,0,0
BRDA:1346,126,0,0
BRDA:1346,126,1,0
BRDA:1357,127,0,0
BRDA:1357,127,1,0
BRDA:1368,128,0,0
BRDA:1368,128,1,0
BRDA:1383,129,0,0
BRDA:1383,129,1,0
BRDA:1394,130,0,0
BRDA:1394,130,1,0
BRDA:1407,131,0,0
BRDA:1421,132,0,0
BRDA:1421,132,1,0
BRDA:1435,133,0,0
BRDA:1439,134,0,0
BRDA:1447,135,0,0
BRDA:1466,136,0,0
BRDA:1466,136,1,0
BRF:221
BRH:0
end_of_record
TN:
SF:src/config/chains.ts
FN:127,getChainConfig
FN:136,getChainKey
FN:147,getRandomTargetChain
FN:148,(anonymous_3)
FN:159,getAvailableTargetChains
FN:160,(anonymous_5)
FNF:6
FNH:0
FNDA:0,getChainConfig
FNDA:0,getChainKey
FNDA:0,getRandomTargetChain
FNDA:0,(anonymous_3)
FNDA:0,getAvailableTargetChains
FNDA:0,(anonymous_5)
DA:3,0
DA:115,0
DA:118,0
DA:127,0
DA:128,0
DA:129,0
DA:130,0
DA:131,0
DA:133,0
DA:136,0
DA:137,0
DA:138,0
DA:139,0
DA:147,0
DA:148,0
DA:149,0
DA:150,0
DA:152,0
DA:153,0
DA:159,0
DA:160,0
DA:161,0
DA:162,0
LF:23
LH:0
BRDA:8,0,0,0
BRDA:8,0,1,0
BRDA:30,1,0,0
BRDA:30,1,1,0
BRDA:51,2,0,0
BRDA:51,2,1,0
BRDA:74,3,0,0
BRDA:74,3,1,0
BRDA:96,4,0,0
BRDA:96,4,1,0
BRDA:128,5,0,0
BRDA:130,6,0,0
BRDA:138,7,0,0
BRDA:147,8,0,0
BRDA:149,9,0,0
BRDA:162,10,0,0
BRDA:162,10,1,0
BRDA:162,11,0,0
BRDA:162,11,1,0
BRF:19
BRH:0
end_of_record
TN:
SF:src/config/contracts.ts
FNF:0
FNH:0
DA:4,0
DA:235,0
LF:2
LH:0
BRF:0
BRH:0
end_of_record
TN:
SF:src/config/index.ts
FNF:0
FNH:0
DA:2,0
DA:3,0
DA:6,0
DA:13,0
LF:4
LH:0
BRDA:15,0,0,0
BRDA:15,0,1,0
BRDA:16,1,0,0
BRDA:16,1,1,0
BRDA:19,2,0,0
BRDA:19,2,1,0
BRDA:20,3,0,0
BRDA:20,3,1,0
BRDA:23,4,0,0
BRDA:23,4,1,0
BRDA:25,5,0,0
BRDA:25,5,1,0
BRDA:28,6,0,0
BRDA:28,6,1,0
BRDA:29,7,0,0
BRDA:29,7,1,0
BRDA:30,8,0,0
BRDA:30,8,1,0
BRDA:33,9,0,0
BRDA:33,9,1,0
BRDA:36,10,0,0
BRDA:36,10,1,0
BRDA:37,11,0,0
BRDA:37,11,1,0
BRDA:40,12,0,0
BRDA:40,12,1,0
BRDA:41,13,0,0
BRDA:41,13,1,0
BRDA:44,14,0,0
BRDA:44,14,1,0
BRDA:47,15,0,0
BRDA:47,15,1,0
BRDA:50,16,0,0
BRDA:50,16,1,0
BRDA:55,17,0,0
BRDA:55,17,1,0
BRDA:60,18,0,0
BRDA:60,18,1,0
BRDA:61,19,0,0
BRDA:61,19,1,0
BRDA:64,20,0,0
BRDA:64,20,1,0
BRDA:65,21,0,0
BRDA:65,21,1,0
BRDA:68,22,0,0
BRDA:68,22,1,0
BRF:46
BRH:0
end_of_record
TN:
SF:src/config/interesting-addresses.ts
FN:104,getInterestingAddresses
FN:114,getRandomInterestingAddress
FN:121,(anonymous_2)
FN:122,(anonymous_3)
FN:128,(anonymous_4)
FN:129,(anonymous_5)
FN:145,getDiscoveryDescription
FNF:7
FNH:0
FNDA:0,getInterestingAddresses
FNDA:0,getRandomInterestingAddress
FNDA:0,(anonymous_2)
FNDA:0,(anonymous_3)
FNDA:0,(anonymous_4)
FNDA:0,(anonymous_5)
FNDA:0,getDiscoveryDescription
DA:27,0
DA:53,0
DA:61,0
DA:69,0
DA:76,0
DA:84,0
DA:90,0
DA:104,0
DA:105,0
DA:114,0
DA:118,0
DA:119,0
DA:121,0
DA:122,0
DA:124,0
DA:128,0
DA:129,0
DA:131,0
DA:132,0
DA:133,0
DA:134,0
DA:135,0
DA:139,0
DA:145,0
DA:146,0
DA:157,0
DA:158,0
DA:160,0
LF:28
LH:0
BRDA:105,0,0,0
BRDA:105,0,1,0
BRDA:116,1,0,0
BRDA:119,2,0,0
BRDA:124,3,0,0
BRDA:128,4,0,0
BRDA:128,4,1,0
BRDA:134,5,0,0
BRDA:158,6,0,0
BRDA:158,6,1,0
BRDA:160,7,0,0
BRDA:160,7,1,0
BRF:12
BRH:0
end_of_record
TN:
SF:src/config/prompt-templates.ts
FN:287,getRandomObservation
FNF:1
FNH:0
FNDA:0,getRandomObservation
DA:11,0
DA:22,0
DA:32,0
DA:161,0
DA:191,0
DA:237,0
DA:287,0
DA:288,0
DA:289,0
LF:9
LH:0
BRF:0
BRH:0
end_of_record
TN:
SF:src/middlewares/auth.middleware.ts
FN:37,generateToken
FN:49,verifyToken
FN:57,authRequired
FN:99,authOptional
FN:126,ownershipRequired
FN:127,(anonymous_15)
FN:154,frogOwnershipRequired
FN:155,(anonymous_17)
FN:172,(anonymous_18)
FNF:9
FNH:0
FNDA:0,generateToken
FNDA:0,verifyToken
FNDA:0,authRequired
FNDA:0,authOptional
FNDA:0,ownershipRequired
FNDA:0,(anonymous_15)
FNDA:0,frogOwnershipRequired
FNDA:0,(anonymous_17)
FNDA:0,(anonymous_18)
DA:8,0
DA:10,0
DA:11,0
DA:31,0
DA:32,0
DA:37,0
DA:38,0
DA:43,0
DA:49,0
DA:50,0
DA:57,0
DA:58,0
DA:59,0
DA:61,0
DA:63,0
DA:64,0
DA:65,0
DA:67,0
DA:70,0
DA:73,0
DA:74,0
DA:75,0
DA:78,0
DA:79,0
DA:80,0
DA:82,0
DA:83,0
DA:84,0
DA:85,0
DA:86,0
DA:87,0
DA:89,0
DA:90,0
DA:99,0
DA:100,0
DA:101,0
DA:103,0
DA:104,0
DA:107,0
DA:108,0
DA:110,0
DA:114,0
DA:117,0
DA:118,0
DA:126,0
DA:127,0
DA:128,0
DA:129,0
DA:133,0
DA:138,0
DA:139,0
DA:142,0
DA:143,0
DA:146,0
DA:154,0
DA:155,0
DA:156,0
DA:157,0
DA:158,0
DA:161,0
DA:167,0
DA:168,0
DA:172,0
DA:174,0
DA:179,0
DA:180,0
DA:183,0
DA:184,0
DA:187,0
DA:189,0
DA:195,0
DA:203,0
DA:204,0
LF:73
LH:0
BRDA:31,0,0,0
BRDA:31,0,1,0
BRDA:32,1,0,0
BRDA:32,1,1,0
BRDA:61,2,0,0
BRDA:61,3,0,0
BRDA:61,3,1,0
BRDA:63,4,0,0
BRDA:63,5,0,0
BRDA:63,5,1,0
BRDA:73,6,0,0
BRDA:73,7,0,0
BRDA:73,7,1,0
BRDA:82,8,0,0
BRDA:82,8,1,0
BRDA:84,9,0,0
BRDA:84,9,1,0
BRDA:86,10,0,0
BRDA:86,10,1,0
BRDA:103,11,0,0
BRDA:103,12,0,0
BRDA:103,12,1,0
BRDA:107,13,0,0
BRDA:107,13,1,0
BRDA:107,14,0,0
BRDA:107,14,1,0
BRDA:126,15,0,0
BRDA:128,16,0,0
BRDA:133,17,0,0
BRDA:133,17,1,0
BRDA:133,17,2,0
BRDA:138,18,0,0
BRDA:142,19,0,0
BRDA:154,20,0,0
BRDA:157,21,0,0
BRDA:162,22,0,0
BRDA:162,22,1,0
BRDA:162,22,2,0
BRDA:167,23,0,0
BRDA:179,24,0,0
BRDA:183,25,0,0
BRF:41
BRH:0
end_of_record
TN:
SF:src/middlewares/errorHandler.ts
FN:14,(anonymous_0)
FN:26,(anonymous_1)
FN:27,(anonymous_2)
FN:28,(anonymous_3)
FN:29,(anonymous_4)
FN:30,(anonymous_5)
FN:31,(anonymous_6)
FN:47,errorHandler
FN:126,notFoundHandler
FN:138,(anonymous_9)
FN:141,(anonymous_10)
FNF:11
FNH:0
FNDA:0,(anonymous_0)
FNDA:0,(anonymous_1)
FNDA:0,(anonymous_2)
FNDA:0,(anonymous_3)
FNDA:0,(anonymous_4)
FNDA:0,(anonymous_5)
FNDA:0,(anonymous_6)
FNDA:0,errorHandler
FNDA:0,notFoundHandler
FNDA:0,(anonymous_9)
FNDA:0,(anonymous_10)
DA:4,0
DA:10,0
DA:15,0
DA:16,0
DA:17,0
DA:19,0
DA:26,0
DA:27,0
DA:28,0
DA:29,0
DA:30,0
DA:31,0
DA:47,0
DA:54,0
DA:61,0
DA:67,0
DA:68,0
DA:69,0
DA:70,0
DA:74,0
DA:75,0
DA:77,0
DA:79,0
DA:80,0
DA:81,0
DA:82,0
DA:84,0
DA:85,0
DA:86,0
DA:87,0
DA:89,0
DA:90,0
DA:91,0
DA:92,0
DA:97,0
DA:98,0
DA:99,0
DA:100,0
DA:101,0
DA:105,0
DA:106,0
DA:107,0
DA:108,0
DA:109,0
DA:113,0
DA:116,0
DA:117,0
DA:120,0
DA:126,0
DA:127,0
DA:138,0
DA:141,0
DA:142,0
LF:53
LH:0
BRDA:67,0,0,0
BRDA:74,1,0,0
BRDA:77,2,0,0
BRDA:77,2,1,0
BRDA:77,2,2,0
BRDA:97,3,0,0
BRDA:97,4,0,0
BRDA:97,4,1,0
BRDA:105,5,0,0
BRDA:116,6,0,0
BRF:10
BRH:0
end_of_record
TN:
SF:src/scripts/check-active-travels.ts
FN:7,main
FN:52,(anonymous_1)
FNF:2
FNH:0
FNDA:0,main
FNDA:0,(anonymous_1)
DA:2,0
DA:3,0
DA:5,0
DA:8,0
DA:11,0
DA:21,0
DA:23,0
DA:24,0
DA:25,0
DA:26,0
DA:28,0
DA:29,0
DA:30,0
DA:31,0
DA:32,0
DA:33,0
DA:34,0
DA:35,0
DA:36,0
DA:37,0
DA:38,0
DA:40,0
DA:43,0
DA:44,0
DA:45,0
DA:46,0
DA:50,0
DA:52,0
LF:28
LH:0
BRDA:35,0,0,0
BRDA:35,0,1,0
BRDA:36,1,0,0
BRDA:43,2,0,0
BRF:4
BRH:0
end_of_record
TN:
SF:src/scripts/check-frog-status.ts
FN:6,main
FN:53,(anonymous_1)
FNF:2
FNH:0
FNDA:0,main
FNDA:0,(anonymous_1)
DA:2,0
DA:4,0
DA:7,0
DA:10,0
DA:20,0
DA:21,0
DA:22,0
DA:25,0
DA:26,0
DA:27,0
DA:28,0
DA:29,0
DA:30,0
DA:32,0
DA:33,0
DA:34,0
DA:38,0
DA:45,0
DA:46,0
DA:47,0
DA:51,0
DA:53,0
LF:22
LH:0
BRDA:20,0,0,0
BRF:1
BRH:0
end_of_record
TN:
SF:src/scripts/checkContract.ts
FN:68,checkContract
FNF:1
FNH:0
FNDA:0,checkContract
DA:1,0
DA:2,0
DA:5,0
DA:6,0
DA:9,0
DA:23,0
DA:69,0
DA:71,0
DA:76,0
DA:77,0
DA:78,0
DA:81,0
DA:82,0
DA:85,0
DA:91,0
DA:97,0
DA:98,0
DA:99,0
DA:100,0
DA:103,0
DA:104,0
DA:110,0
DA:112,0
DA:118,0
DA:120,0
DA:126,0
DA:128,0
DA:132,0
DA:136,0
LF:29
LH:0
BRDA:77,0,0,0
BRF:1
BRH:0
end_of_record
TN:
SF:src/scripts/debug-config.ts
FNF:0
FNH:0
DA:2,0
DA:4,0
DA:5,0
DA:6,0
DA:7,0
LF:5
LH:0
BRF:0
BRH:0
end_of_record
TN:
SF:src/scripts/debug-db.ts
FN:6,main
FN:24,(anonymous_1)
FN:28,(anonymous_2)
FNF:3
FNH:0
FNDA:0,main
FNDA:0,(anonymous_1)
FNDA:0,(anonymous_2)
DA:2,0
DA:4,0
DA:7,0
DA:8,0
DA:10,0
DA:11,0
DA:14,0
DA:15,0
DA:16,0
DA:17,0
DA:19,0
DA:23,0
DA:24,0
DA:27,0
DA:28,0
DA:35,0
DA:37,0
DA:41,0
LF:18
LH:0
BRDA:15,0,0,0
BRDA:15,0,1,0
BRF:2
BRH:0
end_of_record
TN:
SF:src/scripts/list-frogs.ts
FN:6,listFrogs
FN:21,(anonymous_1)
FN:33,(anonymous_2)
FN:34,(anonymous_3)
FNF:4
FNH:0
FNDA:0,listFrogs
FNDA:0,(anonymous_1)
FNDA:0,(anonymous_2)
FNDA:0,(anonymous_3)
DA:2,0
DA:4,0
DA:7,0
DA:8,0
DA:18,0
DA:19,0
DA:21,0
DA:32,0
DA:33,0
DA:34,0
LF:10
LH:0
BRDA:18,0,0,0
BRDA:18,0,1,0
BRDA:27,1,0,0
BRDA:27,1,1,0
BRDA:27,2,0,0
BRDA:27,2,1,0
BRF:6
BRH:0
end_of_record
TN:
SF:src/scripts/reset-frog-travel.ts
FN:6,main
FN:46,(anonymous_1)
FN:50,(anonymous_2)
FNF:3
FNH:0
FNDA:0,main
FNDA:0,(anonymous_1)
FNDA:0,(anonymous_2)
DA:2,0
DA:4,0
DA:7,0
DA:8,0
DA:10,0
DA:18,0
DA:19,0
DA:20,0
DA:23,0
DA:24,0
DA:25,0
DA:26,0
DA:29,0
DA:31,0
DA:41,0
DA:42,0
DA:45,0
DA:47,0
DA:48,0
DA:51,0
LF:20
LH:0
BRDA:18,0,0,0
BRF:1
BRH:0
end_of_record
TN:
SF:src/scripts/seed-badges.ts
FN:6,main
FN:133,(anonymous_1)
FN:137,(anonymous_2)
FNF:3
FNH:0
FNDA:0,main
FNDA:0,(anonymous_1)
FNDA:0,(anonymous_2)
DA:2,0
DA:4,0
DA:7,0
DA:9,0
DA:109,0
DA:110,0
DA:114,0
DA:115,0
DA:118,0
DA:120,0
DA:122,0
DA:129,0
DA:132,0
DA:134,0
DA:135,0
DA:138,0
LF:16
LH:0
BRDA:114,0,0,0
BRDA:114,0,1,0
BRF:2
BRH:0
end_of_record
TN:
SF:src/scripts/test-block-explorer.ts
FN:8,main
FN:31,(anonymous_1)
FNF:2
FNH:0
FNDA:0,main
FNDA:0,(anonymous_1)
DA:6,0
DA:9,0
DA:12,0
DA:18,0
DA:19,0
DA:20,0
DA:22,0
DA:24,0
DA:25,0
DA:26,0
DA:27,0
DA:28,0
DA:29,0
DA:30,0
DA:31,0
DA:35,0
DA:36,0
DA:37,0
DA:40,0
DA:41,0
DA:42,0
DA:45,0
DA:46,0
DA:47,0
DA:49,0
DA:52,0
DA:56,0
DA:59,0
LF:28
LH:0
BRDA:29,0,0,0
BRDA:29,0,1,0
BRDA:30,1,0,0
BRF:3
BRH:0
end_of_record
TN:
SF:src/scripts/test-crosschain-flow.ts
FN:16,testCrossChainFlow
FNF:1
FNH:0
FNDA:0,testCrossChainFlow
DA:11,0
DA:12,0
DA:14,0
DA:17,0
DA:18,0
DA:20,0
DA:21,0
DA:22,0
DA:24,0
DA:26,0
DA:27,0
DA:28,0
DA:29,0
DA:30,0
DA:34,0
DA:35,0
DA:36,0
DA:37,0
DA:38,0
DA:40,0
DA:41,0
DA:42,0
DA:45,0
DA:46,0
DA:61,0
DA:62,0
DA:65,0
DA:69,0
DA:72,0
DA:73,0
DA:75,0
DA:78,0
DA:81,0
DA:86,0
DA:87,0
DA:88,0
DA:89,0
DA:90,0
DA:91,0
DA:93,0
DA:94,0
DA:95,0
DA:96,0
DA:97,0
DA:100,0
DA:101,0
DA:102,0
DA:103,0
DA:109,0
DA:110,0
DA:111,0
DA:113,0
DA:114,0
DA:115,0
DA:118,0
DA:120,0
DA:124,0
LF:57
LH:0
BRDA:29,0,0,0
BRDA:36,1,0,0
BRDA:86,2,0,0
BRDA:90,3,0,0
BRDA:90,3,1,0
BRDA:91,4,0,0
BRDA:91,4,1,0
BRDA:93,5,0,0
BRDA:100,6,0,0
BRDA:100,7,0,0
BRDA:100,7,1,0
BRF:11
BRH:0
end_of_record
TN:
SF:src/scripts/test-eligibility.ts
FN:4,main
FN:15,(anonymous_1)
FN:15,(anonymous_2)
FNF:3
FNH:0
FNDA:0,main
FNDA:0,(anonymous_1)
FNDA:0,(anonymous_2)
DA:2,0
DA:5,0
DA:7,0
DA:8,0
DA:9,0
DA:11,0
DA:15,0
LF:7
LH:0
BRF:0
BRH:0
end_of_record
TN:
SF:src/services/achievement.service.ts
FN:34,getAllAchievements
FN:44,getAchievementsByCategory
FN:54,getEarnedAchievements
FN:65,getAchievementProgress
FN:81,checkAndUnlockAchievements
FN:99,(anonymous_5)
FN:144,unlockAchievement
FN:179,recordSbtMint
FNF:8
FNH:0
FNDA:0,getAllAchievements
FNDA:0,getAchievementsByCategory
FNDA:0,getEarnedAchievements
FNDA:0,getAchievementProgress
FNDA:0,checkAndUnlockAchievements
FNDA:0,(anonymous_5)
FNDA:0,unlockAchievement
FNDA:0,recordSbtMint
DA:10,0
DA:12,0
DA:34,0
DA:35,0
DA:44,0
DA:45,0
DA:54,0
DA:55,0
DA:65,0
DA:66,0
DA:71,0
DA:81,0
DA:82,0
DA:85,0
DA:96,0
DA:99,0
DA:100,0
DA:107,0
DA:108,0
DA:109,0
DA:111,0
DA:113,0
DA:114,0
DA:116,0
DA:117,0
DA:119,0
DA:120,0
DA:122,0
DA:123,0
DA:127,0
DA:128,0
DA:134,0
DA:138,0
DA:144,0
DA:145,0
DA:149,0
DA:150,0
DA:154,0
DA:163,0
DA:164,0
DA:167,0
DA:179,0
DA:180,0
DA:187,0
DA:188,0
DA:191,0
DA:203,0
DA:213,0
LF:48
LH:0
BRDA:34,0,0,0
BRDA:36,1,0,0
BRDA:36,1,1,0
BRDA:74,2,0,0
BRDA:74,2,1,0
BRDA:96,3,0,0
BRDA:111,4,0,0
BRDA:111,4,1,0
BRDA:111,4,2,0
BRDA:111,4,3,0
BRDA:127,5,0,0
BRDA:149,6,0,0
BRDA:163,7,0,0
BRDA:187,8,0,0
BRF:14
BRH:0
end_of_record
TN:
SF:src/services/ai.service.ts
FN:73,(anonymous_1)
FN:84,(anonymous_2)
FN:183,(anonymous_3)
FN:202,(anonymous_4)
FN:240,(anonymous_5)
FN:247,(anonymous_6)
FN:299,(anonymous_7)
FN:308,(anonymous_8)
FN:315,(anonymous_9)
FN:331,(anonymous_10)
FN:364,(anonymous_11)
FN:371,(anonymous_12)
FN:422,(anonymous_13)
FN:437,(anonymous_14)
FN:454,(anonymous_15)
FN:472,(anonymous_16)
FN:504,(anonymous_17)
FN:557,(anonymous_18)
FN:573,(anonymous_19)
FN:606,(anonymous_20)
FN:631,(anonymous_21)
FN:635,(anonymous_22)
FN:661,(anonymous_23)
FN:679,(anonymous_24)
FN:703,(anonymous_25)
FN:716,(anonymous_26)
FN:833,(anonymous_27)
FN:872,(anonymous_28)
FNF:28
FNH:0
FNDA:0,(anonymous_1)
FNDA:0,(anonymous_2)
FNDA:0,(anonymous_3)
FNDA:0,(anonymous_4)
FNDA:0,(anonymous_5)
FNDA:0,(anonymous_6)
FNDA:0,(anonymous_7)
FNDA:0,(anonymous_8)
FNDA:0,(anonymous_9)
FNDA:0,(anonymous_10)
FNDA:0,(anonymous_11)
FNDA:0,(anonymous_12)
FNDA:0,(anonymous_13)
FNDA:0,(anonymous_14)
FNDA:0,(anonymous_15)
FNDA:0,(anonymous_16)
FNDA:0,(anonymous_17)
FNDA:0,(anonymous_18)
FNDA:0,(anonymous_19)
FNDA:0,(anonymous_20)
FNDA:0,(anonymous_21)
FNDA:0,(anonymous_22)
FNDA:0,(anonymous_23)
FNDA:0,(anonymous_24)
FNDA:0,(anonymous_25)
FNDA:0,(anonymous_26)
FNDA:0,(anonymous_27)
FNDA:0,(anonymous_28)
DA:1,0
DA:2,0
DA:3,0
DA:75,0
DA:97,0
DA:98,0
DA:100,0
DA:101,0
DA:102,0
DA:103,0
DA:104,0
DA:112,0
DA:114,0
DA:116,0
DA:118,0
DA:119,0
DA:120,0
DA:121,0
DA:143,0
DA:146,0
DA:149,0
DA:150,0
DA:153,0
DA:154,0
DA:162,0
DA:164,0
DA:165,0
DA:175,0
DA:178,0
DA:179,0
DA:182,0
DA:183,0
DA:189,0
DA:190,0
DA:193,0
DA:194,0
DA:221,0
DA:222,0
DA:224,0
DA:227,0
DA:240,0
DA:247,0
DA:266,0
DA:267,0
DA:268,0
DA:269,0
DA:288,0
DA:289,0
DA:291,0
DA:292,0
DA:293,0
DA:294,0
DA:295,0
DA:299,0
DA:303,0
DA:304,0
DA:308,0
DA:313,0
DA:314,0
DA:315,0
DA:321,0
DA:323,0
DA:324,0
DA:338,0
DA:339,0
DA:341,0
DA:359,0
DA:360,0
DA:364,0
DA:372,0
DA:374,0
DA:376,0
DA:377,0
DA:378,0
DA:379,0
DA:395,0
DA:396,0
DA:398,0
DA:399,0
DA:400,0
DA:401,0
DA:402,0
DA:410,0
DA:411,0
DA:420,0
DA:421,0
DA:422,0
DA:427,0
DA:429,0
DA:430,0
DA:438,0
DA:439,0
DA:455,0
DA:458,0
DA:459,0
DA:460,0
DA:461,0
DA:462,0
DA:463,0
DA:464,0
DA:466,0
DA:470,0
DA:471,0
DA:472,0
DA:473,0
DA:477,0
DA:478,0
DA:479,0
DA:480,0
DA:484,0
DA:492,0
DA:493,0
DA:494,0
DA:496,0
DA:497,0
DA:498,0
DA:499,0
DA:503,0
DA:504,0
DA:505,0
DA:508,0
DA:509,0
DA:510,0
DA:512,0
DA:516,0
DA:517,0
DA:520,0
DA:521,0
DA:526,0
DA:529,0
DA:530,0
DA:534,0
DA:557,0
DA:574,0
DA:576,0
DA:577,0
DA:578,0
DA:579,0
DA:581,0
DA:582,0
DA:583,0
DA:584,0
DA:585,0
DA:588,0
DA:589,0
DA:590,0
DA:591,0
DA:592,0
DA:593,0
DA:596,0
DA:597,0
DA:598,0
DA:601,0
DA:603,0
DA:613,0
DA:614,0
DA:616,0
DA:618,0
DA:619,0
DA:620,0
DA:621,0
DA:622,0
DA:623,0
DA:625,0
DA:628,0
DA:629,0
DA:630,0
DA:631,0
DA:635,0
DA:636,0
DA:645,0
DA:648,0
DA:661,0
DA:680,0
DA:697,0
DA:704,0
DA:713,0
DA:720,0
DA:721,0
DA:724,0
DA:809,0
DA:810,0
DA:811,0
DA:812,0
DA:813,0
DA:814,0
DA:816,0
DA:820,0
DA:821,0
DA:841,0
DA:842,0
DA:844,0
DA:845,0
DA:855,0
DA:857,0
DA:858,0
DA:859,0
DA:862,0
DA:864,0
DA:865,0
DA:880,0
DA:881,0
DA:883,0
DA:884,0
DA:895,0
DA:896,0
DA:897,0
DA:898,0
DA:902,0
DA:903,0
DA:908,0
LF:211
LH:0
BRDA:100,0,0,0
BRDA:100,0,1,0
BRDA:102,1,0,0
BRDA:103,2,0,0
BRDA:103,2,1,0
BRDA:143,3,0,0
BRDA:143,3,1,0
BRDA:153,4,0,0
BRDA:153,5,0,0
BRDA:153,5,1,0
BRDA:157,6,0,0
BRDA:157,6,1,0
BRDA:158,7,0,0
BRDA:158,7,1,0
BRDA:164,8,0,0
BRDA:164,9,0,0
BRDA:164,9,1,0
BRDA:182,10,0,0
BRDA:239,11,0,0
BRDA:239,11,1,0
BRDA:240,12,0,0
BRDA:240,12,1,0
BRDA:241,13,0,0
BRDA:241,13,1,0
BRDA:244,14,0,0
BRDA:244,14,1,0
BRDA:288,15,0,0
BRDA:288,15,1,0
BRDA:293,16,0,0
BRDA:293,17,0,0
BRDA:293,17,1,0
BRDA:298,18,0,0
BRDA:298,18,1,0
BRDA:299,19,0,0
BRDA:299,19,1,0
BRDA:303,20,0,0
BRDA:303,21,0,0
BRDA:303,21,1,0
BRDA:314,22,0,0
BRDA:339,23,0,0
BRDA:339,23,1,0
BRDA:339,24,0,0
BRDA:339,24,1,0
BRDA:349,25,0,0
BRDA:349,25,1,0
BRDA:354,26,0,0
BRDA:354,26,1,0
BRDA:395,27,0,0
BRDA:395,27,1,0
BRDA:400,28,0,0
BRDA:400,29,0,0
BRDA:400,29,1,0
BRDA:405,30,0,0
BRDA:405,30,1,0
BRDA:406,31,0,0
BRDA:406,31,1,0
BRDA:410,32,0,0
BRDA:410,33,0,0
BRDA:410,33,1,0
BRDA:421,34,0,0
BRDA:438,35,0,0
BRDA:438,35,1,0
BRDA:448,36,0,0
BRDA:448,36,1,0
BRDA:448,37,0,0
BRDA:448,37,1,0
BRDA:459,38,0,0
BRDA:459,38,1,0
BRDA:461,39,0,0
BRDA:461,39,1,0
BRDA:463,40,0,0
BRDA:463,40,1,0
BRDA:471,41,0,0
BRDA:478,42,0,0
BRDA:479,43,0,0
BRDA:479,43,1,0
BRDA:479,44,0,0
BRDA:479,44,1,0
BRDA:493,45,0,0
BRDA:496,46,0,0
BRDA:496,47,0,0
BRDA:496,47,1,0
BRDA:498,48,0,0
BRDA:503,49,0,0
BRDA:503,50,0,0
BRDA:503,50,1,0
BRDA:508,51,0,0
BRDA:509,52,0,0
BRDA:509,52,1,0
BRDA:516,53,0,0
BRDA:520,54,0,0
BRDA:520,55,0,0
BRDA:520,55,1,0
BRDA:529,56,0,0
BRDA:538,57,0,0
BRDA:538,57,1,0
BRDA:538,58,0,0
BRDA:538,58,1,0
BRDA:544,59,0,0
BRDA:544,59,1,0
BRDA:548,60,0,0
BRDA:548,60,1,0
BRDA:552,61,0,0
BRDA:552,61,1,0
BRDA:553,62,0,0
BRDA:553,62,1,0
BRDA:555,63,0,0
BRDA:555,63,1,0
BRDA:555,64,0,0
BRDA:555,64,1,0
BRDA:563,65,0,0
BRDA:563,65,1,0
BRDA:564,66,0,0
BRDA:564,66,1,0
BRDA:564,67,0,0
BRDA:564,67,1,0
BRDA:564,68,0,0
BRDA:564,68,1,0
BRDA:581,69,0,0
BRDA:588,70,0,0
BRDA:588,70,1,0
BRDA:591,71,0,0
BRDA:596,72,0,0
BRDA:596,73,0,0
BRDA:596,73,1,0
BRDA:610,74,0,0
BRDA:618,75,0,0
BRDA:618,75,1,0
BRDA:620,76,0,0
BRDA:620,76,1,0
BRDA:622,77,0,0
BRDA:622,77,1,0
BRDA:629,78,0,0
BRDA:645,79,0,0
BRDA:645,79,1,0
BRDA:652,80,0,0
BRDA:652,80,1,0
BRDA:656,81,0,0
BRDA:656,81,1,0
BRDA:659,82,0,0
BRDA:659,82,1,0
BRDA:659,83,0,0
BRDA:659,83,1,0
BRDA:664,84,0,0
BRDA:664,84,1,0
BRDA:697,85,0,0
BRDA:697,85,1,0
BRDA:713,86,0,0
BRDA:713,86,1,0
BRDA:721,87,0,0
BRDA:721,87,1,0
BRDA:809,88,0,0
BRDA:809,88,1,0
BRDA:811,89,0,0
BRDA:811,89,1,0
BRDA:813,90,0,0
BRDA:813,90,1,0
BRDA:841,91,0,0
BRDA:841,91,1,0
BRDA:842,92,0,0
BRDA:842,92,1,0
BRDA:855,93,0,0
BRDA:855,93,1,0
BRDA:857,94,0,0
BRDA:857,95,0,0
BRDA:857,95,1,0
BRDA:880,96,0,0
BRDA:880,96,1,0
BRDA:881,97,0,0
BRDA:881,97,1,0
BRDA:897,98,0,0
BRF:171
BRH:0
end_of_record
TN:
SF:src/services/appearance.service.ts
FN:145,(anonymous_1)
FN:148,pickFromArray
FN:159,rollRarity
FN:203,generateLevel1
FN:267,sanitizeAppearanceParams
FN:341,verifySignature
FN:358,checkCooldown
FN:376,checkRegenerateLimit
FN:407,resetGenerateState
FN:420,mapToOpenSeaMetadata
FN:457,(anonymous_11)
FN:497,(anonymous_12)
FN:512,(anonymous_13)
FN:545,(anonymous_14)
FN:576,(anonymous_15)
FN:588,(anonymous_16)
FNF:16
FNH:0
FNDA:0,(anonymous_1)
FNDA:0,pickFromArray
FNDA:0,rollRarity
FNDA:0,generateLevel1
FNDA:0,sanitizeAppearanceParams
FNDA:0,verifySignature
FNDA:0,checkCooldown
FNDA:0,checkRegenerateLimit
FNDA:0,resetGenerateState
FNDA:0,mapToOpenSeaMetadata
FNDA:0,(anonymous_11)
FNDA:0,(anonymous_12)
FNDA:0,(anonymous_13)
FNDA:0,(anonymous_14)
FNDA:0,(anonymous_15)
FNDA:0,(anonymous_16)
DA:9,0
DA:10,0
DA:28,0
DA:29,0
DA:34,0
DA:43,0
DA:46,0
DA:50,0
DA:90,0
DA:137,0
DA:138,0
DA:139,0
DA:140,0
DA:145,0
DA:149,0
DA:150,0
DA:159,0
DA:160,0
DA:161,0
DA:173,0
DA:175,0
DA:176,0
DA:177,0
DA:178,0
DA:179,0
DA:180,0
DA:181,0
DA:182,0
DA:183,0
DA:184,0
DA:185,0
DA:186,0
DA:187,0
DA:188,0
DA:189,0
DA:190,0
DA:192,0
DA:193,0
DA:196,0
DA:203,0
DA:204,0
DA:208,0
DA:209,0
DA:210,0
DA:211,0
DA:213,0
DA:214,0
DA:215,0
DA:218,0
DA:219,0
DA:222,0
DA:231,0
DA:239,0
DA:240,0
DA:243,0
DA:250,0
DA:267,0
DA:271,0
DA:274,0
DA:293,0
DA:309,0
DA:317,0
DA:318,0
DA:322,0
DA:341,0
DA:346,0
DA:347,0
DA:348,0
DA:350,0
DA:351,0
DA:358,0
DA:359,0
DA:360,0
DA:362,0
DA:363,0
DA:369,0
DA:370,0
DA:376,0
DA:381,0
DA:382,0
DA:384,0
DA:385,0
DA:393,0
DA:394,0
DA:395,0
DA:397,0
DA:407,0
DA:408,0
DA:409,0
DA:410,0
DA:411,0
DA:412,0
DA:420,0
DA:425,0
DA:438,0
DA:439,0
DA:440,0
DA:442,0
DA:468,0
DA:471,0
DA:472,0
DA:473,0
DA:477,0
DA:478,0
DA:479,0
DA:483,0
DA:484,0
DA:489,0
DA:490,0
DA:491,0
DA:494,0
DA:497,0
DA:498,0
DA:501,0
DA:517,0
DA:518,0
DA:519,0
DA:526,0
DA:527,0
DA:528,0
DA:529,0
DA:532,0
DA:534,0
DA:535,0
DA:536,0
DA:537,0
DA:546,0
DA:549,0
DA:552,0
DA:553,0
DA:554,0
DA:555,0
DA:558,0
DA:561,0
DA:564,0
DA:565,0
DA:566,0
DA:567,0
DA:568,0
DA:570,0
DA:577,0
DA:582,0
DA:589,0
DA:593,0
LF:144
LH:0
BRDA:175,0,0,0
BRDA:175,0,1,0
BRDA:179,1,0,0
BRDA:179,1,1,0
BRDA:182,2,0,0
BRDA:182,2,1,0
BRDA:185,3,0,0
BRDA:185,3,1,0
BRDA:188,4,0,0
BRDA:188,4,1,0
BRDA:208,5,0,0
BRDA:208,5,1,0
BRDA:210,6,0,0
BRDA:210,6,1,0
BRDA:244,7,0,0
BRDA:244,7,1,0
BRDA:245,8,0,0
BRDA:245,8,1,0
BRDA:246,9,0,0
BRDA:246,9,1,0
BRDA:275,10,0,0
BRDA:275,10,1,0
BRDA:275,11,0,0
BRDA:275,11,1,0
BRDA:278,12,0,0
BRDA:278,12,1,0
BRDA:278,13,0,0
BRDA:278,13,1,0
BRDA:281,14,0,0
BRDA:281,14,1,0
BRDA:281,15,0,0
BRDA:281,15,1,0
BRDA:284,16,0,0
BRDA:284,16,1,0
BRDA:284,17,0,0
BRDA:284,17,1,0
BRDA:287,18,0,0
BRDA:287,18,1,0
BRDA:287,19,0,0
BRDA:287,19,1,0
BRDA:294,20,0,0
BRDA:294,20,1,0
BRDA:294,21,0,0
BRDA:294,21,1,0
BRDA:297,22,0,0
BRDA:297,22,1,0
BRDA:297,23,0,0
BRDA:297,23,1,0
BRDA:300,24,0,0
BRDA:300,24,1,0
BRDA:300,25,0,0
BRDA:300,25,1,0
BRDA:303,26,0,0
BRDA:303,26,1,0
BRDA:303,27,0,0
BRDA:303,27,1,0
BRDA:310,28,0,0
BRDA:310,28,1,0
BRDA:311,29,0,0
BRDA:311,29,1,0
BRDA:312,30,0,0
BRDA:312,30,1,0
BRDA:313,31,0,0
BRDA:313,31,1,0
BRDA:318,32,0,0
BRDA:318,32,1,0
BRDA:331,33,0,0
BRDA:331,33,1,0
BRDA:362,34,0,0
BRDA:362,35,0,0
BRDA:362,35,1,0
BRDA:382,36,0,0
BRDA:382,36,1,0
BRDA:384,37,0,0
BRDA:388,38,0,0
BRDA:388,38,1,0
BRDA:428,39,0,0
BRDA:428,39,1,0
BRDA:429,40,0,0
BRDA:429,40,1,0
BRDA:430,41,0,0
BRDA:430,41,1,0
BRDA:431,42,0,0
BRDA:431,42,1,0
BRDA:434,43,0,0
BRDA:434,43,1,0
BRDA:438,44,0,0
BRDA:439,45,0,0
BRDA:440,46,0,0
BRDA:444,47,0,0
BRDA:444,47,1,0
BRDA:472,48,0,0
BRDA:478,49,0,0
BRDA:483,50,0,0
BRDA:483,50,1,0
BRDA:527,51,0,0
BRDA:535,52,0,0
BRDA:552,53,0,0
BRDA:553,54,0,0
BRDA:554,55,0,0
BRDA:555,56,0,0
BRDA:565,57,0,0
BRDA:566,58,0,0
BRDA:567,59,0,0
BRDA:568,60,0,0
BRDA:578,61,0,0
BRDA:578,61,1,0
BRDA:578,62,0,0
BRDA:578,62,1,0
BRDA:579,63,0,0
BRDA:579,63,1,0
BRDA:580,64,0,0
BRDA:580,64,1,0
BRDA:589,65,0,0
BRDA:589,65,1,0
BRF:115
BRH:0
end_of_record
TN:
SF:src/services/badge-checker.service.ts
FN:24,(anonymous_0)
FN:37,(anonymous_1)
FN:52,(anonymous_2)
FN:67,(anonymous_3)
FN:80,(anonymous_4)
FN:96,checkAndAwardTravelBadges
FN:141,getFrogTravelBadges
FN:147,(anonymous_7)
FN:156,getBadgeStats
FN:169,(anonymous_9)
FNF:10
FNH:0
FNDA:0,(anonymous_0)
FNDA:0,(anonymous_1)
FNDA:0,(anonymous_2)
FNDA:0,(anonymous_3)
FNDA:0,(anonymous_4)
FNDA:0,checkAndAwardTravelBadges
FNDA:0,getFrogTravelBadges
FNDA:0,(anonymous_7)
FNDA:0,getBadgeStats
FNDA:0,(anonymous_9)
DA:13,0
DA:14,0
DA:17,0
DA:25,0
DA:28,0
DA:38,0
DA:39,0
DA:40,0
DA:43,0
DA:53,0
DA:54,0
DA:55,0
DA:58,0
DA:68,0
DA:71,0
DA:81,0
DA:86,0
DA:96,0
DA:97,0
DA:99,0
DA:100,0
DA:102,0
DA:106,0
DA:109,0
DA:111,0
DA:113,0
DA:126,0
DA:127,0
DA:131,0
DA:133,0
DA:134,0
DA:141,0
DA:142,0
DA:147,0
DA:156,0
DA:157,0
DA:161,0
DA:162,0
DA:163,0
DA:165,0
DA:169,0
DA:173,0
LF:42
LH:0
BRDA:39,0,0,0
BRDA:54,1,0,0
BRDA:106,2,0,0
BRDA:111,3,0,0
BRDA:149,4,0,0
BRDA:149,4,1,0
BRF:6
BRH:0
end_of_record
TN:
SF:src/services/block-explorer.service.ts
FN:44,getClient
FN:109,getNativeBalance
FN:123,getTransactionCount
FN:137,checkIsContract
FN:150,getTokenBalances
FN:173,(anonymous_5)
FN:198,estimateActivity
FN:217,getWalletInfo
FN:252,generateExplorationDescription
FN:271,(anonymous_9)
FN:291,getGasPrice
FN:310,getLatestBlockNumber
FN:323,getBlock
FNF:13
FNH:0
FNDA:0,getClient
FNDA:0,getNativeBalance
FNDA:0,getTransactionCount
FNDA:0,checkIsContract
FNDA:0,getTokenBalances
FNDA:0,(anonymous_5)
FNDA:0,estimateActivity
FNDA:0,getWalletInfo
FNDA:0,generateExplorationDescription
FNDA:0,(anonymous_9)
FNDA:0,getGasPrice
FNDA:0,getLatestBlockNumber
FNDA:0,getBlock
DA:8,0
DA:9,0
DA:10,0
DA:11,0
DA:18,0
DA:42,0
DA:45,0
DA:46,0
DA:47,0
DA:48,0
DA:51,0
DA:56,0
DA:61,0
DA:69,0
DA:110,0
DA:111,0
DA:112,0
DA:113,0
DA:115,0
DA:116,0
DA:124,0
DA:125,0
DA:126,0
DA:127,0
DA:129,0
DA:130,0
DA:138,0
DA:139,0
DA:140,0
DA:141,0
DA:143,0
DA:151,0
DA:152,0
DA:153,0
DA:155,0
DA:156,0
DA:157,0
DA:173,0
DA:176,0
DA:177,0
DA:178,0
DA:179,0
DA:192,0
DA:200,0
DA:201,0
DA:206,0
DA:208,0
DA:217,0
DA:218,0
DA:220,0
DA:221,0
DA:222,0
DA:226,0
DA:233,0
DA:234,0
DA:236,0
DA:252,0
DA:253,0
DA:256,0
DA:257,0
DA:258,0
DA:259,0
DA:260,0
DA:261,0
DA:263,0
DA:266,0
DA:270,0
DA:271,0
DA:272,0
DA:276,0
DA:277,0
DA:281,0
DA:282,0
DA:285,0
DA:291,0
DA:292,0
DA:293,0
DA:294,0
DA:295,0
DA:297,0
DA:302,0
DA:303,0
DA:310,0
DA:311,0
DA:312,0
DA:313,0
DA:315,0
DA:316,0
DA:323,0
DA:324,0
DA:325,0
DA:326,0
DA:327,0
DA:329,0
DA:332,0
DA:333,0
DA:337,0
LF:97
LH:0
BRDA:45,0,0,0
BRDA:47,1,0,0
BRDA:141,2,0,0
BRDA:141,2,1,0
BRDA:141,2,2,0
BRDA:152,3,0,0
BRDA:152,3,1,0
BRDA:176,4,0,0
BRDA:178,5,0,0
BRDA:200,6,0,0
BRDA:206,7,0,0
BRDA:206,7,1,0
BRDA:206,8,0,0
BRDA:206,8,1,0
BRDA:221,9,0,0
BRDA:257,10,0,0
BRDA:257,10,1,0
BRDA:258,11,0,0
BRDA:258,11,1,0
BRDA:260,12,0,0
BRDA:260,12,1,0
BRDA:270,13,0,0
BRDA:276,14,0,0
BRDA:281,15,0,0
BRDA:326,16,0,0
BRDA:326,16,1,0
BRF:26
BRH:0
end_of_record
TN:
SF:src/services/breed.service.ts
FN:57,isDominantTrait
FN:64,inheritLocus
FN:80,mendelianInheritance
FN:92,getPhenotype
FN:93,(anonymous_4)
FN:111,parseGenesToGeneType
FN:112,(anonymous_6)
FN:128,checkBreedEligibility
FN:204,createBreedRequest
FN:242,acceptBreedRequest
FN:258,rejectBreedRequest
FN:268,recordPayment
FN:296,executeBreeding
FN:347,calculateOffspringGenes
FN:407,blendColors
FN:421,getBreedRequests
FNF:16
FNH:0
FNDA:0,isDominantTrait
FNDA:0,inheritLocus
FNDA:0,mendelianInheritance
FNDA:0,getPhenotype
FNDA:0,(anonymous_4)
FNDA:0,parseGenesToGeneType
FNDA:0,(anonymous_6)
FNDA:0,checkBreedEligibility
FNDA:0,createBreedRequest
FNDA:0,acceptBreedRequest
FNDA:0,rejectBreedRequest
FNDA:0,recordPayment
FNDA:0,executeBreeding
FNDA:0,calculateOffspringGenes
FNDA:0,blendColors
FNDA:0,getBreedRequests
DA:6,0
DA:7,0
DA:10,0
DA:18,0
DA:45,0
DA:58,0
DA:66,0
DA:67,0
DA:70,0
DA:71,0
DA:73,0
DA:81,0
DA:93,0
DA:95,0
DA:96,0
DA:98,0
DA:101,0
DA:112,0
DA:117,0
DA:128,0
DA:130,0
DA:135,0
DA:136,0
DA:140,0
DA:150,0
DA:153,0
DA:154,0
DA:158,0
DA:159,0
DA:161,0
DA:162,0
DA:166,0
DA:167,0
DA:168,0
DA:169,0
DA:171,0
DA:172,0
DA:173,0
DA:177,0
DA:187,0
DA:188,0
DA:191,0
DA:204,0
DA:206,0
DA:207,0
DA:208,0
DA:211,0
DA:214,0
DA:219,0
DA:221,0
DA:236,0
DA:242,0
DA:243,0
DA:252,0
DA:258,0
DA:259,0
DA:268,0
DA:269,0
DA:270,0
DA:272,0
DA:273,0
DA:277,0
DA:283,0
DA:284,0
DA:290,0
DA:296,0
DA:297,0
DA:302,0
DA:303,0
DA:305,0
DA:308,0
DA:324,0
DA:325,0
DA:331,0
DA:341,0
DA:347,0
DA:349,0
DA:351,0
DA:352,0
DA:353,0
DA:354,0
DA:357,0
DA:358,0
DA:362,0
DA:363,0
DA:366,0
[...]
FNDA:0,(anonymous_3)
FNDA:0,(anonymous_4)
FNDA:0,(anonymous_5)
FNDA:0,(anonymous_6)
FNDA:0,(anonymous_7)
FNDA:0,(anonymous_8)
FNDA:0,(anonymous_9)
DA:10,0
DA:11,0
DA:12,0
DA:13,0
DA:14,0
DA:38,0
DA:47,0
DA:58,0
DA:59,0
DA:60,0
DA:72,0
DA:75,0
DA:76,0
DA:77,0
DA:81,0
DA:82,0
DA:83,0
DA:84,0
DA:88,0
DA:89,0
DA:101,0
DA:102,0
DA:104,0
DA:105,0
DA:118,0
DA:119,0
DA:120,0
DA:123,0
DA:124,0
DA:125,0
DA:127,0
DA:128,0
DA:129,0
DA:132,0
DA:133,0
DA:135,0
DA:136,0
DA:138,0
DA:139,0
DA:147,0
DA:156,0
DA:157,0
DA:168,0
DA:169,0
DA:171,0
DA:172,0
DA:173,0
DA:174,0
DA:176,0
DA:177,0
DA:178,0
DA:180,0
DA:181,0
DA:182,0
DA:183,0
DA:185,0
DA:186,0
DA:187,0
DA:188,0
DA:189,0
DA:193,0
DA:194,0
DA:196,0
DA:197,0
DA:208,0
DA:212,0
DA:222,0
DA:223,0
DA:231,0
DA:232,0
DA:234,0
DA:235,0
DA:237,0
DA:238,0
DA:239,0
DA:242,0
DA:258,0
DA:259,0
DA:267,0
DA:280,0
DA:287,0
DA:291,0
DA:292,0
LF:83
LH:0
BRDA:58,0,0,0
BRDA:58,0,1,0
BRDA:75,1,0,0
BRDA:82,2,0,0
BRDA:118,3,0,0
BRDA:129,4,0,0
BRDA:129,4,1,0
BRDA:136,5,0,0
BRDA:136,5,1,0
BRDA:138,6,0,0
BRDA:180,7,0,0
BRDA:180,7,1,0
BRDA:185,8,0,0
BRDA:185,9,0,0
BRDA:185,9,1,0
BRDA:187,10,0,0
BRDA:189,11,0,0
BRDA:189,12,0,0
BRDA:189,12,1,0
BRDA:189,12,2,0
BRDA:194,13,0,0
BRDA:194,13,1,0
BRDA:196,14,0,0
BRDA:238,15,0,0
BRDA:238,16,0,0
BRDA:238,16,1,0
BRDA:248,17,0,0
BRDA:248,17,1,0
BRDA:251,18,0,0
BRDA:251,18,1,0
BRDA:280,19,0,0
BRDA:280,19,1,0
BRDA:287,20,0,0
BRDA:287,20,1,0
BRF:34
BRH:0
end_of_record
TN:
SF:src/utils/apiResponse.ts
FN:42,(anonymous_0)
FN:98,(anonymous_1)
FN:113,(anonymous_2)
FN:138,(anonymous_3)
FN:157,(anonymous_4)
FN:164,(anonymous_5)
FN:171,(anonymous_6)
FN:186,(anonymous_7)
FN:193,(anonymous_8)
FNF:9
FNH:0
FNDA:0,(anonymous_0)
FNDA:0,(anonymous_1)
FNDA:0,(anonymous_2)
FNDA:0,(anonymous_3)
FNDA:0,(anonymous_4)
FNDA:0,(anonymous_5)
FNDA:0,(anonymous_6)
FNDA:0,(anonymous_7)
FNDA:0,(anonymous_8)
DA:42,0
DA:44,0
DA:45,0
DA:46,0
DA:47,0
DA:48,0
DA:51,0
DA:52,0
DA:53,0
DA:56,0
DA:57,0
DA:58,0
DA:59,0
DA:62,0
DA:63,0
DA:64,0
DA:70,0
DA:94,0
DA:99,0
DA:107,0
DA:120,0
DA:121,0
DA:132,0
DA:144,0
DA:151,0
DA:158,0
DA:165,0
DA:172,0
DA:173,0
DA:180,0
DA:187,0
DA:194,0
DA:199,0
DA:200,0
LF:34
LH:0
BRDA:42,0,0,0
BRDA:42,0,1,0
BRDA:98,1,0,0
BRDA:142,2,0,0
BRDA:146,3,0,0
BRDA:146,3,1,0
BRDA:146,3,2,0
BRDA:157,4,0,0
BRDA:186,5,0,0
BRDA:193,6,0,0
BRF:10
BRH:0
end_of_record
TN:
SF:src/utils/logger.ts
FN:15,(anonymous_1)
FN:17,(anonymous_2)
FN:18,(anonymous_3)
FN:67,(anonymous_4)
FN:68,(anonymous_5)
FN:69,(anonymous_6)
FN:70,(anonymous_7)
FN:71,(anonymous_8)
FNF:8
FNH:0
FNDA:0,(anonymous_1)
FNDA:0,(anonymous_2)
FNDA:0,(anonymous_3)
FNDA:0,(anonymous_4)
FNDA:0,(anonymous_5)
FNDA:0,(anonymous_6)
FNDA:0,(anonymous_7)
FNDA:0,(anonymous_8)
DA:1,0
DA:2,0
DA:5,0
DA:12,0
DA:17,0
DA:18,0
DA:19,0
DA:23,0
DA:26,0
DA:31,0
DA:38,0
DA:39,0
DA:56,0
DA:67,0
DA:68,0
DA:69,0
DA:70,0
DA:71,0
LF:18
LH:0
BRDA:19,0,0,0
BRDA:19,0,1,0
BRDA:23,1,0,0
BRDA:23,1,1,0
BRDA:38,2,0,0
BRDA:57,3,0,0
BRDA:57,3,1,0
BRDA:61,4,0,0
BRDA:61,4,1,0
BRF:9
BRH:0
end_of_record
TN:
SF:src/utils/provider.ts
FN:14,createSafeProvider
FN:18,(anonymous_1)
FN:45,addSafeErrorHandler
FN:46,(anonymous_3)
FNF:4
FNH:0
FNDA:0,createSafeProvider
FNDA:0,(anonymous_1)
FNDA:0,addSafeErrorHandler
FNDA:0,(anonymous_3)
DA:7,0
DA:8,0
DA:14,0
DA:15,0
DA:18,0
DA:20,0
DA:21,0
DA:25,0
DA:26,0
DA:30,0
DA:31,0
DA:35,0
DA:36,0
DA:39,0
DA:45,0
DA:46,0
DA:48,0
DA:49,0
DA:53,0
DA:54,0
DA:57,0
DA:58,0
LF:22
LH:0
BRDA:20,0,0,0
BRDA:20,1,0,0
BRDA:20,1,1,0
BRDA:25,2,0,0
BRDA:25,3,0,0
BRDA:25,3,1,0
BRDA:30,4,0,0
BRDA:35,5,0,0
BRDA:35,5,1,0
BRDA:36,6,0,0
BRDA:36,6,1,0
BRDA:48,7,0,0
BRDA:48,8,0,0
BRDA:48,8,1,0
BRDA:53,9,0,0
BRDA:53,10,0,0
BRDA:53,10,1,0
BRDA:53,10,2,0
BRDA:57,11,0,0
BRDA:57,11,1,0
BRDA:58,12,0,0
BRDA:58,12,1,0
BRF:22
BRH:0
end_of_record
TN:
SF:src/utils/validation.ts
FN:8,safeParseInt
FN:18,parsePositiveInt
FN:30,parseNonNegativeInt
FN:40,isValidAddress
FN:48,sanitizeAddress
FN:55,isValidChainId
FN:62,isValidDuration
FN:69,validateRequiredFields
FNF:8
FNH:0
FNDA:0,safeParseInt
FNDA:0,parsePositiveInt
FNDA:0,parseNonNegativeInt
FNDA:0,isValidAddress
FNDA:0,sanitizeAddress
FNDA:0,isValidChainId
FNDA:0,isValidDuration
FNDA:0,validateRequiredFields
DA:8,0
DA:9,0
DA:10,0
DA:11,0
DA:18,0
DA:19,0
DA:20,0
DA:21,0
DA:22,0
DA:30,0
DA:31,0
DA:32,0
DA:33,0
DA:34,0
DA:40,0
DA:41,0
DA:42,0
DA:48,0
DA:49,0
DA:55,0
DA:56,0
DA:62,0
DA:63,0
DA:69,0
DA:73,0
DA:74,0
DA:75,0
DA:76,0
DA:79,0
LF:29
LH:0
BRDA:8,0,0,0
BRDA:9,1,0,0
BRDA:9,2,0,0
BRDA:9,2,1,0
BRDA:11,3,0,0
BRDA:11,3,1,0
BRDA:19,4,0,0
BRDA:19,5,0,0
BRDA:19,5,1,0
BRDA:21,6,0,0
BRDA:21,7,0,0
BRDA:21,7,1,0
BRDA:31,8,0,0
BRDA:31,9,0,0
BRDA:31,9,1,0
BRDA:33,10,0,0
BRDA:33,11,0,0
BRDA:33,11,1,0
BRDA:41,12,0,0
BRDA:62,13,0,0
BRDA:62,14,0,0
BRDA:63,15,0,0
BRDA:63,15,1,0
BRDA:75,16,0,0
BRDA:75,17,0,0
BRDA:75,17,1,0
BRF:26
BRH:0
end_of_record
TN:
SF:src/websocket/index.ts
FN:49,initializeWebSocket
FN:61,(anonymous_1)
FN:75,(anonymous_2)
FN:79,(anonymous_3)
FN:109,(anonymous_4)
FN:126,(anonymous_5)
FN:134,(anonymous_6)
FN:140,(anonymous_7)
FN:156,(anonymous_8)
FN:167,notifyTravelStarted
FN:178,notifyTravelProgress
FN:188,notifyTravelCompleted
FN:199,notifyFrogStatusChanged
FN:209,notifyWallet
FN:216,notifyFriendRequestReceived
FN:227,notifyFriendRequestStatusChanged
FN:243,notifyFriendInteraction
FN:261,notifyFriendRemoved
FN:277,isFrogOnline
FN:282,getOnlineFrogIds
FN:287,notifyFriendOnlineStatus
FN:324,notifyFriendOnlineStatusChange
FN:328,getIO
FN:332,setIO
FN:338,notifyGardenVisitRequest
FN:348,notifyGardenVisitorEntered
FN:358,notifyGardenVisitorLeft
FN:368,notifyGardenInteraction
FN:378,notifyGardenMessage
FN:388,notifyGardenGift
FN:403,notifyCrossChainTravelStarted
FN:422,notifyCrossChainArrival
FN:440,notifyCrossChainDiscovery
FN:463,notifyCrossChainTravelCompleted
FN:482,notifyCrossChainStatus
FN:499,notifyTravelInteraction
FN:520,notifyTravelStageUpdate
FN:541,notifyNotification
FN:562,notifyUnreadCountChanged
FN:575,notifyStatusWarning
FNF:40
FNH:0
FNDA:0,initializeWebSocket
FNDA:0,(anonymous_1)
FNDA:0,(anonymous_2)
FNDA:0,(anonymous_3)
FNDA:0,(anonymous_4)
FNDA:0,(anonymous_5)
FNDA:0,(anonymous_6)
FNDA:0,(anonymous_7)
FNDA:0,(anonymous_8)
FNDA:0,notifyTravelStarted
FNDA:0,notifyTravelProgress
FNDA:0,notifyTravelCompleted
FNDA:0,notifyFrogStatusChanged
FNDA:0,notifyWallet
FNDA:0,notifyFriendRequestReceived
FNDA:0,notifyFriendRequestStatusChanged
FNDA:0,notifyFriendInteraction
FNDA:0,notifyFriendRemoved
FNDA:0,isFrogOnline
FNDA:0,getOnlineFrogIds
FNDA:0,notifyFriendOnlineStatus
FNDA:0,notifyFriendOnlineStatusChange
FNDA:0,getIO
FNDA:0,setIO
FNDA:0,notifyGardenVisitRequest
FNDA:0,notifyGardenVisitorEntered
FNDA:0,notifyGardenVisitorLeft
FNDA:0,notifyGardenInteraction
FNDA:0,notifyGardenMessage
FNDA:0,notifyGardenGift
FNDA:0,notifyCrossChainTravelStarted
FNDA:0,notifyCrossChainArrival
FNDA:0,notifyCrossChainDiscovery
FNDA:0,notifyCrossChainTravelCompleted
FNDA:0,notifyCrossChainStatus
FNDA:0,notifyTravelInteraction
FNDA:0,notifyTravelStageUpdate
FNDA:0,notifyNotification
FNDA:0,notifyUnreadCountChanged
FNDA:0,notifyStatusWarning
DA:3,0
DA:5,0
DA:6,0
DA:44,0
DA:47,0
DA:49,0
DA:50,0
DA:61,0
DA:62,0
DA:63,0
DA:65,0
DA:66,0
DA:67,0
DA:69,0
DA:72,0
DA:75,0
DA:76,0
DA:79,0
DA:80,0
DA:81,0
DA:82,0
DA:85,0
DA:86,0
DA:91,0
DA:92,0
DA:94,0
DA:96,0
DA:97,0
DA:99,0
DA:102,0
DA:103,0
DA:109,0
DA:110,0
DA:111,0
DA:114,0
DA:115,0
DA:116,0
DA:117,0
DA:118,0
DA:120,0
DA:126,0
DA:127,0
DA:128,0
DA:129,0
DA:134,0
DA:135,0
DA:136,0
DA:140,0
DA:141,0
DA:144,0
DA:145,0
DA:146,0
DA:147,0
DA:148,0
DA:150,0
DA:156,0
DA:157,0
DA:161,0
DA:163,0
DA:167,0
DA:168,0
DA:169,0
DA:174,0
DA:178,0
DA:179,0
DA:180,0
DA:188,0
DA:189,0
DA:190,0
DA:195,0
DA:199,0
DA:200,0
DA:201,0
DA:209,0
DA:210,0
DA:211,0
DA:216,0
DA:217,0
DA:218,0
DA:223,0
DA:227,0
DA:228,0
DA:229,0
DA:236,0
DA:237,0
DA:239,0
DA:243,0
DA:244,0
DA:245,0
DA:254,0
DA:255,0
DA:257,0
DA:261,0
DA:262,0
DA:263,0
DA:269,0
DA:270,0
DA:272,0
DA:277,0
DA:278,0
DA:282,0
DA:283,0
DA:288,0
DA:290,0
DA:291,0
DA:294,0
DA:305,0
DA:306,0
DA:310,0
DA:317,0
DA:319,0
DA:324,0
DA:325,0
DA:328,0
DA:329,0
DA:332,0
DA:333,0
DA:338,0
DA:339,0
DA:340,0
DA:344,0
DA:348,0
DA:349,0
DA:350,0
DA:354,0
DA:358,0
DA:359,0
DA:360,0
DA:364,0
DA:368,0
DA:369,0
DA:370,0
DA:374,0
DA:378,0
DA:379,0
DA:380,0
DA:384,0
DA:388,0
DA:389,0
DA:390,0
DA:394,0
DA:403,0
DA:409,0
DA:410,0
DA:415,0
DA:422,0
DA:427,0
DA:428,0
DA:433,0
DA:440,0
DA:448,0
DA:449,0
DA:456,0
DA:463,0
DA:469,0
DA:470,0
DA:475,0
DA:482,0
DA:487,0
DA:488,0
DA:499,0
DA:507,0
DA:508,0
DA:513,0
DA:520,0
DA:526,0
DA:527,0
DA:532,0
DA:541,0
DA:549,0
DA:550,0
DA:555,0
DA:562,0
DA:563,0
DA:564,0
DA:575,0
DA:581,0
DA:582,0
DA:587,0
LF:179
LH:0
BRDA:65,0,0,0
BRDA:65,0,1,0
BRDA:80,1,0,0
BRDA:80,2,0,0
BRDA:80,2,1,0
BRDA:92,3,0,0
BRDA:92,3,1,0
BRDA:92,3,2,0
BRDA:94,4,0,0
BRDA:96,5,0,0
BRDA:115,6,0,0
BRDA:117,7,0,0
BRDA:127,8,0,0
BRDA:135,9,0,0
BRDA:145,10,0,0
BRDA:147,11,0,0
BRDA:168,12,0,0
BRDA:179,13,0,0
BRDA:189,14,0,0
BRDA:200,15,0,0
BRDA:210,16,0,0
BRDA:217,17,0,0
BRDA:228,18,0,0
BRDA:244,19,0,0
BRDA:262,20,0,0
BRDA:278,21,0,0
BRDA:278,21,1,0
BRDA:288,22,0,0
BRDA:306,23,0,0
BRDA:306,23,1,0
BRDA:317,24,0,0
BRDA:317,24,1,0
BRDA:339,25,0,0
BRDA:349,26,0,0
BRDA:359,27,0,0
BRDA:369,28,0,0
BRDA:379,29,0,0
BRDA:389,30,0,0
BRDA:409,31,0,0
BRDA:427,32,0,0
BRDA:448,33,0,0
BRDA:469,34,0,0
BRDA:487,35,0,0
BRDA:507,36,0,0
BRDA:526,37,0,0
BRDA:549,38,0,0
BRDA:563,39,0,0
BRDA:581,40,0,0
BRF:48
BRH:0
end_of_record
TN:
SF:src/workers/eventListener.ts
FN:33,(anonymous_9)
FN:41,(anonymous_10)
FN:82,(anonymous_11)
FN:193,(anonymous_12)
FN:198,(anonymous_13)
FN:209,(anonymous_14)
FN:220,(anonymous_15)
FN:231,(anonymous_16)
FN:242,(anonymous_17)
FN:253,(anonymous_18)
FN:266,(anonymous_19)
FN:274,(anonymous_20)
FN:367,(anonymous_21)
FN:424,(anonymous_22)
FN:446,(anonymous_23)
FN:566,(anonymous_24)
FN:584,(anonymous_25)
FN:665,(anonymous_26)
FN:708,(anonymous_27)
FN:731,(anonymous_28)
FN:798,(anonymous_29)
FN:871,(anonymous_30)
FN:928,(anonymous_31)
FN:959,(anonymous_32)
FN:976,(anonymous_33)
FNF:25
FNH:0
FNDA:0,(anonymous_9)
FNDA:0,(anonymous_10)
FNDA:0,(anonymous_11)
FNDA:0,(anonymous_12)
FNDA:0,(anonymous_13)
FNDA:0,(anonymous_14)
FNDA:0,(anonymous_15)
FNDA:0,(anonymous_16)
FNDA:0,(anonymous_17)
FNDA:0,(anonymous_18)
FNDA:0,(anonymous_19)
FNDA:0,(anonymous_20)
FNDA:0,(anonymous_21)
FNDA:0,(anonymous_22)
FNDA:0,(anonymous_23)
FNDA:0,(anonymous_24)
FNDA:0,(anonymous_25)
FNDA:0,(anonymous_26)
FNDA:0,(anonymous_27)
FNDA:0,(anonymous_28)
FNDA:0,(anonymous_29)
FNDA:0,(anonymous_30)
FNDA:0,(anonymous_31)
FNDA:0,(anonymous_32)
FNDA:0,(anonymous_33)
DA:3,0
DA:4,0
DA:5,0
DA:6,0
DA:7,0
DA:8,0
DA:9,0
DA:10,0
DA:15,0
DA:30,0
DA:34,0
DA:38,0
DA:42,0
DA:43,0
DA:44,0
DA:47,0
DA:48,0
DA:51,0
DA:52,0
DA:54,0
DA:57,0
DA:60,0
DA:79,0
DA:83,0
DA:84,0
DA:85,0
DA:87,0
DA:89,0
DA:92,0
DA:95,0
DA:102,0
DA:103,0
DA:107,0
DA:114,0
DA:115,0
DA:118,0
DA:119,0
DA:123,0
DA:130,0
DA:131,0
DA:135,0
DA:142,0
DA:143,0
DA:147,0
DA:154,0
DA:155,0
DA:159,0
DA:166,0
DA:167,0
DA:171,0
DA:178,0
DA:179,0
DA:182,0
DA:183,0
DA:186,0
DA:189,0
DA:195,0
DA:199,0
DA:200,0
DA:206,0
DA:210,0
DA:211,0
DA:217,0
DA:221,0
DA:222,0
DA:228,0
DA:232,0
DA:233,0
DA:239,0
DA:243,0
DA:244,0
DA:250,0
DA:254,0
DA:255,0
DA:260,0
DA:263,0
DA:267,0
DA:268,0
DA:275,0
DA:276,0
DA:278,0
DA:279,0
DA:280,0
DA:283,0
DA:287,0
DA:290,0
DA:294,0
DA:297,0
DA:301,0
DA:304,0
DA:308,0
DA:309,0
DA:313,0
DA:317,0
DA:321,0
DA:324,0
DA:330,0
DA:342,0
DA:343,0
DA:347,0
DA:360,0
DA:363,0
DA:369,0
DA:370,0
DA:372,0
DA:374,0
DA:378,0
DA:379,0
DA:381,0
DA:382,0
DA:386,0
DA:394,0
DA:395,0
DA:396,0
DA:400,0
DA:406,0
DA:420,0
DA:423,0
DA:424,0
DA:425,0
DA:434,0
DA:438,0
DA:447,0
DA:448,0
DA:449,0
DA:451,0
DA:453,0
DA:454,0
DA:455,0
DA:456,0
DA:458,0
DA:459,0
DA:460,0
DA:461,0
DA:462,0
DA:465,0
DA:469,0
DA:473,0
DA:474,0
DA:475,0
DA:476,0
DA:480,0
DA:481,0
DA:505,0
DA:519,0
DA:520,0
DA:522,0
DA:523,0
DA:531,0
DA:535,0
DA:542,0
DA:543,0
DA:562,0
DA:565,0
DA:566,0
DA:567,0
DA:568,0
DA:576,0
DA:580,0
DA:585,0
DA:586,0
DA:588,0
DA:589,0
DA:593,0
DA:594,0
DA:595,0
DA:599,0
DA:608,0
DA:616,0
DA:618,0
DA:619,0
DA:620,0
DA:623,0
DA:624,0
DA:626,0
DA:630,0
DA:641,0
DA:646,0
DA:647,0
DA:648,0
DA:658,0
DA:661,0
DA:666,0
DA:667,0
DA:669,0
DA:670,0
DA:674,0
DA:677,0
DA:683,0
DA:691,0
DA:692,0
DA:701,0
DA:704,0
DA:709,0
DA:710,0
DA:712,0
DA:713,0
DA:717,0
DA:719,0
DA:724,0
DA:727,0
DA:732,0
DA:733,0
DA:735,0
DA:736,0
DA:740,0
DA:742,0
DA:743,0
DA:745,0
DA:768,0
DA:777,0
DA:778,0
DA:781,0
DA:782,0
DA:786,0
DA:791,0
DA:799,0
DA:801,0
DA:808,0
DA:815,0
DA:816,0
DA:819,0
DA:821,0
DA:843,0
DA:846,0
DA:848,0
DA:850,0
DA:854,0
DA:859,0
DA:860,0
DA:862,0
DA:864,0
DA:872,0
DA:874,0
DA:881,0
DA:884,0
DA:885,0
DA:888,0
DA:889,0
DA:892,0
DA:899,0
DA:900,0
DA:902,0
DA:904,0
DA:919,0
DA:924,0
DA:927,0
DA:928,0
DA:929,0
DA:938,0
DA:940,0
DA:942,0
DA:943,0
DA:944,0
DA:960,0
DA:961,0
DA:962,0
DA:964,0
DA:965,0
DA:967,0
DA:969,0
DA:977,0
DA:978,0
DA:982,0
DA:983,0
DA:984,0
DA:988,0
DA:995,0
DA:996,0
DA:997,0
DA:998,0
DA:999,0
DA:1002,0
DA:1003,0
DA:1004,0
DA:1008,0
DA:1015,0
DA:1017,0
DA:1028,0
DA:1031,0
DA:1039,0
DA:1042,0
DA:1043,0
DA:1048,0
LF:284
LH:0
BRDA:42,0,0,0
BRDA:87,1,0,0
BRDA:114,2,0,0
BRDA:178,3,0,0
BRDA:287,4,0,0
BRDA:294,5,0,0
BRDA:294,6,0,0
BRDA:294,6,1,0
BRDA:317,7,0,0
BRDA:378,8,0,0
BRDA:394,9,0,0
BRDA:456,10,0,0
BRDA:458,11,0,0
BRDA:458,11,1,0
BRDA:473,12,0,0
BRDA:480,13,0,0
BRDA:480,13,1,0
BRDA:480,14,0,0
BRDA:480,14,1,0
BRDA:519,15,0,0
BRDA:522,16,0,0
BRDA:522,17,0,0
BRDA:522,17,1,0
BRDA:567,18,0,0
BRDA:593,19,0,0
BRDA:616,20,0,0
BRDA:619,21,0,0
BRDA:619,22,0,0
BRDA:619,22,1,0
BRDA:623,23,0,0
BRDA:623,23,1,0
BRDA:647,24,0,0
BRDA:674,25,0,0
BRDA:691,26,0,0
BRDA:717,27,0,0
BRDA:740,28,0,0
BRDA:743,29,0,0
BRDA:743,29,1,0
BRDA:777,30,0,0
BRDA:781,31,0,0
BRDA:815,32,0,0
BRDA:815,33,0,0
BRDA:815,33,1,0
BRDA:826,34,0,0
BRDA:826,34,1,0
BRDA:854,35,0,0
BRDA:854,35,1,0
BRDA:854,35,2,0
BRDA:854,35,3,0
BRDA:859,36,0,0
BRDA:859,36,1,0
BRDA:884,37,0,0
BRDA:884,38,0,0
BRDA:884,38,1,0
BRDA:889,39,0,0
BRDA:899,40,0,0
BRDA:899,40,1,0
BRDA:940,41,0,0
BRDA:940,42,0,0
BRDA:940,42,1,0
BRDA:942,43,0,0
BRDA:982,44,0,0
BRDA:1002,45,0,0
BRDA:1015,46,0,0
BRDA:1015,46,1,0
BRDA:1024,47,0,0
BRDA:1024,47,1,0
BRDA:1025,48,0,0
BRDA:1025,48,1,0
BRDA:1034,49,0,0
BRDA:1034,49,1,0
BRF:71
BRH:0
end_of_record
TN:
SF:src/workers/travelProcessor.ts
FN:41,calculateScanInterval
FN:68,(anonymous_1)
FN:73,(anonymous_2)
FN:77,(anonymous_3)
FN:110,(anonymous_4)
FN:113,(anonymous_5)
FN:115,(anonymous_6)
FN:122,(anonymous_7)
FN:331,(anonymous_8)
FN:384,(anonymous_9)
FN:388,(anonymous_10)
FN:540,(anonymous_11)
FN:657,(anonymous_12)
FN:808,(anonymous_13)
FN:856,(anonymous_14)
FN:882,(anonymous_15)
FN:906,(anonymous_16)
FN:913,(anonymous_17)
FN:922,(anonymous_18)
FN:931,(anonymous_19)
FN:938,(anonymous_20)
FNF:21
FNH:0
FNDA:0,calculateScanInterval
FNDA:0,(anonymous_1)
FNDA:0,(anonymous_2)
FNDA:0,(anonymous_3)
FNDA:0,(anonymous_4)
FNDA:0,(anonymous_5)
FNDA:0,(anonymous_6)
FNDA:0,(anonymous_7)
FNDA:0,(anonymous_8)
FNDA:0,(anonymous_9)
FNDA:0,(anonymous_10)
FNDA:0,(anonymous_11)
FNDA:0,(anonymous_12)
FNDA:0,(anonymous_13)
FNDA:0,(anonymous_14)
FNDA:0,(anonymous_15)
FNDA:0,(anonymous_16)
FNDA:0,(anonymous_17)
FNDA:0,(anonymous_18)
FNDA:0,(anonymous_19)
FNDA:0,(anonymous_20)
DA:3,0
DA:4,0
DA:5,0
DA:6,0
DA:7,0
DA:8,0
DA:9,0
DA:10,0
DA:11,0
DA:12,0
DA:13,0
DA:14,0
DA:15,0
DA:16,0
DA:17,0
DA:18,0
DA:20,0
DA:21,0
DA:22,0
DA:23,0
DA:27,0
DA:42,0
DA:43,0
DA:45,0
DA:46,0
DA:47,0
DA:48,0
DA:49,0
DA:50,0
DA:52,0
DA:57,0
DA:63,0
DA:64,0
DA:65,0
DA:69,0
DA:70,0
DA:74,0
DA:78,0
DA:79,0
DA:80,0
DA:83,0
DA:84,0
DA:85,0
DA:86,0
DA:89,0
DA:91,0
DA:96,0
DA:102,0
DA:103,0
DA:106,0
DA:111,0
DA:113,0
DA:115,0
DA:117,0
DA:123,0
DA:124,0
DA:132,0
DA:134,0
DA:135,0
DA:136,0
DA:138,0
DA:139,0
DA:141,0
DA:144,0
DA:145,0
DA:146,0
DA:147,0
DA:149,0
DA:150,0
DA:159,0
DA:162,0
DA:165,0
DA:172,0
DA:173,0
DA:174,0
DA:175,0
DA:176,0
DA:178,0
DA:179,0
DA:188,0
DA:199,0
DA:202,0
DA:204,0
DA:208,0
DA:214,0
DA:215,0
DA:218,0
DA:221,0
DA:222,0
DA:223,0
DA:225,0
DA:226,0
DA:228,0
DA:231,0
DA:233,0
DA:247,0
DA:259,0
DA:270,0
DA:271,0
DA:272,0
DA:277,0
DA:278,0
DA:284,0
DA:287,0
DA:289,0
DA:290,0
DA:291,0
DA:294,0
DA:295,0
DA:304,0
DA:307,0
DA:319,0
DA:327,0
DA:332,0
DA:333,0
DA:334,0
DA:337,0
DA:339,0
DA:340,0
DA:362,0
DA:363,0
DA:364,0
DA:367,0
DA:369,0
DA:370,0
DA:371,0
DA:373,0
DA:378,0
DA:380,0
DA:385,0
DA:389,0
DA:390,0
DA:392,0
DA:393,0
DA:394,0
DA:397,0
DA:398,0
DA:400,0
DA:401,0
DA:408,0
DA:410,0
DA:412,0
DA:417,0
DA:418,0
DA:419,0
DA:420,0
DA:421,0
DA:431,0
DA:433,0
DA:434,0
DA:437,0
DA:438,0
DA:447,0
DA:449,0
DA:450,0
DA:461,0
DA:463,0
DA:464,0
DA:470,0
DA:471,0
DA:472,0
DA:474,0
DA:485,0
DA:487,0
DA:493,0
DA:500,0
DA:517,0
DA:523,0
DA:527,0
DA:529,0
DA:531,0
DA:540,0
DA:548,0
DA:549,0
DA:550,0
DA:551,0
DA:552,0
DA:553,0
DA:554,0
DA:555,0
DA:558,0
DA:562,0
DA:563,0
DA:564,0
DA:566,0
DA:567,0
DA:569,0
DA:575,0
DA:582,0
DA:583,0
DA:584,0
DA:586,0
DA:587,0
DA:588,0
DA:594,0
DA:595,0
DA:596,0
DA:597,0
DA:599,0
DA:600,0
DA:603,0
DA:604,0
DA:605,0
DA:607,0
DA:608,0
DA:611,0
DA:614,0
DA:615,0
DA:616,0
DA:617,0
DA:620,0
DA:622,0
DA:623,0
DA:624,0
DA:626,0
DA:628,0
DA:646,0
DA:647,0
DA:649,0
DA:650,0
DA:658,0
DA:661,0
DA:665,0
DA:667,0
DA:682,0
DA:684,0
DA:693,0
DA:694,0
DA:695,0
DA:696,0
DA:697,0
DA:699,0
DA:710,0
DA:716,0
DA:717,0
DA:727,0
DA:729,0
DA:730,0
DA:731,0
DA:733,0
DA:736,0
DA:737,0
DA:755,0
DA:762,0
DA:765,0
DA:768,0
DA:769,0
DA:770,0
DA:777,0
DA:783,0
DA:787,0
DA:788,0
DA:799,0
DA:800,0
DA:808,0
DA:820,0
DA:827,0
DA:828,0
DA:839,0
DA:842,0
DA:844,0
DA:849,0
DA:857,0
DA:858,0
DA:859,0
DA:860,0
DA:867,0
DA:868,0
DA:869,0
DA:870,0
DA:875,0
DA:877,0
DA:878,0
DA:883,0
DA:884,0
DA:885,0
DA:892,0
DA:893,0
DA:894,0
DA:895,0
DA:896,0
DA:897,0
DA:899,0
DA:900,0
DA:907,0
DA:908,0
DA:909,0
DA:910,0
DA:914,0
DA:919,0
DA:923,0
DA:928,0
DA:932,0
DA:944,0
DA:948,0
DA:949,0
DA:958,0
LF:297
LH:0
BRDA:45,0,0,0
BRDA:45,0,1,0
BRDA:47,1,0,0
BRDA:47,1,1,0
BRDA:49,2,0,0
BRDA:49,2,1,0
BRDA:78,3,0,0
BRDA:85,4,0,0
BRDA:136,5,0,0
BRDA:136,5,1,0
BRDA:138,6,0,0
BRDA:146,7,0,0
BRDA:149,8,0,0
BRDA:172,9,0,0
BRDA:172,10,0,0
BRDA:172,10,1,0
BRDA:175,11,0,0
BRDA:175,11,1,0
BRDA:178,12,0,0
BRDA:178,13,0,0
BRDA:178,13,1,0
BRDA:218,14,0,0
BRDA:218,14,1,0
BRDA:222,15,0,0
BRDA:222,15,1,0
BRDA:231,16,0,0
BRDA:271,17,0,0
BRDA:277,18,0,0
BRDA:290,19,0,0
BRDA:290,19,1,0
BRDA:291,20,0,0
BRDA:291,20,1,0
BRDA:294,21,0,0
BRDA:304,22,0,0
BRDA:332,23,0,0
BRDA:362,24,0,0
BRDA:392,25,0,0
BRDA:392,26,0,0
BRDA:392,26,1,0
BRDA:408,27,0,0
BRDA:408,27,1,0
BRDA:408,28,0,0
BRDA:408,28,1,0
BRDA:417,29,0,0
BRDA:417,30,0,0
BRDA:417,30,1,0
BRDA:420,31,0,0
BRDA:433,32,0,0
BRDA:433,33,0,0
BRDA:433,33,1,0
BRDA:449,34,0,0
BRDA:463,35,0,0
BRDA:470,36,0,0
BRDA:470,36,1,0
BRDA:470,37,0,0
BRDA:470,37,1,0
BRDA:497,38,0,0
BRDA:497,38,1,0
BRDA:504,39,0,0
BRDA:504,39,1,0
BRDA:511,40,0,0
BRDA:511,40,1,0
BRDA:540,41,0,0
BRDA:540,41,1,0
BRDA:551,42,0,0
BRDA:551,42,1,0
BRDA:554,43,0,0
BRDA:586,44,0,0
BRDA:586,44,1,0
BRDA:586,45,0,0
BRDA:586,45,1,0
BRDA:587,46,0,0
BRDA:595,47,0,0
BRDA:595,47,1,0
BRDA:596,48,0,0
BRDA:596,48,1,0
BRDA:603,49,0,0
BRDA:603,49,1,0
BRDA:615,50,0,0
BRDA:615,50,1,0
BRDA:616,51,0,0
BRDA:616,51,1,0
BRDA:623,52,0,0
BRDA:623,53,0,0
BRDA:623,53,1,0
BRDA:656,54,0,0
BRDA:656,54,1,0
BRDA:678,55,0,0
BRDA:678,55,1,0
BRDA:693,56,0,0
BRDA:694,57,0,0
BRDA:696,58,0,0
BRDA:696,58,1,0
BRDA:727,59,0,0
BRDA:736,60,0,0
BRDA:736,60,1,0
BRDA:749,61,0,0
BRDA:749,61,1,0
BRDA:768,62,0,0
BRDA:787,63,0,0
BRDA:787,64,0,0
BRDA:787,64,1,0
BRDA:799,65,0,0
BRDA:808,66,0,0
BRDA:808,66,1,0
BRDA:812,67,0,0
BRDA:812,67,1,0
BRDA:813,68,0,0
BRDA:813,68,1,0
BRDA:814,69,0,0
BRDA:814,69,1,0
BRDA:815,70,0,0
BRDA:815,70,1,0
BRDA:815,71,0,0
BRDA:815,71,1,0
BRDA:827,72,0,0
BRDA:835,73,0,0
BRDA:835,73,1,0
BRDA:857,74,0,0
BRDA:857,75,0,0
BRDA:857,75,1,0
BRDA:869,76,0,0
BRDA:883,77,0,0
BRDA:883,78,0,0
BRDA:883,78,1,0
BRDA:895,79,0,0
BRDA:908,80,0,0
BRDA:909,81,0,0
BRDA:919,82,0,0
BRDA:919,82,1,0
BRDA:928,83,0,0
BRDA:928,83,1,0
BRDA:948,84,0,0
BRF:133
BRH:0
end_of_record
